ISim log file
Running: G:\MyWorkspace\Computer_Organization\P4\P4_L0_CPU\mips_tb_isim_beh.exe -intstyle ise -gui -tclbatch isim.cmd -wdb G:/MyWorkspace/Computer_Organization/P4/P4_L0_CPU/mips_tb_isim_beh.wdb 
ISim P.20131013 (signature 0x7708f090)
This is a Full version of ISim.
Time resolution is 1 ps
# onerror resume
# wave add /
# run 1000 ns
Simulator is doing circuit initialization process.
Finished circuit initialization process.
@00003000: $ 2 <= 00000001
@00003004: $ 1 <= ffffffff
@0000300c: $ 3 <= 0000000b
@00003010: $ 2 <= 0000000c
Stopped at time : 50 ns : File "G:/MyWorkspace/Computer_Organization/P4/P4_L0_CPU/mips_tb.v" Line 47
ISim P.20131013 (signature 0x7708f090)
This is a Full version of ISim.
# run 1000 ns
Simulator is doing circuit initialization process.
Finished circuit initialization process.
@00003000: $ 2 <= 00000001
@00003004: $ 1 <= ffffffff
@0000300c: $ 3 <= 0000000b
@00003010: $ 2 <= 0000000c
Stopped at time : 50 ns : File "G:/MyWorkspace/Computer_Organization/P4/P4_L0_CPU/mips_tb.v" Line 47
ISim P.20131013 (signature 0x7708f090)
This is a Full version of ISim.
# run 1000 ns
Simulator is doing circuit initialization process.
Finished circuit initialization process.
@00003000: $ 2 <= 00000001
@00003004: $ 1 <= ffffffff
@00003008: $31 <= 0000300c
@0000300c: $ 3 <= 0000000b
@00003010: $ 2 <= 0000000c
Stopped at time : 50 ns : File "G:/MyWorkspace/Computer_Organization/P4/P4_L0_CPU/mips_tb.v" Line 47
ISim P.20131013 (signature 0x7708f090)
This is a Full version of ISim.
# run 1000 ns
Simulator is doing circuit initialization process.
Finished circuit initialization process.
@00003000: $ 2 <= 00000001
@00003004: $ 1 <= ffffffff
@00003008: $31 <= 0000300c
@0000300c: $ 3 <= 0000000b
@00003010: $ 2 <= 0000000c
Stopped at time : 50 ns : File "G:/MyWorkspace/Computer_Organization/P4/P4_L0_CPU/mips_tb.v" Line 47
ISim P.20131013 (signature 0x7708f090)
This is a Full version of ISim.
# run 1000 ns
Simulator is doing circuit initialization process.
Finished circuit initialization process.
@00003000: $ 2 <= 00000001
@00003004: $ 1 <= ffffffff
@00003008: $31 <= 0000300c
@00003010: $ 2 <= 0000000c
Stopped at time : 50 ns : File "G:/MyWorkspace/Computer_Organization/P4/P4_L0_CPU/mips_tb.v" Line 47
ISim P.20131013 (signature 0x7708f090)
This is a Full version of ISim.
# run 1000 ns
Simulator is doing circuit initialization process.
Finished circuit initialization process.
@00003000: $ 2 <= 00000001
@00003004: $ 1 <= 00000001
@0000300c: $ 3 <= 0000000b
@00003010: $ 2 <= 0000000c
Stopped at time : 50 ns : File "G:/MyWorkspace/Computer_Organization/P4/P4_L0_CPU/mips_tb.v" Line 47
