ISim log file
Running: F:\MyWorkspace\Computer_Organization\P7\P7_L0_CPU\mips_txt_isim_beh.exe -intstyle ise -gui -tclbatch isim.cmd -wdb F:/MyWorkspace/Computer_Organization/P7/P7_L0_CPU/mips_txt_isim_beh.wdb 
INFO: There is another simulation running in the same directory. Using database file name isim1.wdb.
ISim P.20131013 (signature 0x7708f090)
This is a Full version of ISim.
Time resolution is 1 ps
# onerror resume
# wave add /
# run 1000 ns
Simulator is doing circuit initialization process.
#delay@00003018
#interrupt@1
Finished circuit initialization process.
                  38@00003000: $ 2 <= 00001001
                  46@00003008: $28 <= 00000000
                  50@0000300c: $29 <= 00000000
                  54@00003010: $ 8 <= 7fff0000
                  58@00003014: $ 9 <= 7fff0000
                  62@00003018: $31 <= 00003020
                  82@00004180: $26 <= 00003018
                  86@00004184: $27 <= 80001000
                  90@0000418c: *00000ffc <= 00000000
                  90@00004188: $26 <= 00001000
                  98@00004190: $26 <= 00000f00
                 102@00004194: $29 <= 00000f00
                 110@000041d4: *00000f04 <= 00000000
                 114@000041d8: *00000f08 <= 00001001
                 118@000041dc: *00000f0c <= 00000000
                 122@000041e0: *00000f10 <= 00000000
                 126@000041e4: *00000f14 <= 00000000
                 130@000041e8: *00000f18 <= 00000000
                 134@000041ec: *00000f1c <= 00000000
                 138@000041f0: *00000f20 <= 7fff0000
                 142@000041f4: *00000f24 <= 7fff0000
                 146@000041f8: *00000f28 <= 00000000
                 150@000041fc: *00000f2c <= 00000000
                 154@00004200: *00000f30 <= 00000000
                 158@00004204: *00000f34 <= 00000000
                 162@00004208: *00000f38 <= 00000000
                 166@0000420c: *00000f3c <= 00000000
                 170@00004210: *00000f40 <= 00000000
                 174@00004214: *00000f44 <= 00000000
                 178@00004218: *00000f48 <= 00000000
                 182@0000421c: *00000f4c <= 00000000
                 186@00004220: *00000f50 <= 00000000
                 190@00004224: *00000f54 <= 00000000
                 194@00004228: *00000f58 <= 00000000
                 198@0000422c: *00000f5c <= 00000000
                 202@00004230: *00000f60 <= 00000000
                 206@00004234: *00000f64 <= 00000000
                 210@00004238: *00000f68 <= 00000f00
                 214@0000423c: *00000f6c <= 80001000
                 218@00004240: *00000f70 <= 00000000
                 222@00004244: *00000f74 <= 00000f00
                 226@00004248: *00000f78 <= 00000000
                 230@0000424c: *00000f7c <= 00003020
                 238@00004254: *00000f80 <= 00000000
                 238@00004250: $26 <= 00000000
                 246@0000425c: *00000f84 <= 00000000
                 246@00004258: $26 <= 00000000
                 262@000041a0: $26 <= 80001000
                 266@000041a4: $27 <= 0000007c
                 270@000041a8: $26 <= 00000000
                 286@00004268: $ 1 <= 00000000
                 290@0000426c: $ 2 <= 00001001
                 294@00004270: $ 3 <= 00000000
                 298@00004274: $ 4 <= 00000000
                 302@00004278: $ 5 <= 00000000
                 306@0000427c: $ 6 <= 00000000
                 310@00004280: $ 7 <= 00000000
                 314@00004284: $ 8 <= 7fff0000
                 318@00004288: $ 9 <= 7fff0000
                 322@0000428c: $10 <= 00000000
                 326@00004290: $11 <= 00000000
                 330@00004294: $12 <= 00000000
                 334@00004298: $13 <= 00000000
                 338@0000429c: $14 <= 00000000
                 342@000042a0: $15 <= 00000000
                 346@000042a4: $16 <= 00000000
                 350@000042a8: $17 <= 00000000
                 354@000042ac: $18 <= 00000000
                 358@000042b0: $19 <= 00000000
                 362@000042b4: $20 <= 00000000
                 366@000042b8: $21 <= 00000000
                 370@000042bc: $22 <= 00000000
                 374@000042c0: $23 <= 00000000
                 378@000042c4: $24 <= 00000000
                 382@000042c8: $25 <= 00000000
                 386@000042cc: $26 <= 00000f00
                 390@000042d0: $27 <= 80001000
                 394@000042d4: $28 <= 00000000
                 398@000042d8: $29 <= 00000f00
                 406@000042dc: $30 <= 00000000
                 410@000042e0: $31 <= 00003020
                 414@000042e4: $26 <= 00000000
                 426@000042ec: $26 <= 00000000
                 450@00003018: $31 <= 00003020
                 454@0000301c: $10 <= 7fff0000
