#! /c/Source/iverilog-install/bin/vvp
:ivl_version "12.0 (devel)" "(s20150603-1110-g18392a46)";
:ivl_delay_selection "TYPICAL";
:vpi_time_precision - 12;
:vpi_module "G:\PROGRA~2\iverilog\lib\ivl\system.vpi";
:vpi_module "G:\PROGRA~2\iverilog\lib\ivl\vhdl_sys.vpi";
:vpi_module "G:\PROGRA~2\iverilog\lib\ivl\vhdl_textio.vpi";
:vpi_module "G:\PROGRA~2\iverilog\lib\ivl\v2005_math.vpi";
:vpi_module "G:\PROGRA~2\iverilog\lib\ivl\va_math.vpi";
S_000001a58cc54db0 .scope module, "tb" "tb" 2 3;
 .timescale -9 -12;
v000001a58ccf9480_0 .var "char", 7 0;
v000001a58ccfa920_0 .var "clk", 0 0;
v000001a58ccfad80_0 .net "error_code", 3 0, L_000001a58ccfa240;  1 drivers
v000001a58ccf9520_0 .var "finish", 0 0;
v000001a58ccfa560_0 .net "format_type", 1 0, L_000001a58ccf9e80;  1 drivers
v000001a58ccface0_0 .var "freq", 15 0;
v000001a58ccf9de0_0 .var "reset", 0 0;
S_000001a58cc7b690 .scope module, "uut" "cpu_checker" 2 16, 3 21 0, S_000001a58cc54db0;
 .timescale -9 -12;
    .port_info 0 /INPUT 1 "clk";
    .port_info 1 /INPUT 1 "reset";
    .port_info 2 /INPUT 8 "char";
    .port_info 3 /INPUT 16 "freq";
    .port_info 4 /OUTPUT 2 "format_type";
    .port_info 5 /OUTPUT 4 "error_code";
L_000001a58cc4ac10 .functor OR 1, L_000001a58ccfa740, L_000001a58ccfa060, C4<0>, C4<0>;
L_000001a58cc4b5b0 .functor NOT 1, L_000001a58cc4ac10, C4<0>, C4<0>, C4<0>;
v000001a58cc4f650_0 .var "T", 20 0;
v000001a58cc4ffb0_0 .net *"_ivl_0", 31 0, L_000001a58ccf95c0;  1 drivers
v000001a58cc4fd30_0 .net *"_ivl_10", 31 0, L_000001a58ccf9700;  1 drivers
L_000001a58cd10160 .functor BUFT 1, C4<000000000000000000000000000>, C4<0>, C4<0>, C4<0>;
v000001a58cc50050_0 .net *"_ivl_13", 26 0, L_000001a58cd10160;  1 drivers
L_000001a58cd101a8 .functor BUFT 1, C4<00000000000000000000000000001111>, C4<0>, C4<0>, C4<0>;
v000001a58cc4f6f0_0 .net/2u *"_ivl_14", 31 0, L_000001a58cd101a8;  1 drivers
v000001a58cc4f830_0 .net *"_ivl_16", 0 0, L_000001a58ccfa880;  1 drivers
L_000001a58cd101f0 .functor BUFT 1, C4<10>, C4<0>, C4<0>, C4<0>;
v000001a58cc4f8d0_0 .net/2u *"_ivl_18", 1 0, L_000001a58cd101f0;  1 drivers
L_000001a58cd10238 .functor BUFT 1, C4<00>, C4<0>, C4<0>, C4<0>;
v000001a58cc500f0_0 .net/2u *"_ivl_20", 1 0, L_000001a58cd10238;  1 drivers
v000001a58cc4fdd0_0 .net *"_ivl_22", 1 0, L_000001a58ccfab00;  1 drivers
v000001a58cc4fab0_0 .net *"_ivl_26", 31 0, L_000001a58ccfae20;  1 drivers
L_000001a58cd10280 .functor BUFT 1, C4<000000000000000000000000000>, C4<0>, C4<0>, C4<0>;
v000001a58cc4fb50_0 .net *"_ivl_29", 26 0, L_000001a58cd10280;  1 drivers
L_000001a58cd10088 .functor BUFT 1, C4<000000000000000000000000000>, C4<0>, C4<0>, C4<0>;
v000001a58cc4f970_0 .net *"_ivl_3", 26 0, L_000001a58cd10088;  1 drivers
L_000001a58cd102c8 .functor BUFT 1, C4<00000000000000000000000000001001>, C4<0>, C4<0>, C4<0>;
v000001a58cc4fa10_0 .net/2u *"_ivl_30", 31 0, L_000001a58cd102c8;  1 drivers
v000001a58cc4ff10_0 .net *"_ivl_32", 0 0, L_000001a58ccfa740;  1 drivers
v000001a58ccfa9c0_0 .net *"_ivl_34", 31 0, L_000001a58ccf9f20;  1 drivers
L_000001a58cd10310 .functor BUFT 1, C4<000000000000000000000000000>, C4<0>, C4<0>, C4<0>;
v000001a58ccfaa60_0 .net *"_ivl_37", 26 0, L_000001a58cd10310;  1 drivers
L_000001a58cd10358 .functor BUFT 1, C4<00000000000000000000000000001111>, C4<0>, C4<0>, C4<0>;
v000001a58ccf9b60_0 .net/2u *"_ivl_38", 31 0, L_000001a58cd10358;  1 drivers
L_000001a58cd100d0 .functor BUFT 1, C4<00000000000000000000000000001001>, C4<0>, C4<0>, C4<0>;
v000001a58ccfaec0_0 .net/2u *"_ivl_4", 31 0, L_000001a58cd100d0;  1 drivers
v000001a58ccfa6a0_0 .net *"_ivl_40", 0 0, L_000001a58ccfa060;  1 drivers
v000001a58ccf9840_0 .net *"_ivl_43", 0 0, L_000001a58cc4ac10;  1 drivers
v000001a58ccf93e0_0 .net *"_ivl_44", 0 0, L_000001a58cc4b5b0;  1 drivers
L_000001a58cd103a0 .functor BUFT 1, C4<0000>, C4<0>, C4<0>, C4<0>;
v000001a58ccfaba0_0 .net/2u *"_ivl_46", 3 0, L_000001a58cd103a0;  1 drivers
v000001a58ccfa100_0 .net *"_ivl_48", 3 0, L_000001a58ccfa7e0;  1 drivers
v000001a58ccf9fc0_0 .net *"_ivl_6", 0 0, L_000001a58ccfa2e0;  1 drivers
L_000001a58cd10118 .functor BUFT 1, C4<01>, C4<0>, C4<0>, C4<0>;
v000001a58ccfac40_0 .net/2u *"_ivl_8", 1 0, L_000001a58cd10118;  1 drivers
v000001a58ccf92a0_0 .var "addr", 32 0;
v000001a58ccfb000_0 .net "char", 7 0, v000001a58ccf9480_0;  1 drivers
v000001a58ccf9660_0 .net "clk", 0 0, v000001a58ccfa920_0;  1 drivers
v000001a58ccfb0a0_0 .var "e_addr", 0 0;
v000001a58ccfa600_0 .var "e_gref", 0 0;
v000001a58ccfa1a0_0 .var "e_pc", 0 0;
v000001a58ccf9a20_0 .var "e_time", 0 0;
v000001a58ccf9ca0_0 .net "error_code", 3 0, L_000001a58ccfa240;  alias, 1 drivers
v000001a58ccf97a0_0 .net "format_type", 1 0, L_000001a58ccf9e80;  alias, 1 drivers
L_000001a58cd103e8 .functor BUFT 1, C4<0001000000000000>, C4<0>, C4<0>, C4<0>;
v000001a58ccf9ac0_0 .net "freq", 15 0, L_000001a58cd103e8;  1 drivers
v000001a58ccf9200_0 .var "gref", 20 0;
v000001a58ccf9c00_0 .var "pc", 32 0;
v000001a58ccf9340_0 .net "reset", 0 0, v000001a58ccf9de0_0;  1 drivers
v000001a58ccf9980_0 .var "s", 4 0;
v000001a58ccf9d40_0 .var "times", 3 0;
E_000001a58cc98b80 .event posedge, v000001a58ccf9660_0;
L_000001a58ccf95c0 .concat [ 5 27 0 0], v000001a58ccf9980_0, L_000001a58cd10088;
L_000001a58ccfa2e0 .cmp/eq 32, L_000001a58ccf95c0, L_000001a58cd100d0;
L_000001a58ccf9700 .concat [ 5 27 0 0], v000001a58ccf9980_0, L_000001a58cd10160;
L_000001a58ccfa880 .cmp/eq 32, L_000001a58ccf9700, L_000001a58cd101a8;
L_000001a58ccfab00 .functor MUXZ 2, L_000001a58cd10238, L_000001a58cd101f0, L_000001a58ccfa880, C4<>;
L_000001a58ccf9e80 .functor MUXZ 2, L_000001a58ccfab00, L_000001a58cd10118, L_000001a58ccfa2e0, C4<>;
L_000001a58ccfae20 .concat [ 5 27 0 0], v000001a58ccf9980_0, L_000001a58cd10280;
L_000001a58ccfa740 .cmp/eq 32, L_000001a58ccfae20, L_000001a58cd102c8;
L_000001a58ccf9f20 .concat [ 5 27 0 0], v000001a58ccf9980_0, L_000001a58cd10310;
L_000001a58ccfa060 .cmp/eq 32, L_000001a58ccf9f20, L_000001a58cd10358;
L_000001a58ccfa7e0 .concat [ 1 1 1 1], v000001a58ccf9a20_0, v000001a58ccfa1a0_0, v000001a58ccfb0a0_0, v000001a58ccfa600_0;
L_000001a58ccfa240 .functor MUXZ 4, L_000001a58ccfa7e0, L_000001a58cd103a0, L_000001a58cc4b5b0, C4<>;
S_000001a58cc7b820 .scope function.vec4.s1, "isnum" "isnum" 3 29, 3 29 0, S_000001a58cc7b690;
 .timescale -9 -12;
v000001a58cc4f3d0_0 .var "c", 7 0;
; Variable isnum is vec4 return value of scope S_000001a58cc7b820
TD_tb.uut.isnum ;
    %pushi/vec4 48, 0, 8; draw_string_vec4
    %load/vec4 v000001a58cc4f3d0_0;
    %cmp/u;
    %flag_get/vec4 4;
    %flag_get/vec4 5;
    %or;
    %load/vec4 v000001a58cc4f3d0_0;
    %pushi/vec4 57, 0, 8; draw_string_vec4
    %cmp/u;
    %flag_get/vec4 4;
    %flag_get/vec4 5;
    %or;
    %and;
    %ret/vec4 0, 0, 1;  Assign to isnum (store_vec4_to_lval)
    %end;
S_000001a58cc7b9b0 .scope function.vec4.s1, "isx" "isx" 3 36, 3 36 0, S_000001a58cc7b690;
 .timescale -9 -12;
; Variable isx is vec4 return value of scope S_000001a58cc7b9b0
v000001a58cc4fbf0_0 .var "x", 7 0;
TD_tb.uut.isx ;
    %pushi/vec4 48, 0, 8; draw_string_vec4
    %load/vec4 v000001a58cc4fbf0_0;
    %cmp/u;
    %flag_get/vec4 4;
    %flag_get/vec4 5;
    %or;
    %load/vec4 v000001a58cc4fbf0_0;
    %pushi/vec4 57, 0, 8; draw_string_vec4
    %cmp/u;
    %flag_get/vec4 4;
    %flag_get/vec4 5;
    %or;
    %and;
    %pushi/vec4 97, 0, 8; draw_string_vec4
    %load/vec4 v000001a58cc4fbf0_0;
    %cmp/u;
    %flag_get/vec4 4;
    %flag_get/vec4 5;
    %or;
    %load/vec4 v000001a58cc4fbf0_0;
    %pushi/vec4 102, 0, 8; draw_string_vec4
    %cmp/u;
    %flag_get/vec4 4;
    %flag_get/vec4 5;
    %or;
    %and;
    %or;
    %ret/vec4 0, 0, 1;  Assign to isx (store_vec4_to_lval)
    %end;
S_000001a58ccf9020 .scope function.vec4.s4, "xtoh" "xtoh" 3 43, 3 43 0, S_000001a58cc7b690;
 .timescale -9 -12;
v000001a58cc4f510_0 .var "a", 7 0;
; Variable xtoh is vec4 return value of scope S_000001a58ccf9020
TD_tb.uut.xtoh ;
    %pushi/vec4 48, 0, 8; draw_string_vec4
    %load/vec4 v000001a58cc4f510_0;
    %cmp/u;
    %flag_get/vec4 4;
    %flag_get/vec4 5;
    %or;
    %load/vec4 v000001a58cc4f510_0;
    %pushi/vec4 57, 0, 8; draw_string_vec4
    %cmp/u;
    %flag_get/vec4 4;
    %flag_get/vec4 5;
    %or;
    %and;
    %flag_set/vec4 8;
    %jmp/0 T_2.0, 8;
    %load/vec4 v000001a58cc4f510_0;
    %pushi/vec4 48, 0, 8; draw_string_vec4
    %sub;
    %jmp/1 T_2.1, 8;
T_2.0 ; End of true expr.
    %load/vec4 v000001a58cc4f510_0;
    %addi 169, 0, 8;
    %jmp/0 T_2.1, 8;
 ; End of false expr.
    %blend;
T_2.1;
    %pad/u 4;
    %ret/vec4 0, 0, 4;  Assign to xtoh (store_vec4_to_lval)
    %end;
    .scope S_000001a58cc7b690;
T_3 ;
    %pushi/vec4 0, 0, 5;
    %store/vec4 v000001a58ccf9980_0, 0, 5;
    %pushi/vec4 0, 0, 4;
    %store/vec4 v000001a58ccf9d40_0, 0, 4;
    %pushi/vec4 0, 0, 21;
    %store/vec4 v000001a58cc4f650_0, 0, 21;
    %pushi/vec4 0, 0, 21;
    %store/vec4 v000001a58ccf9200_0, 0, 21;
    %pushi/vec4 0, 0, 1;
    %store/vec4 v000001a58ccf9a20_0, 0, 1;
    %pushi/vec4 0, 0, 1;
    %store/vec4 v000001a58ccfa1a0_0, 0, 1;
    %pushi/vec4 0, 0, 1;
    %store/vec4 v000001a58ccfa600_0, 0, 1;
    %pushi/vec4 0, 0, 1;
    %store/vec4 v000001a58ccfb0a0_0, 0, 1;
    %pushi/vec4 0, 0, 33;
    %store/vec4 v000001a58ccf9c00_0, 0, 33;
    %pushi/vec4 0, 0, 33;
    %store/vec4 v000001a58ccf92a0_0, 0, 33;
    %end;
    .thread T_3;
    .scope S_000001a58cc7b690;
T_4 ;
    %wait E_000001a58cc98b80;
    %load/vec4 v000001a58ccf9340_0;
    %pad/u 32;
    %cmpi/e 1, 0, 32;
    %jmp/0xz  T_4.0, 4;
    %pushi/vec4 0, 0, 5;
    %assign/vec4 v000001a58ccf9980_0, 0;
    %pushi/vec4 0, 0, 4;
    %assign/vec4 v000001a58ccf9d40_0, 0;
    %pushi/vec4 0, 0, 21;
    %assign/vec4 v000001a58cc4f650_0, 0;
    %pushi/vec4 0, 0, 21;
    %assign/vec4 v000001a58ccf9200_0, 0;
    %pushi/vec4 0, 0, 1;
    %assign/vec4 v000001a58ccf9a20_0, 0;
    %pushi/vec4 0, 0, 1;
    %assign/vec4 v000001a58ccfa1a0_0, 0;
    %pushi/vec4 0, 0, 1;
    %assign/vec4 v000001a58ccfa600_0, 0;
    %pushi/vec4 0, 0, 1;
    %assign/vec4 v000001a58ccfb0a0_0, 0;
    %pushi/vec4 0, 0, 33;
    %assign/vec4 v000001a58ccf9c00_0, 0;
    %pushi/vec4 0, 0, 33;
    %assign/vec4 v000001a58ccf92a0_0, 0;
    %jmp T_4.1;
T_4.0 ;
    %load/vec4 v000001a58ccf9980_0;
    %dup/vec4;
    %pushi/vec4 0, 0, 5;
    %cmp/u;
    %jmp/1 T_4.2, 6;
    %dup/vec4;
    %pushi/vec4 1, 0, 5;
    %cmp/u;
    %jmp/1 T_4.3, 6;
    %dup/vec4;
    %pushi/vec4 2, 0, 5;
    %cmp/u;
    %jmp/1 T_4.4, 6;
    %dup/vec4;
    %pushi/vec4 3, 0, 5;
    %cmp/u;
    %jmp/1 T_4.5, 6;
    %dup/vec4;
    %pushi/vec4 4, 0, 5;
    %cmp/u;
    %jmp/1 T_4.6, 6;
    %dup/vec4;
    %pushi/vec4 5, 0, 5;
    %cmp/u;
    %jmp/1 T_4.7, 6;
    %dup/vec4;
    %pushi/vec4 6, 0, 5;
    %cmp/u;
    %jmp/1 T_4.8, 6;
    %dup/vec4;
    %pushi/vec4 7, 0, 5;
    %cmp/u;
    %jmp/1 T_4.9, 6;
    %dup/vec4;
    %pushi/vec4 8, 0, 5;
    %cmp/u;
    %jmp/1 T_4.10, 6;
    %dup/vec4;
    %pushi/vec4 9, 0, 5;
    %cmp/u;
    %jmp/1 T_4.11, 6;
    %dup/vec4;
    %pushi/vec4 10, 0, 5;
    %cmp/u;
    %jmp/1 T_4.12, 6;
    %dup/vec4;
    %pushi/vec4 11, 0, 5;
    %cmp/u;
    %jmp/1 T_4.13, 6;
    %dup/vec4;
    %pushi/vec4 12, 0, 5;
    %cmp/u;
    %jmp/1 T_4.14, 6;
    %dup/vec4;
    %pushi/vec4 13, 0, 5;
    %cmp/u;
    %jmp/1 T_4.15, 6;
    %dup/vec4;
    %pushi/vec4 14, 0, 5;
    %cmp/u;
    %jmp/1 T_4.16, 6;
    %dup/vec4;
    %pushi/vec4 15, 0, 5;
    %cmp/u;
    %jmp/1 T_4.17, 6;
    %jmp T_4.18;
T_4.2 ;
    %pushi/vec4 0, 0, 4;
    %assign/vec4 v000001a58ccf9d40_0, 0;
    %pushi/vec4 0, 0, 21;
    %assign/vec4 v000001a58cc4f650_0, 0;
    %pushi/vec4 0, 0, 21;
    %assign/vec4 v000001a58ccf9200_0, 0;
    %pushi/vec4 0, 0, 1;
    %assign/vec4 v000001a58ccf9a20_0, 0;
    %pushi/vec4 0, 0, 1;
    %assign/vec4 v000001a58ccfa1a0_0, 0;
    %pushi/vec4 0, 0, 1;
    %assign/vec4 v000001a58ccfa600_0, 0;
    %pushi/vec4 0, 0, 1;
    %assign/vec4 v000001a58ccfb0a0_0, 0;
    %pushi/vec4 0, 0, 33;
    %assign/vec4 v000001a58ccf9c00_0, 0;
    %pushi/vec4 0, 0, 33;
    %assign/vec4 v000001a58ccf92a0_0, 0;
    %load/vec4 v000001a58ccfb000_0;
    %pushi/vec4 94, 0, 8; draw_string_vec4
    %cmp/e;
    %jmp/0xz  T_4.19, 4;
    %pushi/vec4 1, 0, 5;
    %assign/vec4 v000001a58ccf9980_0, 0;
    %jmp T_4.20;
T_4.19 ;
    %pushi/vec4 0, 0, 5;
    %assign/vec4 v000001a58ccf9980_0, 0;
T_4.20 ;
    %jmp T_4.18;
T_4.3 ;
    %pushi/vec4 0, 0, 21;
    %assign/vec4 v000001a58ccf9200_0, 0;
    %pushi/vec4 0, 0, 33;
    %assign/vec4 v000001a58ccf9c00_0, 0;
    %pushi/vec4 0, 0, 33;
    %assign/vec4 v000001a58ccf92a0_0, 0;
    %pushi/vec4 0, 0, 1;
    %assign/vec4 v000001a58ccfa1a0_0, 0;
    %pushi/vec4 0, 0, 1;
    %assign/vec4 v000001a58ccfa600_0, 0;
    %pushi/vec4 0, 0, 1;
    %assign/vec4 v000001a58ccfb0a0_0, 0;
    %load/vec4 v000001a58ccfb000_0;
    %store/vec4 v000001a58cc4f3d0_0, 0, 8;
    %callf/vec4 TD_tb.uut.isnum, S_000001a58cc7b820;
    %load/vec4 v000001a58ccf9d40_0;
    %pad/u 32;
    %cmpi/u 4, 0, 32;
    %flag_get/vec4 5;
    %and;
    %flag_set/vec4 8;
    %jmp/0xz  T_4.21, 8;
    %load/vec4 v000001a58ccf9d40_0;
    %addi 1, 0, 4;
    %assign/vec4 v000001a58ccf9d40_0, 0;
    %load/vec4 v000001a58cc4f650_0;
    %ix/load 4, 3, 0;
    %flag_set/imm 4, 0;
    %shiftl 4;
    %load/vec4 v000001a58cc4f650_0;
    %ix/load 4, 1, 0;
    %flag_set/imm 4, 0;
    %shiftl 4;
    %add;
    %load/vec4 v000001a58ccfb000_0;
    %pad/u 21;
    %add;
    %subi 48, 0, 21;
    %assign/vec4 v000001a58cc4f650_0, 0;
    %pushi/vec4 1, 0, 5;
    %assign/vec4 v000001a58ccf9980_0, 0;
    %pushi/vec4 0, 0, 1;
    %assign/vec4 v000001a58ccf9a20_0, 0;
    %jmp T_4.22;
T_4.21 ;
    %load/vec4 v000001a58ccfb000_0;
    %pushi/vec4 64, 0, 8; draw_string_vec4
    %cmp/e;
    %flag_get/vec4 4;
    %load/vec4 v000001a58ccf9d40_0;
    %pad/u 32;
    %cmpi/u 4, 0, 32;
    %flag_get/vec4 4;
    %flag_get/vec4 5;
    %or;
    %and;
    %pushi/vec4 1, 0, 32;
    %load/vec4 v000001a58ccf9d40_0;
    %pad/u 32;
    %cmp/u;
    %flag_get/vec4 4;
    %flag_get/vec4 5;
    %or;
    %and;
    %flag_set/vec4 8;
    %jmp/0xz  T_4.23, 8;
    %pushi/vec4 0, 0, 4;
    %assign/vec4 v000001a58ccf9d40_0, 0;
    %pushi/vec4 2, 0, 5;
    %assign/vec4 v000001a58ccf9980_0, 0;
    %load/vec4 v000001a58cc4f650_0;
    %pad/u 32;
    %load/vec4 v000001a58ccf9ac0_0;
    %pad/u 32;
    %ix/load 4, 1, 0;
    %flag_set/imm 4, 0;
    %shiftr 4;
    %subi 1, 0, 32;
    %and;
    %cmpi/ne 0, 0, 32;
    %flag_mov 8, 4;
    %jmp/0 T_4.25, 8;
    %pushi/vec4 1, 0, 2;
    %jmp/1 T_4.26, 8;
T_4.25 ; End of true expr.
    %pushi/vec4 0, 0, 2;
    %jmp/0 T_4.26, 8;
 ; End of false expr.
    %blend;
T_4.26;
    %pad/s 1;
    %assign/vec4 v000001a58ccf9a20_0, 0;
    %jmp T_4.24;
T_4.23 ;
    %pushi/vec4 0, 0, 5;
    %assign/vec4 v000001a58ccf9980_0, 0;
    %pushi/vec4 0, 0, 4;
    %assign/vec4 v000001a58ccf9d40_0, 0;
T_4.24 ;
T_4.22 ;
    %jmp T_4.18;
T_4.4 ;
    %load/vec4 v000001a58ccfb000_0;
    %store/vec4 v000001a58cc4fbf0_0, 0, 8;
    %callf/vec4 TD_tb.uut.isx, S_000001a58cc7b9b0;
    %load/vec4 v000001a58ccf9d40_0;
    %pad/u 32;
    %cmpi/u 8, 0, 32;
    %flag_get/vec4 5;
    %and;
    %flag_set/vec4 8;
    %jmp/0xz  T_4.27, 8;
    %load/vec4 v000001a58ccf9d40_0;
    %addi 1, 0, 4;
    %assign/vec4 v000001a58ccf9d40_0, 0;
    %pushi/vec4 2, 0, 5;
    %assign/vec4 v000001a58ccf9980_0, 0;
    %load/vec4 v000001a58ccf9c00_0;
    %ix/load 4, 4, 0;
    %flag_set/imm 4, 0;
    %shiftl 4;
    %load/vec4 v000001a58ccfb000_0;
    %store/vec4 v000001a58cc4f510_0, 0, 8;
    %callf/vec4 TD_tb.uut.xtoh, S_000001a58ccf9020;
    %pad/u 33;
    %add;
    %assign/vec4 v000001a58ccf9c00_0, 0;
    %jmp T_4.28;
T_4.27 ;
    %load/vec4 v000001a58ccfb000_0;
    %pushi/vec4 58, 0, 8; draw_string_vec4
    %cmp/e;
    %flag_get/vec4 4;
    %load/vec4 v000001a58ccf9d40_0;
    %pad/u 32;
    %pushi/vec4 8, 0, 32;
    %cmp/e;
    %flag_get/vec4 4;
    %and;
    %flag_set/vec4 8;
    %jmp/0xz  T_4.29, 8;
    %pushi/vec4 0, 0, 4;
    %assign/vec4 v000001a58ccf9d40_0, 0;
    %pushi/vec4 3, 0, 5;
    %assign/vec4 v000001a58ccf9980_0, 0;
    %pushi/vec4 12288, 0, 33;
    %load/vec4 v000001a58ccf9c00_0;
    %cmp/u;
    %flag_get/vec4 4;
    %flag_get/vec4 5;
    %or;
    %load/vec4 v000001a58ccf9c00_0;
    %cmpi/u 20479, 0, 33;
    %flag_get/vec4 4;
    %flag_get/vec4 5;
    %or;
    %and;
    %load/vec4 v000001a58ccf9c00_0;
    %pushi/vec4 3, 0, 33;
    %and;
    %pushi/vec4 0, 0, 33;
    %cmp/e;
    %flag_get/vec4 4;
    %and;
    %inv;
    %store/vec4 v000001a58ccfa1a0_0, 0, 1;
    %jmp T_4.30;
T_4.29 ;
    %pushi/vec4 0, 0, 4;
    %assign/vec4 v000001a58ccf9d40_0, 0;
    %pushi/vec4 0, 0, 5;
    %assign/vec4 v000001a58ccf9980_0, 0;
T_4.30 ;
T_4.28 ;
    %jmp T_4.18;
T_4.5 ;
    %load/vec4 v000001a58ccfb000_0;
    %pushi/vec4 48, 0, 8; draw_string_vec4
    %cmp/e;
    %flag_mov 8, 4;
    %load/vec4 v000001a58ccfb000_0;
    %pushi/vec4 32, 0, 8; draw_string_vec4
    %cmp/e;
    %flag_or 4, 8;
    %jmp/0xz  T_4.31, 4;
    %pushi/vec4 3, 0, 5;
    %assign/vec4 v000001a58ccf9980_0, 0;
    %jmp T_4.32;
T_4.31 ;
    %load/vec4 v000001a58ccfb000_0;
    %pushi/vec4 36, 0, 8; draw_string_vec4
    %cmp/e;
    %jmp/0xz  T_4.33, 4;
    %pushi/vec4 4, 0, 5;
    %assign/vec4 v000001a58ccf9980_0, 0;
    %jmp T_4.34;
T_4.33 ;
    %load/vec4 v000001a58ccfb000_0;
    %cmpi/e 42, 0, 8;
    %jmp/0xz  T_4.35, 4;
    %pushi/vec4 10, 0, 5;
    %assign/vec4 v000001a58ccf9980_0, 0;
    %jmp T_4.36;
T_4.35 ;
    %pushi/vec4 0, 0, 5;
    %assign/vec4 v000001a58ccf9980_0, 0;
T_4.36 ;
T_4.34 ;
T_4.32 ;
    %jmp T_4.18;
T_4.6 ;
    %load/vec4 v000001a58ccfb000_0;
    %store/vec4 v000001a58cc4f3d0_0, 0, 8;
    %callf/vec4 TD_tb.uut.isnum, S_000001a58cc7b820;
    %load/vec4 v000001a58ccf9d40_0;
    %pad/u 32;
    %cmpi/u 4, 0, 32;
    %flag_get/vec4 5;
    %and;
    %flag_set/vec4 8;
    %jmp/0xz  T_4.37, 8;
    %load/vec4 v000001a58ccf9d40_0;
    %addi 1, 0, 4;
    %assign/vec4 v000001a58ccf9d40_0, 0;
    %pushi/vec4 4, 0, 5;
    %assign/vec4 v000001a58ccf9980_0, 0;
    %load/vec4 v000001a58ccf9200_0;
    %ix/load 4, 3, 0;
    %flag_set/imm 4, 0;
    %shiftl 4;
    %load/vec4 v000001a58ccf9200_0;
    %ix/load 4, 1, 0;
    %flag_set/imm 4, 0;
    %shiftl 4;
    %add;
    %load/vec4 v000001a58ccfb000_0;
    %pad/u 21;
    %add;
    %subi 48, 0, 21;
    %assign/vec4 v000001a58ccf9200_0, 0;
    %jmp T_4.38;
T_4.37 ;
    %load/vec4 v000001a58ccfb000_0;
    %pushi/vec4 48, 0, 8; draw_string_vec4
    %cmp/e;
    %flag_get/vec4 4;
    %load/vec4 v000001a58ccfb000_0;
    %pushi/vec4 32, 0, 8; draw_string_vec4
    %cmp/e;
    %flag_get/vec4 4;
    %or;
    %pushi/vec4 1, 0, 32;
    %load/vec4 v000001a58ccf9d40_0;
    %pad/u 32;
    %cmp/u;
    %flag_get/vec4 4;
    %flag_get/vec4 5;
    %or;
    %and;
    %load/vec4 v000001a58ccf9d40_0;
    %pad/u 32;
    %cmpi/u 4, 0, 32;
    %flag_get/vec4 4;
    %flag_get/vec4 5;
    %or;
    %and;
    %flag_set/vec4 8;
    %jmp/0xz  T_4.39, 8;
    %pushi/vec4 0, 0, 4;
    %assign/vec4 v000001a58ccf9d40_0, 0;
    %pushi/vec4 5, 0, 5;
    %assign/vec4 v000001a58ccf9980_0, 0;
    %jmp T_4.40;
T_4.39 ;
    %load/vec4 v000001a58ccfb000_0;
    %pushi/vec4 60, 0, 8; draw_string_vec4
    %cmp/e;
    %flag_get/vec4 4;
    %pushi/vec4 1, 0, 32;
    %load/vec4 v000001a58ccf9d40_0;
    %pad/u 32;
    %cmp/u;
    %flag_get/vec4 4;
    %flag_get/vec4 5;
    %or;
    %and;
    %load/vec4 v000001a58ccf9d40_0;
    %pad/u 32;
    %cmpi/u 4, 0, 32;
    %flag_get/vec4 4;
    %flag_get/vec4 5;
    %or;
    %and;
    %flag_set/vec4 8;
    %jmp/0xz  T_4.41, 8;
    %pushi/vec4 0, 0, 4;
    %assign/vec4 v000001a58ccf9d40_0, 0;
    %pushi/vec4 6, 0, 5;
    %assign/vec4 v000001a58ccf9980_0, 0;
    %jmp T_4.42;
T_4.41 ;
    %pushi/vec4 0, 0, 4;
    %assign/vec4 v000001a58ccf9d40_0, 0;
    %pushi/vec4 0, 0, 5;
    %assign/vec4 v000001a58ccf9980_0, 0;
T_4.42 ;
T_4.40 ;
T_4.38 ;
    %jmp T_4.18;
T_4.7 ;
    %load/vec4 v000001a58ccfb000_0;
    %pushi/vec4 48, 0, 8; draw_string_vec4
    %cmp/e;
    %flag_mov 8, 4;
    %load/vec4 v000001a58ccfb000_0;
    %pushi/vec4 32, 0, 8; draw_string_vec4
    %cmp/e;
    %flag_or 4, 8;
    %jmp/0xz  T_4.43, 4;
    %pushi/vec4 5, 0, 5;
    %assign/vec4 v000001a58ccf9980_0, 0;
    %jmp T_4.44;
T_4.43 ;
    %load/vec4 v000001a58ccfb000_0;
    %pushi/vec4 60, 0, 8; draw_string_vec4
    %cmp/e;
    %jmp/0xz  T_4.45, 4;
    %pushi/vec4 6, 0, 5;
    %assign/vec4 v000001a58ccf9980_0, 0;
    %jmp T_4.46;
T_4.45 ;
    %pushi/vec4 0, 0, 5;
    %assign/vec4 v000001a58ccf9980_0, 0;
T_4.46 ;
T_4.44 ;
    %jmp T_4.18;
T_4.8 ;
    %load/vec4 v000001a58ccf9200_0;
    %pad/u 32;
    %cmpi/u 31, 0, 32;
    %flag_get/vec4 4;
    %flag_get/vec4 5;
    %or;
    %pushi/vec4 0, 0, 32;
    %load/vec4 v000001a58ccf9200_0;
    %pad/u 32;
    %cmp/u;
    %flag_get/vec4 4;
    %flag_get/vec4 5;
    %or;
    %and;
    %inv;
    %assign/vec4 v000001a58ccfa600_0, 0;
    %load/vec4 v000001a58ccfb000_0;
    %pushi/vec4 61, 0, 8; draw_string_vec4
    %cmp/e;
    %jmp/0xz  T_4.47, 4;
    %pushi/vec4 7, 0, 5;
    %assign/vec4 v000001a58ccf9980_0, 0;
    %jmp T_4.48;
T_4.47 ;
    %pushi/vec4 0, 0, 5;
    %assign/vec4 v000001a58ccf9980_0, 0;
T_4.48 ;
    %jmp T_4.18;
T_4.9 ;
    %load/vec4 v000001a58ccfb000_0;
    %pushi/vec4 48, 0, 8; draw_string_vec4
    %cmp/e;
    %flag_mov 8, 4;
    %load/vec4 v000001a58ccfb000_0;
    %pushi/vec4 32, 0, 8; draw_string_vec4
    %cmp/e;
    %flag_or 4, 8;
    %jmp/0xz  T_4.49, 4;
    %pushi/vec4 7, 0, 5;
    %assign/vec4 v000001a58ccf9980_0, 0;
    %jmp T_4.50;
T_4.49 ;
    %load/vec4 v000001a58ccfb000_0;
    %store/vec4 v000001a58cc4fbf0_0, 0, 8;
    %callf/vec4 TD_tb.uut.isx, S_000001a58cc7b9b0;
    %flag_set/vec4 8;
    %jmp/0xz  T_4.51, 8;
    %load/vec4 v000001a58ccf9d40_0;
    %addi 1, 0, 4;
    %assign/vec4 v000001a58ccf9d40_0, 0;
    %pushi/vec4 8, 0, 5;
    %assign/vec4 v000001a58ccf9980_0, 0;
    %jmp T_4.52;
T_4.51 ;
    %pushi/vec4 0, 0, 5;
    %assign/vec4 v000001a58ccf9980_0, 0;
T_4.52 ;
T_4.50 ;
    %jmp T_4.18;
T_4.10 ;
    %load/vec4 v000001a58ccfb000_0;
    %store/vec4 v000001a58cc4fbf0_0, 0, 8;
    %callf/vec4 TD_tb.uut.isx, S_000001a58cc7b9b0;
    %load/vec4 v000001a58ccf9d40_0;
    %pad/u 32;
    %cmpi/u 8, 0, 32;
    %flag_get/vec4 5;
    %and;
    %flag_set/vec4 8;
    %jmp/0xz  T_4.53, 8;
    %load/vec4 v000001a58ccf9d40_0;
    %addi 1, 0, 4;
    %assign/vec4 v000001a58ccf9d40_0, 0;
    %pushi/vec4 8, 0, 5;
    %assign/vec4 v000001a58ccf9980_0, 0;
    %jmp T_4.54;
T_4.53 ;
    %load/vec4 v000001a58ccfb000_0;
    %pushi/vec4 35, 0, 8; draw_string_vec4
    %cmp/e;
    %flag_get/vec4 4;
    %load/vec4 v000001a58ccf9d40_0;
    %pad/u 32;
    %pushi/vec4 8, 0, 32;
    %cmp/e;
    %flag_get/vec4 4;
    %and;
    %flag_set/vec4 8;
    %jmp/0xz  T_4.55, 8;
    %pushi/vec4 0, 0, 4;
    %assign/vec4 v000001a58ccf9d40_0, 0;
    %pushi/vec4 9, 0, 5;
    %assign/vec4 v000001a58ccf9980_0, 0;
    %jmp T_4.56;
T_4.55 ;
    %pushi/vec4 0, 0, 4;
    %assign/vec4 v000001a58ccf9d40_0, 0;
    %pushi/vec4 0, 0, 5;
    %assign/vec4 v000001a58ccf9980_0, 0;
T_4.56 ;
T_4.54 ;
    %jmp T_4.18;
T_4.11 ;
    %pushi/vec4 0, 0, 21;
    %assign/vec4 v000001a58cc4f650_0, 0;
    %load/vec4 v000001a58ccfb000_0;
    %pushi/vec4 94, 0, 8; draw_string_vec4
    %cmp/e;
    %jmp/0xz  T_4.57, 4;
    %pushi/vec4 1, 0, 5;
    %assign/vec4 v000001a58ccf9980_0, 0;
    %jmp T_4.58;
T_4.57 ;
    %pushi/vec4 0, 0, 5;
    %assign/vec4 v000001a58ccf9980_0, 0;
T_4.58 ;
    %jmp T_4.18;
T_4.12 ;
    %load/vec4 v000001a58ccfb000_0;
    %store/vec4 v000001a58cc4fbf0_0, 0, 8;
    %callf/vec4 TD_tb.uut.isx, S_000001a58cc7b9b0;
    %load/vec4 v000001a58ccf9d40_0;
    %pad/u 32;
    %cmpi/u 8, 0, 32;
    %flag_get/vec4 5;
    %and;
    %flag_set/vec4 8;
    %jmp/0xz  T_4.59, 8;
    %load/vec4 v000001a58ccf9d40_0;
    %addi 1, 0, 4;
    %assign/vec4 v000001a58ccf9d40_0, 0;
    %pushi/vec4 10, 0, 5;
    %assign/vec4 v000001a58ccf9980_0, 0;
    %load/vec4 v000001a58ccf92a0_0;
    %ix/load 4, 4, 0;
    %flag_set/imm 4, 0;
    %shiftl 4;
    %load/vec4 v000001a58ccfb000_0;
    %store/vec4 v000001a58cc4f510_0, 0, 8;
    %callf/vec4 TD_tb.uut.xtoh, S_000001a58ccf9020;
    %pad/u 33;
    %add;
    %assign/vec4 v000001a58ccf92a0_0, 0;
    %jmp T_4.60;
T_4.59 ;
    %load/vec4 v000001a58ccfb000_0;
    %pushi/vec4 48, 0, 8; draw_string_vec4
    %cmp/e;
    %flag_get/vec4 4;
    %load/vec4 v000001a58ccfb000_0;
    %pushi/vec4 32, 0, 8; draw_string_vec4
    %cmp/e;
    %flag_get/vec4 4;
    %or;
    %load/vec4 v000001a58ccf9d40_0;
    %pad/u 32;
    %pushi/vec4 8, 0, 32;
    %cmp/e;
    %flag_get/vec4 4;
    %and;
    %flag_set/vec4 8;
    %jmp/0xz  T_4.61, 8;
    %pushi/vec4 0, 0, 4;
    %assign/vec4 v000001a58ccf9d40_0, 0;
    %pushi/vec4 11, 0, 5;
    %assign/vec4 v000001a58ccf9980_0, 0;
    %jmp T_4.62;
T_4.61 ;
    %load/vec4 v000001a58ccfb000_0;
    %pushi/vec4 60, 0, 8; draw_string_vec4
    %cmp/e;
    %flag_get/vec4 4;
    %load/vec4 v000001a58ccf9d40_0;
    %pad/u 32;
    %pushi/vec4 8, 0, 32;
    %cmp/e;
    %flag_get/vec4 4;
    %and;
    %flag_set/vec4 8;
    %jmp/0xz  T_4.63, 8;
    %pushi/vec4 0, 0, 4;
    %assign/vec4 v000001a58ccf9d40_0, 0;
    %pushi/vec4 12, 0, 5;
    %assign/vec4 v000001a58ccf9980_0, 0;
    %jmp T_4.64;
T_4.63 ;
    %pushi/vec4 0, 0, 4;
    %assign/vec4 v000001a58ccf9d40_0, 0;
    %pushi/vec4 0, 0, 5;
    %assign/vec4 v000001a58ccf9980_0, 0;
T_4.64 ;
T_4.62 ;
T_4.60 ;
    %jmp T_4.18;
T_4.13 ;
    %load/vec4 v000001a58ccfb000_0;
    %pushi/vec4 48, 0, 8; draw_string_vec4
    %cmp/e;
    %flag_mov 8, 4;
    %load/vec4 v000001a58ccfb000_0;
    %pushi/vec4 32, 0, 8; draw_string_vec4
    %cmp/e;
    %flag_or 4, 8;
    %jmp/0xz  T_4.65, 4;
    %pushi/vec4 11, 0, 5;
    %assign/vec4 v000001a58ccf9980_0, 0;
    %jmp T_4.66;
T_4.65 ;
    %load/vec4 v000001a58ccfb000_0;
    %pushi/vec4 60, 0, 8; draw_string_vec4
    %cmp/e;
    %jmp/0xz  T_4.67, 4;
    %pushi/vec4 12, 0, 5;
    %assign/vec4 v000001a58ccf9980_0, 0;
    %jmp T_4.68;
T_4.67 ;
    %pushi/vec4 0, 0, 5;
    %assign/vec4 v000001a58ccf9980_0, 0;
T_4.68 ;
T_4.66 ;
    %jmp T_4.18;
T_4.14 ;
    %pushi/vec4 0, 0, 33;
    %load/vec4 v000001a58ccf92a0_0;
    %cmp/u;
    %flag_get/vec4 4;
    %flag_get/vec4 5;
    %or;
    %load/vec4 v000001a58ccf92a0_0;
    %cmpi/u 12287, 0, 33;
    %flag_get/vec4 4;
    %flag_get/vec4 5;
    %or;
    %and;
    %load/vec4 v000001a58ccf9c00_0;
    %pushi/vec4 0, 0, 33;
    %and;
    %pushi/vec4 0, 0, 33;
    %cmp/ne;
    %flag_get/vec4 4;
    %and;
    %inv;
    %assign/vec4 v000001a58ccfb0a0_0, 0;
    %load/vec4 v000001a58ccfb000_0;
    %pushi/vec4 61, 0, 8; draw_string_vec4
    %cmp/e;
    %jmp/0xz  T_4.69, 4;
    %pushi/vec4 13, 0, 5;
    %assign/vec4 v000001a58ccf9980_0, 0;
    %jmp T_4.70;
T_4.69 ;
    %pushi/vec4 0, 0, 5;
    %assign/vec4 v000001a58ccf9980_0, 0;
T_4.70 ;
    %jmp T_4.18;
T_4.15 ;
    %load/vec4 v000001a58ccfb000_0;
    %pushi/vec4 48, 0, 8; draw_string_vec4
    %cmp/e;
    %flag_mov 8, 4;
    %load/vec4 v000001a58ccfb000_0;
    %pushi/vec4 32, 0, 8; draw_string_vec4
    %cmp/e;
    %flag_or 4, 8;
    %jmp/0xz  T_4.71, 4;
    %pushi/vec4 13, 0, 5;
    %assign/vec4 v000001a58ccf9980_0, 0;
    %jmp T_4.72;
T_4.71 ;
    %load/vec4 v000001a58ccfb000_0;
    %store/vec4 v000001a58cc4fbf0_0, 0, 8;
    %callf/vec4 TD_tb.uut.isx, S_000001a58cc7b9b0;
    %flag_set/vec4 8;
    %jmp/0xz  T_4.73, 8;
    %load/vec4 v000001a58ccf9d40_0;
    %addi 1, 0, 4;
    %assign/vec4 v000001a58ccf9d40_0, 0;
    %pushi/vec4 14, 0, 5;
    %assign/vec4 v000001a58ccf9980_0, 0;
T_4.73 ;
T_4.72 ;
    %jmp T_4.18;
T_4.16 ;
    %load/vec4 v000001a58ccfb000_0;
    %store/vec4 v000001a58cc4fbf0_0, 0, 8;
    %callf/vec4 TD_tb.uut.isx, S_000001a58cc7b9b0;
    %load/vec4 v000001a58ccf9d40_0;
    %pad/u 32;
    %cmpi/u 8, 0, 32;
    %flag_get/vec4 5;
    %and;
    %flag_set/vec4 8;
    %jmp/0xz  T_4.75, 8;
    %load/vec4 v000001a58ccf9d40_0;
    %addi 1, 0, 4;
    %assign/vec4 v000001a58ccf9d40_0, 0;
    %pushi/vec4 14, 0, 5;
    %assign/vec4 v000001a58ccf9980_0, 0;
    %jmp T_4.76;
T_4.75 ;
    %load/vec4 v000001a58ccfb000_0;
    %pushi/vec4 35, 0, 8; draw_string_vec4
    %cmp/e;
    %flag_get/vec4 4;
    %load/vec4 v000001a58ccf9d40_0;
    %pad/u 32;
    %pushi/vec4 8, 0, 32;
    %cmp/e;
    %flag_get/vec4 4;
    %and;
    %flag_set/vec4 8;
    %jmp/0xz  T_4.77, 8;
    %pushi/vec4 0, 0, 4;
    %assign/vec4 v000001a58ccf9d40_0, 0;
    %pushi/vec4 15, 0, 5;
    %assign/vec4 v000001a58ccf9980_0, 0;
    %jmp T_4.78;
T_4.77 ;
    %pushi/vec4 0, 0, 4;
    %assign/vec4 v000001a58ccf9d40_0, 0;
    %pushi/vec4 0, 0, 5;
    %assign/vec4 v000001a58ccf9980_0, 0;
T_4.78 ;
T_4.76 ;
    %jmp T_4.18;
T_4.17 ;
    %pushi/vec4 0, 0, 21;
    %assign/vec4 v000001a58cc4f650_0, 0;
    %load/vec4 v000001a58ccfb000_0;
    %pushi/vec4 94, 0, 8; draw_string_vec4
    %cmp/e;
    %jmp/0xz  T_4.79, 4;
    %pushi/vec4 1, 0, 5;
    %assign/vec4 v000001a58ccf9980_0, 0;
    %jmp T_4.80;
T_4.79 ;
    %pushi/vec4 0, 0, 5;
    %assign/vec4 v000001a58ccf9980_0, 0;
T_4.80 ;
    %jmp T_4.18;
T_4.18 ;
    %pop/vec4 1;
T_4.1 ;
    %jmp T_4;
    .thread T_4;
    .scope S_000001a58cc54db0;
T_5 ;
    %wait E_000001a58cc98b80;
    %load/vec4 v000001a58ccf9de0_0;
    %nor/r;
    %load/vec4 v000001a58ccf9520_0;
    %nor/r;
    %and;
    %flag_set/vec4 8;
    %jmp/0xz  T_5.0, 8;
    %vpi_call 2 13 "$display", "%d %d", v000001a58ccfa560_0, v000001a58ccfad80_0 {0 0 0};
T_5.0 ;
    %jmp T_5;
    .thread T_5;
    .scope S_000001a58cc54db0;
T_6 ;
    %vpi_call 2 25 "$dumpvars" {0 0 0};
    %pushi/vec4 0, 0, 1;
    %store/vec4 v000001a58ccfa920_0, 0, 1;
    %pushi/vec4 1, 0, 1;
    %store/vec4 v000001a58ccf9de0_0, 0, 1;
    %pushi/vec4 0, 0, 8;
    %store/vec4 v000001a58ccf9480_0, 0, 8;
    %pushi/vec4 2, 0, 16;
    %store/vec4 v000001a58ccface0_0, 0, 16;
    %pushi/vec4 0, 0, 1;
    %store/vec4 v000001a58ccf9520_0, 0, 1;
    %delay 10000, 0;
    %pushi/vec4 0, 0, 1;
    %store/vec4 v000001a58ccf9de0_0, 0, 1;
    %delay 2000, 0;
    %pushi/vec4 94, 0, 8; draw_string_vec4
    %store/vec4 v000001a58ccf9480_0, 0, 8;
    %delay 2000, 0;
    %pushi/vec4 50, 0, 8; draw_string_vec4
    %store/vec4 v000001a58ccf9480_0, 0, 8;
    %delay 2000, 0;
    %pushi/vec4 64, 0, 8; draw_string_vec4
    %store/vec4 v000001a58ccf9480_0, 0, 8;
    %delay 2000, 0;
    %pushi/vec4 101, 0, 8; draw_string_vec4
    %store/vec4 v000001a58ccf9480_0, 0, 8;
    %delay 2000, 0;
    %pushi/vec4 101, 0, 8; draw_string_vec4
    %store/vec4 v000001a58ccf9480_0, 0, 8;
    %delay 2000, 0;
    %pushi/vec4 50, 0, 8; draw_string_vec4
    %store/vec4 v000001a58ccf9480_0, 0, 8;
    %delay 2000, 0;
    %pushi/vec4 97, 0, 8; draw_string_vec4
    %store/vec4 v000001a58ccf9480_0, 0, 8;
    %delay 2000, 0;
    %pushi/vec4 56, 0, 8; draw_string_vec4
    %store/vec4 v000001a58ccf9480_0, 0, 8;
    %delay 2000, 0;
    %pushi/vec4 101, 0, 8; draw_string_vec4
    %store/vec4 v000001a58ccf9480_0, 0, 8;
    %delay 2000, 0;
    %pushi/vec4 101, 0, 8; draw_string_vec4
    %store/vec4 v000001a58ccf9480_0, 0, 8;
    %delay 2000, 0;
    %pushi/vec4 56, 0, 8; draw_string_vec4
    %store/vec4 v000001a58ccf9480_0, 0, 8;
    %delay 2000, 0;
    %pushi/vec4 58, 0, 8; draw_string_vec4
    %store/vec4 v000001a58ccf9480_0, 0, 8;
    %delay 2000, 0;
    %pushi/vec4 32, 0, 8; draw_string_vec4
    %store/vec4 v000001a58ccf9480_0, 0, 8;
    %delay 2000, 0;
    %pushi/vec4 42, 0, 8; draw_string_vec4
    %store/vec4 v000001a58ccf9480_0, 0, 8;
    %delay 2000, 0;
    %pushi/vec4 49, 0, 8; draw_string_vec4
    %store/vec4 v000001a58ccf9480_0, 0, 8;
    %delay 2000, 0;
    %pushi/vec4 54, 0, 8; draw_string_vec4
    %store/vec4 v000001a58ccf9480_0, 0, 8;
    %delay 2000, 0;
    %pushi/vec4 52, 0, 8; draw_string_vec4
    %store/vec4 v000001a58ccf9480_0, 0, 8;
    %delay 2000, 0;
    %pushi/vec4 51, 0, 8; draw_string_vec4
    %store/vec4 v000001a58ccf9480_0, 0, 8;
    %delay 2000, 0;
    %pushi/vec4 98, 0, 8; draw_string_vec4
    %store/vec4 v000001a58ccf9480_0, 0, 8;
    %delay 2000, 0;
    %pushi/vec4 54, 0, 8; draw_string_vec4
    %store/vec4 v000001a58ccf9480_0, 0, 8;
    %delay 2000, 0;
    %pushi/vec4 50, 0, 8; draw_string_vec4
    %store/vec4 v000001a58ccf9480_0, 0, 8;
    %delay 2000, 0;
    %pushi/vec4 57, 0, 8; draw_string_vec4
    %store/vec4 v000001a58ccf9480_0, 0, 8;
    %delay 2000, 0;
    %pushi/vec4 60, 0, 8; draw_string_vec4
    %store/vec4 v000001a58ccf9480_0, 0, 8;
    %delay 2000, 0;
    %pushi/vec4 61, 0, 8; draw_string_vec4
    %store/vec4 v000001a58ccf9480_0, 0, 8;
    %delay 2000, 0;
    %pushi/vec4 32, 0, 8; draw_string_vec4
    %store/vec4 v000001a58ccf9480_0, 0, 8;
    %delay 2000, 0;
    %pushi/vec4 55, 0, 8; draw_string_vec4
    %store/vec4 v000001a58ccf9480_0, 0, 8;
    %delay 2000, 0;
    %pushi/vec4 57, 0, 8; draw_string_vec4
    %store/vec4 v000001a58ccf9480_0, 0, 8;
    %delay 2000, 0;
    %pushi/vec4 102, 0, 8; draw_string_vec4
    %store/vec4 v000001a58ccf9480_0, 0, 8;
    %delay 2000, 0;
    %pushi/vec4 100, 0, 8; draw_string_vec4
    %store/vec4 v000001a58ccf9480_0, 0, 8;
    %delay 2000, 0;
    %pushi/vec4 49, 0, 8; draw_string_vec4
    %store/vec4 v000001a58ccf9480_0, 0, 8;
    %delay 2000, 0;
    %pushi/vec4 100, 0, 8; draw_string_vec4
    %store/vec4 v000001a58ccf9480_0, 0, 8;
    %delay 2000, 0;
    %pushi/vec4 102, 0, 8; draw_string_vec4
    %store/vec4 v000001a58ccf9480_0, 0, 8;
    %delay 2000, 0;
    %pushi/vec4 52, 0, 8; draw_string_vec4
    %store/vec4 v000001a58ccf9480_0, 0, 8;
    %delay 2000, 0;
    %pushi/vec4 35, 0, 8; draw_string_vec4
    %store/vec4 v000001a58ccf9480_0, 0, 8;
    %delay 2000, 0;
    %pushi/vec4 94, 0, 8; draw_string_vec4
    %store/vec4 v000001a58ccf9480_0, 0, 8;
    %delay 2000, 0;
    %pushi/vec4 57, 0, 8; draw_string_vec4
    %store/vec4 v000001a58ccf9480_0, 0, 8;
    %delay 2000, 0;
    %pushi/vec4 64, 0, 8; draw_string_vec4
    %store/vec4 v000001a58ccf9480_0, 0, 8;
    %delay 2000, 0;
    %pushi/vec4 56, 0, 8; draw_string_vec4
    %store/vec4 v000001a58ccf9480_0, 0, 8;
    %delay 2000, 0;
    %pushi/vec4 56, 0, 8; draw_string_vec4
    %store/vec4 v000001a58ccf9480_0, 0, 8;
    %delay 2000, 0;
    %pushi/vec4 98, 0, 8; draw_string_vec4
    %store/vec4 v000001a58ccf9480_0, 0, 8;
    %delay 2000, 0;
    %pushi/vec4 55, 0, 8; draw_string_vec4
    %store/vec4 v000001a58ccf9480_0, 0, 8;
    %delay 2000, 0;
    %pushi/vec4 54, 0, 8; draw_string_vec4
    %store/vec4 v000001a58ccf9480_0, 0, 8;
    %delay 2000, 0;
    %pushi/vec4 50, 0, 8; draw_string_vec4
    %store/vec4 v000001a58ccf9480_0, 0, 8;
    %delay 2000, 0;
    %pushi/vec4 49, 0, 8; draw_string_vec4
    %store/vec4 v000001a58ccf9480_0, 0, 8;
    %delay 2000, 0;
    %pushi/vec4 97, 0, 8; draw_string_vec4
    %store/vec4 v000001a58ccf9480_0, 0, 8;
    %delay 2000, 0;
    %pushi/vec4 58, 0, 8; draw_string_vec4
    %store/vec4 v000001a58ccf9480_0, 0, 8;
    %delay 2000, 0;
    %pushi/vec4 42, 0, 8; draw_string_vec4
    %store/vec4 v000001a58ccf9480_0, 0, 8;
    %delay 2000, 0;
    %pushi/vec4 48, 0, 8; draw_string_vec4
    %store/vec4 v000001a58ccf9480_0, 0, 8;
    %delay 2000, 0;
    %pushi/vec4 100, 0, 8; draw_string_vec4
    %store/vec4 v000001a58ccf9480_0, 0, 8;
    %delay 2000, 0;
    %pushi/vec4 97, 0, 8; draw_string_vec4
    %store/vec4 v000001a58ccf9480_0, 0, 8;
    %delay 2000, 0;
    %pushi/vec4 99, 0, 8; draw_string_vec4
    %store/vec4 v000001a58ccf9480_0, 0, 8;
    %delay 2000, 0;
    %pushi/vec4 97, 0, 8; draw_string_vec4
    %store/vec4 v000001a58ccf9480_0, 0, 8;
    %delay 2000, 0;
    %pushi/vec4 55, 0, 8; draw_string_vec4
    %store/vec4 v000001a58ccf9480_0, 0, 8;
    %delay 2000, 0;
    %pushi/vec4 97, 0, 8; draw_string_vec4
    %store/vec4 v000001a58ccf9480_0, 0, 8;
    %delay 2000, 0;
    %pushi/vec4 101, 0, 8; draw_string_vec4
    %store/vec4 v000001a58ccf9480_0, 0, 8;
    %delay 2000, 0;
    %pushi/vec4 32, 0, 8; draw_string_vec4
    %store/vec4 v000001a58ccf9480_0, 0, 8;
    %delay 2000, 0;
    %pushi/vec4 60, 0, 8; draw_string_vec4
    %store/vec4 v000001a58ccf9480_0, 0, 8;
    %delay 2000, 0;
    %pushi/vec4 61, 0, 8; draw_string_vec4
    %store/vec4 v000001a58ccf9480_0, 0, 8;
    %delay 2000, 0;
    %pushi/vec4 32, 0, 8; draw_string_vec4
    %store/vec4 v000001a58ccf9480_0, 0, 8;
    %delay 2000, 0;
    %pushi/vec4 48, 0, 8; draw_string_vec4
    %store/vec4 v000001a58ccf9480_0, 0, 8;
    %delay 2000, 0;
    %pushi/vec4 97, 0, 8; draw_string_vec4
    %store/vec4 v000001a58ccf9480_0, 0, 8;
    %delay 2000, 0;
    %pushi/vec4 56, 0, 8; draw_string_vec4
    %store/vec4 v000001a58ccf9480_0, 0, 8;
    %delay 2000, 0;
    %pushi/vec4 97, 0, 8; draw_string_vec4
    %store/vec4 v000001a58ccf9480_0, 0, 8;
    %delay 2000, 0;
    %pushi/vec4 52, 0, 8; draw_string_vec4
    %store/vec4 v000001a58ccf9480_0, 0, 8;
    %delay 2000, 0;
    %pushi/vec4 54, 0, 8; draw_string_vec4
    %store/vec4 v000001a58ccf9480_0, 0, 8;
    %delay 2000, 0;
    %pushi/vec4 51, 0, 8; draw_string_vec4
    %store/vec4 v000001a58ccf9480_0, 0, 8;
    %delay 2000, 0;
    %pushi/vec4 48, 0, 8; draw_string_vec4
    %store/vec4 v000001a58ccf9480_0, 0, 8;
    %delay 2000, 0;
    %pushi/vec4 35, 0, 8; draw_string_vec4
    %store/vec4 v000001a58ccf9480_0, 0, 8;
    %delay 20000, 0;
    %pushi/vec4 1, 0, 1;
    %store/vec4 v000001a58ccf9520_0, 0, 1;
    %vpi_call 2 100 "$finish" {0 0 0};
    %end;
    .thread T_6;
    .scope S_000001a58cc54db0;
T_7 ;
    %delay 1000, 0;
    %load/vec4 v000001a58ccfa920_0;
    %inv;
    %store/vec4 v000001a58ccfa920_0, 0, 1;
    %jmp T_7;
    .thread T_7;
# The file index is used to find the file name in the following table.
:file_names 4;
    "N/A";
    "<interactive>";
    "my_checker_src.v";
    "./src.v";
