#! /c/Source/iverilog-install/bin/vvp
:ivl_version "12.0 (devel)" "(s20150603-1110-g18392a46)";
:ivl_delay_selection "TYPICAL";
:vpi_time_precision - 12;
:vpi_module "G:\PROGRA~2\iverilog\lib\ivl\system.vpi";
:vpi_module "G:\PROGRA~2\iverilog\lib\ivl\vhdl_sys.vpi";
:vpi_module "G:\PROGRA~2\iverilog\lib\ivl\vhdl_textio.vpi";
:vpi_module "G:\PROGRA~2\iverilog\lib\ivl\v2005_math.vpi";
:vpi_module "G:\PROGRA~2\iverilog\lib\ivl\va_math.vpi";
S_00000270f7442eb0 .scope module, "cpu_checker" "cpu_checker" 2 21;
 .timescale -9 -12;
    .port_info 0 /INPUT 1 "clk";
    .port_info 1 /INPUT 1 "reset";
    .port_info 2 /INPUT 8 "char";
    .port_info 3 /INPUT 16 "freq";
    .port_info 4 /OUTPUT 2 "format_type";
    .port_info 5 /OUTPUT 4 "error_code";
L_00000270f74a02c0 .functor OR 1, L_00000270f7501930, L_00000270f7501cf0, C4<0>, C4<0>;
L_00000270f749fed0 .functor NOT 1, L_00000270f74a02c0, C4<0>, C4<0>, C4<0>;
v00000270f746ae80_0 .var "T", 20 0;
v00000270f746a700_0 .net *"_ivl_0", 31 0, L_00000270f7501430;  1 drivers
v00000270f746a840_0 .net *"_ivl_10", 31 0, L_00000270f75016b0;  1 drivers
L_00000270f7530160 .functor BUFT 1, C4<000000000000000000000000000>, C4<0>, C4<0>, C4<0>;
v00000270f746a8e0_0 .net *"_ivl_13", 26 0, L_00000270f7530160;  1 drivers
L_00000270f75301a8 .functor BUFT 1, C4<00000000000000000000000000001111>, C4<0>, C4<0>, C4<0>;
v00000270f746aac0_0 .net/2u *"_ivl_14", 31 0, L_00000270f75301a8;  1 drivers
v00000270f746aa20_0 .net *"_ivl_16", 0 0, L_00000270f7501f70;  1 drivers
L_00000270f75301f0 .functor BUFT 1, C4<10>, C4<0>, C4<0>, C4<0>;
v00000270f746ac00_0 .net/2u *"_ivl_18", 1 0, L_00000270f75301f0;  1 drivers
L_00000270f7530238 .functor BUFT 1, C4<00>, C4<0>, C4<0>, C4<0>;
v00000270f746aca0_0 .net/2u *"_ivl_20", 1 0, L_00000270f7530238;  1 drivers
v00000270f746ade0_0 .net *"_ivl_22", 1 0, L_00000270f7500ad0;  1 drivers
v00000270f746af20_0 .net *"_ivl_26", 31 0, L_00000270f7501750;  1 drivers
L_00000270f7530280 .functor BUFT 1, C4<000000000000000000000000000>, C4<0>, C4<0>, C4<0>;
v00000270f746b060_0 .net *"_ivl_29", 26 0, L_00000270f7530280;  1 drivers
L_00000270f7530088 .functor BUFT 1, C4<000000000000000000000000000>, C4<0>, C4<0>, C4<0>;
v00000270f746b380_0 .net *"_ivl_3", 26 0, L_00000270f7530088;  1 drivers
L_00000270f75302c8 .functor BUFT 1, C4<00000000000000000000000000001001>, C4<0>, C4<0>, C4<0>;
v00000270f746b100_0 .net/2u *"_ivl_30", 31 0, L_00000270f75302c8;  1 drivers
v00000270f746a520_0 .net *"_ivl_32", 0 0, L_00000270f7501930;  1 drivers
v00000270f746a7a0_0 .net *"_ivl_34", 31 0, L_00000270f75017f0;  1 drivers
L_00000270f7530310 .functor BUFT 1, C4<000000000000000000000000000>, C4<0>, C4<0>, C4<0>;
v00000270f75008f0_0 .net *"_ivl_37", 26 0, L_00000270f7530310;  1 drivers
L_00000270f7530358 .functor BUFT 1, C4<00000000000000000000000000001111>, C4<0>, C4<0>, C4<0>;
v00000270f7500490_0 .net/2u *"_ivl_38", 31 0, L_00000270f7530358;  1 drivers
L_00000270f75300d0 .functor BUFT 1, C4<00000000000000000000000000001001>, C4<0>, C4<0>, C4<0>;
v00000270f7500670_0 .net/2u *"_ivl_4", 31 0, L_00000270f75300d0;  1 drivers
v00000270f75007b0_0 .net *"_ivl_40", 0 0, L_00000270f7501cf0;  1 drivers
v00000270f75014d0_0 .net *"_ivl_43", 0 0, L_00000270f74a02c0;  1 drivers
v00000270f7501570_0 .net *"_ivl_44", 0 0, L_00000270f749fed0;  1 drivers
L_00000270f75303a0 .functor BUFT 1, C4<0000>, C4<0>, C4<0>, C4<0>;
v00000270f75020b0_0 .net/2u *"_ivl_46", 3 0, L_00000270f75303a0;  1 drivers
v00000270f75012f0_0 .net *"_ivl_48", 3 0, L_00000270f7501b10;  1 drivers
v00000270f7501bb0_0 .net *"_ivl_6", 0 0, L_00000270f7500cb0;  1 drivers
L_00000270f7530118 .functor BUFT 1, C4<01>, C4<0>, C4<0>, C4<0>;
v00000270f7500210_0 .net/2u *"_ivl_8", 1 0, L_00000270f7530118;  1 drivers
v00000270f7500d50_0 .var "addr", 32 0;
o00000270f74a85f8 .functor BUFZ 8, C4<zzzzzzzz>; HiZ drive
v00000270f7500530_0 .net "char", 7 0, o00000270f74a85f8;  0 drivers
o00000270f74a8628 .functor BUFZ 1, C4<z>; HiZ drive
v00000270f75005d0_0 .net "clk", 0 0, o00000270f74a8628;  0 drivers
v00000270f7501c50_0 .var "e_addr", 0 0;
v00000270f7501110_0 .var "e_gref", 0 0;
v00000270f7500710_0 .var "e_pc", 0 0;
v00000270f7500850_0 .var "e_time", 0 0;
v00000270f7500b70_0 .net "error_code", 3 0, L_00000270f7500df0;  1 drivers
v00000270f7501610_0 .net "format_type", 1 0, L_00000270f7501890;  1 drivers
o00000270f74a8778 .functor BUFZ 16, C4<zzzzzzzzzzzzzzzz>; HiZ drive
v00000270f7500c10_0 .net "freq", 15 0, o00000270f74a8778;  0 drivers
v00000270f7501390_0 .var "gref", 20 0;
v00000270f7500e90_0 .var "pc", 32 0;
o00000270f74a8808 .functor BUFZ 1, C4<z>; HiZ drive
v00000270f7500990_0 .net "reset", 0 0, o00000270f74a8808;  0 drivers
v00000270f7502010_0 .var "s", 4 0;
v00000270f7500a30_0 .var "times", 3 0;
E_00000270f74a35d0 .event posedge, v00000270f75005d0_0;
L_00000270f7501430 .concat [ 5 27 0 0], v00000270f7502010_0, L_00000270f7530088;
L_00000270f7500cb0 .cmp/eq 32, L_00000270f7501430, L_00000270f75300d0;
L_00000270f75016b0 .concat [ 5 27 0 0], v00000270f7502010_0, L_00000270f7530160;
L_00000270f7501f70 .cmp/eq 32, L_00000270f75016b0, L_00000270f75301a8;
L_00000270f7500ad0 .functor MUXZ 2, L_00000270f7530238, L_00000270f75301f0, L_00000270f7501f70, C4<>;
L_00000270f7501890 .functor MUXZ 2, L_00000270f7500ad0, L_00000270f7530118, L_00000270f7500cb0, C4<>;
L_00000270f7501750 .concat [ 5 27 0 0], v00000270f7502010_0, L_00000270f7530280;
L_00000270f7501930 .cmp/eq 32, L_00000270f7501750, L_00000270f75302c8;
L_00000270f75017f0 .concat [ 5 27 0 0], v00000270f7502010_0, L_00000270f7530310;
L_00000270f7501cf0 .cmp/eq 32, L_00000270f75017f0, L_00000270f7530358;
L_00000270f7501b10 .concat [ 1 1 1 1], v00000270f7500850_0, v00000270f7500710_0, v00000270f7501c50_0, v00000270f7501110_0;
L_00000270f7500df0 .functor MUXZ 4, L_00000270f7501b10, L_00000270f75303a0, L_00000270f749fed0, C4<>;
S_00000270f7443040 .scope function.vec4.s1, "isnum" "isnum" 2 29, 2 29 0, S_00000270f7442eb0;
 .timescale -9 -12;
v00000270f746ab60_0 .var "c", 7 0;
; Variable isnum is vec4 return value of scope S_00000270f7443040
TD_cpu_checker.isnum ;
    %pushi/vec4 48, 0, 8; draw_string_vec4
    %load/vec4 v00000270f746ab60_0;
    %cmp/u;
    %flag_get/vec4 4;
    %flag_get/vec4 5;
    %or;
    %load/vec4 v00000270f746ab60_0;
    %pushi/vec4 57, 0, 8; draw_string_vec4
    %cmp/u;
    %flag_get/vec4 4;
    %flag_get/vec4 5;
    %or;
    %and;
    %ret/vec4 0, 0, 1;  Assign to isnum (store_vec4_to_lval)
    %end;
S_00000270f74431d0 .scope function.vec4.s1, "isx" "isx" 2 36, 2 36 0, S_00000270f7442eb0;
 .timescale -9 -12;
; Variable isx is vec4 return value of scope S_00000270f74431d0
v00000270f746b2e0_0 .var "x", 7 0;
TD_cpu_checker.isx ;
    %pushi/vec4 48, 0, 8; draw_string_vec4
    %load/vec4 v00000270f746b2e0_0;
    %cmp/u;
    %flag_get/vec4 4;
    %flag_get/vec4 5;
    %or;
    %load/vec4 v00000270f746b2e0_0;
    %pushi/vec4 57, 0, 8; draw_string_vec4
    %cmp/u;
    %flag_get/vec4 4;
    %flag_get/vec4 5;
    %or;
    %and;
    %pushi/vec4 97, 0, 8; draw_string_vec4
    %load/vec4 v00000270f746b2e0_0;
    %cmp/u;
    %flag_get/vec4 4;
    %flag_get/vec4 5;
    %or;
    %load/vec4 v00000270f746b2e0_0;
    %pushi/vec4 102, 0, 8; draw_string_vec4
    %cmp/u;
    %flag_get/vec4 4;
    %flag_get/vec4 5;
    %or;
    %and;
    %or;
    %ret/vec4 0, 0, 1;  Assign to isx (store_vec4_to_lval)
    %end;
S_00000270f7500030 .scope function.vec4.s4, "xtoh" "xtoh" 2 43, 2 43 0, S_00000270f7442eb0;
 .timescale -9 -12;
v00000270f746a980_0 .var "a", 7 0;
; Variable xtoh is vec4 return value of scope S_00000270f7500030
TD_cpu_checker.xtoh ;
    %pushi/vec4 48, 0, 8; draw_string_vec4
    %load/vec4 v00000270f746a980_0;
    %cmp/u;
    %flag_get/vec4 4;
    %flag_get/vec4 5;
    %or;
    %load/vec4 v00000270f746a980_0;
    %pushi/vec4 57, 0, 8; draw_string_vec4
    %cmp/u;
    %flag_get/vec4 4;
    %flag_get/vec4 5;
    %or;
    %and;
    %flag_set/vec4 8;
    %jmp/0 T_2.0, 8;
    %load/vec4 v00000270f746a980_0;
    %pushi/vec4 48, 0, 8; draw_string_vec4
    %sub;
    %jmp/1 T_2.1, 8;
T_2.0 ; End of true expr.
    %load/vec4 v00000270f746a980_0;
    %addi 169, 0, 8;
    %jmp/0 T_2.1, 8;
 ; End of false expr.
    %blend;
T_2.1;
    %pad/u 4;
    %ret/vec4 0, 0, 4;  Assign to xtoh (store_vec4_to_lval)
    %end;
    .scope S_00000270f7442eb0;
T_3 ;
    %pushi/vec4 0, 0, 5;
    %store/vec4 v00000270f7502010_0, 0, 5;
    %pushi/vec4 0, 0, 4;
    %store/vec4 v00000270f7500a30_0, 0, 4;
    %pushi/vec4 0, 0, 21;
    %store/vec4 v00000270f746ae80_0, 0, 21;
    %pushi/vec4 0, 0, 21;
    %store/vec4 v00000270f7501390_0, 0, 21;
    %pushi/vec4 0, 0, 1;
    %store/vec4 v00000270f7500850_0, 0, 1;
    %pushi/vec4 0, 0, 1;
    %store/vec4 v00000270f7500710_0, 0, 1;
    %pushi/vec4 0, 0, 1;
    %store/vec4 v00000270f7501110_0, 0, 1;
    %pushi/vec4 0, 0, 1;
    %store/vec4 v00000270f7501c50_0, 0, 1;
    %pushi/vec4 0, 0, 33;
    %store/vec4 v00000270f7500e90_0, 0, 33;
    %pushi/vec4 0, 0, 33;
    %store/vec4 v00000270f7500d50_0, 0, 33;
    %end;
    .thread T_3;
    .scope S_00000270f7442eb0;
T_4 ;
    %wait E_00000270f74a35d0;
    %load/vec4 v00000270f7500990_0;
    %pad/u 32;
    %cmpi/e 1, 0, 32;
    %jmp/0xz  T_4.0, 4;
    %pushi/vec4 0, 0, 5;
    %assign/vec4 v00000270f7502010_0, 0;
    %pushi/vec4 0, 0, 4;
    %assign/vec4 v00000270f7500a30_0, 0;
    %pushi/vec4 0, 0, 21;
    %assign/vec4 v00000270f746ae80_0, 0;
    %pushi/vec4 0, 0, 21;
    %assign/vec4 v00000270f7501390_0, 0;
    %pushi/vec4 0, 0, 1;
    %assign/vec4 v00000270f7500850_0, 0;
    %pushi/vec4 0, 0, 1;
    %assign/vec4 v00000270f7500710_0, 0;
    %pushi/vec4 0, 0, 1;
    %assign/vec4 v00000270f7501110_0, 0;
    %pushi/vec4 0, 0, 1;
    %assign/vec4 v00000270f7501c50_0, 0;
    %pushi/vec4 0, 0, 33;
    %assign/vec4 v00000270f7500e90_0, 0;
    %pushi/vec4 0, 0, 33;
    %assign/vec4 v00000270f7500d50_0, 0;
    %jmp T_4.1;
T_4.0 ;
    %load/vec4 v00000270f7502010_0;
    %dup/vec4;
    %pushi/vec4 0, 0, 5;
    %cmp/u;
    %jmp/1 T_4.2, 6;
    %dup/vec4;
    %pushi/vec4 1, 0, 5;
    %cmp/u;
    %jmp/1 T_4.3, 6;
    %dup/vec4;
    %pushi/vec4 2, 0, 5;
    %cmp/u;
    %jmp/1 T_4.4, 6;
    %dup/vec4;
    %pushi/vec4 3, 0, 5;
    %cmp/u;
    %jmp/1 T_4.5, 6;
    %dup/vec4;
    %pushi/vec4 4, 0, 5;
    %cmp/u;
    %jmp/1 T_4.6, 6;
    %dup/vec4;
    %pushi/vec4 5, 0, 5;
    %cmp/u;
    %jmp/1 T_4.7, 6;
    %dup/vec4;
    %pushi/vec4 6, 0, 5;
    %cmp/u;
    %jmp/1 T_4.8, 6;
    %dup/vec4;
    %pushi/vec4 7, 0, 5;
    %cmp/u;
    %jmp/1 T_4.9, 6;
    %dup/vec4;
    %pushi/vec4 8, 0, 5;
    %cmp/u;
    %jmp/1 T_4.10, 6;
    %dup/vec4;
    %pushi/vec4 9, 0, 5;
    %cmp/u;
    %jmp/1 T_4.11, 6;
    %dup/vec4;
    %pushi/vec4 10, 0, 5;
    %cmp/u;
    %jmp/1 T_4.12, 6;
    %dup/vec4;
    %pushi/vec4 11, 0, 5;
    %cmp/u;
    %jmp/1 T_4.13, 6;
    %dup/vec4;
    %pushi/vec4 12, 0, 5;
    %cmp/u;
    %jmp/1 T_4.14, 6;
    %dup/vec4;
    %pushi/vec4 13, 0, 5;
    %cmp/u;
    %jmp/1 T_4.15, 6;
    %dup/vec4;
    %pushi/vec4 14, 0, 5;
    %cmp/u;
    %jmp/1 T_4.16, 6;
    %dup/vec4;
    %pushi/vec4 15, 0, 5;
    %cmp/u;
    %jmp/1 T_4.17, 6;
    %jmp T_4.18;
T_4.2 ;
    %pushi/vec4 0, 0, 4;
    %assign/vec4 v00000270f7500a30_0, 0;
    %pushi/vec4 0, 0, 21;
    %assign/vec4 v00000270f746ae80_0, 0;
    %pushi/vec4 0, 0, 21;
    %assign/vec4 v00000270f7501390_0, 0;
    %pushi/vec4 0, 0, 1;
    %assign/vec4 v00000270f7500850_0, 0;
    %pushi/vec4 0, 0, 1;
    %assign/vec4 v00000270f7500710_0, 0;
    %pushi/vec4 0, 0, 1;
    %assign/vec4 v00000270f7501110_0, 0;
    %pushi/vec4 0, 0, 1;
    %assign/vec4 v00000270f7501c50_0, 0;
    %pushi/vec4 0, 0, 33;
    %assign/vec4 v00000270f7500e90_0, 0;
    %pushi/vec4 0, 0, 33;
    %assign/vec4 v00000270f7500d50_0, 0;
    %load/vec4 v00000270f7500530_0;
    %pushi/vec4 94, 0, 8; draw_string_vec4
    %cmp/e;
    %jmp/0xz  T_4.19, 4;
    %pushi/vec4 1, 0, 5;
    %assign/vec4 v00000270f7502010_0, 0;
    %jmp T_4.20;
T_4.19 ;
    %pushi/vec4 0, 0, 5;
    %assign/vec4 v00000270f7502010_0, 0;
T_4.20 ;
    %jmp T_4.18;
T_4.3 ;
    %pushi/vec4 0, 0, 21;
    %assign/vec4 v00000270f7501390_0, 0;
    %pushi/vec4 0, 0, 33;
    %assign/vec4 v00000270f7500e90_0, 0;
    %pushi/vec4 0, 0, 33;
    %assign/vec4 v00000270f7500d50_0, 0;
    %pushi/vec4 0, 0, 1;
    %assign/vec4 v00000270f7500710_0, 0;
    %pushi/vec4 0, 0, 1;
    %assign/vec4 v00000270f7501110_0, 0;
    %pushi/vec4 0, 0, 1;
    %assign/vec4 v00000270f7501c50_0, 0;
    %load/vec4 v00000270f7500530_0;
    %store/vec4 v00000270f746ab60_0, 0, 8;
    %callf/vec4 TD_cpu_checker.isnum, S_00000270f7443040;
    %load/vec4 v00000270f7500a30_0;
    %pad/u 32;
    %cmpi/u 4, 0, 32;
    %flag_get/vec4 5;
    %and;
    %flag_set/vec4 8;
    %jmp/0xz  T_4.21, 8;
    %load/vec4 v00000270f7500a30_0;
    %addi 1, 0, 4;
    %assign/vec4 v00000270f7500a30_0, 0;
    %load/vec4 v00000270f746ae80_0;
    %ix/load 4, 3, 0;
    %flag_set/imm 4, 0;
    %shiftl 4;
    %load/vec4 v00000270f746ae80_0;
    %ix/load 4, 1, 0;
    %flag_set/imm 4, 0;
    %shiftl 4;
    %add;
    %load/vec4 v00000270f7500530_0;
    %pad/u 21;
    %add;
    %subi 48, 0, 21;
    %assign/vec4 v00000270f746ae80_0, 0;
    %pushi/vec4 1, 0, 5;
    %assign/vec4 v00000270f7502010_0, 0;
    %pushi/vec4 0, 0, 1;
    %assign/vec4 v00000270f7500850_0, 0;
    %jmp T_4.22;
T_4.21 ;
    %load/vec4 v00000270f7500530_0;
    %pushi/vec4 64, 0, 8; draw_string_vec4
    %cmp/e;
    %flag_get/vec4 4;
    %load/vec4 v00000270f7500a30_0;
    %pad/u 32;
    %cmpi/u 4, 0, 32;
    %flag_get/vec4 4;
    %flag_get/vec4 5;
    %or;
    %and;
    %pushi/vec4 1, 0, 32;
    %load/vec4 v00000270f7500a30_0;
    %pad/u 32;
    %cmp/u;
    %flag_get/vec4 4;
    %flag_get/vec4 5;
    %or;
    %and;
    %flag_set/vec4 8;
    %jmp/0xz  T_4.23, 8;
    %pushi/vec4 0, 0, 4;
    %assign/vec4 v00000270f7500a30_0, 0;
    %pushi/vec4 2, 0, 5;
    %assign/vec4 v00000270f7502010_0, 0;
    %load/vec4 v00000270f746ae80_0;
    %pad/u 32;
    %load/vec4 v00000270f7500c10_0;
    %pad/u 32;
    %ix/load 4, 1, 0;
    %flag_set/imm 4, 0;
    %shiftr 4;
    %subi 1, 0, 32;
    %and;
    %cmpi/ne 0, 0, 32;
    %flag_mov 8, 4;
    %jmp/0 T_4.25, 8;
    %pushi/vec4 1, 0, 2;
    %jmp/1 T_4.26, 8;
T_4.25 ; End of true expr.
    %pushi/vec4 0, 0, 2;
    %jmp/0 T_4.26, 8;
 ; End of false expr.
    %blend;
T_4.26;
    %pad/s 1;
    %assign/vec4 v00000270f7500850_0, 0;
    %jmp T_4.24;
T_4.23 ;
    %pushi/vec4 0, 0, 5;
    %assign/vec4 v00000270f7502010_0, 0;
    %pushi/vec4 0, 0, 4;
    %assign/vec4 v00000270f7500a30_0, 0;
T_4.24 ;
T_4.22 ;
    %jmp T_4.18;
T_4.4 ;
    %load/vec4 v00000270f7500530_0;
    %store/vec4 v00000270f746b2e0_0, 0, 8;
    %callf/vec4 TD_cpu_checker.isx, S_00000270f74431d0;
    %load/vec4 v00000270f7500a30_0;
    %pad/u 32;
    %cmpi/u 8, 0, 32;
    %flag_get/vec4 5;
    %and;
    %flag_set/vec4 8;
    %jmp/0xz  T_4.27, 8;
    %load/vec4 v00000270f7500a30_0;
    %addi 1, 0, 4;
    %assign/vec4 v00000270f7500a30_0, 0;
    %pushi/vec4 2, 0, 5;
    %assign/vec4 v00000270f7502010_0, 0;
    %load/vec4 v00000270f7500e90_0;
    %ix/load 4, 4, 0;
    %flag_set/imm 4, 0;
    %shiftl 4;
    %load/vec4 v00000270f7500530_0;
    %store/vec4 v00000270f746a980_0, 0, 8;
    %callf/vec4 TD_cpu_checker.xtoh, S_00000270f7500030;
    %pad/u 33;
    %add;
    %assign/vec4 v00000270f7500e90_0, 0;
    %jmp T_4.28;
T_4.27 ;
    %load/vec4 v00000270f7500530_0;
    %pushi/vec4 58, 0, 8; draw_string_vec4
    %cmp/e;
    %flag_get/vec4 4;
    %load/vec4 v00000270f7500a30_0;
    %pad/u 32;
    %pushi/vec4 8, 0, 32;
    %cmp/e;
    %flag_get/vec4 4;
    %and;
    %flag_set/vec4 8;
    %jmp/0xz  T_4.29, 8;
    %pushi/vec4 0, 0, 4;
    %assign/vec4 v00000270f7500a30_0, 0;
    %pushi/vec4 3, 0, 5;
    %assign/vec4 v00000270f7502010_0, 0;
    %pushi/vec4 12288, 0, 33;
    %load/vec4 v00000270f7500e90_0;
    %cmp/u;
    %flag_get/vec4 4;
    %flag_get/vec4 5;
    %or;
    %load/vec4 v00000270f7500e90_0;
    %cmpi/u 20479, 0, 33;
    %flag_get/vec4 4;
    %flag_get/vec4 5;
    %or;
    %and;
    %load/vec4 v00000270f7500e90_0;
    %pushi/vec4 3, 0, 33;
    %and;
    %pushi/vec4 0, 0, 33;
    %cmp/e;
    %flag_get/vec4 4;
    %and;
    %inv;
    %store/vec4 v00000270f7500710_0, 0, 1;
    %jmp T_4.30;
T_4.29 ;
    %pushi/vec4 0, 0, 4;
    %assign/vec4 v00000270f7500a30_0, 0;
    %pushi/vec4 0, 0, 5;
    %assign/vec4 v00000270f7502010_0, 0;
T_4.30 ;
T_4.28 ;
    %jmp T_4.18;
T_4.5 ;
    %load/vec4 v00000270f7500530_0;
    %pushi/vec4 48, 0, 8; draw_string_vec4
    %cmp/e;
    %flag_mov 8, 4;
    %load/vec4 v00000270f7500530_0;
    %pushi/vec4 32, 0, 8; draw_string_vec4
    %cmp/e;
    %flag_or 4, 8;
    %jmp/0xz  T_4.31, 4;
    %pushi/vec4 3, 0, 5;
    %assign/vec4 v00000270f7502010_0, 0;
    %jmp T_4.32;
T_4.31 ;
    %load/vec4 v00000270f7500530_0;
    %pushi/vec4 36, 0, 8; draw_string_vec4
    %cmp/e;
    %jmp/0xz  T_4.33, 4;
    %pushi/vec4 4, 0, 5;
    %assign/vec4 v00000270f7502010_0, 0;
    %jmp T_4.34;
T_4.33 ;
    %load/vec4 v00000270f7500530_0;
    %cmpi/e 42, 0, 8;
    %jmp/0xz  T_4.35, 4;
    %pushi/vec4 10, 0, 5;
    %assign/vec4 v00000270f7502010_0, 0;
    %jmp T_4.36;
T_4.35 ;
    %pushi/vec4 0, 0, 5;
    %assign/vec4 v00000270f7502010_0, 0;
T_4.36 ;
T_4.34 ;
T_4.32 ;
    %jmp T_4.18;
T_4.6 ;
    %load/vec4 v00000270f7500530_0;
    %store/vec4 v00000270f746ab60_0, 0, 8;
    %callf/vec4 TD_cpu_checker.isnum, S_00000270f7443040;
    %load/vec4 v00000270f7500a30_0;
    %pad/u 32;
    %cmpi/u 4, 0, 32;
    %flag_get/vec4 5;
    %and;
    %flag_set/vec4 8;
    %jmp/0xz  T_4.37, 8;
    %load/vec4 v00000270f7500a30_0;
    %addi 1, 0, 4;
    %assign/vec4 v00000270f7500a30_0, 0;
    %pushi/vec4 4, 0, 5;
    %assign/vec4 v00000270f7502010_0, 0;
    %load/vec4 v00000270f7501390_0;
    %ix/load 4, 3, 0;
    %flag_set/imm 4, 0;
    %shiftl 4;
    %load/vec4 v00000270f7501390_0;
    %ix/load 4, 1, 0;
    %flag_set/imm 4, 0;
    %shiftl 4;
    %add;
    %load/vec4 v00000270f7500530_0;
    %pad/u 21;
    %add;
    %subi 48, 0, 21;
    %assign/vec4 v00000270f7501390_0, 0;
    %jmp T_4.38;
T_4.37 ;
    %load/vec4 v00000270f7500530_0;
    %pushi/vec4 48, 0, 8; draw_string_vec4
    %cmp/e;
    %flag_get/vec4 4;
    %load/vec4 v00000270f7500530_0;
    %pushi/vec4 32, 0, 8; draw_string_vec4
    %cmp/e;
    %flag_get/vec4 4;
    %or;
    %pushi/vec4 1, 0, 32;
    %load/vec4 v00000270f7500a30_0;
    %pad/u 32;
    %cmp/u;
    %flag_get/vec4 4;
    %flag_get/vec4 5;
    %or;
    %and;
    %load/vec4 v00000270f7500a30_0;
    %pad/u 32;
    %cmpi/u 4, 0, 32;
    %flag_get/vec4 4;
    %flag_get/vec4 5;
    %or;
    %and;
    %flag_set/vec4 8;
    %jmp/0xz  T_4.39, 8;
    %pushi/vec4 0, 0, 4;
    %assign/vec4 v00000270f7500a30_0, 0;
    %pushi/vec4 5, 0, 5;
    %assign/vec4 v00000270f7502010_0, 0;
    %jmp T_4.40;
T_4.39 ;
    %load/vec4 v00000270f7500530_0;
    %pushi/vec4 60, 0, 8; draw_string_vec4
    %cmp/e;
    %flag_get/vec4 4;
    %pushi/vec4 1, 0, 32;
    %load/vec4 v00000270f7500a30_0;
    %pad/u 32;
    %cmp/u;
    %flag_get/vec4 4;
    %flag_get/vec4 5;
    %or;
    %and;
    %load/vec4 v00000270f7500a30_0;
    %pad/u 32;
    %cmpi/u 4, 0, 32;
    %flag_get/vec4 4;
    %flag_get/vec4 5;
    %or;
    %and;
    %flag_set/vec4 8;
    %jmp/0xz  T_4.41, 8;
    %pushi/vec4 0, 0, 4;
    %assign/vec4 v00000270f7500a30_0, 0;
    %pushi/vec4 6, 0, 5;
    %assign/vec4 v00000270f7502010_0, 0;
    %jmp T_4.42;
T_4.41 ;
    %pushi/vec4 0, 0, 4;
    %assign/vec4 v00000270f7500a30_0, 0;
    %pushi/vec4 0, 0, 5;
    %assign/vec4 v00000270f7502010_0, 0;
T_4.42 ;
T_4.40 ;
T_4.38 ;
    %jmp T_4.18;
T_4.7 ;
    %load/vec4 v00000270f7500530_0;
    %pushi/vec4 48, 0, 8; draw_string_vec4
    %cmp/e;
    %flag_mov 8, 4;
    %load/vec4 v00000270f7500530_0;
    %pushi/vec4 32, 0, 8; draw_string_vec4
    %cmp/e;
    %flag_or 4, 8;
    %jmp/0xz  T_4.43, 4;
    %pushi/vec4 5, 0, 5;
    %assign/vec4 v00000270f7502010_0, 0;
    %jmp T_4.44;
T_4.43 ;
    %load/vec4 v00000270f7500530_0;
    %pushi/vec4 60, 0, 8; draw_string_vec4
    %cmp/e;
    %jmp/0xz  T_4.45, 4;
    %pushi/vec4 6, 0, 5;
    %assign/vec4 v00000270f7502010_0, 0;
    %jmp T_4.46;
T_4.45 ;
    %pushi/vec4 0, 0, 5;
    %assign/vec4 v00000270f7502010_0, 0;
T_4.46 ;
T_4.44 ;
    %jmp T_4.18;
T_4.8 ;
    %load/vec4 v00000270f7501390_0;
    %pad/u 32;
    %cmpi/u 31, 0, 32;
    %flag_get/vec4 4;
    %flag_get/vec4 5;
    %or;
    %pushi/vec4 0, 0, 32;
    %load/vec4 v00000270f7501390_0;
    %pad/u 32;
    %cmp/u;
    %flag_get/vec4 4;
    %flag_get/vec4 5;
    %or;
    %and;
    %inv;
    %assign/vec4 v00000270f7501110_0, 0;
    %load/vec4 v00000270f7500530_0;
    %pushi/vec4 61, 0, 8; draw_string_vec4
    %cmp/e;
    %jmp/0xz  T_4.47, 4;
    %pushi/vec4 7, 0, 5;
    %assign/vec4 v00000270f7502010_0, 0;
    %jmp T_4.48;
T_4.47 ;
    %pushi/vec4 0, 0, 5;
    %assign/vec4 v00000270f7502010_0, 0;
T_4.48 ;
    %jmp T_4.18;
T_4.9 ;
    %load/vec4 v00000270f7500530_0;
    %pushi/vec4 48, 0, 8; draw_string_vec4
    %cmp/e;
    %flag_mov 8, 4;
    %load/vec4 v00000270f7500530_0;
    %pushi/vec4 32, 0, 8; draw_string_vec4
    %cmp/e;
    %flag_or 4, 8;
    %jmp/0xz  T_4.49, 4;
    %pushi/vec4 7, 0, 5;
    %assign/vec4 v00000270f7502010_0, 0;
    %jmp T_4.50;
T_4.49 ;
    %load/vec4 v00000270f7500530_0;
    %store/vec4 v00000270f746b2e0_0, 0, 8;
    %callf/vec4 TD_cpu_checker.isx, S_00000270f74431d0;
    %flag_set/vec4 8;
    %jmp/0xz  T_4.51, 8;
    %load/vec4 v00000270f7500a30_0;
    %addi 1, 0, 4;
    %assign/vec4 v00000270f7500a30_0, 0;
    %pushi/vec4 8, 0, 5;
    %assign/vec4 v00000270f7502010_0, 0;
    %jmp T_4.52;
T_4.51 ;
    %pushi/vec4 0, 0, 5;
    %assign/vec4 v00000270f7502010_0, 0;
T_4.52 ;
T_4.50 ;
    %jmp T_4.18;
T_4.10 ;
    %load/vec4 v00000270f7500530_0;
    %store/vec4 v00000270f746b2e0_0, 0, 8;
    %callf/vec4 TD_cpu_checker.isx, S_00000270f74431d0;
    %load/vec4 v00000270f7500a30_0;
    %pad/u 32;
    %cmpi/u 8, 0, 32;
    %flag_get/vec4 5;
    %and;
    %flag_set/vec4 8;
    %jmp/0xz  T_4.53, 8;
    %load/vec4 v00000270f7500a30_0;
    %addi 1, 0, 4;
    %assign/vec4 v00000270f7500a30_0, 0;
    %pushi/vec4 8, 0, 5;
    %assign/vec4 v00000270f7502010_0, 0;
    %jmp T_4.54;
T_4.53 ;
    %load/vec4 v00000270f7500530_0;
    %pushi/vec4 35, 0, 8; draw_string_vec4
    %cmp/e;
    %flag_get/vec4 4;
    %load/vec4 v00000270f7500a30_0;
    %pad/u 32;
    %pushi/vec4 8, 0, 32;
    %cmp/e;
    %flag_get/vec4 4;
    %and;
    %flag_set/vec4 8;
    %jmp/0xz  T_4.55, 8;
    %pushi/vec4 0, 0, 4;
    %assign/vec4 v00000270f7500a30_0, 0;
    %pushi/vec4 9, 0, 5;
    %assign/vec4 v00000270f7502010_0, 0;
    %jmp T_4.56;
T_4.55 ;
    %pushi/vec4 0, 0, 4;
    %assign/vec4 v00000270f7500a30_0, 0;
    %pushi/vec4 0, 0, 5;
    %assign/vec4 v00000270f7502010_0, 0;
T_4.56 ;
T_4.54 ;
    %jmp T_4.18;
T_4.11 ;
    %pushi/vec4 0, 0, 21;
    %assign/vec4 v00000270f746ae80_0, 0;
    %load/vec4 v00000270f7500530_0;
    %pushi/vec4 94, 0, 8; draw_string_vec4
    %cmp/e;
    %jmp/0xz  T_4.57, 4;
    %pushi/vec4 1, 0, 5;
    %assign/vec4 v00000270f7502010_0, 0;
    %jmp T_4.58;
T_4.57 ;
    %pushi/vec4 0, 0, 5;
    %assign/vec4 v00000270f7502010_0, 0;
T_4.58 ;
    %jmp T_4.18;
T_4.12 ;
    %load/vec4 v00000270f7500530_0;
    %store/vec4 v00000270f746b2e0_0, 0, 8;
    %callf/vec4 TD_cpu_checker.isx, S_00000270f74431d0;
    %load/vec4 v00000270f7500a30_0;
    %pad/u 32;
    %cmpi/u 8, 0, 32;
    %flag_get/vec4 5;
    %and;
    %flag_set/vec4 8;
    %jmp/0xz  T_4.59, 8;
    %load/vec4 v00000270f7500a30_0;
    %addi 1, 0, 4;
    %assign/vec4 v00000270f7500a30_0, 0;
    %pushi/vec4 10, 0, 5;
    %assign/vec4 v00000270f7502010_0, 0;
    %load/vec4 v00000270f7500d50_0;
    %ix/load 4, 4, 0;
    %flag_set/imm 4, 0;
    %shiftl 4;
    %load/vec4 v00000270f7500530_0;
    %store/vec4 v00000270f746a980_0, 0, 8;
    %callf/vec4 TD_cpu_checker.xtoh, S_00000270f7500030;
    %pad/u 33;
    %add;
    %assign/vec4 v00000270f7500d50_0, 0;
    %jmp T_4.60;
T_4.59 ;
    %load/vec4 v00000270f7500530_0;
    %pushi/vec4 48, 0, 8; draw_string_vec4
    %cmp/e;
    %flag_get/vec4 4;
    %load/vec4 v00000270f7500530_0;
    %pushi/vec4 32, 0, 8; draw_string_vec4
    %cmp/e;
    %flag_get/vec4 4;
    %or;
    %load/vec4 v00000270f7500a30_0;
    %pad/u 32;
    %pushi/vec4 8, 0, 32;
    %cmp/e;
    %flag_get/vec4 4;
    %and;
    %flag_set/vec4 8;
    %jmp/0xz  T_4.61, 8;
    %pushi/vec4 0, 0, 4;
    %assign/vec4 v00000270f7500a30_0, 0;
    %pushi/vec4 11, 0, 5;
    %assign/vec4 v00000270f7502010_0, 0;
    %jmp T_4.62;
T_4.61 ;
    %load/vec4 v00000270f7500530_0;
    %pushi/vec4 60, 0, 8; draw_string_vec4
    %cmp/e;
    %flag_get/vec4 4;
    %load/vec4 v00000270f7500a30_0;
    %pad/u 32;
    %pushi/vec4 8, 0, 32;
    %cmp/e;
    %flag_get/vec4 4;
    %and;
    %flag_set/vec4 8;
    %jmp/0xz  T_4.63, 8;
    %pushi/vec4 0, 0, 4;
    %assign/vec4 v00000270f7500a30_0, 0;
    %pushi/vec4 12, 0, 5;
    %assign/vec4 v00000270f7502010_0, 0;
    %jmp T_4.64;
T_4.63 ;
    %pushi/vec4 0, 0, 4;
    %assign/vec4 v00000270f7500a30_0, 0;
    %pushi/vec4 0, 0, 5;
    %assign/vec4 v00000270f7502010_0, 0;
T_4.64 ;
T_4.62 ;
T_4.60 ;
    %jmp T_4.18;
T_4.13 ;
    %load/vec4 v00000270f7500530_0;
    %pushi/vec4 48, 0, 8; draw_string_vec4
    %cmp/e;
    %flag_mov 8, 4;
    %load/vec4 v00000270f7500530_0;
    %pushi/vec4 32, 0, 8; draw_string_vec4
    %cmp/e;
    %flag_or 4, 8;
    %jmp/0xz  T_4.65, 4;
    %pushi/vec4 11, 0, 5;
    %assign/vec4 v00000270f7502010_0, 0;
    %jmp T_4.66;
T_4.65 ;
    %load/vec4 v00000270f7500530_0;
    %pushi/vec4 60, 0, 8; draw_string_vec4
    %cmp/e;
    %jmp/0xz  T_4.67, 4;
    %pushi/vec4 12, 0, 5;
    %assign/vec4 v00000270f7502010_0, 0;
    %jmp T_4.68;
T_4.67 ;
    %pushi/vec4 0, 0, 5;
    %assign/vec4 v00000270f7502010_0, 0;
T_4.68 ;
T_4.66 ;
    %jmp T_4.18;
T_4.14 ;
    %pushi/vec4 0, 0, 33;
    %load/vec4 v00000270f7500d50_0;
    %cmp/u;
    %flag_get/vec4 4;
    %flag_get/vec4 5;
    %or;
    %load/vec4 v00000270f7500d50_0;
    %cmpi/u 12287, 0, 33;
    %flag_get/vec4 4;
    %flag_get/vec4 5;
    %or;
    %and;
    %load/vec4 v00000270f7500e90_0;
    %pushi/vec4 0, 0, 33;
    %and;
    %pushi/vec4 0, 0, 33;
    %cmp/ne;
    %flag_get/vec4 4;
    %and;
    %inv;
    %assign/vec4 v00000270f7501c50_0, 0;
    %load/vec4 v00000270f7500530_0;
    %pushi/vec4 61, 0, 8; draw_string_vec4
    %cmp/e;
    %jmp/0xz  T_4.69, 4;
    %pushi/vec4 13, 0, 5;
    %assign/vec4 v00000270f7502010_0, 0;
    %jmp T_4.70;
T_4.69 ;
    %pushi/vec4 0, 0, 5;
    %assign/vec4 v00000270f7502010_0, 0;
T_4.70 ;
    %jmp T_4.18;
T_4.15 ;
    %load/vec4 v00000270f7500530_0;
    %pushi/vec4 48, 0, 8; draw_string_vec4
    %cmp/e;
    %flag_mov 8, 4;
    %load/vec4 v00000270f7500530_0;
    %pushi/vec4 32, 0, 8; draw_string_vec4
    %cmp/e;
    %flag_or 4, 8;
    %jmp/0xz  T_4.71, 4;
    %pushi/vec4 13, 0, 5;
    %assign/vec4 v00000270f7502010_0, 0;
    %jmp T_4.72;
T_4.71 ;
    %load/vec4 v00000270f7500530_0;
    %store/vec4 v00000270f746b2e0_0, 0, 8;
    %callf/vec4 TD_cpu_checker.isx, S_00000270f74431d0;
    %flag_set/vec4 8;
    %jmp/0xz  T_4.73, 8;
    %load/vec4 v00000270f7500a30_0;
    %addi 1, 0, 4;
    %assign/vec4 v00000270f7500a30_0, 0;
    %pushi/vec4 14, 0, 5;
    %assign/vec4 v00000270f7502010_0, 0;
T_4.73 ;
T_4.72 ;
    %jmp T_4.18;
T_4.16 ;
    %load/vec4 v00000270f7500530_0;
    %store/vec4 v00000270f746b2e0_0, 0, 8;
    %callf/vec4 TD_cpu_checker.isx, S_00000270f74431d0;
    %load/vec4 v00000270f7500a30_0;
    %pad/u 32;
    %cmpi/u 8, 0, 32;
    %flag_get/vec4 5;
    %and;
    %flag_set/vec4 8;
    %jmp/0xz  T_4.75, 8;
    %load/vec4 v00000270f7500a30_0;
    %addi 1, 0, 4;
    %assign/vec4 v00000270f7500a30_0, 0;
    %pushi/vec4 14, 0, 5;
    %assign/vec4 v00000270f7502010_0, 0;
    %jmp T_4.76;
T_4.75 ;
    %load/vec4 v00000270f7500530_0;
    %pushi/vec4 35, 0, 8; draw_string_vec4
    %cmp/e;
    %flag_get/vec4 4;
    %load/vec4 v00000270f7500a30_0;
    %pad/u 32;
    %pushi/vec4 8, 0, 32;
    %cmp/e;
    %flag_get/vec4 4;
    %and;
    %flag_set/vec4 8;
    %jmp/0xz  T_4.77, 8;
    %pushi/vec4 0, 0, 4;
    %assign/vec4 v00000270f7500a30_0, 0;
    %pushi/vec4 15, 0, 5;
    %assign/vec4 v00000270f7502010_0, 0;
    %jmp T_4.78;
T_4.77 ;
    %pushi/vec4 0, 0, 4;
    %assign/vec4 v00000270f7500a30_0, 0;
    %pushi/vec4 0, 0, 5;
    %assign/vec4 v00000270f7502010_0, 0;
T_4.78 ;
T_4.76 ;
    %jmp T_4.18;
T_4.17 ;
    %pushi/vec4 0, 0, 21;
    %assign/vec4 v00000270f746ae80_0, 0;
    %load/vec4 v00000270f7500530_0;
    %pushi/vec4 94, 0, 8; draw_string_vec4
    %cmp/e;
    %jmp/0xz  T_4.79, 4;
    %pushi/vec4 1, 0, 5;
    %assign/vec4 v00000270f7502010_0, 0;
    %jmp T_4.80;
T_4.79 ;
    %pushi/vec4 0, 0, 5;
    %assign/vec4 v00000270f7502010_0, 0;
T_4.80 ;
    %jmp T_4.18;
T_4.18 ;
    %pop/vec4 1;
T_4.1 ;
    %jmp T_4;
    .thread T_4;
# The file index is used to find the file name in the following table.
:file_names 3;
    "N/A";
    "<interactive>";
    "src_nmsl.v";
