ISim log file
Running: F:\MyWorkspace\Computer_Organization\P5\P5_L0_CPU\mips_tb_isim_beh.exe -intstyle ise -gui -tclbatch isim.cmd -wdb F:/MyWorkspace/Computer_Organization/P5/P5_L0_CPU/mips_tb_isim_beh.wdb 
ISim P.20131013 (signature 0x7708f090)
----------------------------------------------------------------------
INFO:Security:50 - The XILINXD_LICENSE_FILE environment variable is set to 'E:\Xilinx\ise.lic'.
INFO:Security:52 - The LM_LICENSE_FILE environment variable is set to 'E:\Xilinx\ise.lic'.
INFO:Security:68a - user is Lenovo, on host DESKTOP-NG3GQNJ.
WARNING:Security:43 - No license file was found in the standard Xilinx license directory.
WARNING:Security:44 - Since no license file was found,
       please run the Xilinx License Configuration Manager
       (xlcm or "Manage Xilinx Licenses")
       to assist in obtaining a license.
ERROR:Security:14 - No feature was available for 'ISIM'.

No such feature exists.
Feature:       ISIM
License path:  E:\Xilinx\ise.lic;C:/.Xilinx;E:\Xilinx\14.7\ISE_DS\ISE\/data\*.lic;E:\Xilinx\14.7\ISE_DS\ISE\/coregen/core_licenses\Xilinx.lic;E:\Xilinx\14.7\ISE_DS\ISE\/coregen/core_licenses\XilinxFree.lic;E:\Xilinx\14.7\ISE_DS\EDK/data/core_licenses\Xilinx.lic;
FLEXnet Licensing error:-5,357
For further information, refer to the FLEXnet Licensing documentation,
available at "www.flexerasoftware.com".
----------------------------------------------------------------------
WARNING: A full ISim License cannot be checked out due to the issues listed above. Please use Xilinx License Configuration Manager to fix these issues in order to check out a full ISim license.
WARNING: ISim will run in Lite mode. Please refer to the ISim documentation for more information on the differences between the Lite and the Full version.
This is a Lite version of ISim.
WARNING: File "F:/MyWorkspace/Computer_Organization/P5/P5_L0_CPU/mips.v" Line 41.  For instance uut/_grf/, width 5 of formal port A3 is not equal to width 6 of actual signal W_GRFA3.
WARNING: File "F:/MyWorkspace/Computer_Organization/P5/P5_L0_CPU/mips.v" Line 41.  For instance uut/E_CTRL/, width 5 of formal port GRFA3 is not equal to width 6 of actual signal E_GRFA3.
WARNING: File "F:/MyWorkspace/Computer_Organization/P5/P5_L0_CPU/mips.v" Line 41.  For instance uut/M_CTRL/, width 5 of formal port GRFA3 is not equal to width 6 of actual signal M_GRFA3.
WARNING: File "F:/MyWorkspace/Computer_Organization/P5/P5_L0_CPU/mips.v" Line 41.  For instance uut/W_CTRL/, width 5 of formal port GRFA3 is not equal to width 6 of actual signal W_GRFA3.
Time resolution is 1 ps
# onerror resume
# wave add /
# run 1000 ns
Simulator is doing circuit initialization process.
Finished circuit initialization process.
                  25@00003000: $ 4 <= 00000100
                  27@00003004: $ 5 <= xxxxxXXX
                  29@00003008: $ 6 <= 01c80000
                  31@0000300c: $ 7 <= ffff0000
                  33@00003010: $ 7 <= xxxxffff
                  35@00003014: $16 <= 01c80100
                  37@00003018: $17 <= xxxxxxxx
                  39@0000301c: $20 <= xxxxxxxx
                  41@00003020: $18 <= fe380100
                  43@00003024: $19 <= xxxxxxxx
                  43@00003028: *00000000 <= 00000100
                  45@0000302c: *00000004 <= xxxxxXXX
                  47@00003030: *00000008 <= 01c80000
                  49@00003034: *0000000c <= xxxxffff
                  51@00003038: *00000010 <= 01c80100
                  53@0000303c: *00000014 <= xxxxxxxx
                  55@00003040: *00000018 <= fe380100
                  57@00003044: *0000002c <= xxxxxxxx
                  59@00003048: *00000030 <= xxxxxxxx
                  63@0000304c: $ 4 <= 00000100
                  65@00003050: $ 5 <= xxxxffff
                  65@00003054: *0000001c <= xxxxxxxx
                  67@00003058: *00000020 <= xxxxxxxx
                  71@0000305c: $ 4 <= 00000001
                  73@00003060: $ 5 <= 00000002
                  75@00003064: $ 6 <= 00000001
                  79@00003070: *00000024 <= 00000001
                  81@00003074: *00000028 <= 00000002
                  85@00003078: $31 <= 00003080
                  87@0000307c: $31 <= 00003084
                  87@0000308c: *00000038 <= 00000002
                  89@0000308c: *00000038 <= 00000002
                  91@00003090: *0000003c <= 00003084
                  95@00003094: $21 <= 00000005
                  97@0000309c: *00000044 <= 00000002
                 101@00003084: $ 5 <= 00000006
                 103@00003088: $31 <= 00003090
                 103@0000308c: *00000038 <= 0000000X
                 105@0000309c: *00000044 <= 00000006
                 107@000030a0: *00000048 <= 00003090
Stopped at time : 116 ns : File "F:/MyWorkspace/Computer_Organization/P5/P5_L0_CPU/mips_tb.v" Line 47
ISim P.20131013 (signature 0x7708f090)
----------------------------------------------------------------------
INFO:Security:50 - The XILINXD_LICENSE_FILE environment variable is set to 'E:\Xilinx\ise.lic'.
INFO:Security:52 - The LM_LICENSE_FILE environment variable is set to 'E:\Xilinx\ise.lic'.
INFO:Security:68a - user is Lenovo, on host DESKTOP-NG3GQNJ.
WARNING:Security:43 - No license file was found in the standard Xilinx license directory.
WARNING:Security:44 - Since no license file was found,
       please run the Xilinx License Configuration Manager
       (xlcm or "Manage Xilinx Licenses")
       to assist in obtaining a license.
ERROR:Security:14 - No feature was available for 'ISIM'.

No such feature exists.
Feature:       ISIM
License path:  E:\Xilinx\ise.lic;C:/.Xilinx;E:\Xilinx\14.7\ISE_DS\ISE\/data\*.lic;E:\Xilinx\14.7\ISE_DS\ISE\/coregen/core_licenses\Xilinx.lic;E:\Xilinx\14.7\ISE_DS\ISE\/coregen/core_licenses\XilinxFree.lic;E:\Xilinx\14.7\ISE_DS\EDK/data/core_licenses\Xilinx.lic;
FLEXnet Licensing error:-5,357
For further information, refer to the FLEXnet Licensing documentation,
available at "www.flexerasoftware.com".
----------------------------------------------------------------------
WARNING: A full ISim License cannot be checked out due to the issues listed above. Please use Xilinx License Configuration Manager to fix these issues in order to check out a full ISim license.
WARNING: ISim will run in Lite mode. Please refer to the ISim documentation for more information on the differences between the Lite and the Full version.
This is a Lite version of ISim.
WARNING: File "F:/MyWorkspace/Computer_Organization/P5/P5_L0_CPU/mips.v" Line 41.  For instance uut/_grf/, width 5 of formal port A3 is not equal to width 6 of actual signal W_GRFA3.
WARNING: File "F:/MyWorkspace/Computer_Organization/P5/P5_L0_CPU/mips.v" Line 41.  For instance uut/E_CTRL/, width 5 of formal port GRFA3 is not equal to width 6 of actual signal E_GRFA3.
WARNING: File "F:/MyWorkspace/Computer_Organization/P5/P5_L0_CPU/mips.v" Line 41.  For instance uut/M_CTRL/, width 5 of formal port GRFA3 is not equal to width 6 of actual signal M_GRFA3.
WARNING: File "F:/MyWorkspace/Computer_Organization/P5/P5_L0_CPU/mips.v" Line 41.  For instance uut/W_CTRL/, width 5 of formal port GRFA3 is not equal to width 6 of actual signal W_GRFA3.
# run 1000 ns
Simulator is doing circuit initialization process.
Finished circuit initialization process.
                  25@00003000: $ 4 <= 00000100
                  27@00003004: $ 5 <= xxxxxXXX
                  29@00003008: $ 6 <= 01c80000
                  31@0000300c: $ 7 <= ffff0000
                  33@00003010: $ 7 <= xxxxffff
                  35@00003014: $16 <= 01c80100
                  37@00003018: $17 <= xxxxxxxx
                  39@0000301c: $20 <= xxxxxxxx
                  41@00003020: $18 <= fe380100
                  43@00003024: $19 <= xxxxxxxx
                  43@00003028: *00000000 <= 00000100
                  45@0000302c: *00000004 <= xxxxxXXX
                  47@00003030: *00000008 <= 01c80000
                  49@00003034: *0000000c <= xxxxffff
                  51@00003038: *00000010 <= 01c80100
                  53@0000303c: *00000014 <= xxxxxxxx
                  55@00003040: *00000018 <= fe380100
                  57@00003044: *0000002c <= xxxxxxxx
                  59@00003048: *00000030 <= xxxxxxxx
                  63@0000304c: $ 4 <= 00000100
                  65@00003050: $ 5 <= xxxxffff
                  65@00003054: *0000001c <= xxxxxxxx
                  67@00003058: *00000020 <= xxxxxxxx
                  71@0000305c: $ 4 <= 00000001
                  73@00003060: $ 5 <= 00000002
                  75@00003064: $ 6 <= 00000001
                  79@00003070: *00000024 <= 00000001
                  81@00003074: *00000028 <= 00000002
                  85@00003078: $31 <= 00003080
                  87@0000307c: $31 <= 00003084
                  87@0000308c: *00000038 <= 00000002
                  89@0000308c: *00000038 <= 00000002
                  91@00003090: *0000003c <= 00003084
                  95@00003094: $21 <= 00000005
                  97@0000309c: *00000044 <= 00000002
                 101@00003084: $ 5 <= 00000006
                 103@00003088: $31 <= 00003090
                 103@0000308c: *00000038 <= 0000000X
                 105@0000309c: *00000044 <= 00000006
                 107@000030a0: *00000048 <= 00003090
Stopped at time : 116 ns : File "F:/MyWorkspace/Computer_Organization/P5/P5_L0_CPU/mips_tb.v" Line 47
ISim P.20131013 (signature 0x7708f090)
----------------------------------------------------------------------
INFO:Security:50 - The XILINXD_LICENSE_FILE environment variable is set to 'E:\Xilinx\ise.lic'.
INFO:Security:52 - The LM_LICENSE_FILE environment variable is set to 'E:\Xilinx\ise.lic'.
INFO:Security:68a - user is Lenovo, on host DESKTOP-NG3GQNJ.
WARNING:Security:43 - No license file was found in the standard Xilinx license directory.
WARNING:Security:44 - Since no license file was found,
       please run the Xilinx License Configuration Manager
       (xlcm or "Manage Xilinx Licenses")
       to assist in obtaining a license.
ERROR:Security:14 - No feature was available for 'ISIM'.

No such feature exists.
Feature:       ISIM
License path:  E:\Xilinx\ise.lic;C:/.Xilinx;E:\Xilinx\14.7\ISE_DS\ISE\/data\*.lic;E:\Xilinx\14.7\ISE_DS\ISE\/coregen/core_licenses\Xilinx.lic;E:\Xilinx\14.7\ISE_DS\ISE\/coregen/core_licenses\XilinxFree.lic;E:\Xilinx\14.7\ISE_DS\EDK/data/core_licenses\Xilinx.lic;
FLEXnet Licensing error:-5,357
For further information, refer to the FLEXnet Licensing documentation,
available at "www.flexerasoftware.com".
----------------------------------------------------------------------
WARNING: A full ISim License cannot be checked out due to the issues listed above. Please use Xilinx License Configuration Manager to fix these issues in order to check out a full ISim license.
WARNING: ISim will run in Lite mode. Please refer to the ISim documentation for more information on the differences between the Lite and the Full version.
This is a Lite version of ISim.
WARNING: File "F:/MyWorkspace/Computer_Organization/P5/P5_L0_CPU/mips.v" Line 41.  For instance uut/_grf/, width 5 of formal port A3 is not equal to width 6 of actual signal W_GRFA3.
WARNING: File "F:/MyWorkspace/Computer_Organization/P5/P5_L0_CPU/mips.v" Line 41.  For instance uut/E_CTRL/, width 5 of formal port GRFA3 is not equal to width 6 of actual signal E_GRFA3.
WARNING: File "F:/MyWorkspace/Computer_Organization/P5/P5_L0_CPU/mips.v" Line 41.  For instance uut/M_CTRL/, width 5 of formal port GRFA3 is not equal to width 6 of actual signal M_GRFA3.
WARNING: File "F:/MyWorkspace/Computer_Organization/P5/P5_L0_CPU/mips.v" Line 41.  For instance uut/W_CTRL/, width 5 of formal port GRFA3 is not equal to width 6 of actual signal W_GRFA3.
# run 1000 ns
Simulator is doing circuit initialization process.
Finished circuit initialization process.
                  13@00003000: $ 4 <= 00000100
                  15@00003004: $ 5 <= xxxxxXXX
                  17@00003008: $ 6 <= 01c80000
                  19@0000300c: $ 7 <= ffff0000
                  21@00003010: $ 7 <= xxxxffff
                  23@00003014: $16 <= 01c80100
                  25@00003018: $17 <= xxxxxxxx
                  27@0000301c: $20 <= xxxxxxxx
                  29@00003020: $18 <= fe380100
                  31@00003024: $19 <= xxxxxxxx
                  31@00003028: *00000000 <= 00000100
                  33@0000302c: *00000004 <= xxxxxXXX
                  35@00003030: *00000008 <= 01c80000
                  37@00003034: *0000000c <= xxxxffff
                  39@00003038: *00000010 <= 01c80100
                  41@0000303c: *00000014 <= xxxxxxxx
                  43@00003040: *00000018 <= fe380100
                  45@00003044: *0000002c <= xxxxxxxx
                  47@00003048: *00000030 <= xxxxxxxx
                  51@0000304c: $ 4 <= 00000100
                  53@00003050: $ 5 <= xxxxffff
                  53@00003054: *0000001c <= xxxxxxxx
                  55@00003058: *00000020 <= xxxxxxxx
                  59@0000305c: $ 4 <= 00000001
                  61@00003060: $ 5 <= 00000002
                  63@00003064: $ 6 <= 00000001
                  67@00003070: *00000024 <= 00000001
                  69@00003074: *00000028 <= 00000002
                  73@00003078: $31 <= 00003080
                  75@0000307c: $31 <= 00003084
                  75@0000308c: *00000038 <= 00000002
                  77@0000308c: *00000038 <= 00000002
                  79@00003090: *0000003c <= 00003084
                  83@00003094: $21 <= 00000005
                  85@0000309c: *00000044 <= 00000002
                  89@00003084: $ 5 <= 00000006
                  91@00003088: $31 <= 00003090
                  91@0000308c: *00000038 <= 0000000X
                  93@0000309c: *00000044 <= 00000006
                  95@000030a0: *00000048 <= 00003090
Stopped at time : 104 ns : File "F:/MyWorkspace/Computer_Organization/P5/P5_L0_CPU/mips_tb.v" Line 47
ISim P.20131013 (signature 0x7708f090)
----------------------------------------------------------------------
INFO:Security:50 - The XILINXD_LICENSE_FILE environment variable is set to 'E:\Xilinx\ise.lic'.
INFO:Security:52 - The LM_LICENSE_FILE environment variable is set to 'E:\Xilinx\ise.lic'.
INFO:Security:68a - user is Lenovo, on host DESKTOP-NG3GQNJ.
WARNING:Security:43 - No license file was found in the standard Xilinx license directory.
WARNING:Security:44 - Since no license file was found,
       please run the Xilinx License Configuration Manager
       (xlcm or "Manage Xilinx Licenses")
       to assist in obtaining a license.
ERROR:Security:14 - No feature was available for 'ISIM'.

No such feature exists.
Feature:       ISIM
License path:  E:\Xilinx\ise.lic;C:/.Xilinx;E:\Xilinx\14.7\ISE_DS\ISE\/data\*.lic;E:\Xilinx\14.7\ISE_DS\ISE\/coregen/core_licenses\Xilinx.lic;E:\Xilinx\14.7\ISE_DS\ISE\/coregen/core_licenses\XilinxFree.lic;E:\Xilinx\14.7\ISE_DS\EDK/data/core_licenses\Xilinx.lic;
FLEXnet Licensing error:-5,357
For further information, refer to the FLEXnet Licensing documentation,
available at "www.flexerasoftware.com".
----------------------------------------------------------------------
WARNING: A full ISim License cannot be checked out due to the issues listed above. Please use Xilinx License Configuration Manager to fix these issues in order to check out a full ISim license.
WARNING: ISim will run in Lite mode. Please refer to the ISim documentation for more information on the differences between the Lite and the Full version.
This is a Lite version of ISim.
WARNING: File "F:/MyWorkspace/Computer_Organization/P5/P5_L0_CPU/mips.v" Line 41.  For instance uut/_grf/, width 5 of formal port A3 is not equal to width 6 of actual signal W_GRFA3.
WARNING: File "F:/MyWorkspace/Computer_Organization/P5/P5_L0_CPU/mips.v" Line 41.  For instance uut/E_CTRL/, width 5 of formal port GRFA3 is not equal to width 6 of actual signal E_GRFA3.
WARNING: File "F:/MyWorkspace/Computer_Organization/P5/P5_L0_CPU/mips.v" Line 41.  For instance uut/M_CTRL/, width 5 of formal port GRFA3 is not equal to width 6 of actual signal M_GRFA3.
WARNING: File "F:/MyWorkspace/Computer_Organization/P5/P5_L0_CPU/mips.v" Line 41.  For instance uut/W_CTRL/, width 5 of formal port GRFA3 is not equal to width 6 of actual signal W_GRFA3.
# run 1000 ns
Simulator is doing circuit initialization process.
Finished circuit initialization process.
                  13@00003000: $ 4 <= 00000100
                  15@00003004: $ 5 <= xxxxxXXX
                  17@00003008: $ 6 <= 01c80000
                  19@0000300c: $ 7 <= ffff0000
                  21@00003010: $ 7 <= xxxxffff
                  23@00003014: $16 <= 01c80100
                  25@00003018: $17 <= xxxxxxxx
                  27@0000301c: $20 <= xxxxxxxx
                  29@00003020: $18 <= fe380100
                  31@00003024: $19 <= xxxxxxxx
                  31@00003028: *00000000 <= 00000100
                  33@0000302c: *00000004 <= xxxxxXXX
                  35@00003030: *00000008 <= 01c80000
                  37@00003034: *0000000c <= xxxxffff
                  39@00003038: *00000010 <= 01c80100
                  41@0000303c: *00000014 <= xxxxxxxx
                  43@00003040: *00000018 <= fe380100
                  45@00003044: *0000002c <= xxxxxxxx
                  47@00003048: *00000030 <= xxxxxxxx
                  51@0000304c: $ 4 <= 00000100
                  53@00003050: $ 5 <= xxxxffff
                  53@00003054: *0000001c <= xxxxxxxx
                  55@00003058: *00000020 <= xxxxxxxx
                  59@0000305c: $ 4 <= 00000001
                  61@00003060: $ 5 <= 00000002
                  63@00003064: $ 6 <= 00000001
                  67@00003070: *00000024 <= 00000001
                  69@00003074: *00000028 <= 00000002
                  73@00003078: $31 <= 00003080
                  75@0000307c: $31 <= 00003084
                  75@0000308c: *00000038 <= 00000002
                  77@0000308c: *00000038 <= 00000002
                  79@00003090: *0000003c <= 00003084
                  83@00003094: $21 <= 00000005
                  85@0000309c: *00000044 <= 00000002
                  89@00003084: $ 5 <= 00000006
                  91@00003088: $31 <= 00003090
                  91@0000308c: *00000038 <= 0000000X
                  93@0000309c: *00000044 <= 00000006
                  95@000030a0: *00000048 <= 00003090
Stopped at time : 104 ns : File "F:/MyWorkspace/Computer_Organization/P5/P5_L0_CPU/mips_tb.v" Line 47
ISim P.20131013 (signature 0x7708f090)
----------------------------------------------------------------------
INFO:Security:50 - The XILINXD_LICENSE_FILE environment variable is set to 'E:\Xilinx\ise.lic'.
INFO:Security:52 - The LM_LICENSE_FILE environment variable is set to 'E:\Xilinx\ise.lic'.
INFO:Security:68a - user is Lenovo, on host DESKTOP-NG3GQNJ.
WARNING:Security:43 - No license file was found in the standard Xilinx license directory.
WARNING:Security:44 - Since no license file was found,
       please run the Xilinx License Configuration Manager
       (xlcm or "Manage Xilinx Licenses")
       to assist in obtaining a license.
ERROR:Security:14 - No feature was available for 'ISIM'.

No such feature exists.
Feature:       ISIM
License path:  E:\Xilinx\ise.lic;C:/.Xilinx;E:\Xilinx\14.7\ISE_DS\ISE\/data\*.lic;E:\Xilinx\14.7\ISE_DS\ISE\/coregen/core_licenses\Xilinx.lic;E:\Xilinx\14.7\ISE_DS\ISE\/coregen/core_licenses\XilinxFree.lic;E:\Xilinx\14.7\ISE_DS\EDK/data/core_licenses\Xilinx.lic;
FLEXnet Licensing error:-5,357
For further information, refer to the FLEXnet Licensing documentation,
available at "www.flexerasoftware.com".
----------------------------------------------------------------------
WARNING: A full ISim License cannot be checked out due to the issues listed above. Please use Xilinx License Configuration Manager to fix these issues in order to check out a full ISim license.
WARNING: ISim will run in Lite mode. Please refer to the ISim documentation for more information on the differences between the Lite and the Full version.
This is a Lite version of ISim.
WARNING: File "F:/MyWorkspace/Computer_Organization/P5/P5_L0_CPU/mips.v" Line 41.  For instance uut/_grf/, width 5 of formal port A3 is not equal to width 6 of actual signal W_GRFA3.
WARNING: File "F:/MyWorkspace/Computer_Organization/P5/P5_L0_CPU/mips.v" Line 41.  For instance uut/E_CTRL/, width 5 of formal port GRFA3 is not equal to width 6 of actual signal E_GRFA3.
WARNING: File "F:/MyWorkspace/Computer_Organization/P5/P5_L0_CPU/mips.v" Line 41.  For instance uut/M_CTRL/, width 5 of formal port GRFA3 is not equal to width 6 of actual signal M_GRFA3.
WARNING: File "F:/MyWorkspace/Computer_Organization/P5/P5_L0_CPU/mips.v" Line 41.  For instance uut/W_CTRL/, width 5 of formal port GRFA3 is not equal to width 6 of actual signal W_GRFA3.
# run 1000 ns
Simulator is doing circuit initialization process.
Finished circuit initialization process.
                  13@00003000: $ 4 <= 00000100
                  15@00003004: $ 5 <= xxxxxXXX
                  17@00003008: $ 6 <= 01c80000
                  19@0000300c: $ 7 <= ffff0000
                  21@00003010: $ 7 <= xxxxffff
                  23@00003014: $16 <= 01c80100
                  25@00003018: $17 <= xxxxxxxx
                  27@0000301c: $20 <= xxxxxxxx
                  29@00003020: $18 <= fe380100
                  31@00003024: $19 <= xxxxxxxx
                  31@00003028: *00000000 <= 00000100
                  33@0000302c: *00000004 <= xxxxxXXX
                  35@00003030: *00000008 <= 01c80000
                  37@00003034: *0000000c <= xxxxffff
                  39@00003038: *00000010 <= 01c80100
                  41@0000303c: *00000014 <= xxxxxxxx
                  43@00003040: *00000018 <= fe380100
                  45@00003044: *0000002c <= xxxxxxxx
                  47@00003048: *00000030 <= xxxxxxxx
                  51@0000304c: $ 4 <= 00000100
                  53@00003050: $ 5 <= xxxxffff
                  53@00003054: *0000001c <= xxxxxxxx
                  55@00003058: *00000020 <= xxxxxxxx
                  59@0000305c: $ 4 <= 00000001
                  61@00003060: $ 5 <= 00000002
                  63@00003064: $ 6 <= 00000001
                  67@00003070: *00000024 <= 00000001
                  69@00003074: *00000028 <= 00000002
                  73@00003078: $31 <= 00003080
                  75@0000307c: $31 <= 00003084
                  75@0000308c: *00000038 <= 00000002
                  77@0000308c: *00000038 <= 00000002
                  79@00003090: *0000003c <= 00003084
                  83@00003094: $21 <= 00000005
                  85@0000309c: *00000044 <= 00000002
                  89@00003084: $ 5 <= 00000006
                  91@00003088: $31 <= 00003090
                  91@0000308c: *00000038 <= 0000000X
                  93@0000309c: *00000044 <= 00000006
                  95@000030a0: *00000048 <= 00003090
Stopped at time : 104 ns : File "F:/MyWorkspace/Computer_Organization/P5/P5_L0_CPU/mips_tb.v" Line 47
ISim P.20131013 (signature 0x7708f090)
----------------------------------------------------------------------
INFO:Security:50 - The XILINXD_LICENSE_FILE environment variable is set to 'E:\Xilinx\ise.lic'.
INFO:Security:52 - The LM_LICENSE_FILE environment variable is set to 'E:\Xilinx\ise.lic'.
INFO:Security:68a - user is Lenovo, on host DESKTOP-NG3GQNJ.
WARNING:Security:43 - No license file was found in the standard Xilinx license directory.
WARNING:Security:44 - Since no license file was found,
       please run the Xilinx License Configuration Manager
       (xlcm or "Manage Xilinx Licenses")
       to assist in obtaining a license.
ERROR:Security:14 - No feature was available for 'ISIM'.

No such feature exists.
Feature:       ISIM
License path:  E:\Xilinx\ise.lic;C:/.Xilinx;E:\Xilinx\14.7\ISE_DS\ISE\/data\*.lic;E:\Xilinx\14.7\ISE_DS\ISE\/coregen/core_licenses\Xilinx.lic;E:\Xilinx\14.7\ISE_DS\ISE\/coregen/core_licenses\XilinxFree.lic;E:\Xilinx\14.7\ISE_DS\EDK/data/core_licenses\Xilinx.lic;
FLEXnet Licensing error:-5,357
For further information, refer to the FLEXnet Licensing documentation,
available at "www.flexerasoftware.com".
----------------------------------------------------------------------
WARNING: A full ISim License cannot be checked out due to the issues listed above. Please use Xilinx License Configuration Manager to fix these issues in order to check out a full ISim license.
WARNING: ISim will run in Lite mode. Please refer to the ISim documentation for more information on the differences between the Lite and the Full version.
This is a Lite version of ISim.
WARNING: File "F:/MyWorkspace/Computer_Organization/P5/P5_L0_CPU/mips.v" Line 41.  For instance uut/_grf/, width 5 of formal port A3 is not equal to width 6 of actual signal W_GRFA3.
WARNING: File "F:/MyWorkspace/Computer_Organization/P5/P5_L0_CPU/mips.v" Line 41.  For instance uut/E_CTRL/, width 5 of formal port GRFA3 is not equal to width 6 of actual signal E_GRFA3.
WARNING: File "F:/MyWorkspace/Computer_Organization/P5/P5_L0_CPU/mips.v" Line 41.  For instance uut/M_CTRL/, width 5 of formal port GRFA3 is not equal to width 6 of actual signal M_GRFA3.
WARNING: File "F:/MyWorkspace/Computer_Organization/P5/P5_L0_CPU/mips.v" Line 41.  For instance uut/W_CTRL/, width 5 of formal port GRFA3 is not equal to width 6 of actual signal W_GRFA3.
# run 1000 ns
Simulator is doing circuit initialization process.
Finished circuit initialization process.
                  13@00003000: $ 4 <= 00000100
                  15@00003004: $ 5 <= xxxxxXXX
                  17@00003008: $ 6 <= 01c80000
                  19@0000300c: $ 7 <= ffff0000
                  21@00003010: $ 7 <= xxxxffff
                  23@00003014: $16 <= 01c80100
                  25@00003018: $17 <= xxxxxxxx
                  27@0000301c: $20 <= xxxxxxxx
                  29@00003020: $18 <= fe380100
                  31@00003024: $19 <= xxxxxxxx
                  31@00003028: *00000000 <= 00000100
                  33@0000302c: *00000004 <= xxxxxXXX
                  35@00003030: *00000008 <= 01c80000
                  37@00003034: *0000000c <= xxxxffff
                  39@00003038: *00000010 <= 01c80100
                  41@0000303c: *00000014 <= xxxxxxxx
                  43@00003040: *00000018 <= fe380100
                  45@00003044: *0000002c <= xxxxxxxx
                  47@00003048: *00000030 <= xxxxxxxx
                  51@0000304c: $ 4 <= 00000100
                  53@00003050: $ 5 <= xxxxffff
                  53@00003054: *0000001c <= xxxxxxxx
                  55@00003058: *00000020 <= xxxxxxxx
                  59@0000305c: $ 4 <= 00000001
                  61@00003060: $ 5 <= 00000002
                  63@00003064: $ 6 <= 00000001
                  67@00003070: *00000024 <= 00000001
                  69@00003074: *00000028 <= 00000002
                  73@00003078: $31 <= 00003080
                  75@0000307c: $31 <= 00003084
                  75@0000308c: *00000038 <= 00000002
                  77@0000308c: *00000038 <= 00000002
                  79@00003090: *0000003c <= 00003084
                  83@00003094: $21 <= 00000005
                  85@0000309c: *00000044 <= 00000002
                  89@00003084: $ 5 <= 00000006
                  91@00003088: $31 <= 00003090
                  91@0000308c: *00000038 <= 0000000X
                  93@0000309c: *00000044 <= 00000006
                  95@000030a0: *00000048 <= 00003090
Stopped at time : 104 ns : File "F:/MyWorkspace/Computer_Organization/P5/P5_L0_CPU/mips_tb.v" Line 47
ISim P.20131013 (signature 0x7708f090)
----------------------------------------------------------------------
INFO:Security:50 - The XILINXD_LICENSE_FILE environment variable is set to 'E:\Xilinx\ise.lic'.
INFO:Security:52 - The LM_LICENSE_FILE environment variable is set to 'E:\Xilinx\ise.lic'.
INFO:Security:68a - user is Lenovo, on host DESKTOP-NG3GQNJ.
WARNING:Security:43 - No license file was found in the standard Xilinx license directory.
WARNING:Security:44 - Since no license file was found,
       please run the Xilinx License Configuration Manager
       (xlcm or "Manage Xilinx Licenses")
       to assist in obtaining a license.
ERROR:Security:14 - No feature was available for 'ISIM'.

No such feature exists.
Feature:       ISIM
License path:  E:\Xilinx\ise.lic;C:/.Xilinx;E:\Xilinx\14.7\ISE_DS\ISE\/data\*.lic;E:\Xilinx\14.7\ISE_DS\ISE\/coregen/core_licenses\Xilinx.lic;E:\Xilinx\14.7\ISE_DS\ISE\/coregen/core_licenses\XilinxFree.lic;E:\Xilinx\14.7\ISE_DS\EDK/data/core_licenses\Xilinx.lic;
FLEXnet Licensing error:-5,357
For further information, refer to the FLEXnet Licensing documentation,
available at "www.flexerasoftware.com".
----------------------------------------------------------------------
WARNING: A full ISim License cannot be checked out due to the issues listed above. Please use Xilinx License Configuration Manager to fix these issues in order to check out a full ISim license.
WARNING: ISim will run in Lite mode. Please refer to the ISim documentation for more information on the differences between the Lite and the Full version.
This is a Lite version of ISim.
WARNING: File "F:/MyWorkspace/Computer_Organization/P5/P5_L0_CPU/mips.v" Line 41.  For instance uut/_grf/, width 5 of formal port A3 is not equal to width 6 of actual signal W_GRFA3.
WARNING: File "F:/MyWorkspace/Computer_Organization/P5/P5_L0_CPU/mips.v" Line 41.  For instance uut/E_CTRL/, width 5 of formal port GRFA3 is not equal to width 6 of actual signal E_GRFA3.
WARNING: File "F:/MyWorkspace/Computer_Organization/P5/P5_L0_CPU/mips.v" Line 41.  For instance uut/M_CTRL/, width 5 of formal port GRFA3 is not equal to width 6 of actual signal M_GRFA3.
WARNING: File "F:/MyWorkspace/Computer_Organization/P5/P5_L0_CPU/mips.v" Line 41.  For instance uut/W_CTRL/, width 5 of formal port GRFA3 is not equal to width 6 of actual signal W_GRFA3.
# run 1000 ns
Simulator is doing circuit initialization process.
Finished circuit initialization process.
                  13@00003000: $ 4 <= 00000100
                  15@00003004: $ 5 <= xxxxxXXX
                  17@00003008: $ 6 <= 01c80000
                  19@0000300c: $ 7 <= ffff0000
                  21@00003010: $ 7 <= xxxxffff
                  23@00003014: $16 <= 01c80100
                  25@00003018: $17 <= xxxxxxxx
                  27@0000301c: $20 <= xxxxxxxx
                  29@00003020: $18 <= fe380100
                  31@00003024: $19 <= xxxxxxxx
                  31@00003028: *00000000 <= 00000100
                  33@0000302c: *00000004 <= xxxxxXXX
                  35@00003030: *00000008 <= 01c80000
                  37@00003034: *0000000c <= xxxxffff
                  39@00003038: *00000010 <= 01c80100
                  41@0000303c: *00000014 <= xxxxxxxx
                  43@00003040: *00000018 <= fe380100
                  45@00003044: *0000002c <= xxxxxxxx
                  47@00003048: *00000030 <= xxxxxxxx
                  51@0000304c: $ 4 <= 00000100
                  53@00003050: $ 5 <= xxxxffff
                  53@00003054: *0000001c <= xxxxxxxx
                  55@00003058: *00000020 <= xxxxxxxx
                  59@0000305c: $ 4 <= 00000001
                  61@00003060: $ 5 <= 00000002
                  63@00003064: $ 6 <= 00000001
                  67@00003070: *00000024 <= 00000001
                  69@00003074: *00000028 <= 00000002
                  73@00003078: $31 <= 00003080
                  75@0000307c: $31 <= 00003084
                  75@0000308c: *00000038 <= 00000002
                  77@0000308c: *00000038 <= 00000002
                  79@00003090: *0000003c <= 00003084
                  83@00003094: $21 <= 00000005
                  85@0000309c: *00000044 <= 00000002
                  89@00003084: $ 5 <= 00000006
                  91@00003088: $31 <= 00003090
                  91@0000308c: *00000038 <= 0000000X
                  93@0000309c: *00000044 <= 00000006
                  95@000030a0: *00000048 <= 00003090
Stopped at time : 104 ns : File "F:/MyWorkspace/Computer_Organization/P5/P5_L0_CPU/mips_tb.v" Line 47
ISim P.20131013 (signature 0x7708f090)
----------------------------------------------------------------------
INFO:Security:50 - The XILINXD_LICENSE_FILE environment variable is set to 'E:\Xilinx\ise.lic'.
INFO:Security:52 - The LM_LICENSE_FILE environment variable is set to 'E:\Xilinx\ise.lic'.
INFO:Security:68a - user is Lenovo, on host DESKTOP-NG3GQNJ.
WARNING:Security:43 - No license file was found in the standard Xilinx license directory.
WARNING:Security:44 - Since no license file was found,
       please run the Xilinx License Configuration Manager
       (xlcm or "Manage Xilinx Licenses")
       to assist in obtaining a license.
ERROR:Security:14 - No feature was available for 'ISIM'.

No such feature exists.
Feature:       ISIM
License path:  E:\Xilinx\ise.lic;C:/.Xilinx;E:\Xilinx\14.7\ISE_DS\ISE\/data\*.lic;E:\Xilinx\14.7\ISE_DS\ISE\/coregen/core_licenses\Xilinx.lic;E:\Xilinx\14.7\ISE_DS\ISE\/coregen/core_licenses\XilinxFree.lic;E:\Xilinx\14.7\ISE_DS\EDK/data/core_licenses\Xilinx.lic;
FLEXnet Licensing error:-5,357
For further information, refer to the FLEXnet Licensing documentation,
available at "www.flexerasoftware.com".
----------------------------------------------------------------------
WARNING: A full ISim License cannot be checked out due to the issues listed above. Please use Xilinx License Configuration Manager to fix these issues in order to check out a full ISim license.
WARNING: ISim will run in Lite mode. Please refer to the ISim documentation for more information on the differences between the Lite and the Full version.
This is a Lite version of ISim.
WARNING: File "F:/MyWorkspace/Computer_Organization/P5/P5_L0_CPU/mips.v" Line 41.  For instance uut/_grf/, width 5 of formal port A3 is not equal to width 6 of actual signal W_GRFA3.
WARNING: File "F:/MyWorkspace/Computer_Organization/P5/P5_L0_CPU/mips.v" Line 41.  For instance uut/E_CTRL/, width 5 of formal port GRFA3 is not equal to width 6 of actual signal E_GRFA3.
WARNING: File "F:/MyWorkspace/Computer_Organization/P5/P5_L0_CPU/mips.v" Line 41.  For instance uut/M_CTRL/, width 5 of formal port GRFA3 is not equal to width 6 of actual signal M_GRFA3.
WARNING: File "F:/MyWorkspace/Computer_Organization/P5/P5_L0_CPU/mips.v" Line 41.  For instance uut/W_CTRL/, width 5 of formal port GRFA3 is not equal to width 6 of actual signal W_GRFA3.
# run 1000 ns
Simulator is doing circuit initialization process.
Finished circuit initialization process.
                  13@00003000: $ 4 <= 00000100
                  15@00003004: $ 5 <= xxxxxXXX
                  17@00003008: $ 6 <= 01c80000
                  19@0000300c: $ 7 <= ffff0000
                  21@00003010: $ 7 <= xxxxffff
                  23@00003014: $16 <= 01c80100
                  25@00003018: $17 <= xxxxxxxx
                  27@0000301c: $20 <= xxxxxxxx
                  29@00003020: $18 <= fe380100
                  31@00003024: $19 <= xxxxxxxx
                  31@00003028: *00000000 <= 00000100
                  33@0000302c: *00000004 <= xxxxxXXX
                  35@00003030: *00000008 <= 01c80000
                  37@00003034: *0000000c <= xxxxffff
                  39@00003038: *00000010 <= 01c80100
                  41@0000303c: *00000014 <= xxxxxxxx
                  43@00003040: *00000018 <= fe380100
                  45@00003044: *0000002c <= xxxxxxxx
                  47@00003048: *00000030 <= xxxxxxxx
                  51@0000304c: $ 4 <= 00000100
                  53@00003050: $ 5 <= xxxxffff
                  53@00003054: *0000001c <= xxxxxxxx
                  55@00003058: *00000020 <= xxxxxxxx
                  59@0000305c: $ 4 <= 00000001
                  61@00003060: $ 5 <= 00000002
                  63@00003064: $ 6 <= 00000001
                  67@00003070: *00000024 <= 00000001
                  69@00003074: *00000028 <= 00000002
                  73@00003078: $31 <= 00003080
                  75@0000307c: $31 <= 00003084
                  75@0000308c: *00000038 <= 00000002
                  77@0000308c: *00000038 <= 00000002
                  79@00003090: *0000003c <= 00003084
                  83@00003094: $21 <= 00000005
                  85@0000309c: *00000044 <= 00000002
                  89@00003084: $ 5 <= 00000006
                  91@00003088: $31 <= 00003090
                  91@0000308c: *00000038 <= 0000000X
                  93@0000309c: *00000044 <= 00000006
                  95@000030a0: *00000048 <= 00003090
Stopped at time : 104 ns : File "F:/MyWorkspace/Computer_Organization/P5/P5_L0_CPU/mips_tb.v" Line 47
ISim P.20131013 (signature 0x7708f090)
----------------------------------------------------------------------
INFO:Security:50 - The XILINXD_LICENSE_FILE environment variable is set to 'E:\Xilinx\ise.lic'.
INFO:Security:52 - The LM_LICENSE_FILE environment variable is set to 'E:\Xilinx\ise.lic'.
INFO:Security:68a - user is Lenovo, on host DESKTOP-NG3GQNJ.
WARNING:Security:43 - No license file was found in the standard Xilinx license directory.
WARNING:Security:44 - Since no license file was found,
       please run the Xilinx License Configuration Manager
       (xlcm or "Manage Xilinx Licenses")
       to assist in obtaining a license.
ERROR:Security:14 - No feature was available for 'ISIM'.

No such feature exists.
Feature:       ISIM
License path:  E:\Xilinx\ise.lic;C:/.Xilinx;E:\Xilinx\14.7\ISE_DS\ISE\/data\*.lic;E:\Xilinx\14.7\ISE_DS\ISE\/coregen/core_licenses\Xilinx.lic;E:\Xilinx\14.7\ISE_DS\ISE\/coregen/core_licenses\XilinxFree.lic;E:\Xilinx\14.7\ISE_DS\EDK/data/core_licenses\Xilinx.lic;
FLEXnet Licensing error:-5,357
For further information, refer to the FLEXnet Licensing documentation,
available at "www.flexerasoftware.com".
----------------------------------------------------------------------
WARNING: A full ISim License cannot be checked out due to the issues listed above. Please use Xilinx License Configuration Manager to fix these issues in order to check out a full ISim license.
WARNING: ISim will run in Lite mode. Please refer to the ISim documentation for more information on the differences between the Lite and the Full version.
This is a Lite version of ISim.
WARNING: File "F:/MyWorkspace/Computer_Organization/P5/P5_L0_CPU/mips.v" Line 41.  For instance uut/_grf/, width 5 of formal port A3 is not equal to width 6 of actual signal W_GRFA3.
WARNING: File "F:/MyWorkspace/Computer_Organization/P5/P5_L0_CPU/mips.v" Line 41.  For instance uut/E_CTRL/, width 5 of formal port GRFA3 is not equal to width 6 of actual signal E_GRFA3.
WARNING: File "F:/MyWorkspace/Computer_Organization/P5/P5_L0_CPU/mips.v" Line 41.  For instance uut/M_CTRL/, width 5 of formal port GRFA3 is not equal to width 6 of actual signal M_GRFA3.
WARNING: File "F:/MyWorkspace/Computer_Organization/P5/P5_L0_CPU/mips.v" Line 41.  For instance uut/W_CTRL/, width 5 of formal port GRFA3 is not equal to width 6 of actual signal W_GRFA3.
# run 1000 ns
Simulator is doing circuit initialization process.
Finished circuit initialization process.
                  13@00003000: $ 4 <= 00000100
                  15@00003004: $ 5 <= xxxxxXXX
                  17@00003008: $ 6 <= 01c80000
                  19@0000300c: $ 7 <= ffff0000
                  21@00003010: $ 7 <= xxxxffff
                  23@00003014: $16 <= 01c80100
                  25@00003018: $17 <= xxxxxxxx
                  27@0000301c: $20 <= xxxxxxxx
                  29@00003020: $18 <= fe380100
                  31@00003024: $19 <= xxxxxxxx
                  31@00003028: *00000000 <= 00000100
                  33@0000302c: *00000004 <= xxxxxXXX
                  35@00003030: *00000008 <= 01c80000
                  37@00003034: *0000000c <= xxxxffff
                  39@00003038: *00000010 <= 01c80100
                  41@0000303c: *00000014 <= xxxxxxxx
                  43@00003040: *00000018 <= fe380100
                  45@00003044: *0000002c <= xxxxxxxx
                  47@00003048: *00000030 <= xxxxxxxx
                  51@0000304c: $ 4 <= 00000100
                  53@00003050: $ 5 <= xxxxffff
                  53@00003054: *0000001c <= xxxxxxxx
                  55@00003058: *00000020 <= xxxxxxxx
                  59@0000305c: $ 4 <= 00000001
                  61@00003060: $ 5 <= 00000002
                  63@00003064: $ 6 <= 00000001
                  67@00003070: *00000024 <= 00000001
                  69@00003074: *00000028 <= 00000002
                  73@00003078: $31 <= 00003080
                  75@0000307c: $31 <= 00003084
                  75@0000308c: *00000038 <= 00000002
                  77@0000308c: *00000038 <= 00000002
                  79@00003090: *0000003c <= 00003084
                  83@00003094: $21 <= 00000005
                  85@0000309c: *00000044 <= 00000002
                  89@00003084: $ 5 <= 00000006
                  91@00003088: $31 <= 00003090
                  91@0000308c: *00000038 <= 0000000X
                  93@0000309c: *00000044 <= 00000006
                  95@000030a0: *00000048 <= 00003090
Stopped at time : 104 ns : File "F:/MyWorkspace/Computer_Organization/P5/P5_L0_CPU/mips_tb.v" Line 47
ISim P.20131013 (signature 0x7708f090)
----------------------------------------------------------------------
INFO:Security:50 - The XILINXD_LICENSE_FILE environment variable is set to 'E:\Xilinx\ise.lic'.
INFO:Security:52 - The LM_LICENSE_FILE environment variable is set to 'E:\Xilinx\ise.lic'.
INFO:Security:68a - user is Lenovo, on host DESKTOP-NG3GQNJ.
WARNING:Security:43 - No license file was found in the standard Xilinx license directory.
WARNING:Security:44 - Since no license file was found,
       please run the Xilinx License Configuration Manager
       (xlcm or "Manage Xilinx Licenses")
       to assist in obtaining a license.
ERROR:Security:14 - No feature was available for 'ISIM'.

No such feature exists.
Feature:       ISIM
License path:  E:\Xilinx\ise.lic;C:/.Xilinx;E:\Xilinx\14.7\ISE_DS\ISE\/data\*.lic;E:\Xilinx\14.7\ISE_DS\ISE\/coregen/core_licenses\Xilinx.lic;E:\Xilinx\14.7\ISE_DS\ISE\/coregen/core_licenses\XilinxFree.lic;E:\Xilinx\14.7\ISE_DS\EDK/data/core_licenses\Xilinx.lic;
FLEXnet Licensing error:-5,357
For further information, refer to the FLEXnet Licensing documentation,
available at "www.flexerasoftware.com".
----------------------------------------------------------------------
WARNING: A full ISim License cannot be checked out due to the issues listed above. Please use Xilinx License Configuration Manager to fix these issues in order to check out a full ISim license.
WARNING: ISim will run in Lite mode. Please refer to the ISim documentation for more information on the differences between the Lite and the Full version.
This is a Lite version of ISim.
# run 1000 ns
Simulator is doing circuit initialization process.
Finished circuit initialization process.
                  13@00003000: $ 4 <= 00000100
                  15@00003004: $ 5 <= 00000123
                  17@00003008: $ 6 <= 01c80000
                  19@0000300c: $ 7 <= ffff0000
                  21@00003010: $ 7 <= ffffffff
                  23@00003014: $16 <= 01c80100
                  25@00003018: $17 <= 000000ff
                  27@0000301c: $20 <= fffffffe
                  29@00003020: $18 <= fe380100
                  31@00003024: $19 <= 00000101
                  31@00003028: *00000000 <= 00000100
                  33@0000302c: *00000004 <= 00000123
                  35@00003030: *00000008 <= 01c80000
                  37@00003034: *0000000c <= ffffffff
                  39@00003038: *00000010 <= 01c80100
                  41@0000303c: *00000014 <= 000000ff
                  43@00003040: *00000018 <= fe380100
                  45@00003044: *0000002c <= 00000101
                  47@00003048: *00000030 <= fffffffe
                  51@0000304c: $ 4 <= 00000100
                  53@00003050: $ 5 <= ffffffff
                  53@00003054: *0000001c <= 00000100
                  55@00003058: *00000020 <= ffffffff
                  59@0000305c: $ 4 <= 00000001
                  61@00003060: $ 5 <= 00000002
                  63@00003064: $ 6 <= 00000001
                  67@00003070: *00000024 <= 00000001
                  69@00003074: *00000028 <= 00000002
                  73@00003078: $31 <= 00003080
                  75@0000307c: $31 <= 00003084
                  75@0000308c: *00000038 <= 00000002
                  77@0000308c: *00000038 <= 00000002
                  79@00003090: *0000003c <= 00003084
                  83@00003094: $21 <= 00000005
                  85@0000309c: *00000044 <= 00000002
                  89@00003084: $ 5 <= 00000006
                  91@00003088: $31 <= 00003090
                  91@0000308c: *00000038 <= 00000006
                  93@0000309c: *00000044 <= 00000006
                  95@000030a0: *00000048 <= 00003090
Stopped at time : 104 ns : File "F:/MyWorkspace/Computer_Organization/P5/P5_L0_CPU/mips_tb.v" Line 47
ISim P.20131013 (signature 0x7708f090)
----------------------------------------------------------------------
INFO:Security:50 - The XILINXD_LICENSE_FILE environment variable is set to 'E:\Xilinx\ise.lic'.
INFO:Security:52 - The LM_LICENSE_FILE environment variable is set to 'E:\Xilinx\ise.lic'.
INFO:Security:68a - user is Lenovo, on host DESKTOP-NG3GQNJ.
WARNING:Security:43 - No license file was found in the standard Xilinx license directory.
WARNING:Security:44 - Since no license file was found,
       please run the Xilinx License Configuration Manager
       (xlcm or "Manage Xilinx Licenses")
       to assist in obtaining a license.
ERROR:Security:14 - No feature was available for 'ISIM'.

No such feature exists.
Feature:       ISIM
License path:  E:\Xilinx\ise.lic;C:/.Xilinx;E:\Xilinx\14.7\ISE_DS\ISE\/data\*.lic;E:\Xilinx\14.7\ISE_DS\ISE\/coregen/core_licenses\Xilinx.lic;E:\Xilinx\14.7\ISE_DS\ISE\/coregen/core_licenses\XilinxFree.lic;E:\Xilinx\14.7\ISE_DS\EDK/data/core_licenses\Xilinx.lic;
FLEXnet Licensing error:-5,357
For further information, refer to the FLEXnet Licensing documentation,
available at "www.flexerasoftware.com".
----------------------------------------------------------------------
WARNING: A full ISim License cannot be checked out due to the issues listed above. Please use Xilinx License Configuration Manager to fix these issues in order to check out a full ISim license.
WARNING: ISim will run in Lite mode. Please refer to the ISim documentation for more information on the differences between the Lite and the Full version.
This is a Lite version of ISim.
# run 1000 ns
Simulator is doing circuit initialization process.
Finished circuit initialization process.
                  13@00003000: $ 4 <= 00000100
                  15@00003004: $ 5 <= 00000123
                  17@00003008: $ 6 <= 01c80000
                  19@0000300c: $ 7 <= ffff0000
                  21@00003010: $ 7 <= ffffffff
                  23@00003014: $16 <= 01c80100
                  25@00003018: $17 <= 000000ff
                  27@0000301c: $20 <= fffffffe
                  29@00003020: $18 <= fe380100
                  31@00003024: $19 <= 00000101
                  31@00003028: *00000000 <= 00000100
                  33@0000302c: *00000004 <= 00000123
                  35@00003030: *00000008 <= 01c80000
                  37@00003034: *0000000c <= ffffffff
                  39@00003038: *00000010 <= 01c80100
                  41@0000303c: *00000014 <= 000000ff
                  43@00003040: *00000018 <= fe380100
                  45@00003044: *0000002c <= 00000101
                  47@00003048: *00000030 <= fffffffe
                  51@0000304c: $ 4 <= 00000100
                  53@00003050: $ 5 <= ffffffff
                  53@00003054: *0000001c <= 00000100
                  55@00003058: *00000020 <= ffffffff
                  59@0000305c: $ 4 <= 00000001
                  61@00003060: $ 5 <= 00000002
                  63@00003064: $ 6 <= 00000001
                  67@00003070: *00000024 <= 00000001
                  69@00003074: *00000028 <= 00000002
                  73@00003078: $31 <= 00003080
                  75@0000307c: $31 <= 00003084
                  75@0000308c: *00000038 <= 00000002
                  77@0000308c: *00000038 <= 00000002
                  79@00003090: *0000003c <= 00003084
                  83@00003094: $21 <= 00000005
                  85@0000309c: *00000044 <= 00000002
                  89@00003084: $ 5 <= 00000006
                  91@00003088: $31 <= 00003090
                  91@0000308c: *00000038 <= 00000006
                  93@0000309c: *00000044 <= 00000006
                  95@000030a0: *00000048 <= 00003090
Stopped at time : 104 ns : File "F:/MyWorkspace/Computer_Organization/P5/P5_L0_CPU/mips_tb.v" Line 47
ISim P.20131013 (signature 0x7708f090)
----------------------------------------------------------------------
INFO:Security:50 - The XILINXD_LICENSE_FILE environment variable is set to 'E:\Xilinx\ise.lic'.
INFO:Security:52 - The LM_LICENSE_FILE environment variable is set to 'E:\Xilinx\ise.lic'.
INFO:Security:68a - user is Lenovo, on host DESKTOP-NG3GQNJ.
WARNING:Security:43 - No license file was found in the standard Xilinx license directory.
WARNING:Security:44 - Since no license file was found,
       please run the Xilinx License Configuration Manager
       (xlcm or "Manage Xilinx Licenses")
       to assist in obtaining a license.
ERROR:Security:14 - No feature was available for 'ISIM'.

No such feature exists.
Feature:       ISIM
License path:  E:\Xilinx\ise.lic;C:/.Xilinx;E:\Xilinx\14.7\ISE_DS\ISE\/data\*.lic;E:\Xilinx\14.7\ISE_DS\ISE\/coregen/core_licenses\Xilinx.lic;E:\Xilinx\14.7\ISE_DS\ISE\/coregen/core_licenses\XilinxFree.lic;E:\Xilinx\14.7\ISE_DS\EDK/data/core_licenses\Xilinx.lic;
FLEXnet Licensing error:-5,357
For further information, refer to the FLEXnet Licensing documentation,
available at "www.flexerasoftware.com".
----------------------------------------------------------------------
WARNING: A full ISim License cannot be checked out due to the issues listed above. Please use Xilinx License Configuration Manager to fix these issues in order to check out a full ISim license.
WARNING: ISim will run in Lite mode. Please refer to the ISim documentation for more information on the differences between the Lite and the Full version.
This is a Lite version of ISim.
# run 1000 ns
Simulator is doing circuit initialization process.
Finished circuit initialization process.
                  13@00003000: $ 1 <= 0000000f
                  13@00003004: *00000000 <= 0000000f
                  17@00003008: $ 2 <= 0000000f
                  25@00003010: $ 3 <= 0000ffff
                  27@0000301c: $ 1 <= 0000ffff
Stopped at time : 104 ns : File "F:/MyWorkspace/Computer_Organization/P5/P5_L0_CPU/mips_tb.v" Line 47
ISim P.20131013 (signature 0x7708f090)
----------------------------------------------------------------------
INFO:Security:50 - The XILINXD_LICENSE_FILE environment variable is set to 'E:\Xilinx\ise.lic'.
INFO:Security:52 - The LM_LICENSE_FILE environment variable is set to 'E:\Xilinx\ise.lic'.
INFO:Security:68a - user is Lenovo, on host DESKTOP-NG3GQNJ.
WARNING:Security:43 - No license file was found in the standard Xilinx license directory.
WARNING:Security:44 - Since no license file was found,
       please run the Xilinx License Configuration Manager
       (xlcm or "Manage Xilinx Licenses")
       to assist in obtaining a license.
ERROR:Security:14 - No feature was available for 'ISIM'.

No such feature exists.
Feature:       ISIM
License path:  E:\Xilinx\ise.lic;C:/.Xilinx;E:\Xilinx\14.7\ISE_DS\ISE\/data\*.lic;E:\Xilinx\14.7\ISE_DS\ISE\/coregen/core_licenses\Xilinx.lic;E:\Xilinx\14.7\ISE_DS\ISE\/coregen/core_licenses\XilinxFree.lic;E:\Xilinx\14.7\ISE_DS\EDK/data/core_licenses\Xilinx.lic;
FLEXnet Licensing error:-5,357
For further information, refer to the FLEXnet Licensing documentation,
available at "www.flexerasoftware.com".
----------------------------------------------------------------------
WARNING: A full ISim License cannot be checked out due to the issues listed above. Please use Xilinx License Configuration Manager to fix these issues in order to check out a full ISim license.
WARNING: ISim will run in Lite mode. Please refer to the ISim documentation for more information on the differences between the Lite and the Full version.
This is a Lite version of ISim.
# run 1000 ns
Simulator is doing circuit initialization process.
Finished circuit initialization process.
                  13@00003000: $ 1 <= 0000000f
                  13@00003004: *00000000 <= 0000000f
                  17@00003008: $ 2 <= 0000000f
                  25@00003010: $ 3 <= 0000ffff
                  27@0000301c: $ 1 <= 0000ffff
Stopped at time : 104 ns : File "F:/MyWorkspace/Computer_Organization/P5/P5_L0_CPU/mips_tb.v" Line 47
ISim P.20131013 (signature 0x7708f090)
----------------------------------------------------------------------
INFO:Security:50 - The XILINXD_LICENSE_FILE environment variable is set to 'E:\Xilinx\ise.lic'.
INFO:Security:52 - The LM_LICENSE_FILE environment variable is set to 'E:\Xilinx\ise.lic'.
INFO:Security:68a - user is Lenovo, on host DESKTOP-NG3GQNJ.
WARNING:Security:43 - No license file was found in the standard Xilinx license directory.
WARNING:Security:44 - Since no license file was found,
       please run the Xilinx License Configuration Manager
       (xlcm or "Manage Xilinx Licenses")
       to assist in obtaining a license.
ERROR:Security:14 - No feature was available for 'ISIM'.

No such feature exists.
Feature:       ISIM
License path:  E:\Xilinx\ise.lic;C:/.Xilinx;E:\Xilinx\14.7\ISE_DS\ISE\/data\*.lic;E:\Xilinx\14.7\ISE_DS\ISE\/coregen/core_licenses\Xilinx.lic;E:\Xilinx\14.7\ISE_DS\ISE\/coregen/core_licenses\XilinxFree.lic;E:\Xilinx\14.7\ISE_DS\EDK/data/core_licenses\Xilinx.lic;
FLEXnet Licensing error:-5,357
For further information, refer to the FLEXnet Licensing documentation,
available at "www.flexerasoftware.com".
----------------------------------------------------------------------
WARNING: A full ISim License cannot be checked out due to the issues listed above. Please use Xilinx License Configuration Manager to fix these issues in order to check out a full ISim license.
WARNING: ISim will run in Lite mode. Please refer to the ISim documentation for more information on the differences between the Lite and the Full version.
This is a Lite version of ISim.
# run 1000 ns
Simulator is doing circuit initialization process.
Finished circuit initialization process.
                  13@00003000: $ 1 <= 0000000f
                  13@00003004: *00000000 <= 0000000f
                  17@00003008: $ 2 <= 0000000f
                  25@00003010: $ 3 <= 0000ffff
                  27@0000301c: $ 1 <= 0000ffff
                  29@00003020: $31 <= 00003028
                  33@00003028: $ 4 <= 00006050
Stopped at time : 104 ns : File "F:/MyWorkspace/Computer_Organization/P5/P5_L0_CPU/mips_tb.v" Line 47
ISim P.20131013 (signature 0x7708f090)
----------------------------------------------------------------------
INFO:Security:50 - The XILINXD_LICENSE_FILE environment variable is set to 'E:\Xilinx\ise.lic'.
INFO:Security:52 - The LM_LICENSE_FILE environment variable is set to 'E:\Xilinx\ise.lic'.
INFO:Security:68a - user is Lenovo, on host DESKTOP-NG3GQNJ.
WARNING:Security:43 - No license file was found in the standard Xilinx license directory.
WARNING:Security:44 - Since no license file was found,
       please run the Xilinx License Configuration Manager
       (xlcm or "Manage Xilinx Licenses")
       to assist in obtaining a license.
ERROR:Security:14 - No feature was available for 'ISIM'.

No such feature exists.
Feature:       ISIM
License path:  E:\Xilinx\ise.lic;C:/.Xilinx;E:\Xilinx\14.7\ISE_DS\ISE\/data\*.lic;E:\Xilinx\14.7\ISE_DS\ISE\/coregen/core_licenses\Xilinx.lic;E:\Xilinx\14.7\ISE_DS\ISE\/coregen/core_licenses\XilinxFree.lic;E:\Xilinx\14.7\ISE_DS\EDK/data/core_licenses\Xilinx.lic;
FLEXnet Licensing error:-5,357
For further information, refer to the FLEXnet Licensing documentation,
available at "www.flexerasoftware.com".
----------------------------------------------------------------------
WARNING: A full ISim License cannot be checked out due to the issues listed above. Please use Xilinx License Configuration Manager to fix these issues in order to check out a full ISim license.
WARNING: ISim will run in Lite mode. Please refer to the ISim documentation for more information on the differences between the Lite and the Full version.
This is a Lite version of ISim.
# run 1000 ns
Simulator is doing circuit initialization process.
Finished circuit initialization process.
                  13@00003000: $ 1 <= 0000000f
                  13@00003004: *00000000 <= 0000000f
                  17@00003008: $ 2 <= 0000000f
                  25@00003010: $ 3 <= 0000ffff
                  27@0000301c: $ 1 <= 0000ffff
                  29@00003020: $31 <= 00003028
                  33@00003028: $ 4 <= 00006050
Stopped at time : 104 ns : File "F:/MyWorkspace/Computer_Organization/P5/P5_L0_CPU/mips_tb.v" Line 47
ISim P.20131013 (signature 0x7708f090)
----------------------------------------------------------------------
INFO:Security:50 - The XILINXD_LICENSE_FILE environment variable is set to 'E:\Xilinx\ise.lic'.
INFO:Security:52 - The LM_LICENSE_FILE environment variable is set to 'E:\Xilinx\ise.lic'.
INFO:Security:68a - user is Lenovo, on host DESKTOP-NG3GQNJ.
WARNING:Security:43 - No license file was found in the standard Xilinx license directory.
WARNING:Security:44 - Since no license file was found,
       please run the Xilinx License Configuration Manager
       (xlcm or "Manage Xilinx Licenses")
       to assist in obtaining a license.
ERROR:Security:14 - No feature was available for 'ISIM'.

No such feature exists.
Feature:       ISIM
License path:  E:\Xilinx\ise.lic;C:/.Xilinx;E:\Xilinx\14.7\ISE_DS\ISE\/data\*.lic;E:\Xilinx\14.7\ISE_DS\ISE\/coregen/core_licenses\Xilinx.lic;E:\Xilinx\14.7\ISE_DS\ISE\/coregen/core_licenses\XilinxFree.lic;E:\Xilinx\14.7\ISE_DS\EDK/data/core_licenses\Xilinx.lic;
FLEXnet Licensing error:-5,357
For further information, refer to the FLEXnet Licensing documentation,
available at "www.flexerasoftware.com".
----------------------------------------------------------------------
WARNING: A full ISim License cannot be checked out due to the issues listed above. Please use Xilinx License Configuration Manager to fix these issues in order to check out a full ISim license.
WARNING: ISim will run in Lite mode. Please refer to the ISim documentation for more information on the differences between the Lite and the Full version.
This is a Lite version of ISim.
# run 1000 ns
Simulator is doing circuit initialization process.
Finished circuit initialization process.
                  13@00003000: $ 1 <= 0000000f
                  13@00003004: *00000000 <= 0000000f
                  17@00003008: $ 2 <= 0000000f
                  25@00003010: $ 3 <= 0000ffff
                  27@0000301c: $ 1 <= 0000ffff
                  29@00003020: $31 <= 00003028
                  37@00003030: $ 4 <= 00006050
Stopped at time : 104 ns : File "F:/MyWorkspace/Computer_Organization/P5/P5_L0_CPU/mips_tb.v" Line 47
ISim P.20131013 (signature 0x7708f090)
----------------------------------------------------------------------
INFO:Security:50 - The XILINXD_LICENSE_FILE environment variable is set to 'E:\Xilinx\ise.lic'.
INFO:Security:52 - The LM_LICENSE_FILE environment variable is set to 'E:\Xilinx\ise.lic'.
INFO:Security:68a - user is Lenovo, on host DESKTOP-NG3GQNJ.
WARNING:Security:43 - No license file was found in the standard Xilinx license directory.
WARNING:Security:44 - Since no license file was found,
       please run the Xilinx License Configuration Manager
       (xlcm or "Manage Xilinx Licenses")
       to assist in obtaining a license.
ERROR:Security:14 - No feature was available for 'ISIM'.

No such feature exists.
Feature:       ISIM
License path:  E:\Xilinx\ise.lic;C:/.Xilinx;E:\Xilinx\14.7\ISE_DS\ISE\/data\*.lic;E:\Xilinx\14.7\ISE_DS\ISE\/coregen/core_licenses\Xilinx.lic;E:\Xilinx\14.7\ISE_DS\ISE\/coregen/core_licenses\XilinxFree.lic;E:\Xilinx\14.7\ISE_DS\EDK/data/core_licenses\Xilinx.lic;
FLEXnet Licensing error:-5,357
For further information, refer to the FLEXnet Licensing documentation,
available at "www.flexerasoftware.com".
----------------------------------------------------------------------
WARNING: A full ISim License cannot be checked out due to the issues listed above. Please use Xilinx License Configuration Manager to fix these issues in order to check out a full ISim license.
WARNING: ISim will run in Lite mode. Please refer to the ISim documentation for more information on the differences between the Lite and the Full version.
This is a Lite version of ISim.
# run 1000 ns
Simulator is doing circuit initialization process.
Finished circuit initialization process.
                  13@00003000: $ 1 <= 0000000f
                  13@00003004: *00000000 <= 0000000f
                  17@00003008: $ 2 <= 0000000f
                  25@00003010: $ 3 <= 0000ffff
                  27@0000301c: $ 1 <= 0000ffff
                  29@00003020: $31 <= 00003028
                  39@00003034: $ 4 <= 00006050
Stopped at time : 104 ns : File "F:/MyWorkspace/Computer_Organization/P5/P5_L0_CPU/mips_tb.v" Line 47
ISim P.20131013 (signature 0x7708f090)
----------------------------------------------------------------------
INFO:Security:50 - The XILINXD_LICENSE_FILE environment variable is set to 'E:\Xilinx\ise.lic'.
INFO:Security:52 - The LM_LICENSE_FILE environment variable is set to 'E:\Xilinx\ise.lic'.
INFO:Security:68a - user is Lenovo, on host DESKTOP-NG3GQNJ.
WARNING:Security:43 - No license file was found in the standard Xilinx license directory.
WARNING:Security:44 - Since no license file was found,
       please run the Xilinx License Configuration Manager
       (xlcm or "Manage Xilinx Licenses")
       to assist in obtaining a license.
ERROR:Security:14 - No feature was available for 'ISIM'.

No such feature exists.
Feature:       ISIM
License path:  E:\Xilinx\ise.lic;C:/.Xilinx;E:\Xilinx\14.7\ISE_DS\ISE\/data\*.lic;E:\Xilinx\14.7\ISE_DS\ISE\/coregen/core_licenses\Xilinx.lic;E:\Xilinx\14.7\ISE_DS\ISE\/coregen/core_licenses\XilinxFree.lic;E:\Xilinx\14.7\ISE_DS\EDK/data/core_licenses\Xilinx.lic;
FLEXnet Licensing error:-5,357
For further information, refer to the FLEXnet Licensing documentation,
available at "www.flexerasoftware.com".
----------------------------------------------------------------------
WARNING: A full ISim License cannot be checked out due to the issues listed above. Please use Xilinx License Configuration Manager to fix these issues in order to check out a full ISim license.
WARNING: ISim will run in Lite mode. Please refer to the ISim documentation for more information on the differences between the Lite and the Full version.
This is a Lite version of ISim.
# run 1000 ns
Simulator is doing circuit initialization process.
Finished circuit initialization process.
                  13@00003000: $ 1 <= 0000000f
                  13@00003004: *00000000 <= 0000000f
                  17@00003008: $ 2 <= 0000000f
                  25@00003010: $ 3 <= 0000ffff
                  27@0000301c: $ 1 <= 0000ffff
                  29@00003020: $31 <= 00003028
                  39@00003034: $ 4 <= 00006050
                  41@00003038: $ 1 <= 00000001
                  51@0000304c: $ 1 <= 0000000f
                  51@00003050: *00000004 <= 0000000f
Stopped at time : 104 ns : File "F:/MyWorkspace/Computer_Organization/P5/P5_L0_CPU/mips_tb.v" Line 47
ISim P.20131013 (signature 0x7708f090)
----------------------------------------------------------------------
INFO:Security:50 - The XILINXD_LICENSE_FILE environment variable is set to 'E:\Xilinx\ise.lic'.
INFO:Security:52 - The LM_LICENSE_FILE environment variable is set to 'E:\Xilinx\ise.lic'.
INFO:Security:68a - user is Lenovo, on host DESKTOP-NG3GQNJ.
WARNING:Security:43 - No license file was found in the standard Xilinx license directory.
WARNING:Security:44 - Since no license file was found,
       please run the Xilinx License Configuration Manager
       (xlcm or "Manage Xilinx Licenses")
       to assist in obtaining a license.
ERROR:Security:14 - No feature was available for 'ISIM'.

No such feature exists.
Feature:       ISIM
License path:  E:\Xilinx\ise.lic;C:/.Xilinx;E:\Xilinx\14.7\ISE_DS\ISE\/data\*.lic;E:\Xilinx\14.7\ISE_DS\ISE\/coregen/core_licenses\Xilinx.lic;E:\Xilinx\14.7\ISE_DS\ISE\/coregen/core_licenses\XilinxFree.lic;E:\Xilinx\14.7\ISE_DS\EDK/data/core_licenses\Xilinx.lic;
FLEXnet Licensing error:-5,357
For further information, refer to the FLEXnet Licensing documentation,
available at "www.flexerasoftware.com".
----------------------------------------------------------------------
WARNING: A full ISim License cannot be checked out due to the issues listed above. Please use Xilinx License Configuration Manager to fix these issues in order to check out a full ISim license.
WARNING: ISim will run in Lite mode. Please refer to the ISim documentation for more information on the differences between the Lite and the Full version.
This is a Lite version of ISim.
# run 1000 ns
Simulator is doing circuit initialization process.
Finished circuit initialization process.
                  13@00003000: $ 1 <= 0000000f
                  19@00003008: $ 3 <= 0000ffff
                  21@0000300c: $ 4 <= 0000ffff
                  23@00003010: $ 5 <= 0000ffff
                  25@00003014: $ 1 <= 0000ffff
                  27@00003018: $31 <= 00003020
                  37@0000302c: $ 4 <= 00006040
                  39@00003030: $ 1 <= 00000001
                  49@00003044: $ 1 <= 00000000
                  49@00003048: *00000004 <= 00000000
Stopped at time : 104 ns : File "F:/MyWorkspace/Computer_Organization/P5/P5_L0_CPU/mips_tb.v" Line 47
ISim P.20131013 (signature 0x7708f090)
----------------------------------------------------------------------
INFO:Security:50 - The XILINXD_LICENSE_FILE environment variable is set to 'E:\Xilinx\ise.lic'.
INFO:Security:52 - The LM_LICENSE_FILE environment variable is set to 'E:\Xilinx\ise.lic'.
INFO:Security:68a - user is Lenovo, on host DESKTOP-NG3GQNJ.
WARNING:Security:43 - No license file was found in the standard Xilinx license directory.
WARNING:Security:44 - Since no license file was found,
       please run the Xilinx License Configuration Manager
       (xlcm or "Manage Xilinx Licenses")
       to assist in obtaining a license.
ERROR:Security:14 - No feature was available for 'ISIM'.

No such feature exists.
Feature:       ISIM
License path:  E:\Xilinx\ise.lic;C:/.Xilinx;E:\Xilinx\14.7\ISE_DS\ISE\/data\*.lic;E:\Xilinx\14.7\ISE_DS\ISE\/coregen/core_licenses\Xilinx.lic;E:\Xilinx\14.7\ISE_DS\ISE\/coregen/core_licenses\XilinxFree.lic;E:\Xilinx\14.7\ISE_DS\EDK/data/core_licenses\Xilinx.lic;
FLEXnet Licensing error:-5,357
For further information, refer to the FLEXnet Licensing documentation,
available at "www.flexerasoftware.com".
----------------------------------------------------------------------
WARNING: A full ISim License cannot be checked out due to the issues listed above. Please use Xilinx License Configuration Manager to fix these issues in order to check out a full ISim license.
WARNING: ISim will run in Lite mode. Please refer to the ISim documentation for more information on the differences between the Lite and the Full version.
This is a Lite version of ISim.
# run 1000 ns
Simulator is doing circuit initialization process.
Finished circuit initialization process.
                  13@00003000: $ 1 <= 0000000f
                  19@00003008: $ 3 <= 0000ffff
                  21@0000300c: $ 4 <= 0000ffff
                  23@00003010: $ 5 <= 0000ffff
                  25@00003014: $ 1 <= 0000ffff
                  27@00003018: $31 <= 00003020
                  37@0000302c: $ 4 <= 00006040
                  39@00003030: $ 1 <= 00000001
                  49@00003044: $ 1 <= 00000000
                  49@00003048: *00000004 <= 00000000
Stopped at time : 104 ns : File "F:/MyWorkspace/Computer_Organization/P5/P5_L0_CPU/mips_tb.v" Line 47
ISim P.20131013 (signature 0x7708f090)
----------------------------------------------------------------------
INFO:Security:50 - The XILINXD_LICENSE_FILE environment variable is set to 'E:\Xilinx\ise.lic'.
INFO:Security:52 - The LM_LICENSE_FILE environment variable is set to 'E:\Xilinx\ise.lic'.
INFO:Security:68a - user is Lenovo, on host DESKTOP-NG3GQNJ.
WARNING:Security:43 - No license file was found in the standard Xilinx license directory.
WARNING:Security:44 - Since no license file was found,
       please run the Xilinx License Configuration Manager
       (xlcm or "Manage Xilinx Licenses")
       to assist in obtaining a license.
ERROR:Security:14 - No feature was available for 'ISIM'.

No such feature exists.
Feature:       ISIM
License path:  E:\Xilinx\ise.lic;C:/.Xilinx;E:\Xilinx\14.7\ISE_DS\ISE\/data\*.lic;E:\Xilinx\14.7\ISE_DS\ISE\/coregen/core_licenses\Xilinx.lic;E:\Xilinx\14.7\ISE_DS\ISE\/coregen/core_licenses\XilinxFree.lic;E:\Xilinx\14.7\ISE_DS\EDK/data/core_licenses\Xilinx.lic;
FLEXnet Licensing error:-5,357
For further information, refer to the FLEXnet Licensing documentation,
available at "www.flexerasoftware.com".
----------------------------------------------------------------------
WARNING: A full ISim License cannot be checked out due to the issues listed above. Please use Xilinx License Configuration Manager to fix these issues in order to check out a full ISim license.
WARNING: ISim will run in Lite mode. Please refer to the ISim documentation for more information on the differences between the Lite and the Full version.
This is a Lite version of ISim.
# run 1000 ns
Simulator is doing circuit initialization process.
Finished circuit initialization process.
                  13@00003000: $ 1 <= 0000000f
                  19@00003008: $ 3 <= 0000ffff
                  21@0000300c: $ 4 <= 0000ffff
                  23@00003010: $ 5 <= 0000ffff
                  25@00003014: $ 1 <= 0000ffff
                  27@00003018: $31 <= 00003020
                  37@0000302c: $ 4 <= 00006040
                  39@00003030: $ 1 <= 00000001
                  47@00003040: $ 1 <= 00000000
                  47@00003044: *00000004 <= 00000000
Stopped at time : 104 ns : File "F:/MyWorkspace/Computer_Organization/P5/P5_L0_CPU/mips_tb.v" Line 47
ISim P.20131013 (signature 0x7708f090)
----------------------------------------------------------------------
INFO:Security:50 - The XILINXD_LICENSE_FILE environment variable is set to 'E:\Xilinx\ise.lic'.
INFO:Security:52 - The LM_LICENSE_FILE environment variable is set to 'E:\Xilinx\ise.lic'.
INFO:Security:68a - user is Lenovo, on host DESKTOP-NG3GQNJ.
WARNING:Security:43 - No license file was found in the standard Xilinx license directory.
WARNING:Security:44 - Since no license file was found,
       please run the Xilinx License Configuration Manager
       (xlcm or "Manage Xilinx Licenses")
       to assist in obtaining a license.
ERROR:Security:14 - No feature was available for 'ISIM'.

No such feature exists.
Feature:       ISIM
License path:  E:\Xilinx\ise.lic;C:/.Xilinx;E:\Xilinx\14.7\ISE_DS\ISE\/data\*.lic;E:\Xilinx\14.7\ISE_DS\ISE\/coregen/core_licenses\Xilinx.lic;E:\Xilinx\14.7\ISE_DS\ISE\/coregen/core_licenses\XilinxFree.lic;E:\Xilinx\14.7\ISE_DS\EDK/data/core_licenses\Xilinx.lic;
FLEXnet Licensing error:-5,357
For further information, refer to the FLEXnet Licensing documentation,
available at "www.flexerasoftware.com".
----------------------------------------------------------------------
WARNING: A full ISim License cannot be checked out due to the issues listed above. Please use Xilinx License Configuration Manager to fix these issues in order to check out a full ISim license.
WARNING: ISim will run in Lite mode. Please refer to the ISim documentation for more information on the differences between the Lite and the Full version.
This is a Lite version of ISim.
# run 1000 ns
Simulator is doing circuit initialization process.
Finished circuit initialization process.
                  13@00003000: $ 1 <= 0000000f
                  19@00003008: $ 3 <= 0000ffff
                  21@0000300c: $ 4 <= 0000ffff
                  23@00003010: $ 5 <= 0000ffff
                  25@00003014: $ 1 <= 0000ffff
                  27@00003018: $31 <= 00003020
                  37@0000302c: $ 4 <= 00006040
                  39@00003030: $ 1 <= 00000001
                  47@00003040: $ 1 <= 00000000
                  47@00003044: *00000004 <= 00000000
Stopped at time : 104 ns : File "F:/MyWorkspace/Computer_Organization/P5/P5_L0_CPU/mips_tb.v" Line 47
ISim P.20131013 (signature 0x7708f090)
----------------------------------------------------------------------
INFO:Security:50 - The XILINXD_LICENSE_FILE environment variable is set to 'E:\Xilinx\ise.lic'.
INFO:Security:52 - The LM_LICENSE_FILE environment variable is set to 'E:\Xilinx\ise.lic'.
INFO:Security:68a - user is Lenovo, on host DESKTOP-NG3GQNJ.
WARNING:Security:43 - No license file was found in the standard Xilinx license directory.
WARNING:Security:44 - Since no license file was found,
       please run the Xilinx License Configuration Manager
       (xlcm or "Manage Xilinx Licenses")
       to assist in obtaining a license.
ERROR:Security:14 - No feature was available for 'ISIM'.

No such feature exists.
Feature:       ISIM
License path:  E:\Xilinx\ise.lic;C:/.Xilinx;E:\Xilinx\14.7\ISE_DS\ISE\/data\*.lic;E:\Xilinx\14.7\ISE_DS\ISE\/coregen/core_licenses\Xilinx.lic;E:\Xilinx\14.7\ISE_DS\ISE\/coregen/core_licenses\XilinxFree.lic;E:\Xilinx\14.7\ISE_DS\EDK/data/core_licenses\Xilinx.lic;
FLEXnet Licensing error:-5,357
For further information, refer to the FLEXnet Licensing documentation,
available at "www.flexerasoftware.com".
----------------------------------------------------------------------
WARNING: A full ISim License cannot be checked out due to the issues listed above. Please use Xilinx License Configuration Manager to fix these issues in order to check out a full ISim license.
WARNING: ISim will run in Lite mode. Please refer to the ISim documentation for more information on the differences between the Lite and the Full version.
This is a Lite version of ISim.
# run 1000 ns
Simulator is doing circuit initialization process.
Finished circuit initialization process.
                  13@00003000: $ 1 <= 0000000f
                  19@00003008: $ 3 <= 0000ffff
                  21@0000300c: $ 4 <= 0000ffff
                  23@00003010: $ 5 <= 0000ffff
                  25@00003014: $ 1 <= 0000ffff
                  27@00003018: $31 <= 00003020
                  37@0000302c: $ 4 <= 00006040
                  39@00003030: $ 1 <= 00000001
                  47@00003040: $ 1 <= 00000000
                  47@00003044: *00000004 <= 00000000
Stopped at time : 104 ns : File "F:/MyWorkspace/Computer_Organization/P5/P5_L0_CPU/mips_tb.v" Line 47
