ISim log file
Running: F:\MyWorkspace\Computer_Organization\P6\P6_L0_CPU\mips_txt_isim_beh.exe -intstyle ise -gui -tclbatch isim.cmd -wdb F:/MyWorkspace/Computer_Organization/P6/P6_L0_CPU/mips_txt_isim_beh.wdb 
ISim P.20131013 (signature 0x7708f090)
This is a Full version of ISim.
Time resolution is 1 ps
# onerror resume
# wave add /
# run 1000 ns
Simulator is doing circuit initialization process.
Finished circuit initialization process.
                  38@00003000: $31 <= 00003008
                  42@00003004: $ 1 <= 00003008
                  46@00003008: $ 2 <= 00003008
                  50@0000300c: $ 3 <= 00003008
                  54@00003010: $31 <= 00003018
                  58@00003014: $ 1 <= 00003018
                  62@00003018: $ 2 <= 00003018
                  66@0000301c: $ 3 <= 00003018
                  70@00003020: $31 <= 00003028
                  74@00003024: $ 1 <= 00003028
                  78@00003028: $ 2 <= 00003028
                  82@0000302c: $ 3 <= 00003028
                  86@00003030: $31 <= 00003038
                  90@00003034: $ 1 <= 00003038
                  94@00003038: $ 2 <= 00003038
                  98@0000303c: $ 3 <= 00003038
                 102@00003040: $31 <= 00003048
                 106@00003044: $ 1 <= 00000000
                 110@00003048: $ 2 <= 00000000
                 114@0000304c: $ 3 <= 00000000
                 118@00003050: $31 <= 00003058
                 122@00003054: $ 1 <= 00000000
                 126@00003058: $ 2 <= 00000000
                 130@0000305c: $ 3 <= 00000000
                 134@00003060: $31 <= 00003068
                 138@00003064: $ 1 <= 00000000
                 142@00003068: $ 2 <= 00000000
                 146@0000306c: $ 3 <= 00000000
                 150@00003070: $31 <= 00003078
                 154@00003074: $ 1 <= 00003078
                 158@00003078: $ 2 <= 00003078
                 162@0000307c: $ 3 <= 00003078
                 166@00003080: $31 <= 00003088
                 170@00003084: $ 1 <= ffffcf77
                 174@00003088: $ 2 <= ffffcf77
                 178@0000308c: $ 3 <= ffffcf77
                 182@00003090: $31 <= 00003098
                 186@00003094: $ 1 <= 00003098
                 190@00003098: $ 2 <= 00003098
                 194@0000309c: $ 3 <= 00003098
                 198@000030a0: $31 <= 000030a8
                 202@000030a4: $ 1 <= 000030a8
                 206@000030a8: $ 2 <= 000030a8
                 210@000030ac: $ 3 <= 000030a8
                 214@000030b0: $31 <= 000030b8
                 218@000030b4: $ 1 <= 000030b8
                 222@000030b8: $ 2 <= 000030b8
                 226@000030bc: $ 3 <= 000030b8
                 230@000030c0: $31 <= 000030c8
                 234@000030c4: $ 1 <= 000030c8
                 238@000030c8: $ 2 <= 000030c8
                 242@000030cc: $ 3 <= 000030c8
                 246@000030d0: $31 <= 000030d8
                 250@000030d4: $ 1 <= 000030d8
                 254@000030d8: $ 2 <= 000030d8
                 258@000030dc: $ 3 <= 000030d8
                 262@000030e0: $31 <= 000030e8
                 266@000030e4: $ 1 <= 000030e8
                 270@000030e8: $ 2 <= 000030e8
                 274@000030ec: $ 3 <= 000030e8
                 278@000030f0: $31 <= 000030f8
                 282@000030f4: $ 1 <= 00000000
                 286@000030f8: $ 2 <= 00000000
                 290@000030fc: $ 3 <= 00000000
                 294@00003100: $31 <= 00003108
                 298@00003104: $ 1 <= 00000000
                 302@00003108: $ 2 <= 00000000
                 306@0000310c: $ 3 <= 00000000
                 310@00003110: $31 <= 00003118
                 314@00003114: $ 1 <= 00000000
                 318@00003118: $ 2 <= 00000000
                 322@0000311c: $ 3 <= 00000000
                 326@00003120: $31 <= 00003128
                 330@00003124: $ 1 <= 00003128
                 334@00003128: $ 2 <= 00003128
                 338@0000312c: $ 3 <= 00003128
                 342@00003130: $31 <= 00003138
                 346@00003134: $ 1 <= 00003138
                 350@00003138: $ 2 <= 00003138
                 354@0000313c: $ 3 <= 00003138
                 358@00003140: $31 <= 00003148
                 362@00003144: $ 1 <= 00003148
                 366@00003148: $ 2 <= 00003148
                 370@0000314c: $ 3 <= 00003148
                 374@00003150: $31 <= 00003158
                 378@00003154: $ 1 <= 00003158
                 382@00003158: $ 2 <= 00003158
                 386@0000315c: $ 3 <= 00003158
                 390@00003160: $31 <= 00003168
                 394@00003164: $ 1 <= 00003168
                 398@00003168: $ 2 <= 00003168
                 402@0000316c: $ 3 <= 00003168
                 406@00003170: $31 <= 00003178
                 422@00003180: $31 <= 00003188
                 442@00003194: $31 <= 0000319c
                 458@000031a4: $31 <= 000031ac
                 478@000031b8: $31 <= 000031c0
                 494@000031c8: $31 <= 000031d0
                 514@000031dc: $31 <= 000031e4
                 530@000031ec: $31 <= 000031f4
                 550@00003200: $31 <= 00003208
                 566@00003210: $31 <= 00003218
                 586@00003224: $31 <= 0000322c
                 602@00003234: $31 <= 0000323c
                 622@0000324c: *00000000 <= 00003250
                 622@00003248: $31 <= 00003250
                 626@00003250: *00000000 <= 00003250
                 630@00003254: *00000000 <= 00003250
                 638@0000325c: *00000260 <= 00003168
                 638@00003258: $31 <= 00003260
                 642@00003260: *00000260 <= 00003168
                 646@00003264: *00000260 <= 00003168
                 654@0000326c: *00000000 <= 00003270
                 654@00003268: $31 <= 00003270
                 658@00003270: *00000000 <= 00003270
                 662@00003274: *00000000 <= 00003270
                 670@0000327c: *00000280 <= 00003168
                 670@00003278: $31 <= 00003280
                 674@00003280: *00000280 <= 00003168
                 678@00003284: *00000280 <= 00003168
                 686@0000328c: *00000000 <= 00003290
                 686@00003288: $31 <= 00003290
                 690@00003290: *00000000 <= 00003290
                 694@00003294: *00000000 <= 00003290
                 702@0000329c: *000002a0 <= 00000068
                 702@00003298: $31 <= 000032a0
                 706@000032a0: *000002a0 <= 00000068
                 710@000032a4: *000002a0 <= 00000068
                 718@000032a8: $31 <= 000032b0
                 722@000032ac: $ 1 <= 00000000
                 726@000032b0: $ 2 <= 00000000
                 730@000032b4: $ 3 <= 00000000
                 734@000032b8: $31 <= 000032c0
                 738@000032bc: $ 1 <= 00000000
                 742@000032c0: $ 2 <= 00000000
                 746@000032c4: $ 3 <= 00000000
                 750@000032c8: $31 <= 000032d0
                 754@000032cc: $ 1 <= 00000000
                 758@000032d0: $ 2 <= 00000000
                 762@000032d4: $ 3 <= 00000000
                 766@000032d8: $31 <= 000032e0
                 770@000032dc: $ 1 <= 00000000
                 774@000032e0: $ 2 <= 00000000
                 778@000032e4: $ 3 <= 00000000
                 782@000032e8: $31 <= 000032f0
                 786@000032ec: $ 1 <= 00000000
                 790@000032f0: $ 2 <= 00000000
                 794@000032f4: $ 3 <= 00000000
                 798@000032f8: $31 <= 00003300
                 814@00003308: $31 <= 00003310
                 830@00003318: $ 1 <= 00000001
                 834@0000331c: $31 <= 00003324
                 898@0000332c: $ 1 <= 00000001
                 902@00003330: $31 <= 00003338
                 982@00003340: $ 1 <= 00000001
                 986@00003344: $31 <= 0000334c
