#-----------------------------------------------------------
# Vivado v2020.1 (64-bit)
# SW Build 2902540 on Wed May 27 19:54:49 MDT 2020
# IP Build 2902112 on Wed May 27 22:43:36 MDT 2020
# Start of session at: Tue Nov 30 22:30:45 2021
# Process ID: 15404
# Current directory: F:/MyWorkspace/Computer_Organization/P5/P5_L0_CPU - Add bltzal and lrm
# Command line: vivado.exe -gui_launcher_event rodinguilauncherevent10652 F:\MyWorkspace\Computer_Organization\P5\P5_L0_CPU - Add bltzal and lrm\P5_L0_CPU.xpr
# Log file: F:/MyWorkspace/Computer_Organization/P5/P5_L0_CPU - Add bltzal and lrm/vivado.log
# Journal file: F:/MyWorkspace/Computer_Organization/P5/P5_L0_CPU - Add bltzal and lrm\vivado.jou
#-----------------------------------------------------------
start_gui
open_project {F:/MyWorkspace/Computer_Organization/P5/P5_L0_CPU - Add bltzal and lrm/P5_L0_CPU.xpr}
INFO: [Project 1-313] Project file moved from 'F:/MyWorkspace/Computer_Organization/P5/P5_L0_CPU - ¸±±¾' since last save.
Scanning sources...
Finished scanning sources
INFO: [IP_Flow 19-234] Refreshing IP repositories
INFO: [IP_Flow 19-1704] No user IP repositories specified
INFO: [IP_Flow 19-2313] Loaded Vivado IP repository 'E:/Xilinx/Vivado/2020.1/data/ip'.
open_project: Time (s): cpu = 00:00:15 ; elapsed = 00:00:08 . Memory (MB): peak = 1061.148 ; gain = 0.000
update_compile_order -fileset sources_1
exit
INFO: [Common 17-206] Exiting Vivado at Tue Nov 30 22:38:56 2021...
