@00003000: $ 1 <= 00000002
@00003004: $ 2 <= 0000000a
@00003008: $ 3 <= 00000000
@0000300c: $ 4 <= 00000009
@00003010: *00000000 <= 0000000a
@00003014: *00000004 <= 00000000
@00003018: *00000008 <= 0000000a
@0000301c: *0000000c <= 0000000a
@00003020: *00000010 <= 00000002
@00003024: *00000014 <= 0000000a
@00003028: *00000018 <= 00000009
@0000302c: *0000001c <= 00000009
@00003030: *00000020 <= 00000009
@00003034: *00000024 <= 00000000
@00003038: *00000028 <= 00000000
@0000303c: *0000002c <= 0000000a
@00003040: *00000030 <= 0000000a
@00003044: *00000034 <= 0000000a
@00003048: *00000038 <= 00000000
@0000304c: *0000003c <= 00000000
@00003050: *00000040 <= 00000009
@00003054: *00000044 <= 00000000
@00003058: *00000048 <= 0000000a
@0000305c: *0000004c <= 00000002
@00003060: *00000050 <= 00000002
@00003064: *00000054 <= 0000000a
@00003068: *00000058 <= 00000002
@0000306c: *0000005c <= 00000000
@00003070: *00000060 <= 0000000a
@00003074: *00000064 <= 0000000a
@00003078: *00000068 <= 00000002
@0000307c: *0000006c <= 00000000
@00003080: *00000070 <= 00000002
@00003084: *00000074 <= 00000000
@00003088: *00000078 <= 00000002
@0000308c: *0000007c <= 0000000a
@00003090: $ 2 <= 00000000
@00003094: $ 2 <= 000a0000
@0000309c: $ 1 <= 000a000e
@000030a0: $ 1 <= 00000028
@000030a4: $ 1 <= 00002800
@000030b0: $ 1 <= 00000000
@000030b8: $ 1 <= 00000000
@000030bc: $ 4 <= 0000000a
@000030c4: $ 1 <= 00000000
@000030c8: $ 3 <= 0000000a
@000030cc: $ 2 <= 00000000
@000030d0: $ 4 <= 000a0000
@000030d4: $ 2 <= 00000000
@000030dc: $ 2 <= 000d0000
@000030fc: $ 3 <= 00040000
@00003104: $ 2 <= 00000000
@00003110: $ 2 <= 000a0001
@00003114: $ 4 <= 0000000a
@00003124: $ 1 <= 0000000a
@00003130: $ 4 <= 00000000
@00003134: $ 4 <= 0000000a
@00003140: $ 4 <= 00000000
@0000314c: $ 2 <= 0000000a
@00003154: $ 4 <= 00000000
@00003160: $ 3 <= 00000000
@00003164: $ 3 <= 00000000
@00003168: $ 2 <= 00040000
@00003180: $ 1 <= 00000000
@00003188: $ 4 <= 00040000
@00003190: $ 3 <= 00000000
@00003194: $ 2 <= 00000000
@00003198: $ 3 <= 00000000
@0000319c: $ 3 <= 00060000
@000031a8: $ 1 <= 000b0000
@000031ac: $ 4 <= 00060002
@000031b0: $ 4 <= 00060002
@000031b4: $ 1 <= fff9fffd
@000031c8: $ 3 <= 00240009
@000031d4: $ 2 <= 00000000
@000031e0: $ 4 <= 0000000a
@000031e4: $ 3 <= 00000000
@000031e8: $ 3 <= 00000004
@000031ec: $ 1 <= 00000000
@000031f0: *00000000 <= 00000000
@000031f4: $ 2 <= 00000000
@000031fc: $ 3 <= 00000000
@00003200: $ 2 <= 00000000
@00003204: *00000000 <= 00000000
@00003208: $ 3 <= 00000001
@0000320c: $ 3 <= 00010000
@00003210: $ 2 <= 000f0000
@00003220: $ 1 <= 00000003
@00003224: $ 4 <= 00000001
@00003228: $ 3 <= 0000000b
@00003234: $ 4 <= 00000000
@00003238: $ 1 <= 00000000
@0000323c: $ 4 <= fffffff4
@00003244: *00000000 <= 0000fff4
@0000324c: $ 4 <= 00000000
@00003254: $ 4 <= 00040000
@00003260: $ 1 <= fffbffff
@0000326c: *00000008 <= 0000000a
@00003278: *00000008 <= 0b00000a
@00003280: $ 3 <= 000b0000
@00003284: $ 4 <= 000d0000
@00003288: $ 1 <= 00d00000
@00003294: $ 1 <= 00000001
@0000329c: $ 3 <= 00000001
@000032a0: $ 4 <= 00000000
@000032a4: $ 2 <= fffffff4
@000032b0: $ 4 <= ffffffe8
@000032b4: $ 3 <= 0000fff4
@000032b8: $ 2 <= 00007ffa
@000032bc: $ 2 <= 00007fe2
@000032c0: $ 2 <= 00000000
@000032d0: $ 3 <= ffffffff
@000032d4: $ 2 <= 000000f4
@000032e4: *00000000 <= 0000fff4
@000032f8: $ 1 <= 0000fff4
@000032fc: $ 4 <= 000001e8
@00003300: $ 1 <= 000000f4
@00003304: $ 3 <= 000000ff
@0000330c: $ 3 <= 00000007
@0000331c: $ 2 <= 0000000f
@00003320: $ 4 <= 00020000
@00003324: $ 1 <= 00000000
@00003328: $ 4 <= 00000000
@0000332c: $ 3 <= 000a0000
@00003338: $ 4 <= 000c0000
@00003340: $ 3 <= 00030000
@00003350: $ 4 <= 00010000
@00003358: $ 2 <= 00030000
@00003364: $ 4 <= 00000001
@00003368: $ 4 <= 00010000
@00003374: $ 2 <= 00000000
@00003378: *00000000 <= 00000000
@0000339c: $ 1 <= 00000000
@000033a4: $ 2 <= 00000000
@000033a8: $ 3 <= 00000000
@000033b4: $ 3 <= 00000000
@000033b8: $ 1 <= 00000000
@000033bc: $ 4 <= 00030000
@000033c0: $ 1 <= 00000000
@000033c4: $ 1 <= 00000000
@000033c8: $ 2 <= 00000005
@000033d0: $ 3 <= 00000000
@000033d4: $ 1 <= 0000000a
@000033dc: $ 4 <= 000a0000
@000033ec: $ 4 <= 0000000c
@000033f0: $ 3 <= 00000000
@000033f4: $ 3 <= 00080000
@000033fc: $ 4 <= 00000000
@00003400: $ 3 <= 00000000
@00003404: $ 1 <= 00000000
@00003410: $ 4 <= 00000001
@00003410: $ 4 <= 00000001
@00003418: $ 3 <= 00000001
@00003420: *00000000 <= 00000100
@00003424: $ 4 <= 00010000
@0000342c: $ 1 <= 00000001
@00003434: $ 2 <= 00000001
@00003450: *00000000 <= 00000100
@00003454: $ 1 <= 00000000
@0000345c: $ 2 <= 00000002
@00003460: $ 3 <= 00000000
@00003464: $ 1 <= 0000000d
@0000346c: *00000000 <= 00000100
@00003478: $ 2 <= 00060000
@00003484: $ 4 <= 00000000
@00003488: $ 4 <= 00060000
@00003490: $ 4 <= 000d0000
@00003494: $ 2 <= 01a00000
@000034a4: $ 4 <= 00000000
@000034b0: $ 4 <= 00000005
@000034b4: $ 4 <= 00000005
@000034bc: $ 3 <= 00000000
@000034d4: $ 3 <= 00000000
@000034d8: $ 1 <= 00000001
@000034e8: $ 2 <= 0000000f
@000034ec: $ 4 <= 00000000
@000034f4: *00000000 <= 00000100
@00003500: $ 3 <= 000b0000
@00003500: $ 3 <= 000b0000
@00003504: $ 4 <= 00000007
@00003508: $ 3 <= 000d0000
@0000350c: $ 1 <= 00000001
@00003514: $ 2 <= 00000001
@00003518: $ 4 <= 00060000
@00003520: $ 1 <= 00000000
@00003520: $ 1 <= 00000000
@00003524: $ 1 <= 00060007
@00003534: $ 2 <= 00000000
@00003538: $ 4 <= 00000000
@0000353c: $ 3 <= 00060007
@00003540: $ 1 <= 000d0000
@0000355c: $ 3 <= 00040000
@00003564: $ 1 <= 0004000e
@00003568: $ 3 <= 00010000
@0000356c: $ 3 <= 00080000
@00003570: $ 3 <= 00000000
@00003578: $ 1 <= 00080000
@00003588: *00000000 <= 00000100
@0000358c: $ 2 <= 00050000
@00003598: $ 2 <= 00000000
@0000359c: $ 2 <= 00000000
@000035a4: *00000000 <= 00000000
@000035a8: $ 1 <= 00000000
@000035ac: *00000000 <= 00000000
@000035bc: $ 2 <= 00000000
@000035d8: $ 4 <= 00000000
@000035dc: *00000000 <= 00000000
@000035e4: $ 2 <= 00000000
@000035e8: $ 4 <= 00000001
@000035ec: $ 1 <= 00000000
@000035f0: $ 2 <= 0000000b
@000035f4: $ 4 <= 0000000b
@000035fc: $ 2 <= 00000000
@00003600: $ 4 <= 00000000
@0000360c: $ 3 <= 00000000
@00003610: $ 1 <= 00000000
@00003620: $ 2 <= 0000000c
@00003628: $ 2 <= 00000000
@00003630: $ 1 <= 00000000
@00003634: *00000000 <= 00000000
@00003638: $ 4 <= 00000000
@0000363c: $ 4 <= 00000000
@00003640: $ 2 <= 00000000
@00003644: $ 2 <= 00000000
@00003648: $ 2 <= 00000000
@00003650: $ 3 <= ffffffff
@00003658: $ 4 <= 00000000
@00003670: $ 2 <= 00000000
@00003670: $ 2 <= 00000000
@00003674: $ 2 <= 00000000
@00003678: $ 1 <= 00000000
@00003680: *00000000 <= 00000000
@00003684: $ 4 <= 00000000
@00003688: $ 2 <= 000b0000
@000036b0: $ 4 <= 00000000
@000036b4: $ 3 <= ffffffff
@000036bc: $ 2 <= 00000000
@000036c4: *00000000 <= 00000000
@000036c8: $ 4 <= 00000000
@000036d0: $ 4 <= 00000000
@000036d8: $ 1 <= 00000000
@000036dc: $ 4 <= 000a0000
@000036f8: $ 1 <= 00000001
@000036fc: $ 3 <= 000a0000
@00003700: $ 3 <= 000a0000
@0000371c: $ 3 <= 000b0000
@0000372c: $ 4 <= 000b0003
@00003730: $ 2 <= 00000000
@00003734: *00000000 <= 00000000
@00003738: $ 2 <= 000b0003
@00003740: $ 4 <= 000b0000
@00003744: $ 3 <= 0000002c
@0000374c: $ 4 <= 000b0008
@00003750: $ 4 <= 00000000
@00003754: *00000000 <= 00000000
@00003758: $ 2 <= 00000000
@0000375c: $ 3 <= 00000000
@00003768: $ 4 <= 00000000
@00003770: $ 4 <= 000c0000
@00003778: $ 3 <= 00000000
@00003790: *00000000 <= 00000000
@00003794: $ 2 <= 00000000
@00003798: *00000000 <= 00000000
@000037a0: $ 2 <= 00000000
@000037a0: $ 2 <= 00000000
@000037a4: *00000000 <= 00000000
@000037a8: $ 2 <= 00000000
@000037b0: *00000000 <= 00000000
@000037c0: $ 3 <= 00000000
@000037c4: $ 3 <= 00050000
@000037d8: $ 2 <= 00000000
@000037dc: $ 1 <= 00060000
@000037ec: $ 1 <= 00000001
@000037f0: $ 2 <= 0000000c
@000037f4: *0000000c <= 00000001
@000037f8: *0000000c <= 0000000c
@000037fc: $ 4 <= 0000000b
@0000380c: $ 4 <= 0000000b
@00003810: $ 2 <= fffffff4
@00003818: $ 1 <= 00090000
@00003820: $ 3 <= 00090000
@00003824: $ 2 <= 00000000
@0000382c: $ 1 <= 00090000
@00003840: $ 3 <= 00090000
@00003844: $ 4 <= 00090000
@0000384c: $ 2 <= 00000000
@00003850: $ 3 <= 0000000d
@00003858: $ 2 <= 00090000
@0000385c: $ 2 <= 00050000
@00003860: $ 2 <= 00000000
@00003864: $ 1 <= 00000000
@00003868: $ 1 <= 00000007
@00003870: $ 2 <= 00000000
@00003870: $ 2 <= 00000000
@00003878: *00000000 <= 00000007
@0000387c: $ 1 <= 00090000
@00003880: $ 4 <= 00000000
@00003884: $ 2 <= 00000007
@00003894: $ 1 <= 000d0000
@000038a4: $ 1 <= 00000000
@000038ac: $ 1 <= 00000000
@000038b0: $ 3 <= 00000007
@000038b4: *00000000 <= 00000007
@000038b8: $ 3 <= 00000000
@000038c0: $ 2 <= 00070000
@000038c4: $ 1 <= 00070001
@000038cc: $ 1 <= 00000000
@000038d0: $ 2 <= 00000000
@000038dc: $ 1 <= 000f0000
@000038ec: $ 2 <= 00000000
@000038f4: $ 4 <= 00000000
@000038f8: $ 2 <= 00000000
@000038fc: $ 4 <= 000a0000
@00003904: $ 1 <= 000a0000
@00003910: $ 3 <= 000b0000
@00003914: $ 4 <= 00000000
@0000391c: *00000000 <= 00000000
@00003928: $ 3 <= 00000000
@0000392c: $ 2 <= 00000000
@00003930: $ 1 <= 00000000
@00003934: $ 2 <= 00000000
@00003940: $ 1 <= 00000000
@00003948: *00000000 <= 00000000
@0000394c: $ 1 <= 00000000
@00003950: $ 4 <= 00000000
@00003960: *00000000 <= 00000000
@00003968: $ 2 <= 000e0000
@00003970: $ 1 <= 00000000
@0000397c: $ 4 <= 00000000
@00003980: $ 2 <= 00000000
@00003984: $ 4 <= 00000000
@00003988: $ 2 <= 00000000
@00003990: $ 4 <= 00000000
@00003994: $ 2 <= 00000000
@00003998: $ 3 <= 00000000
@000039a0: $ 2 <= 00000000
@000039a8: $ 3 <= 00000000
@000039ac: *00000000 <= 00000000
@000039b0: *00000000 <= 00000000
@000039b4: $ 4 <= 00000000
@000039bc: $ 1 <= 00050000
@000039c4: $ 1 <= 00050002
@000039c8: $ 1 <= 00020000
@000039d0: $ 4 <= 0000000d
@000039d4: $ 4 <= 00000000
@000039d8: $ 1 <= 00000000
@000039dc: $ 3 <= 0000000a
@000039e0: $ 2 <= 00000000
@000039e4: *00000000 <= 00000000
@000039e8: $ 2 <= 00000b00
@000039ec: $ 3 <= 00000000
@000039f0: $ 2 <= 00000000
@000039f4: $ 1 <= 00000000
@000039f8: $ 4 <= 00000005
@00003a00: *00000004 <= 00000500
@00003a08: $ 2 <= 00000000
@00003a10: $ 4 <= 00000000
@00003a14: *00000000 <= 00000000
@00003a20: $ 3 <= ffffffff
@00003a24: $ 4 <= 00000001
@00003a2c: $ 3 <= 00000002
@00003a30: $ 2 <= 00000001
@00003a34: $ 2 <= 00000000
@00003a38: $ 4 <= 00000000
@00003a40: *00000000 <= 00000000
@00003a4c: $ 4 <= 00000001
@00003a50: *00000000 <= 00000100
@00003a60: *00000000 <= 00000100
@00003a64: $ 2 <= 00000000
@00003a68: $ 4 <= 00020000
@00003a70: $ 1 <= 00000000
@00003a74: $ 2 <= 00080000
@00003a7c: *00000000 <= 00020000
@00003a84: $ 2 <= 00000000
@00003a88: $ 3 <= 00000000
@00003a8c: *00000000 <= 00020000
@00003a9c: *00000000 <= 00020000
@00003aa0: $ 1 <= 00000000
@00003aa4: $ 3 <= 00000000
@00003ab0: $ 3 <= 00020000
@00003ab4: $ 2 <= 00010000
@00003ac8: $ 1 <= 00000000
@00003ad0: $ 4 <= 00000000
@00003ad4: $ 3 <= 00000000
@00003ae4: *00000000 <= 00020000
@00003aec: $ 1 <= 00070000
@00003af0: $ 3 <= 00000000
@00003af4: $ 3 <= 00000000
@00003afc: *00000000 <= 00020000
@00003b04: $ 2 <= 00000000
@00003b08: $ 4 <= 00030000
@00003b10: $ 2 <= 000d0000
@00003b18: $ 1 <= 00010000
@00003b28: $ 4 <= 00000000
@00003b30: $ 4 <= 00000000
@00003b34: $ 1 <= 00000000
@00003b38: $ 3 <= 00010000
@00003b3c: $ 4 <= 00000000
@00003b44: *00000000 <= 00000000
@00003b48: $ 3 <= 00090000
@00003b58: $ 3 <= 00010000
@00003b5c: $ 1 <= 00000000
@00003b60: $ 1 <= 00090000
@00003b74: $ 2 <= 00000000
@00003b80: $ 1 <= 00060000
@00003b80: $ 1 <= 00060000
@00003b84: $ 2 <= 00060000
@00003ba4: $ 3 <= 00000000
@00003ba8: $ 1 <= 00000000
@00003bac: $ 3 <= 00000000
@00003bb0: $ 2 <= 00000024
@00003bb4: *00000024 <= 00000024
@00003bbc: $ 2 <= 000f0000
@00003bc4: $ 2 <= 000f0007
@00003be0: $ 2 <= 00000000
@00003be4: $ 3 <= 00000024
@00003be8: $ 3 <= 00050000
@00003c00: $ 2 <= 00000000
@00003c08: $ 4 <= 00000000
@00003c10: $ 4 <= 00070000
@00003c14: $ 1 <= 00000000
@00003c18: $ 1 <= 00000000
@00003c24: $ 2 <= 00000000
@00003c30: $ 1 <= 000e0000
@00003c34: *00000000 <= 000e0000
@00003c48: $ 2 <= 00000000
@00003c4c: $ 2 <= 00070000
@00003c5c: $ 3 <= 00070000
@00003c64: $ 2 <= 00070007
@00003c70: $ 2 <= 00000000
@00003c74: $ 2 <= 00000000
@00003c78: $ 4 <= 00000000
@00003c7c: $ 4 <= 00000000
@00003c84: $ 1 <= 00000000
@00003c88: $ 1 <= 00000000
@00003c8c: $ 1 <= 00000000
@00003c90: $ 4 <= 00000000
@00003c94: $ 1 <= 00000000
@00003c98: $ 4 <= 000e0000
@00003c9c: $ 1 <= 0e000000
@00003ca0: $ 1 <= 0e000009
@00003ca4: $ 2 <= 1c000012
@00003ca8: $ 4 <= 00e00000
@00003cc4: $ 4 <= 000e0000
@00003ccc: $ 2 <= 00e00000
@00003cd4: $ 1 <= 00040000
@00003cdc: $ 4 <= 00040000
@00003ce0: $ 3 <= 00050000
@00003ce4: $ 2 <= 00040000
@00003ce8: $ 4 <= 00040000
@00003cfc: $ 1 <= 000a0000
@00003d10: $ 2 <= 00000001
@00003d14: $ 2 <= 00050000
@00003d20: $ 3 <= 00050005
@00003d30: $ 4 <= 00000000
@00003d38: $ 4 <= 00050005
@00003d5c: $ 1 <= 00140000
@00003d70: $ 2 <= 00050009
@00003d74: $ 1 <= 00020000
@00003d7c: $ 4 <= 00050011
@00003d84: $ 1 <= 00020000
@00003da4: $ 3 <= 00000000
@00003da8: $ 2 <= 00000000
@00003db4: $ 4 <= 00000002
@00003dbc: $ 3 <= 00000000
@00003dc4: $ 3 <= 00000000
@00003dd4: $ 1 <= 00000000
@00003ddc: *00000000 <= 000e0000
@00003de0: $ 2 <= 000e0000
@00003de4: $ 2 <= 00000000
@00003dec: $ 1 <= 00020000
@00003df8: $ 1 <= 00020000
@00003dfc: $ 4 <= 00080000
@00003e0c: $ 3 <= 00070000
@00003e14: $ 1 <= fff8ffff
@00003e28: $ 3 <= 00000200
@00003e34: $ 2 <= fffffdff
@00003e38: $ 4 <= 00000000
@00003e40: $ 3 <= 00000000
@00003e50: $ 2 <= 0000000c
@00003e54: $ 3 <= 00040000
@00003e5c: $ 1 <= 00000000
@00003e64: $ 3 <= 00000000
@00003e68: $ 1 <= 00000000
@00003e6c: *00000000 <= 000e0000
@00003e74: $ 4 <= 00000000
@00003e7c: *00000000 <= 000e0000
@00003e90: $ 3 <= 00000000
@00003e9c: $ 2 <= 00020000
@00003eac: $ 4 <= 00020001
@00003eb0: $ 1 <= 00050000
@00003eb4: $ 2 <= 00020000
@00003eb8: $ 1 <= 00004000
@00003ebc: $ 4 <= 00004002
@00003ec0: $ 1 <= 00000000
@00003ec4: $ 4 <= 00000000
@00003ecc: $ 2 <= 00000000
@00003ed0: $ 2 <= 000e0000
@00003ef0: $ 1 <= 00000001
@00003ef8: $ 4 <= 000e000e
@00003f00: $ 3 <= 00000000
@00003f08: $ 2 <= fffffffe
@00003f10: $ 1 <= fffffffe
@00003f20: $ 3 <= 00000000
@00003f24: $ 2 <= 00000000
@00003f2c: $ 3 <= 000e0000
@00003f34: $ 4 <= 00070000
@00003f54: $ 4 <= 0007000e
@00003f60: $ 1 <= fffffffe
@00003f64: $ 4 <= 000d0000
@00003f68: $ 2 <= 00000000
@00003f6c: $ 1 <= 000d0000
@00003f7c: $ 2 <= fffffffe
@00003f90: $ 3 <= 00000000
@00003f94: $ 2 <= fffffffe
@00003f9c: $ 1 <= 00090000
@00003fa0: $ 3 <= 00000000
@00003fa8: *00000000 <= 000e0000
@00003fac: $ 3 <= 00000000
@00003fb4: $ 4 <= 00000007
@00003fb8: $ 4 <= 00000000
@00003fbc: $ 1 <= 00000000
@00003fc0: $ 4 <= 00000000
@00003fcc: *00000000 <= 000e0000
@00003fd0: $ 4 <= 0000000b
@00003fd8: *00000008 <= 0b00000a
@00003fe0: $ 2 <= 00000000
@00003fe0: $ 2 <= 00000000
@00003fec: $ 4 <= 00000000
@00003ff0: $ 1 <= 00000000
@00003ff8: $ 2 <= 00000000
@00004000: $ 1 <= 00000005
@00004004: $ 4 <= 00000000
@00004008: $ 1 <= 0000000b
@0000400c: $ 3 <= 0000000b
@00004014: $ 2 <= 00000000
@00004020: $ 1 <= 00000016
@00004028: $ 1 <= 0000001e
@00004030: $ 3 <= 0000000b
@00004038: $ 3 <= 00030000
@00004044: $ 3 <= 000e0000
@00004050: $ 3 <= 00000000
@00004050: $ 3 <= 00000001
@00004054: $ 2 <= 00000000
@00004058: $ 3 <= 00000000
@00004068: $ 1 <= 00000000
@00004070: $ 4 <= 0000000b
@00004080: $ 2 <= 00000012
@00004084: *00000010 <= 000b0002
@00004088: *00000010 <= 00120002
@00004094: $ 3 <= 00000000
@00004098: $ 1 <= 0000000b
@0000409c: $ 1 <= 000d0000
@000040ac: $ 3 <= 000d0000
@000040b0: $ 2 <= fff2ffff
@000040b8: $ 1 <= 000d0000
@000040c8: $ 4 <= 000d0000
@000040dc: $ 2 <= 000d0005
@000040e0: $ 3 <= 00030000
@000040e8: $ 4 <= 00030005
@000040ec: $ 4 <= 00000000
@000040f0: $ 2 <= 00000000
@000040f4: $ 4 <= 0000000b
@000040fc: $ 1 <= 00000000
@00004104: $ 1 <= 000e0000
@00004108: $ 4 <= 00000000
@00004110: $ 2 <= 000000a9
@00004114: $ 4 <= 00000000
@00004118: $ 4 <= 000000a9
@0000411c: $ 2 <= 000e0000
@00004120: $ 4 <= 000e000c
@0000412c: $ 2 <= 00000000
@00004148: $ 2 <= 00000000
@0000414c: $ 4 <= 00000000
@00004154: $ 4 <= 00000000
@00004158: $ 1 <= 00000000
@0000415c: $ 3 <= 0000000d
@00004160: $ 3 <= 00000000
@00004164: $ 4 <= 00010000
@00004168: $ 1 <= 00000000
@00004178: $ 2 <= 00000000
@0000417c: *00000000 <= 000e0000
@0000418c: $ 3 <= 00000000
@00004198: $ 2 <= 000f0000
@000041a4: $ 2 <= 00080000
@000041ac: $ 1 <= 40000000
@000041b0: $ 1 <= 000f0000
@000041b4: $ 1 <= 00000000
@000041bc: $ 2 <= 00000000
@000041cc: $ 3 <= 00000000
@000041d0: $ 2 <= 00000000
@000041d4: $ 2 <= 00000001
@000041dc: $ 1 <= 00000001
@000041e0: $ 2 <= 00000001
@000041f0: $ 1 <= 00000000
@000041f8: *00000000 <= 000e0001
@000041fc: $ 3 <= 00000000
@00004208: $ 4 <= 00000000
@0000420c: $ 1 <= 00000001
@00004214: *00000000 <= 000e0101
@00004220: $ 4 <= 00000005
@00004224: $ 3 <= 00000001
@00004228: $ 1 <= 00000000
@00004238: $ 3 <= 00000101
@00004240: *00000000 <= 000e0101
@00004244: $ 1 <= 0000010f
@00004250: $ 2 <= 00000000
@00004258: $ 1 <= 0000010f
@0000425c: *00000000 <= 000e0000
@00004284: $ 3 <= 00000000
@00004294: $ 3 <= 00000000
@0000429c: $ 1 <= 00000000
@000042a4: $ 3 <= 000d0000
@000042a8: $ 2 <= 0000000c
@000042ac: $ 1 <= 000a0000
@000042b4: $ 1 <= 00000000
@000042bc: $ 1 <= 000e0000
@000042c4: $ 4 <= 00000005
@000042c8: $ 1 <= 000dfffb
@000042cc: $ 2 <= 00000000
@000042d0: $ 2 <= 00000000
@000042d8: $ 4 <= 00000000
@000042e0: $ 4 <= 00040000
@000042e4: $ 2 <= 00010000
@000042ec: $ 3 <= 00080000
@000042f0: $ 4 <= 00080000
@000042f4: $ 3 <= 00000000
@000042fc: $ 4 <= 00008000
@00004300: $ 2 <= ffff7fff
@00004304: $ 3 <= ffffffff
@00004308: $ 3 <= 00000000
@00004318: $ 4 <= 000e0001
@0000431c: $ 1 <= 00080000
@00004330: $ 1 <= 000e0000
@00004338: $ 3 <= 00040000
@00004370: $ 3 <= ffff8000
@00004378: $ 4 <= 00040000
@00004380: $ 4 <= 00003fff
@00004384: $ 1 <= 00003fff
@00004388: $ 2 <= 00003fff
@00004390: $ 1 <= 00003fff
@0000439c: $ 3 <= 00000000
@000043a4: $ 1 <= 00000000
@000043a8: $ 2 <= 00000000
@000043ac: $ 4 <= 00000003
@000043b0: $ 3 <= 00000000
@000043b4: *00000000 <= 00000000
@000043b8: $ 2 <= 00000000
@000043bc: $ 1 <= 00000000
@000043c0: $ 3 <= 00000007
@000043c8: $ 1 <= 00080000
@000043d0: $ 3 <= 00000001
@000043d4: $ 1 <= 00000000
@000043d8: $ 1 <= 00000001
@000043e0: $ 3 <= 00000000
@000043e4: $ 2 <= 00000000
@000043e8: *00000000 <= 00000000
@000043ec: $ 2 <= 00000000
@000043f8: $ 3 <= 00000000
@000043fc: $ 2 <= 00000000
@00004400: *00000000 <= 00000000
@00004404: *00000000 <= 00000000
@00004414: $ 1 <= 00000000
@00004418: $ 2 <= 00000000
@00004424: $ 3 <= 00000000
@00004428: $ 4 <= 00000000
@0000442c: $ 2 <= 00000001
@00004430: $ 4 <= 00000000
@00004434: $ 2 <= 00040000
@00004438: $ 4 <= 00020000
@00004440: $ 4 <= 00000000
@00004444: $ 4 <= 00080000
@0000444c: $ 3 <= 000d0000
@00004450: $ 3 <= 00000000
@00004454: $ 1 <= 00000000
@00004458: $ 4 <= 00000000
@00004468: *00000000 <= 00000000
@00004470: *00000000 <= 00000000
@00004474: $ 4 <= 00000000
@00004478: $ 3 <= 00080000
@0000447c: $ 4 <= 00000000
@00004480: $ 4 <= 00070000
@0000448c: $ 4 <= 00000001
@0000449c: $ 2 <= 00000001
@000044a0: $ 1 <= 00000001
@000044ac: $ 2 <= 00000001
@000044b0: $ 3 <= 00030000
@000044b4: $ 1 <= 00000000
@000044b8: $ 2 <= 00000000
@000044c4: $ 3 <= 00000000
@000044c8: $ 1 <= 00000000
@000044d0: *00000000 <= 00000000
@000044d0: *00000000 <= 00000000
@000044d8: $ 3 <= 00000000
@000044dc: $ 1 <= 00000000
@000044e0: $ 2 <= 00000000
@000044e8: $ 3 <= ffffffff
@000044ec: $ 2 <= 00040000
@000044f0: $ 2 <= 00030000
@000044f4: $ 3 <= 00000c00
@000044f8: $ 3 <= 0000000c
@000044fc: $ 2 <= 00000000
@00004500: $ 4 <= 00000000
@00004504: $ 4 <= 00000000
@0000450c: $ 1 <= 00000000
@00004510: $ 1 <= 00000000
@0000451c: $ 1 <= 00000000
@00004524: $ 3 <= 00080000
@0000452c: $ 3 <= 00000000
@00004530: $ 3 <= 00000000
@00004534: $ 1 <= 00040000
@00004538: $ 2 <= 00000000
@00004544: $ 1 <= 00000000
@00004548: $ 1 <= 00000000
@00004550: *00000000 <= 00000000
@00004554: $ 4 <= 00080000
@00004558: $ 2 <= 00000000
@00004560: *00000000 <= 00000000
@00004560: *00000000 <= 00000000
@00004568: *00000000 <= 00000000
@0000456c: *00000000 <= 00000000
@00004570: $ 4 <= 00000000
@00004578: *00000000 <= 00000000
@00004584: $ 3 <= 000a0000
@00004588: $ 3 <= 00000000
@0000458c: *00000000 <= 00000000
@00004594: $ 3 <= 00000000
@00004598: $ 4 <= 00000000
@0000459c: $ 1 <= 00000000
@000045a0: $ 1 <= 00000000
@000045a4: $ 4 <= 00000000
@000045a8: $ 3 <= 00080000
@000045ac: $ 3 <= 000f0000
@000045b8: $ 4 <= 00000000
@000045bc: $ 2 <= 00000000
@000045c8: $ 4 <= 00090000
@000045d0: $ 2 <= 00020000
@000045d4: $ 4 <= 00000000
@000045d8: $ 1 <= 00000000
@000045e0: $ 2 <= 00000000
@000045ec: $ 2 <= 00000001
@000045f4: *00000000 <= 00000100
@000045f8: $ 4 <= 00000000
@000045fc: $ 3 <= 00090000
@00004604: $ 1 <= 00000000
@00004610: $ 4 <= 00000000
@00004618: $ 3 <= 00000000
@0000461c: *00000000 <= 00000100
@00004624: $ 1 <= 00000000
@00004630: *00000000 <= 00000000
@00004634: $ 4 <= 000c0000
@00004638: $ 1 <= 000c0000
@0000463c: $ 4 <= 00020000
@0000464c: $ 1 <= 00000000
@00004650: $ 2 <= 00000000
@00004658: $ 4 <= 00000000
@0000465c: $ 4 <= 00040000
@00004670: $ 4 <= 000f0000
@00004674: $ 3 <= 00000001
@00004678: $ 3 <= 00000001
@0000467c: $ 1 <= 000f0001
@0000468c: $ 1 <= 00000000
@00004690: *00000000 <= 00000000
@00004694: *00000000 <= 00000000
@000046a8: $ 4 <= 00000000
@000046b8: $ 2 <= 00060000
@000046bc: $ 3 <= 00000001
@000046c0: $ 4 <= 00000000
@000046c4: $ 3 <= 00000007
@000046c8: $ 2 <= 00000000
@000046cc: $ 2 <= 00000000
@000046d0: $ 4 <= 00000000
@000046d4: $ 2 <= 00000000
@000046d8: $ 3 <= 00000001
@000046dc: $ 4 <= 00000000
@000046e0: $ 2 <= 00000000
@000046e4: $ 2 <= 0000000e
@000046ec: $ 2 <= 00000000
@000046f4: *00000000 <= 00000000
@000046f8: $ 3 <= 00000000
@00004700: $ 1 <= 00000000
@00004704: $ 2 <= 00000000
@00004708: $ 2 <= 00000000
@0000470c: $ 2 <= 00000000
@00004710: $ 3 <= 00000001
@00004714: *00000000 <= 00000000
@0000471c: $ 3 <= 00000000
@00004724: $ 4 <= 000d0000
@0000472c: $ 3 <= 00000000
@00004734: $ 3 <= 00000000
@00004738: $ 1 <= 00000000
@0000473c: $ 1 <= 00000000
@00004740: $ 3 <= 00000000
@00004744: $ 2 <= 000b0000
@0000474c: $ 4 <= 000b0000
@00004758: $ 2 <= 00060000
@00004770: $ 2 <= 00080000
@00004774: $ 2 <= 00000001
@00004778: $ 1 <= 000b0000
@0000477c: $ 1 <= 00000001
@00004784: $ 1 <= 00040000
@00004788: $ 4 <= 000d0000
@00004790: $ 1 <= 00000000
@00004790: $ 1 <= 00000000
@000047ac: *00000000 <= 00000100
@000047b0: $ 3 <= 00000000
@000047bc: $ 2 <= 00000000
@000047c4: $ 1 <= 00000100
@000047c8: $ 3 <= 00000100
@000047cc: $ 2 <= 00000000
@000047d4: $ 4 <= 00000000
@000047d8: $ 2 <= 00040000
@000047e0: $ 1 <= 00040000
@000047e4: $ 1 <= 00000000
@000047e8: $ 3 <= 00000000
@000047f0: $ 4 <= 00000000
@000047f0: $ 4 <= 00000000
@000047fc: $ 3 <= 00000100
@00004808: $ 2 <= 00000200
@0000480c: $ 1 <= 00000000
@00004810: *00000000 <= 00000000
@00004814: $ 4 <= 00000000
@00004818: $ 2 <= 00000001
@0000481c: $ 3 <= 00050000
@00004828: $ 3 <= 000a0000
@0000482c: $ 4 <= 00050000
@00004834: $ 1 <= 00050000
@0000483c: $ 3 <= 00050003
@00004858: $ 2 <= 00000000
@00004864: $ 4 <= 00000000
@00004870: $ 3 <= 00000000
@00004874: $ 4 <= 00030000
@00004878: $ 2 <= 00040000
@00004884: $ 4 <= 00040004
@00004890: $ 2 <= 00000000
@00004894: $ 3 <= 00040004
@0000489c: $ 3 <= 00060000
@000048a0: $ 3 <= 00000000
@000048a8: $ 1 <= 00030000
@000048b0: $ 3 <= 00000000
@000048b8: $ 2 <= 00030000
@000048bc: $ 2 <= 00000000
@000048d0: *00000000 <= 00000000
@000048d0: *00000000 <= 00000000
@000048d4: $ 2 <= 00060000
@000048e0: $ 1 <= 00000000
@000048e8: *00000000 <= 00000000
@000048ec: $ 3 <= 0000000a
@000048f0: *00000008 <= 000a000a
@000048f8: $ 2 <= 00060000
@00004900: $ 3 <= 00060000
@00004914: $ 4 <= 00060006
@00004918: $ 4 <= 00060000
@0000491c: $ 3 <= 000c0000
@00004924: $ 4 <= 00000000
@00004934: $ 1 <= 00000000
@00004938: $ 1 <= 00000000
@0000493c: *00000000 <= 00000000
@00004940: $ 3 <= 00000000
@00004944: $ 2 <= 00000000
@00004948: $ 2 <= 00040000
@0000494c: $ 2 <= 00000000
@00004958: $ 4 <= 00000000
@0000495c: $ 3 <= 00000000
@00004960: $ 3 <= 00080000
@00004964: $ 4 <= 00030000
@0000496c: $ 1 <= 00800000
@00004978: $ 2 <= 00800000
@00004980: $ 1 <= 00000000
@00004984: $ 1 <= 00800000
@00004988: $ 4 <= 00000400
@00004990: $ 1 <= 00000400
@00004994: *00000000 <= 00000000
@0000499c: $ 3 <= 000d0000
@000049a0: $ 1 <= 00000000
@000049a4: $ 2 <= 00000000
@000049b0: $ 4 <= 00000000
@000049b4: $ 1 <= 00000000
@000049bc: $ 3 <= 00080000
@000049cc: $ 3 <= 00080006
@000049d4: $ 4 <= 00000000
@000049d8: $ 4 <= 00000000
@000049dc: $ 1 <= 00000000
@000049e0: $ 4 <= 00000000
@000049ec: $ 1 <= 00000000
@000049f0: $ 1 <= 00000000
@000049f4: *00000000 <= 00000000
@000049f8: $ 1 <= 00000040
@000049fc: $ 1 <= 000e0000
@00004a04: $ 1 <= 00000000
@00004a08: *00000000 <= 00000000
@00004a18: $ 4 <= 00000000
@00004a24: $ 4 <= 000e0000
@00004a2c: $ 2 <= 001c0000
@00004a30: $ 2 <= 001c0000
@00004a34: $ 3 <= 00080000
@00004a3c: $ 4 <= 000b0000
@00004a40: $ 2 <= 000b0000
@00004a44: $ 3 <= 00160000
@00004a50: $ 2 <= 002c0000
@00004a50: $ 2 <= 002c0000
@00004a58: $ 2 <= 002c0000
@00004a5c: $ 1 <= 003a0000
@00004a64: $ 2 <= 003a0000
@00004a68: $ 1 <= 00000000
@00004a6c: $ 3 <= 00000000
@00004a70: *00000000 <= 00000000
@00004a74: $ 3 <= 00000000
@00004a78: $ 2 <= 00000002
@00004a80: $ 2 <= 00000008
@00004a88: $ 1 <= 00000000
@00004a8c: $ 3 <= 00000000
@00004a90: $ 3 <= 00000000
@00004a94: $ 4 <= 00000000
@00004aa0: $ 3 <= 00000000
@00004aa4: $ 2 <= 00000000
@00004aa8: $ 2 <= 00010000
@00004acc: $ 3 <= 00000000
@00004ad0: $ 4 <= 00000000
@00004ad8: *00000000 <= 00000000
@00004adc: $ 4 <= 00000000
@00004ae0: *00000000 <= 00000000
@00004ae4: $ 1 <= 00000000
@00004ae8: $ 1 <= 00000000
@00004aec: $ 4 <= 00000001
@00004af0: *00000000 <= 00000100
@00004af4: $ 4 <= 00000001
@00004af8: $ 1 <= 00000001
@00004afc: $ 2 <= 000c0000
@00004b0c: $ 2 <= 00040000
@00004b10: $ 1 <= 00000000
@00004b18: $ 3 <= 00070000
@00004b20: $ 1 <= 000f0000
@00004b28: $ 2 <= 00000000
@00004b30: $ 3 <= 00000000
@00004b34: *00000000 <= 00000000
@00004b38: $ 1 <= 00000001
@00004b3c: $ 1 <= 00050000
@00004b40: $ 1 <= 00000050
@00004b4c: $ 3 <= 00000002
@00004b54: $ 1 <= 00000000
@00004b68: $ 4 <= 00000000
@00004b6c: $ 1 <= 00030000
@00004b70: $ 4 <= 00000000
@00004b78: $ 4 <= 00000000
@00004b7c: *00000000 <= 00000000
@00004b80: $ 2 <= 00000000
@00004b94: $ 4 <= 00000002
@00004bac: *00000000 <= 00020000
@00004bb0: $ 1 <= 00000004
@00004bb4: $ 1 <= 00000000
@00004bc0: $ 2 <= 00000000
@00004bc8: $ 1 <= 00000000
@00004bd8: $ 2 <= 00000000
@00004bdc: $ 2 <= 00000000
@00004be4: $ 1 <= 00000000
@00004be8: *00000000 <= 00000000
@00004bf0: $ 2 <= 00000000
@00004bf4: $ 1 <= 00000000
@00004bf8: $ 3 <= 00000000
@00004c00: $ 4 <= 00000000
@00004c04: $ 4 <= 00060000
@00004c0c: $ 3 <= 00000000
@00004c14: $ 2 <= 00000000
@00004c18: $ 4 <= 00000000
@00004c20: $ 4 <= 00000000
@00004c24: $ 4 <= 00000000
@00004c28: $ 3 <= 00000000
@00004c2c: $ 2 <= 00000000
@00004c34: *00000000 <= 00000000
@00004c3c: $ 1 <= 00000000
@00004c40: $ 1 <= 00000000
@00004c44: $ 4 <= 00000000
@00004c48: $ 4 <= 00000000
@00004c54: $ 2 <= 00030000
@00004c5c: $ 1 <= 00010000
@00004c64: $ 3 <= 00000000
@00004c68: $ 2 <= 00000000
@00004c78: *00000000 <= 00000000
@00004c7c: $ 2 <= 00000000
@00004c80: $ 1 <= 00000000
@00004c84: $ 2 <= 00000000
@00004c88: $ 3 <= 00000000
@00004c8c: $ 2 <= 00000000
@00004c90: $ 4 <= 00000000
@00004c98: $ 1 <= 00000001
@00004ca0: $ 2 <= 00000008
@00004cac: $ 3 <= 00000010
@00004cc4: $ 4 <= 00010000
@00004cc8: $ 1 <= 00000000
@00004ccc: $ 2 <= 00010001
@00004cd8: $ 1 <= 00050000
@00004ce8: $ 2 <= 00000000
@00004cf0: $ 3 <= 00000000
@00004cf4: *00000000 <= 00000000
@00004cf8: $ 2 <= 00000000
@00004cfc: $ 1 <= 00000000
@00004d0c: $ 3 <= 000f0000
@00004d14: $ 2 <= 00000000
@00004d18: $ 1 <= 00000000
@00004d20: $ 3 <= 00000000
@00004d24: $ 2 <= 00000000
@00004d2c: $ 4 <= 00000000
@00004d30: $ 2 <= 00000000
@00004d34: *00000000 <= 00000000
@00004d38: $ 1 <= 00000008
@00004d3c: $ 1 <= fffffff7
@00004d40: $ 4 <= 00000001
@00004d48: $ 3 <= 00000000
@00004d50: $ 1 <= 00000000
@00004d54: $ 1 <= 000d0000
@00004d64: $ 2 <= 000d0007
@00004d68: $ 4 <= 000d0006
@00004d7c: $ 3 <= 00080000
@00004d88: $ 1 <= 00080000
@00004da8: $ 2 <= 0008000e
@00004dac: $ 2 <= 00050000
@00004db8: $ 1 <= 00000000
@00004dbc: $ 2 <= 00000002
@00004dc8: *00000000 <= 00020000
@00004dcc: *00000000 <= 00020000
@00004de4: $ 4 <= 00000000
@00004de8: *00000000 <= 00020000
@00004e00: *00000000 <= 00000000
@00004e04: $ 1 <= 00020000
@00004e08: $ 4 <= 00090000
@00004e18: $ 2 <= 00000001
@00004e24: $ 4 <= 00000002
@00004e28: $ 2 <= 00000002
@00004e2c: $ 3 <= 00000001
@00004e30: $ 2 <= 00000000
@00004e34: $ 3 <= 00020000
@00004e4c: $ 1 <= 00000000
@00004e50: $ 2 <= 00000007
@00004e58: *00000000 <= 00000007
@00004e5c: $ 1 <= 00000007
@00004e60: $ 4 <= 00000007
@00004e64: $ 2 <= 00000000
@00004e7c: $ 4 <= 00000000
@00004e80: $ 4 <= 00000007
@00004e84: $ 4 <= 00000000
@00004e88: $ 1 <= 00000000
@00004e94: $ 3 <= 00000000
@00004e9c: $ 1 <= 00040000
@00004ea0: $ 4 <= 00000000
@00004ea4: $ 2 <= 00000000
@00004eac: $ 1 <= 00040000
@00004ebc: $ 1 <= 00000000
@00004ec0: $ 2 <= 00000000
@00004ec4: $ 3 <= 00000000
@00004ec8: $ 2 <= 00000007
@00004ee4: $ 3 <= 00000000
@00004ee8: $ 3 <= 00000005
@00004eec: $ 3 <= 00000000
@00004ef0: $ 3 <= 00000001
@00004ef4: $ 3 <= 00000003
@00004efc: $ 4 <= 00060000
@00004f08: $ 4 <= 000c0000
@00004f10: $ 4 <= 00000018
@00004f14: $ 4 <= 18000000
@00004f20: $ 4 <= 00070000
@00004f28: $ 3 <= 00000007
@00004f40: *00000004 <= 07000500
@00004f4c: $ 1 <= 0000000f
@00004f50: $ 2 <= 00000000
@00004f58: $ 2 <= 000d0000
@00004f70: $ 1 <= 00000000
@00004f74: $ 3 <= 00090000
@00004f78: *00000000 <= 00000000
@00004f7c: $ 1 <= 000d000f
@00004f90: $ 1 <= 00000000
@00004f98: *00000000 <= 00000000
@00004f9c: $ 1 <= 00000000
@00004fa0: $ 4 <= 00000000
@00004fa8: *00000000 <= 00000000
@00004fb0: $ 1 <= 00000000
@00004fb0: $ 1 <= 00000000
@00004fb8: $ 4 <= 00000000
@00004fc0: $ 3 <= 00000000
@00004fc4: $ 4 <= 00000000
@00004fc8: $ 3 <= 00000009
@00004fcc: $ 3 <= 00000000
@00004fd0: $ 3 <= 00010000
@00004fd4: $ 3 <= 00010000
@00004fe8: $ 3 <= 00000000
@00004fec: $ 4 <= 00000000
@00004ff4: $ 4 <= 00000000
@00004ffc: $ 4 <= 00000000
@00005004: $ 2 <= 0000000d
@00005008: $ 2 <= 00000000
@00005014: $ 1 <= 00000001
@00005020: $ 3 <= fffffffe
@00005028: $ 4 <= 00000000
@00005030: *00000000 <= 000000fe
@00005038: $ 3 <= 00080000
@00005040: $ 3 <= 00050000
@00005058: $ 2 <= 00050000
@00005060: $ 3 <= 00000000
@00005064: $ 3 <= 00050000
@0000506c: $ 2 <= 00000000
@00005074: $ 4 <= 00000000
@00005084: $ 4 <= 00000000
@0000508c: $ 1 <= 00050000
@000050a8: $ 4 <= 00a00000
@000050b0: $ 1 <= 00a0000d
@000050c4: $ 3 <= 00000020
@000050c8: $ 2 <= 00000020
@000050d0: $ 1 <= 00010000
@000050d4: $ 3 <= 000e0000
@000050d8: $ 1 <= 00010020
@000050dc: *00000020 <= 00000020
@000050e0: $ 1 <= 00000000
@000050e4: $ 1 <= 00020000
@000050e8: $ 1 <= 00000000
@000050ec: $ 4 <= 00000000
@000050f4: $ 2 <= 00000020
@00005108: $ 2 <= 000e0000
@0000510c: $ 1 <= 000e0000
@00005114: $ 2 <= 000e0000
@00005118: $ 2 <= 00000000
@0000511c: $ 4 <= 000c0000
@00005124: $ 3 <= 000c0000
@00005140: $ 1 <= 00000090
@00005140: $ 1 <= 00000090
@00005148: $ 2 <= 00000001
@00005150: *00000000 <= 000001fe
@00005154: $ 4 <= 00000000
@00005158: $ 4 <= 00000000
@0000515c: *00000000 <= 00000100
@0000516c: *00000000 <= 00000000
@00005170: $ 3 <= 00040000
@00005174: *00000000 <= 00000000
@0000517c: $ 3 <= 00000001
@00005190: *00000000 <= 00000100
@00005198: $ 4 <= 00000001
@0000519c: $ 4 <= 000a0000
@000051a0: $ 2 <= 000e0000
@000051c8: $ 1 <= 000e0000
@000051cc: $ 1 <= 00050000
@000051d0: $ 1 <= 00050000
@000051e0: $ 2 <= 00000028
@000051e4: *00000028 <= 00000000
@000051f4: *00000028 <= 00000028
@000051f8: $ 4 <= 00050000
@000051fc: $ 4 <= 00090000
@00005208: *00000000 <= 00000000
@0000520c: *00000000 <= 00000100
@00005210: $ 2 <= 00000008
@00005214: $ 2 <= 00000008
@00005218: $ 3 <= 00000001
@00005220: $ 3 <= 00000001
@00005228: $ 4 <= 00090000
@00005238: $ 2 <= 00060000
@0000523c: $ 3 <= 00000000
@00005250: $ 4 <= 00000100
@00005258: $ 2 <= 00000000
@0000525c: $ 4 <= 00000000
@00005264: $ 3 <= 00000000
@00005270: $ 4 <= 00000000
@00005274: $ 3 <= 00000000
@0000527c: $ 2 <= 00000000
@00005284: $ 2 <= 00050000
@00005290: $ 3 <= 00050000
@00005294: $ 4 <= 00050001
@000052b4: $ 1 <= 000d0000
@000052c0: $ 1 <= 00050001
@000052c4: $ 4 <= 00050001
@000052d0: $ 3 <= 00050001
@000052d4: $ 1 <= 00050001
@000052d8: $ 4 <= 00000000
@000052e0: $ 1 <= 00000000
@000052e8: *00000000 <= 00000000
@000052ec: $ 2 <= 00060000
@000052f0: $ 2 <= 00000000
@000052fc: $ 3 <= 00070000
@00005304: $ 4 <= 00000000
@00005308: $ 3 <= 000f0000
@0000530c: $ 2 <= 00000000
@00005314: $ 4 <= 00000000
@00005324: $ 2 <= 00000000
@0000532c: $ 4 <= 000f0000
@00005330: $ 1 <= 00000000
@00005348: $ 4 <= 000d0000
@00005360: $ 1 <= 00000000
@00005364: $ 4 <= 00000000
@00005370: $ 2 <= 0000000d
@00005384: $ 2 <= 000d0000
@00005388: $ 2 <= 00000000
@00005394: $ 3 <= 00000000
@000053a0: $ 1 <= 000e0000
@000053a4: $ 4 <= 00000000
@000053c0: $ 3 <= 00000000
@000053c4: $ 2 <= 00080000
@000053c8: $ 2 <= 00000000
@000053cc: $ 4 <= 000f0000
@000053d4: $ 3 <= 00000000
@000053d8: $ 4 <= 0000000c
@000053e4: $ 3 <= 000d0000
@000053f4: $ 4 <= 00000090
@000053f8: $ 3 <= 00000000
@00005400: $ 4 <= 00000000
@00005408: $ 2 <= 00000000
@0000540c: $ 1 <= 00000000
@00005410: *00000000 <= 00000000
@00005414: $ 1 <= 00000090
@00005418: $ 4 <= 00000000
@00005420: $ 2 <= 00000000
@00005424: $ 3 <= 00040000
@0000542c: *00000000 <= 00000000
@00005438: $ 3 <= 00000005
@00005440: $ 1 <= 00000000
@00005444: $ 2 <= 00000000
@00005448: $ 2 <= 00000000
@0000544c: *00000000 <= 00000000
@00005450: $ 1 <= 00000000
@00005454: $ 3 <= 00000000
@00005458: $ 3 <= 00000000
@0000545c: *00000000 <= 00000000
@00005460: *00000000 <= 00000000
@00005468: *00000000 <= 00000000
@0000546c: $ 2 <= 00000000
@00005470: *00000000 <= 00000000
@00005478: $ 3 <= 00080000
@0000547c: $ 2 <= 00000000
@00005480: $ 4 <= 00050000
@00005484: $ 1 <= 00000280
@00005494: $ 2 <= 00000000
@000054a4: $ 3 <= 00000000
@000054a8: $ 3 <= 00000000
@000054b0: $ 4 <= 0000000c
@000054b4: *0000000c <= 0000000c
@000054b8: *00000000 <= 00000000
@000054bc: $ 4 <= 00000000
@000054c0: $ 1 <= 00000000
@000054d4: $ 1 <= 00000000
@000054d8: $ 2 <= 00000001
@000054dc: $ 2 <= 00060000
@000054e8: $ 1 <= fff9ffff
@000054fc: $ 3 <= 000c0001
@00005500: $ 2 <= 00060000
@00005504: $ 4 <= 00000000
@00005508: $ 4 <= 000e0001
@0000550c: $ 3 <= 00070000
@00005514: $ 3 <= 00000000
@00005520: $ 2 <= 00000000
@00005528: $ 3 <= 00080000
@00005530: $ 4 <= 00000000
@00005534: $ 3 <= 00000000
@0000553c: $ 3 <= 00000000
@00005540: $ 2 <= 000a0000
@00005548: $ 1 <= 00000000
@0000554c: $ 1 <= 00000000
@00005554: $ 2 <= 00000000
@00005564: $ 4 <= 00060000
@00005568: $ 3 <= 00000000
@00005574: $ 1 <= 00090000
@00005590: $ 1 <= 00000000
@00005594: $ 4 <= 00000001
@00005598: $ 1 <= 000a0000
@000055a4: $ 2 <= 00060000
@000055ac: $ 2 <= 00040000
@000055c4: $ 2 <= 00000000
@000055d4: $ 4 <= 000c0000
@000055d8: *00000000 <= 00000000
@000055dc: $ 3 <= 00000000
@000055e8: $ 1 <= 00000000
@000055f4: $ 2 <= 00000000
@000055f8: $ 4 <= 00000000
@000055fc: $ 3 <= 00000007
@00005600: $ 3 <= 00000007
@00005608: $ 2 <= 00000000
@0000560c: $ 3 <= 00030000
@00005610: $ 4 <= 00000000
@00005618: $ 4 <= 00000000
@00005620: $ 1 <= 00000000
@00005628: $ 2 <= 00000000
@00005630: $ 3 <= 00030000
@00005640: $ 4 <= 00000003
@00005644: $ 2 <= 00000006
@0000564c: $ 2 <= 000b0000
@00005654: $ 2 <= 00000079
@0000565c: $ 3 <= 00000000
@00005660: $ 1 <= 00030000
@00005664: $ 3 <= 00000000
@00005668: $ 3 <= 00000000
@0000566c: $ 1 <= 00030000
@00005670: $ 2 <= 00000000
@0000567c: *00000000 <= 00030000
@00005688: $ 4 <= 00010000
@00005698: $ 4 <= 00000000
@000056a0: *00000000 <= 00030000
@000056ac: $ 1 <= 00000000
@000056b4: $ 3 <= 00030000
@000056d0: $ 3 <= 00000000
@000056ec: $ 1 <= 00000000
@000056f0: $ 3 <= 00000000
@000056f8: $ 1 <= 00030000
@00005700: $ 2 <= 00000600
@00005704: $ 3 <= 00030006
@0000570c: $ 4 <= 00000000
@00005710: $ 2 <= 00000000
@00005714: $ 4 <= 00000000
@00005718: $ 2 <= 00060000
@00005728: $ 4 <= 00060009
@00005734: $ 2 <= 00030006
@00005740: $ 1 <= 00020000
@00005748: $ 3 <= 0002000a
@00005750: $ 4 <= 00002000
@00005754: $ 1 <= 00000200
@0000575c: $ 3 <= 00000000
@00005760: $ 2 <= 00000000
@00005764: $ 4 <= 00030000
@00005768: $ 4 <= 00000000
@0000576c: $ 3 <= 00000000
@00005770: $ 1 <= 00080000
@00005778: $ 2 <= 00000000
@0000577c: $ 2 <= 00000000
@00005780: $ 3 <= 00070000
@0000578c: $ 2 <= 00020000
@000057a0: $ 1 <= 00020009
@000057a4: $ 2 <= 00000000
@000057a8: $ 1 <= 00000001
@000057ac: $ 3 <= 00000001
@000057b0: $ 4 <= 00000005
@000057c4: $ 1 <= 00000005
@000057d4: $ 1 <= 000d0000
@000057dc: *00000000 <= 00030000
@000057e4: $ 1 <= 00000000
@000057f8: $ 4 <= 00000000
@000057fc: $ 4 <= 00000000
@00005800: $ 2 <= 00000000
@00005808: *00000000 <= 00030000
@0000580c: *00000000 <= 00030000
@00005814: $ 3 <= 000c0000
@00005820: $ 3 <= 00090000
@00005840: $ 2 <= 00090000
@00005854: $ 4 <= 000f0000
@0000585c: $ 3 <= 00090000
@00005860: $ 1 <= 00090000
@00005870: $ 2 <= 00090000
@00005878: $ 1 <= 00070000
@00005880: $ 3 <= 00090000
@00005888: $ 2 <= 00000000
@000058a0: $ 4 <= 000000e1
@000058ac: $ 4 <= 000000e1
@000058b0: $ 4 <= 00000000
@000058b4: *00000000 <= 00030000
@000058b8: $ 4 <= 00070000
@000058c0: $ 3 <= 00070000
@000058cc: $ 4 <= 00020000
@000058d4: $ 4 <= 00000000
@000058e0: $ 1 <= 0000e000
@000058e8: $ 4 <= 00000031
@000058ec: $ 1 <= 00000000
@000058f0: $ 4 <= 00000001
@000058f8: *00000000 <= 00030001
@00005900: $ 4 <= 00000000
@00005908: $ 3 <= 00000000
@0000590c: $ 1 <= 00030001
@00005914: $ 1 <= 00000031
@00005924: $ 3 <= 00000005
@0000592c: $ 1 <= 00000031
@0000593c: $ 2 <= 00060000
@0000594c: $ 3 <= 000f0000
@00005950: $ 1 <= 000f0003
@00005954: $ 3 <= 000d0000
@00005964: $ 3 <= 00780018
@00005968: $ 4 <= 00000000
@0000596c: $ 2 <= 00000001
@00005974: $ 2 <= 00000002
@00005980: $ 1 <= 00000007
@00005984: *00000000 <= 00020001
@00005988: $ 1 <= 00000000
@0000598c: $ 2 <= 000c0000
@0000599c: $ 3 <= 30000000
@000059a4: $ 1 <= 00000000
@000059b0: $ 4 <= 00000000
@000059b8: $ 2 <= 00080000
@000059c0: *00000000 <= 00020000
@000059c4: $ 3 <= 00000000
@000059c8: $ 1 <= 00000000
@000059d0: $ 1 <= 00000000
@000059e4: $ 2 <= 00080000
@000059ec: $ 1 <= 00000000
@000059f4: $ 3 <= 000d0000
@00005a00: $ 4 <= 00040000
@00005a04: $ 2 <= 00000000
@00005a0c: $ 2 <= 00000000
@00005a10: $ 2 <= 00000000
@00005a14: *00000000 <= 00020000
@00005a18: $ 1 <= 00000000
@00005a24: *00000000 <= 00020000
@00005a2c: $ 2 <= 00080000
@00005a30: $ 3 <= 00080000
@00005a38: $ 3 <= 00000000
@00005a3c: $ 3 <= 00000000
@00005a40: $ 2 <= 00000000
@00005a44: *00000000 <= 00020000
@00005a48: *00000000 <= 00000000
@00005a4c: $ 2 <= 00000000
@00005a50: $ 1 <= 00000000
@00005a54: $ 4 <= 00000000
@00005a5c: $ 2 <= 00060000
@00005a64: $ 1 <= 00000000
@00005a68: *00000000 <= 00060000
@00005a70: $ 3 <= 00080000
@00005a78: $ 4 <= 00030000
@00005a80: $ 1 <= 00030000
@00005a84: $ 3 <= 00080000
@00005a88: $ 3 <= 000f0000
@00005a8c: $ 2 <= 000d0000
@00005a94: $ 1 <= 00010000
@00005aa0: $ 4 <= 000f0000
@00005aa8: $ 1 <= 000f0000
@00005ab0: $ 4 <= 00000000
@00005ab8: *00000000 <= 00060000
@00005ac4: $ 2 <= 00000000
@00005ac8: $ 2 <= 00000000
@00005acc: $ 1 <= 00060000
@00005ad0: $ 4 <= 00000000
@00005ad8: $ 1 <= 00060003
@00005af4: $ 1 <= ffffffff
@00005af8: $ 2 <= 00000000
@00005afc: $ 1 <= 00000000
@00005b00: $ 2 <= 00000000
@00005b08: $ 1 <= 00000000
@00005b0c: $ 4 <= 000f0000
@00005b18: $ 3 <= 000f0000
@00005b2c: $ 3 <= 00010000
@00005b30: $ 2 <= 00000000
@00005b34: $ 1 <= 00000001
@00005b40: $ 4 <= 00008000
@00005b40: $ 4 <= 00008000
@00005b60: $ 4 <= 00000000
@00005b64: *00000000 <= 00060001
@00005b68: $ 3 <= 00000000
@00005b74: $ 2 <= 00000001
@00005b80: *00000000 <= 00060101
@00005b84: $ 1 <= 00030000
@00005b8c: $ 3 <= 00030000
@00005b94: $ 1 <= 00000000
@00005b98: $ 2 <= 00060101
@00005bc4: *00000000 <= 00000000
@00005bc8: $ 2 <= 000e0000
@00005bd0: $ 2 <= 00000000
@00005bd4: $ 2 <= 00000000
@00005bd8: $ 2 <= 00000000
@00005bdc: *00000000 <= 00000000
@00005be4: $ 2 <= 00000000
@00005bf0: $ 3 <= 00000000
@00005bf8: $ 1 <= 00000000
@00005c00: $ 3 <= 00000003
@00005c04: $ 2 <= 00000000
@00005c0c: $ 3 <= 00000000
@00005c14: $ 2 <= 00000000
@00005c1c: $ 1 <= 00000000
@00005c30: $ 2 <= 00000000
@00005c3c: *00000000 <= 00000000
@00005c44: $ 4 <= 00000000
@00005c50: *00000000 <= 00000000
@00005c58: $ 1 <= 00000000
@00005c60: $ 1 <= 00050000
@00005c64: $ 3 <= 00000000
@00005c6c: $ 1 <= 00500000
@00005c74: $ 3 <= 00000000
@00005c84: $ 2 <= 00000000
@00005c8c: $ 3 <= 000c0000
@00005c94: $ 3 <= 00070000
@00005c9c: $ 1 <= 00000000
@00005ca8: $ 2 <= 00000008
@00005cb0: $ 1 <= 000a000a
@00005cb0: $ 1 <= 000a000a
@00005cb4: *00000008 <= 000a0008
@00005cbc: $ 2 <= 00000000
@00005cc4: *00000000 <= 00000000
@00005cd4: $ 1 <= 00000008
@00005ce4: $ 2 <= 00000000
@00005cf4: $ 2 <= 000f0000
@00005cf8: $ 1 <= 00000008
@00005d00: $ 3 <= 00000008
@00005d04: $ 4 <= 000f0000
@00005d0c: $ 4 <= 00000008
@00005d10: *00000008 <= 000a0008
@00005d14: $ 1 <= 00000008
@00005d1c: $ 3 <= 00000011
@00005d20: $ 2 <= 00000000
@00005d24: $ 3 <= 00000000
@00005d28: $ 1 <= 0000000f
@00005d2c: $ 2 <= 000b0000
@00005d3c: $ 4 <= 000b0000
@00005d44: $ 3 <= 000e0000
@00005d4c: $ 3 <= 00050000
@00005d50: $ 1 <= 000e0000
@00005d54: $ 4 <= 000e0002
@00005d70: $ 1 <= 000b0000
@00005d84: $ 2 <= 00000000
@00005d8c: $ 3 <= 000b0000
@00005d98: $ 3 <= 00000000
@00005da0: $ 1 <= 0000000f
@00005dac: $ 1 <= 00000000
@00005db4: $ 4 <= 00030000
@00005dd4: $ 3 <= 00000000
@00005dd8: *00000000 <= 00000000
@00005ddc: $ 4 <= 00000000
@00005de0: $ 4 <= 00000000
@00005de4: $ 1 <= 00000000
@00005dec: $ 2 <= 000e0000
@00005df0: $ 3 <= 000e0002
@00005df4: $ 3 <= 000b0000
@00005e04: $ 3 <= 000a0000
@00005e08: $ 2 <= 00000000
@00005e10: $ 1 <= 00000000
@00005e18: $ 1 <= 00000000
@00005e2c: $ 3 <= 00060000
@00005e48: *00000000 <= 00000000
@00005e4c: $ 2 <= 00000000
@00005e54: *00000000 <= 00000000
@00005e58: *00000000 <= 00000000
@00005e60: $ 1 <= 00000000
@00005e64: *00000000 <= 00000000
@00005e68: $ 4 <= 00000000
@00005e70: $ 3 <= 00000000
@00005e74: $ 2 <= 00000000
@00005e78: $ 2 <= 00000000
@00005e80: $ 4 <= 00000000
@00005e80: $ 4 <= 00000000
@00005e88: *00000000 <= 00000000
@00005e90: $ 3 <= 00000000
@00005e98: $ 4 <= 00000000
@00005ea4: $ 3 <= 00000000
@00005eac: $ 1 <= 0000000f
@00005eb4: $ 2 <= 00000017
@00005ebc: $ 1 <= 00000000
@00005ec4: $ 2 <= 00000000
@00005ed4: $ 2 <= 00000000
@00005ee0: $ 1 <= 00000000
@00005ee8: *00000000 <= 00000000
@00005ef4: *00000000 <= 00000000
@00005efc: $ 3 <= 00000000
@00005f00: $ 1 <= 00070000
@00005f08: $ 2 <= 00000000
@00005f0c: $ 1 <= 00000000
@00005f10: *00000000 <= 00000000
@00005f18: $ 3 <= 00000002
@00005f28: $ 4 <= 00000000
@00005f2c: $ 2 <= 000d0000
@00005f40: $ 4 <= 00000000
@00005f44: $ 3 <= 0000000a
@00005f4c: $ 1 <= 00060000
@00005f50: $ 3 <= 000000c0
@00005f54: $ 3 <= 00090000
@00005f68: $ 4 <= 000c0000
