@00003000: $28 <= 00000000
@00003004: $29 <= 00000000
@00003008: $17 <= 00000000
@0000300c: $ 2 <= 00000000
@00003010: $ 2 <= ffffffff
@00003014: $ 2 <= 0000ad70
@00003018: $17 <= 00000000
@0000301c: $ 2 <= 00000000
@00003020: $ 6 <= 00000000
@00003024: $ 2 <= 00000000
@00003028: $17 <= 00000000
@0000302c: $17 <= 00000000
@00003030: $17 <= 00000000
@00003034: $17 <= 00000000
@00003038: $17 <= 00000000
@0000303c: *0000000c <= 00000000
@00003040: $17 <= af1d0000
@00003044: $ 2 <= 00005f36
@00003048: $ 2 <= cd4b0000
@0000304c: $ 2 <= 00000000
@00003050: $17 <= 00000001
@00003058: $17 <= 00000000
@0000305c: $ 2 <= 00000000
@00003060: $17 <= 00000000
@00003064: $17 <= 00000000
@00003068: $17 <= 00000000
@0000306c: $ 2 <= 00000000
@00003074: $ 6 <= 00000000
@00003078: $ 2 <= 00000000
@0000307c: $ 6 <= 00000001
@00003084: $17 <= 00000000
@00003088: $ 6 <= 00000000
@0000308c: *00000000 <= 00000000
@00003090: $ 2 <= 00000000
@00003094: $17 <= 00000000
@00003098: $17 <= 00000000
@0000309c: $17 <= 00000000
@000030a0: $ 2 <= ffffffff
@000030a4: $ 2 <= 00000000
@000030a8: $ 2 <= 00000000
@000030ac: $ 6 <= 00000000
@000030b0: $ 2 <= 00000000
@000030b4: $ 2 <= 00000000
@000030b8: $17 <= 00000000
@000030bc: $ 2 <= 00000000
@000030c0: $ 2 <= 00000000
@000030c4: $17 <= 00000000
@000030c8: $ 2 <= 00000000
@000030d0: $17 <= 00000000
@000030d8: $ 2 <= 00000000
@000030dc: $ 2 <= 00000000
@000030e0: $17 <= 00000001
@000030e8: $17 <= 00000000
@000030f0: $17 <= 00000000
@000030fc: $ 2 <= 00000000
@00003100: *00000000 <= 00000000
@00003104: $31 <= 0000310c
@00003108: $ 6 <= 00000010
@00003110: $ 6 <= 0000311c
@00003114: $ 6 <= 0000311c
@0000311c: $17 <= 0000f79d
@00003120: $17 <= 00007953
@00003128: $ 2 <= 00000000
@00003138: $ 2 <= 00000000
@0000313c: $17 <= 00000000
@00003140: $ 2 <= 00000000
@00003148: $ 6 <= 00000000
@00003154: $ 6 <= 00000000
@00003158: *00000004 <= 00000000
@0000315c: $ 6 <= 00000000
@00003160: $ 2 <= 00000000
@00003164: $17 <= 00000000
@00003168: $ 2 <= 00000000
@0000316c: $ 6 <= 00000000
@00003170: $ 2 <= 00000000
@00003174: $17 <= 00000001
@00003178: $17 <= 00000000
@0000317c: $17 <= 00000000
@00003180: $17 <= 00000000
@00003184: $ 6 <= 00000001
@00003190: $ 6 <= 00000001
@00003194: $ 6 <= 00000001
@00003198: $17 <= 00000000
@0000319c: $ 6 <= 00000000
@000031a0: $31 <= 000031a8
@000031a4: $17 <= 00000010
@000031ac: $17 <= 000031b8
@000031b8: $ 2 <= 00000000
@000031bc: $ 2 <= 00000000
@000031c4: $ 2 <= 00000000
@000031cc: $ 2 <= 00000001
@000031d0: $ 6 <= 00000000
@000031d4: $17 <= 00000000
@000031d8: $ 6 <= 00000000
@000031dc: $ 2 <= 00000000
@000031e0: $ 2 <= 1d390000
@000031e8: $ 2 <= 00000000
@000031f0: $17 <= ffffffff
@000031f4: $17 <= ffffffff
@000031f8: $17 <= 00000000
@000031fc: $ 6 <= 00000000
@00003200: $ 6 <= 00000001
@0000320c: $17 <= 00000000
@00003210: $17 <= 00000001
@00003218: $ 2 <= 00004b72
@00003224: $ 2 <= 00000001
@0000322c: $17 <= 00000000
@0000323c: $31 <= 00003244
@00003240: $ 2 <= 00000010
@00003248: $ 2 <= 00003254
@00003254: $ 6 <= 00000000
@00003258: $ 6 <= 00000000
@0000325c: $ 6 <= 00000000
@00003260: $ 6 <= 00003254
@00003264: $17 <= 00000000
@00003268: $ 6 <= ffffcdab
@0000326c: $ 6 <= ffffcdab
@00003270: $17 <= 00000000
@00003274: *0000000c <= 00003254
@00003278: $17 <= ffffcdab
@0000327c: $ 6 <= 00000000
@00003280: $ 2 <= 00000000
@00003284: $17 <= 00000000
@0000328c: $17 <= 00000001
@00003294: $17 <= ffffe9ca
@00003298: $ 2 <= 00000000
@000032a0: $ 6 <= 00000001
@000032ac: $ 2 <= 00000000
@000032b0: *00000000 <= e9ca0000
@000032b8: $ 6 <= ffffe9ca
@000032bc: $17 <= ffffe9cb
@000032c4: $17 <= ffffe9cb
@000032cc: $17 <= ffffe9ca
@000032d0: $ 6 <= 00000000
@000032d4: $31 <= 000032dc
@000032d8: $ 6 <= 00000010
@000032e0: $ 6 <= 000032ec
@000032f0: $ 2 <= 00000001
@000032f8: $17 <= 00000000
@00003300: $31 <= 00003308
@00003304: $ 2 <= 00000010
@0000330c: $ 2 <= 00003318
@00003310: $ 2 <= 00003318
@00003318: $ 2 <= 00000000
@0000331c: $ 6 <= 00000000
@00003320: $17 <= 00000000
@00003324: $31 <= 0000332c
@00003328: $ 6 <= 00000010
@00003330: $ 6 <= 0000333c
@0000333c: $17 <= 00000001
@00003340: $ 2 <= 0000333c
@00003344: $ 6 <= 00000000
@00003348: $ 2 <= 0000333c
@00003350: $ 2 <= 00000000
@00003354: $17 <= 00000000
@00003358: $ 2 <= 00000001
@00003360: $17 <= ffffa17c
@00003364: $ 6 <= 00003155
@0000336c: $31 <= 00003374
@00003370: $ 6 <= 00000010
@00003378: $ 6 <= 00003384
@00003384: $31 <= 0000338c
@00003388: $ 6 <= 00000010
@00003390: $ 6 <= 0000339c
@0000339c: $ 2 <= 00000000
@000033a0: $ 6 <= ffffffff
@000033a8: $ 6 <= 00000000
@000033ac: $ 6 <= ffffffca
@000033b4: $ 2 <= 00000000
@000033b8: $17 <= 00000000
@000033bc: $31 <= 000033c4
@000033c0: $ 6 <= 00000010
@000033c8: $ 6 <= 000033d4
@000033d4: $17 <= 00000000
@000033dc: $ 2 <= 00000000
@000033ec: $ 2 <= 00000000
@000033f0: $ 2 <= 00000000
@000033f4: $17 <= 00000000
@000033f8: $17 <= 00000000
@000033fc: *0000000c <= 33d43254
@00003400: $ 6 <= 00000000
@00003404: $ 2 <= 00000000
@00003408: $ 2 <= 00000000
@00003410: $ 6 <= 00000000
@00003414: $17 <= 00000000
@00003418: $17 <= 00000000
@0000341c: $17 <= 33d43254
@00003420: $17 <= 00000000
@00003424: $ 2 <= 00000001
@0000342c: $ 6 <= 00000000
@00003430: $17 <= 00000000
@00003434: $ 6 <= 00000000
@00003438: $ 2 <= 00000000
@0000343c: $17 <= 00000000
@00003440: *00000008 <= 00000000
@00003444: $17 <= 00000000
@00003448: $ 2 <= 00000000
@0000344c: $ 6 <= 00000000
@00003450: $ 2 <= 00000000
@00003454: $ 2 <= 00000000
@00003458: $ 2 <= 00000000
@00003460: $ 6 <= 00000000
@00003464: *00000000 <= 00000000
@00003468: $ 6 <= 00000000
@0000346c: *00000004 <= 00000000
@00003470: $17 <= 00000001
@00003478: $ 6 <= 00000001
@00003488: $17 <= 00000000
@0000348c: *00000008 <= 00000001
@00003494: $ 2 <= 00000000
@00003498: *0000000c <= 00d43254
@0000349c: $17 <= 00000001
@000034a4: $ 2 <= 00000000
@000034a8: $ 2 <= 00000000
@000034ac: $ 6 <= 00002b50
@000034b0: $17 <= 00000000
@000034b4: $ 2 <= 00000000
@000034b8: $17 <= 00000000
@000034c0: $ 6 <= 00002b51
@000034cc: $ 6 <= 00002810
@000034d4: $ 2 <= 00000000
@000034dc: $ 6 <= 00000000
@000034e0: $17 <= 00000000
@000034e4: $31 <= 000034ec
@000034e8: $ 6 <= 00000010
@000034f0: $ 6 <= 000034fc
@00003500: $ 6 <= 00000000
@0000350c: $ 2 <= 00000000
@00003510: $17 <= 00000000
@00003514: $ 6 <= 000000d4
@00003518: $17 <= 00000000
@0000351c: $ 6 <= ffffffd4
@00003520: $31 <= 00003528
@00003524: $ 2 <= 00000010
@0000352c: $ 2 <= 00003538
@00003538: $ 2 <= 00000000
@0000353c: $17 <= 00000000
@00003540: $17 <= 00000001
@00003548: $ 6 <= 00000000
@0000354c: $17 <= 00000000
@00003554: $ 2 <= 00005f61
@0000355c: $ 2 <= ffffa09f
@00003564: $ 2 <= 00000000
@00003568: $17 <= 00000000
@0000356c: $17 <= 0000f7c0
@00003570: $ 6 <= 00000000
@00003574: $17 <= 00000000
@0000357c: $ 6 <= 00000000
@00003580: $ 2 <= 00000000
@00003584: $ 2 <= 00000000
@00003588: $ 6 <= 00000000
@00003590: $ 6 <= 93710000
@00003598: $17 <= 00000000
@0000359c: *00000000 <= 00000000
@000035a0: $ 6 <= 9371a803
@000035a4: $17 <= 00000000
@000035a8: *00000000 <= 00000000
@000035ac: $31 <= 000035b4
@000035b0: $ 2 <= 00000010
@000035b8: $ 2 <= 000035c4
@000035bc: $ 2 <= 000035c4
@000035c8: $ 6 <= 00000000
@000035cc: $ 6 <= 00008f16
@000035dc: $17 <= 00000000
@000035e0: $ 6 <= 00008f17
@000035e8: $ 2 <= 00000000
@000035f0: $17 <= 00000000
@000035fc: $17 <= 000023f7
@00003600: $17 <= 00000000
@00003604: $ 2 <= 00000000
@00003608: $17 <= 00000000
@00003610: $ 2 <= 00000000
@0000361c: $ 6 <= 00000000
@00003620: $ 6 <= ffffffff
@0000362c: $17 <= 00000000
@00003638: $17 <= ffffffff
@00003640: $ 6 <= ffffffff
@00003644: $17 <= ffffffff
@0000364c: $31 <= 00003654
@00003650: $ 6 <= 00000010
@00003658: $ 6 <= 00003664
@00003664: $ 2 <= 00000000
@00003670: $ 2 <= 00000000
@00003674: $17 <= 00000001
@00003678: $ 2 <= 00000001
@0000367c: $ 2 <= 00000001
@00003684: $ 6 <= 00003665
@0000368c: $ 2 <= 00000000
@00003694: $ 2 <= ffffcaab
@0000369c: $17 <= 00000000
@000036a0: *0000000c <= 00d43665
@000036a4: $ 6 <= 00000000
@000036a8: $ 2 <= ffffcaab
@000036b4: $17 <= ffffcaab
@000036bc: $17 <= 00000000
@000036c0: $ 2 <= ffffcaab
@000036c8: $17 <= 00000000
@000036cc: *00000008 <= 00000001
@000036d0: $ 2 <= 00000000
@000036d8: $ 6 <= 00000000
@000036e4: $ 6 <= 00000001
@000036e8: $ 6 <= 00000000
@000036ec: *0000000c <= 00003665
@000036f4: $ 2 <= 00000000
@000036f8: $ 2 <= 00000001
@00003700: $ 6 <= 00000000
@00003704: $ 6 <= 00000000
@00003708: $ 2 <= 00000001
@0000370c: $ 6 <= 00000000
@00003714: $ 6 <= 00005ade
@00003718: $ 6 <= 00005adf
@0000371c: $17 <= 00000001
@00003720: $ 2 <= 00000001
@00003724: $ 6 <= 00000001
@00003728: $17 <= 00000000
@0000372c: $ 2 <= 00000000
@00003730: $ 6 <= 00000000
@00003734: $31 <= 0000373c
@00003738: $ 2 <= 00000010
@00003740: $ 2 <= 0000374c
@00003750: $ 6 <= 00000000
@00003754: $ 6 <= 00000000
@00003758: $ 6 <= 00003fde
@0000375c: $ 2 <= 00000000
@00003760: $ 2 <= 00003665
@00003768: $ 2 <= 00000000
@00003770: $ 2 <= 00000000
@00003778: $ 6 <= 00000000
@0000377c: *00000008 <= 00000000
@00003780: $ 2 <= 00000000
@00003784: $ 2 <= 00000000
@00003788: $ 6 <= 00000000
@0000378c: $17 <= 00000001
@00003790: $ 2 <= 00000000
@00003794: $31 <= 0000379c
@00003798: $17 <= 00000010
@000037a0: $17 <= 000037ac
@000037ac: $ 6 <= 00000001
@000037b0: $17 <= 00000000
@000037b4: $ 2 <= 00000000
@000037b8: $ 2 <= 00003f69
@000037c4: $17 <= 00000000
@000037cc: $ 6 <= 00007f44
@000037d8: $17 <= 00000000
@000037dc: $ 6 <= 00000000
@000037e0: $ 6 <= 00003665
@000037e4: $ 2 <= 00000000
@000037e8: *00000008 <= 00000000
@000037f0: $ 2 <= ffff8fd0
@000037f4: $17 <= 00000001
@00003800: $ 2 <= 00000000
@00003804: *00000000 <= 00000000
@00003808: $17 <= 000085d4
@00003810: $ 6 <= 00000000
@00003818: $17 <= 00000000
@00003820: $ 2 <= 00000000
@00003824: $ 6 <= 00000000
@0000382c: $17 <= 00000000
@00003830: $ 6 <= 00000000
@00003834: $17 <= 00000000
@00003838: $17 <= 00000001
@0000383c: $ 2 <= 00000000
@00003840: $17 <= 00000000
@00003848: $ 2 <= 00000000
@00003850: $ 2 <= ffffa0da
@00003854: $17 <= 00000000
@00003858: $ 2 <= ffffa0da
@0000385c: $ 6 <= 00000000
@00003860: $ 6 <= 00000000
@00003864: $17 <= 00000000
@00003868: $17 <= 00000000
@0000386c: $ 6 <= e8368000
@00003870: $ 2 <= e836dd43
@00003878: $ 2 <= 00000000
@00003884: $17 <= 00000001
@00003888: $ 6 <= 00000000
@0000388c: $ 2 <= 00000065
@00003894: $ 6 <= 00000000
@000038a0: $ 6 <= 00000000
@000038a4: *00000000 <= 00000001
@000038ac: $ 6 <= 00000000
@000038b0: $17 <= 00000000
@000038b4: $ 2 <= 00000000
@000038b8: $ 6 <= 00000000
@000038bc: $ 6 <= 00005093
@000038c0: $17 <= 00000000
@000038c4: $ 2 <= 00000000
@000038c8: $ 6 <= 00000000
@000038cc: *00000004 <= 00000000
@000038d0: $ 6 <= 00000000
@000038d4: $17 <= 00000000
@000038dc: $17 <= 00000000
@000038e0: *00000008 <= 00000000
@000038e8: $ 6 <= 00000001
@000038f0: $ 2 <= 00008a37
@000038f4: $ 2 <= 00000000
@000038f8: $ 6 <= 00000001
@00003900: $ 2 <= 00000001
@00003904: $17 <= 00009759
@0000390c: $31 <= 00003914
@00003910: $ 2 <= 00000010
@00003918: $ 2 <= 00003924
@0000391c: $ 2 <= 00003924
@00003924: $ 2 <= 00000000
@00003928: *00000000 <= 00000000
@00003930: $ 2 <= 00000000
@00003938: $17 <= 00004bac
@0000393c: $ 2 <= 00000001
@00003940: $ 6 <= 00000000
@00003944: $17 <= 00000000
@00003948: $ 6 <= 00000000
@0000394c: $ 6 <= 0000127c
@00003950: $ 6 <= 00000001
@00003954: $ 6 <= 00000000
@00003958: *00000008 <= 00010000
@0000395c: $ 2 <= 00000000
@00003960: $ 2 <= 00000000
@00003964: $31 <= 0000396c
@00003968: $17 <= 00000010
@00003970: $17 <= 0000397c
@00003974: $17 <= 0000397c
@0000397c: $17 <= 00000000
@00003980: *0000000c <= 00003665
@00003984: $17 <= 00000000
@00003988: *00000008 <= 00000000
@0000398c: $17 <= 00000000
@00003990: $ 6 <= 00000000
@00003994: $ 6 <= 00000000
@00003998: $ 6 <= 00000000
@0000399c: $ 6 <= 00000000
@000039a0: $ 6 <= 00000000
@000039a4: $ 6 <= 00000000
@000039a8: $ 2 <= 00000000
@000039ac: *00000008 <= 00000000
@000039b0: $ 2 <= 00000000
@000039b4: $ 2 <= 00000000
@000039b8: $17 <= 00005868
@000039bc: $31 <= 000039c4
@000039c0: $ 2 <= 00000010
@000039c8: $ 2 <= 000039d4
@000039d4: $ 6 <= 00000000
@000039d8: *00000000 <= 00000000
@000039dc: $ 6 <= 9c980000
@000039e0: $17 <= 00000000
@000039e4: $17 <= 00000000
@000039e8: $ 6 <= 9c980000
@000039ec: $17 <= 6367c62b
@000039f4: $ 6 <= 00000000
@000039f8: $ 6 <= 00000000
@000039fc: $ 2 <= 6367c62b
@00003a00: $ 2 <= 00000000
@00003a04: *00000004 <= 00000000
@00003a08: $ 2 <= 00000000
@00003a0c: $17 <= 00000000
@00003a10: $ 2 <= 00000000
@00003a14: *0000000c <= 00003665
@00003a20: $ 2 <= 00000000
@00003a28: $17 <= 00002bbe
@00003a30: $17 <= 00000000
@00003a34: $ 2 <= 00000000
@00003a38: $17 <= 00000001
@00003a3c: $17 <= 00000000
@00003a40: $17 <= 00000000
@00003a44: $ 6 <= adf30000
@00003a4c: $ 6 <= 00000000
@00003a50: $17 <= 00000000
@00003a54: $ 2 <= 00000000
@00003a5c: $17 <= 00000000
@00003a68: $ 2 <= 00000000
@00003a6c: $ 6 <= 00000000
@00003a70: $ 2 <= 00003665
@00003a74: $ 2 <= 00000000
@00003a78: *00000008 <= 00000000
@00003a84: $17 <= 00000000
@00003a94: $ 6 <= 00000000
@00003a98: *00000008 <= 00000000
@00003a9c: $ 6 <= 000052c0
@00003aa0: $ 6 <= 00000000
@00003aa8: $ 6 <= 00000000
@00003ab0: $ 6 <= 9ccb0000
@00003ab4: $17 <= 00000000
@00003abc: $ 6 <= 00000000
@00003ac8: $17 <= 00000000
@00003acc: $17 <= ffffffff
@00003ad0: $17 <= ffffffff
@00003ad8: $ 6 <= ffffffff
@00003ae8: $17 <= 00000001
@00003af0: $ 2 <= 00000000
@00003af8: $ 2 <= 000069bd
@00003afc: $17 <= a0000000
@00003b00: $ 6 <= 9fff9643
@00003b04: $31 <= 00003b0c
@00003b08: $17 <= 00000010
@00003b10: $17 <= 00003b1c
@00003b14: $ 2 <= 00003b1c
@00003b1c: $ 2 <= 9fff9643
@00003b20: $17 <= 00000000
@00003b24: *00000004 <= 9fff9643
@00003b28: $ 6 <= 00000000
@00003b2c: *00000008 <= 96430000
@00003b34: $ 2 <= 0000752c
@00003b3c: $ 6 <= 0000589e
@00003b40: $17 <= 00000000
@00003b44: $31 <= 00003b4c
@00003b48: $17 <= 00000010
@00003b50: $17 <= 00003b5c
@00003b5c: $31 <= 00003b64
@00003b60: $ 6 <= 00000010
@00003b68: $ 6 <= 00003b74
@00003b6c: $ 6 <= 00003b74
@00003b74: $ 2 <= 00000000
@00003b78: $ 6 <= 00003b75
@00003b8c: $ 2 <= 00000000
@00003b90: $ 6 <= 00003665
@00003b94: $17 <= 00003b5d
@00003b9c: $ 2 <= 00076ba0
@00003ba0: $ 6 <= 00000000
@00003ba4: $17 <= 00000000
@00003ba8: $17 <= 0000c88b
@00003bac: $17 <= 00000000
@00003bb0: $ 6 <= 00000000
@00003bb4: *00000004 <= 00009643
@00003bbc: $17 <= 00000000
@00003bc0: $ 6 <= 00000096
@00003bc4: $17 <= 00000001
@00003bcc: $ 2 <= 00076ba0
@00003bd4: $17 <= 0007f18b
@00003bdc: $ 6 <= 00000000
@00003be0: $ 6 <= 00000000
@00003be4: $ 6 <= 00000000
@00003be8: $17 <= fff80e75
@00003bec: $ 2 <= 00000001
@00003bf0: $ 2 <= 00000001
@00003bf8: $ 2 <= ffffffff
@00003bfc: $17 <= 00000000
@00003c00: *00000008 <= 00000000
@00003c04: $17 <= 00000000
@00003c08: $ 6 <= 00000000
@00003c0c: $ 6 <= 00000000
@00003c10: $17 <= ffffe74e
@00003c14: $ 2 <= 00000000
@00003c18: $ 2 <= 00000000
@00003c1c: $ 2 <= 00000000
@00003c24: $ 2 <= 000018b1
@00003c28: $ 6 <= 00000000
@00003c30: $ 6 <= 00000000
@00003c34: $17 <= 000018b1
@00003c38: $ 6 <= 00000000
@00003c3c: $ 2 <= 00000000
@00003c40: *00000008 <= 00000000
@00003c44: $ 2 <= 0000163f
@00003c4c: $ 6 <= 00000000
@00003c50: *00000008 <= 00000000
@00003c54: $ 2 <= 0000163f
@00003c58: $ 2 <= 80000000
@00003c5c: $ 6 <= 000018b1
@00003c60: $ 2 <= 80000000
@00003c74: $ 2 <= 00000000
@00003c78: $ 2 <= 00000001
@00003c80: $17 <= ffffb0e6
@00003c84: $ 2 <= 00000000
@00003c88: $17 <= 00000000
@00003c8c: $31 <= 00003c94
@00003c90: $ 2 <= 00000010
@00003c98: $ 2 <= 00003ca4
@00003ca4: $ 6 <= 00000000
@00003ca8: $17 <= 00009643
@00003cac: $ 6 <= 000018b1
@00003cb4: $ 2 <= 00009747
@00003cbc: $ 6 <= 00000000
@00003cc0: *0000000c <= 43003665
@00003cc4: $17 <= 00000000
@00003ccc: $ 2 <= 00000000
@00003cd0: $17 <= 00000001
@00003cd8: $ 6 <= 00000000
@00003cdc: $ 6 <= 00000000
@00003ce4: $ 2 <= 00000000
@00003ce8: *00000004 <= 00000000
@00003cec: $17 <= 00000001
@00003cf0: $ 6 <= 00000000
@00003cf4: $17 <= 00000000
@00003d0c: $ 2 <= 00000000
@00003d10: $ 6 <= 43003665
@00003d14: $17 <= 43003665
@00003d1c: $17 <= 43003f7b
@00003d28: $17 <= 43003f7b
@00003d2c: $17 <= 11891ed9
@00003d30: $17 <= 00000000
@00003d34: $ 6 <= 00000036
@00003d38: $ 2 <= ffffffc9
@00003d40: $ 6 <= 00000014
@00003d44: $ 2 <= 00000ebd
@00003d48: $31 <= 00003d50
@00003d4c: $ 6 <= 00000010
@00003d54: $ 6 <= 00003d60
@00003d58: $ 6 <= 00003d60
@00003d60: $ 6 <= ffffdbfb
@00003d64: $ 2 <= 00000000
@00003d68: $17 <= 00000000
@00003d6c: $17 <= 00002404
@00003d70: $17 <= 00000000
@00003d74: $17 <= 00000000
@00003d7c: $ 2 <= 00000000
@00003d84: $ 6 <= 00000000
@00003d88: $ 6 <= 00000036
@00003d8c: $ 2 <= 00000000
@00003d90: $17 <= 00000000
@00003d94: $ 6 <= 00000000
@00003d98: $ 6 <= 00000000
@00003d9c: $ 6 <= 00005280
@00003da8: $ 2 <= 00005280
@00003dac: $ 6 <= 00005281
@00003db4: $ 2 <= 00000000
@00003db8: $17 <= 00004300
@00003dbc: $ 2 <= 00005281
@00003dc4: $17 <= 00000000
@00003dd0: $17 <= 00000000
@00003dd4: *00000004 <= 00000000
@00003dd8: $ 2 <= 00000000
@00003ddc: $ 2 <= 000000ed
@00003de0: $17 <= 0000a502
@00003de4: $ 6 <= 00005281
@00003dec: $17 <= 00000001
@00003df0: $17 <= 00000000
@00003df4: $31 <= 00003dfc
@00003df8: $ 2 <= 00000010
@00003e00: $ 2 <= 00003e0c
@00003e0c: $17 <= 0000b5d7
@00003e10: $ 6 <= 626a0000
@00003e14: $ 6 <= 00000000
@00003e18: *00000000 <= 00000000
@00003e1c: $ 2 <= 00000001
@00003e20: $ 6 <= 0000b5d7
@00003e24: $17 <= 00000000
@00003e2c: $ 6 <= 0000b5d7
@00003e34: $17 <= 00000000
@00003e38: $17 <= 00000000
@00003e3c: $ 6 <= 00000000
@00003e40: $ 2 <= 00000000
@00003e48: $17 <= 3fe50000
@00003e4c: $ 2 <= 00000000
@00003e50: *00000000 <= 00000000
@00003e54: $ 2 <= 3fe50000
@00003e58: $ 2 <= 7fca0000
@00003e60: $ 2 <= 3fe5c51f
@00003e64: $17 <= 3fe566bf
@00003e68: $ 6 <= 00000000
@00003e6c: $ 2 <= 00000000
@00003e70: $ 6 <= 00000000
@00003e74: $ 6 <= 00000000
