#! /c/Source/iverilog-install/bin/vvp
:ivl_version "12.0 (devel)" "(s20150603-1110-g18392a46)";
:ivl_delay_selection "TYPICAL";
:vpi_time_precision - 9;
:vpi_module "G:\PROGRA~2\iverilog\lib\ivl\system.vpi";
:vpi_module "G:\PROGRA~2\iverilog\lib\ivl\vhdl_sys.vpi";
:vpi_module "G:\PROGRA~2\iverilog\lib\ivl\vhdl_textio.vpi";
:vpi_module "G:\PROGRA~2\iverilog\lib\ivl\v2005_math.vpi";
:vpi_module "G:\PROGRA~2\iverilog\lib\ivl\va_math.vpi";
S_000002023e659ae0 .scope module, "Char_Automachine_tb" "Char_Automachine_tb" 2 4;
 .timescale -9 -9;
v000002023e66a420_0 .net "ans", 0 0, L_000002023e6bfb20;  1 drivers
v000002023e66a4c0_0 .var "char", 7 0;
v000002023e6c0480_0 .var "clk", 0 0;
S_000002023e659c70 .scope module, "test" "id_fsm" 2 35, 3 1 0, S_000002023e659ae0;
 .timescale -9 -9;
    .port_info 0 /INPUT 8 "char";
    .port_info 1 /INPUT 1 "clk";
    .port_info 2 /OUTPUT 1 "out";
P_000002023e632eb0 .param/l "CHAR" 0 3 7, +C4<00000000000000000000000000000001>;
P_000002023e632ee8 .param/l "ILLEGAL" 0 3 7, +C4<00000000000000000000000000000000>;
P_000002023e632f20 .param/l "NUM" 0 3 7, +C4<00000000000000000000000000000010>;
v000002023e6335b0_0 .net *"_ivl_0", 31 0, L_000002023e6bfa80;  1 drivers
L_000002023e6c0868 .functor BUFT 1, C4<000000000000000000000000000000>, C4<0>, C4<0>, C4<0>;
v000002023e6337d0_0 .net *"_ivl_3", 29 0, L_000002023e6c0868;  1 drivers
L_000002023e6c08b0 .functor BUFT 1, C4<00000000000000000000000000000010>, C4<0>, C4<0>, C4<0>;
v000002023e632f60_0 .net/2u *"_ivl_4", 31 0, L_000002023e6c08b0;  1 drivers
v000002023e633000_0 .net "char", 7 0, v000002023e66a4c0_0;  1 drivers
v000002023e6330a0_0 .net "clk", 0 0, v000002023e6c0480_0;  1 drivers
v000002023e633140_0 .var "next_status", 1 0;
v000002023e6331e0_0 .net "out", 0 0, L_000002023e6bfb20;  alias, 1 drivers
v000002023e633280_0 .var "status", 1 0;
E_000002023e6587c0 .event posedge, v000002023e6330a0_0;
E_000002023e657a80 .event anyedge, v000002023e633280_0, v000002023e633000_0;
L_000002023e6bfa80 .concat [ 2 30 0 0], v000002023e633280_0, L_000002023e6c0868;
L_000002023e6bfb20 .cmp/eq 32, L_000002023e6bfa80, L_000002023e6c08b0;
    .scope S_000002023e659c70;
T_0 ;
    %pushi/vec4 0, 0, 2;
    %store/vec4 v000002023e633280_0, 0, 2;
    %end;
    .thread T_0;
    .scope S_000002023e659c70;
T_1 ;
    %wait E_000002023e657a80;
    %load/vec4 v000002023e633280_0;
    %dup/vec4;
    %pushi/vec4 2, 0, 2;
    %cmp/u;
    %jmp/1 T_1.0, 6;
    %dup/vec4;
    %pushi/vec4 1, 0, 2;
    %cmp/u;
    %jmp/1 T_1.1, 6;
    %dup/vec4;
    %pushi/vec4 0, 0, 2;
    %cmp/u;
    %jmp/1 T_1.2, 6;
    %jmp T_1.3;
T_1.0 ;
    %pushi/vec4 48, 0, 32;
    %load/vec4 v000002023e633000_0;
    %pad/u 32;
    %cmp/u;
    %flag_get/vec4 4;
    %flag_get/vec4 5;
    %or;
    %load/vec4 v000002023e633000_0;
    %pad/u 32;
    %cmpi/u 57, 0, 32;
    %flag_get/vec4 4;
    %flag_get/vec4 5;
    %or;
    %and;
    %flag_set/vec4 8;
    %jmp/0xz  T_1.4, 8;
    %pushi/vec4 2, 0, 2;
    %store/vec4 v000002023e633140_0, 0, 2;
    %jmp T_1.5;
T_1.4 ;
    %pushi/vec4 97, 0, 32;
    %load/vec4 v000002023e633000_0;
    %pad/u 32;
    %cmp/u;
    %flag_get/vec4 4;
    %flag_get/vec4 5;
    %or;
    %load/vec4 v000002023e633000_0;
    %pad/u 32;
    %cmpi/u 122, 0, 32;
    %flag_get/vec4 4;
    %flag_get/vec4 5;
    %or;
    %and;
    %flag_set/vec4 8;
    %pushi/vec4 65, 0, 32;
    %load/vec4 v000002023e633000_0;
    %pad/u 32;
    %cmp/u;
    %flag_get/vec4 4;
    %flag_get/vec4 5;
    %or;
    %load/vec4 v000002023e633000_0;
    %pad/u 32;
    %cmpi/u 90, 0, 32;
    %flag_get/vec4 4;
    %flag_get/vec4 5;
    %or;
    %and;
    %flag_set/vec4 9;
    %flag_or 9, 8;
    %jmp/0xz  T_1.6, 9;
    %pushi/vec4 1, 0, 2;
    %store/vec4 v000002023e633140_0, 0, 2;
    %jmp T_1.7;
T_1.6 ;
    %pushi/vec4 0, 0, 2;
    %store/vec4 v000002023e633140_0, 0, 2;
T_1.7 ;
T_1.5 ;
    %jmp T_1.3;
T_1.1 ;
    %pushi/vec4 48, 0, 32;
    %load/vec4 v000002023e633000_0;
    %pad/u 32;
    %cmp/u;
    %flag_get/vec4 4;
    %flag_get/vec4 5;
    %or;
    %load/vec4 v000002023e633000_0;
    %pad/u 32;
    %cmpi/u 57, 0, 32;
    %flag_get/vec4 4;
    %flag_get/vec4 5;
    %or;
    %and;
    %flag_set/vec4 8;
    %jmp/0xz  T_1.8, 8;
    %pushi/vec4 2, 0, 2;
    %store/vec4 v000002023e633140_0, 0, 2;
    %jmp T_1.9;
T_1.8 ;
    %pushi/vec4 97, 0, 32;
    %load/vec4 v000002023e633000_0;
    %pad/u 32;
    %cmp/u;
    %flag_get/vec4 4;
    %flag_get/vec4 5;
    %or;
    %load/vec4 v000002023e633000_0;
    %pad/u 32;
    %cmpi/u 122, 0, 32;
    %flag_get/vec4 4;
    %flag_get/vec4 5;
    %or;
    %and;
    %flag_set/vec4 8;
    %pushi/vec4 65, 0, 32;
    %load/vec4 v000002023e633000_0;
    %pad/u 32;
    %cmp/u;
    %flag_get/vec4 4;
    %flag_get/vec4 5;
    %or;
    %load/vec4 v000002023e633000_0;
    %pad/u 32;
    %cmpi/u 90, 0, 32;
    %flag_get/vec4 4;
    %flag_get/vec4 5;
    %or;
    %and;
    %flag_set/vec4 9;
    %flag_or 9, 8;
    %jmp/0xz  T_1.10, 9;
    %pushi/vec4 1, 0, 2;
    %store/vec4 v000002023e633140_0, 0, 2;
    %jmp T_1.11;
T_1.10 ;
    %pushi/vec4 0, 0, 2;
    %store/vec4 v000002023e633140_0, 0, 2;
T_1.11 ;
T_1.9 ;
    %jmp T_1.3;
T_1.2 ;
    %pushi/vec4 97, 0, 32;
    %load/vec4 v000002023e633000_0;
    %pad/u 32;
    %cmp/u;
    %flag_get/vec4 4;
    %flag_get/vec4 5;
    %or;
    %load/vec4 v000002023e633000_0;
    %pad/u 32;
    %cmpi/u 122, 0, 32;
    %flag_get/vec4 4;
    %flag_get/vec4 5;
    %or;
    %and;
    %flag_set/vec4 8;
    %pushi/vec4 65, 0, 32;
    %load/vec4 v000002023e633000_0;
    %pad/u 32;
    %cmp/u;
    %flag_get/vec4 4;
    %flag_get/vec4 5;
    %or;
    %load/vec4 v000002023e633000_0;
    %pad/u 32;
    %cmpi/u 90, 0, 32;
    %flag_get/vec4 4;
    %flag_get/vec4 5;
    %or;
    %and;
    %flag_set/vec4 9;
    %flag_or 9, 8;
    %jmp/0xz  T_1.12, 9;
    %pushi/vec4 1, 0, 2;
    %store/vec4 v000002023e633140_0, 0, 2;
    %jmp T_1.13;
T_1.12 ;
    %pushi/vec4 0, 0, 2;
    %store/vec4 v000002023e633140_0, 0, 2;
T_1.13 ;
    %jmp T_1.3;
T_1.3 ;
    %pop/vec4 1;
    %jmp T_1;
    .thread T_1, $push;
    .scope S_000002023e659c70;
T_2 ;
    %wait E_000002023e6587c0;
    %load/vec4 v000002023e633140_0;
    %assign/vec4 v000002023e633280_0, 0;
    %jmp T_2;
    .thread T_2;
    .scope S_000002023e659ae0;
T_3 ;
    %vpi_call 2 10 "$dumpfile", "Char_Automachine_wave.vcd" {0 0 0};
    %vpi_call 2 11 "$dumpvars" {0 0 0};
    %pushi/vec4 0, 0, 1;
    %assign/vec4 v000002023e6c0480_0, 0;
    %delay 1, 0;
    %pushi/vec4 97, 0, 8; draw_string_vec4
    %store/vec4 v000002023e66a4c0_0, 0, 8;
    %delay 20, 0;
    %pushi/vec4 98, 0, 8; draw_string_vec4
    %store/vec4 v000002023e66a4c0_0, 0, 8;
    %delay 20, 0;
    %pushi/vec4 99, 0, 8; draw_string_vec4
    %store/vec4 v000002023e66a4c0_0, 0, 8;
    %delay 20, 0;
    %pushi/vec4 100, 0, 8; draw_string_vec4
    %store/vec4 v000002023e66a4c0_0, 0, 8;
    %delay 20, 0;
    %pushi/vec4 49, 0, 8; draw_string_vec4
    %store/vec4 v000002023e66a4c0_0, 0, 8;
    %delay 20, 0;
    %pushi/vec4 50, 0, 8; draw_string_vec4
    %store/vec4 v000002023e66a4c0_0, 0, 8;
    %delay 20, 0;
    %pushi/vec4 51, 0, 8; draw_string_vec4
    %store/vec4 v000002023e66a4c0_0, 0, 8;
    %delay 20, 0;
    %pushi/vec4 52, 0, 8; draw_string_vec4
    %store/vec4 v000002023e66a4c0_0, 0, 8;
    %delay 20, 0;
    %pushi/vec4 47, 0, 8; draw_string_vec4
    %store/vec4 v000002023e66a4c0_0, 0, 8;
    %delay 20, 0;
    %pushi/vec4 97, 0, 8; draw_string_vec4
    %store/vec4 v000002023e66a4c0_0, 0, 8;
    %delay 20, 0;
    %pushi/vec4 50, 0, 8; draw_string_vec4
    %store/vec4 v000002023e66a4c0_0, 0, 8;
    %delay 20, 0;
    %pushi/vec4 50, 0, 8; draw_string_vec4
    %store/vec4 v000002023e66a4c0_0, 0, 8;
    %delay 20, 0;
    %pushi/vec4 97, 0, 8; draw_string_vec4
    %store/vec4 v000002023e66a4c0_0, 0, 8;
    %delay 20, 0;
    %pushi/vec4 47, 0, 8; draw_string_vec4
    %store/vec4 v000002023e66a4c0_0, 0, 8;
    %delay 20, 0;
    %pushi/vec4 50, 0, 8; draw_string_vec4
    %store/vec4 v000002023e66a4c0_0, 0, 8;
    %delay 6000, 0;
    %vpi_call 2 28 "$finish" {0 0 0};
    %end;
    .thread T_3;
    .scope S_000002023e659ae0;
T_4 ;
    %delay 10, 0;
    %load/vec4 v000002023e6c0480_0;
    %nor/r;
    %store/vec4 v000002023e6c0480_0, 0, 1;
    %jmp T_4;
    .thread T_4;
# The file index is used to find the file name in the following table.
:file_names 4;
    "N/A";
    "<interactive>";
    "Char_Automachine_tb.v";
    "./Char_Automachine.v";
