#! /c/Source/iverilog-install/bin/vvp
:ivl_version "12.0 (devel)" "(s20150603-1110-g18392a46)";
:ivl_delay_selection "TYPICAL";
:vpi_time_precision + 0;
:vpi_module "G:\PROGRA~2\iverilog\lib\ivl\system.vpi";
:vpi_module "G:\PROGRA~2\iverilog\lib\ivl\vhdl_sys.vpi";
:vpi_module "G:\PROGRA~2\iverilog\lib\ivl\vhdl_textio.vpi";
:vpi_module "G:\PROGRA~2\iverilog\lib\ivl\v2005_math.vpi";
:vpi_module "G:\PROGRA~2\iverilog\lib\ivl\va_math.vpi";
S_00000293a4b12eb0 .scope module, "id_fsm" "id_fsm" 2 1;
 .timescale 0 0;
    .port_info 0 /INPUT 8 "char";
    .port_info 1 /INPUT 1 "clk";
    .port_info 2 /OUTPUT 1 "out";
P_00000293a4b13040 .param/l "CHAR" 0 2 7, +C4<00000000000000000000000000000001>;
P_00000293a4b13078 .param/l "ILLEGAL" 0 2 7, +C4<00000000000000000000000000000000>;
P_00000293a4b130b0 .param/l "NUM" 0 2 7, +C4<00000000000000000000000000000001>;
v00000293a4b13570_0 .net *"_ivl_0", 31 0, L_00000293a4afb9c0;  1 drivers
L_00000293a4b8e028 .functor BUFT 1, C4<000000000000000000000000000000>, C4<0>, C4<0>, C4<0>;
v00000293a4b13790_0 .net *"_ivl_3", 29 0, L_00000293a4b8e028;  1 drivers
L_00000293a4b8e070 .functor BUFT 1, C4<00000000000000000000000000000001>, C4<0>, C4<0>, C4<0>;
v00000293a4b130f0_0 .net/2u *"_ivl_4", 31 0, L_00000293a4b8e070;  1 drivers
o00000293a4b4b028 .functor BUFZ 8, C4<zzzzzzzz>; HiZ drive
v00000293a4b13190_0 .net "char", 7 0, o00000293a4b4b028;  0 drivers
o00000293a4b4b058 .functor BUFZ 1, C4<z>; HiZ drive
v00000293a4b13230_0 .net "clk", 0 0, o00000293a4b4b058;  0 drivers
v00000293a4b132d0_0 .var "next_status", 1 0;
v00000293a4afb880_0 .net "out", 0 0, L_00000293a4afba60;  1 drivers
v00000293a4afb920_0 .var "status", 1 0;
E_00000293a4b35a80 .event posedge, v00000293a4b13230_0;
E_00000293a4b354c0 .event anyedge, v00000293a4afb920_0, v00000293a4b13190_0;
L_00000293a4afb9c0 .concat [ 2 30 0 0], v00000293a4afb920_0, L_00000293a4b8e028;
L_00000293a4afba60 .cmp/eq 32, L_00000293a4afb9c0, L_00000293a4b8e070;
    .scope S_00000293a4b12eb0;
T_0 ;
    %pushi/vec4 0, 0, 2;
    %store/vec4 v00000293a4afb920_0, 0, 2;
    %end;
    .thread T_0;
    .scope S_00000293a4b12eb0;
T_1 ;
    %wait E_00000293a4b354c0;
    %load/vec4 v00000293a4afb920_0;
    %dup/vec4;
    %pushi/vec4 1, 0, 2;
    %cmp/u;
    %jmp/1 T_1.0, 6;
    %dup/vec4;
    %pushi/vec4 1, 0, 2;
    %cmp/u;
    %jmp/1 T_1.1, 6;
    %dup/vec4;
    %pushi/vec4 0, 0, 2;
    %cmp/u;
    %jmp/1 T_1.2, 6;
    %jmp T_1.3;
T_1.0 ;
    %pushi/vec4 48, 0, 32;
    %load/vec4 v00000293a4b13190_0;
    %pad/u 32;
    %cmp/u;
    %flag_get/vec4 4;
    %flag_get/vec4 5;
    %or;
    %load/vec4 v00000293a4b13190_0;
    %pad/u 32;
    %cmpi/u 57, 0, 32;
    %flag_get/vec4 4;
    %flag_get/vec4 5;
    %or;
    %and;
    %flag_set/vec4 8;
    %jmp/0xz  T_1.4, 8;
    %pushi/vec4 1, 0, 2;
    %store/vec4 v00000293a4b132d0_0, 0, 2;
    %jmp T_1.5;
T_1.4 ;
    %pushi/vec4 97, 0, 32;
    %load/vec4 v00000293a4b13190_0;
    %pad/u 32;
    %cmp/u;
    %flag_get/vec4 4;
    %flag_get/vec4 5;
    %or;
    %load/vec4 v00000293a4b13190_0;
    %pad/u 32;
    %cmpi/u 122, 0, 32;
    %flag_get/vec4 4;
    %flag_get/vec4 5;
    %or;
    %and;
    %flag_set/vec4 8;
    %pushi/vec4 65, 0, 32;
    %load/vec4 v00000293a4b13190_0;
    %pad/u 32;
    %cmp/u;
    %flag_get/vec4 4;
    %flag_get/vec4 5;
    %or;
    %load/vec4 v00000293a4b13190_0;
    %pad/u 32;
    %cmpi/u 90, 0, 32;
    %flag_get/vec4 4;
    %flag_get/vec4 5;
    %or;
    %and;
    %flag_set/vec4 9;
    %flag_or 9, 8;
    %jmp/0xz  T_1.6, 9;
    %pushi/vec4 1, 0, 2;
    %store/vec4 v00000293a4b132d0_0, 0, 2;
    %jmp T_1.7;
T_1.6 ;
    %pushi/vec4 0, 0, 2;
    %store/vec4 v00000293a4b132d0_0, 0, 2;
T_1.7 ;
T_1.5 ;
    %jmp T_1.3;
T_1.1 ;
    %pushi/vec4 48, 0, 32;
    %load/vec4 v00000293a4b13190_0;
    %pad/u 32;
    %cmp/u;
    %flag_get/vec4 4;
    %flag_get/vec4 5;
    %or;
    %load/vec4 v00000293a4b13190_0;
    %pad/u 32;
    %cmpi/u 57, 0, 32;
    %flag_get/vec4 4;
    %flag_get/vec4 5;
    %or;
    %and;
    %flag_set/vec4 8;
    %jmp/0xz  T_1.8, 8;
    %pushi/vec4 1, 0, 2;
    %store/vec4 v00000293a4b132d0_0, 0, 2;
    %jmp T_1.9;
T_1.8 ;
    %pushi/vec4 97, 0, 32;
    %load/vec4 v00000293a4b13190_0;
    %pad/u 32;
    %cmp/u;
    %flag_get/vec4 4;
    %flag_get/vec4 5;
    %or;
    %load/vec4 v00000293a4b13190_0;
    %pad/u 32;
    %cmpi/u 122, 0, 32;
    %flag_get/vec4 4;
    %flag_get/vec4 5;
    %or;
    %and;
    %flag_set/vec4 8;
    %pushi/vec4 65, 0, 32;
    %load/vec4 v00000293a4b13190_0;
    %pad/u 32;
    %cmp/u;
    %flag_get/vec4 4;
    %flag_get/vec4 5;
    %or;
    %load/vec4 v00000293a4b13190_0;
    %pad/u 32;
    %cmpi/u 90, 0, 32;
    %flag_get/vec4 4;
    %flag_get/vec4 5;
    %or;
    %and;
    %flag_set/vec4 9;
    %flag_or 9, 8;
    %jmp/0xz  T_1.10, 9;
    %pushi/vec4 1, 0, 2;
    %store/vec4 v00000293a4b132d0_0, 0, 2;
    %jmp T_1.11;
T_1.10 ;
    %pushi/vec4 0, 0, 2;
    %store/vec4 v00000293a4b132d0_0, 0, 2;
T_1.11 ;
T_1.9 ;
    %jmp T_1.3;
T_1.2 ;
    %pushi/vec4 97, 0, 32;
    %load/vec4 v00000293a4b13190_0;
    %pad/u 32;
    %cmp/u;
    %flag_get/vec4 4;
    %flag_get/vec4 5;
    %or;
    %load/vec4 v00000293a4b13190_0;
    %pad/u 32;
    %cmpi/u 122, 0, 32;
    %flag_get/vec4 4;
    %flag_get/vec4 5;
    %or;
    %and;
    %flag_set/vec4 8;
    %pushi/vec4 65, 0, 32;
    %load/vec4 v00000293a4b13190_0;
    %pad/u 32;
    %cmp/u;
    %flag_get/vec4 4;
    %flag_get/vec4 5;
    %or;
    %load/vec4 v00000293a4b13190_0;
    %pad/u 32;
    %cmpi/u 90, 0, 32;
    %flag_get/vec4 4;
    %flag_get/vec4 5;
    %or;
    %and;
    %flag_set/vec4 9;
    %flag_or 9, 8;
    %jmp/0xz  T_1.12, 9;
    %pushi/vec4 1, 0, 2;
    %store/vec4 v00000293a4b132d0_0, 0, 2;
    %jmp T_1.13;
T_1.12 ;
    %pushi/vec4 0, 0, 2;
    %store/vec4 v00000293a4b132d0_0, 0, 2;
T_1.13 ;
    %jmp T_1.3;
T_1.3 ;
    %pop/vec4 1;
    %jmp T_1;
    .thread T_1, $push;
    .scope S_00000293a4b12eb0;
T_2 ;
    %wait E_00000293a4b35a80;
    %load/vec4 v00000293a4b132d0_0;
    %assign/vec4 v00000293a4afb920_0, 0;
    %jmp T_2;
    .thread T_2;
# The file index is used to find the file name in the following table.
:file_names 3;
    "N/A";
    "<interactive>";
    "Char_Automachine.v";
