#! /c/Source/iverilog-install/bin/vvp
:ivl_version "12.0 (devel)" "(s20150603-1110-g18392a46)";
:ivl_delay_selection "TYPICAL";
:vpi_time_precision - 9;
:vpi_module "G:\PROGRA~2\iverilog\lib\ivl\system.vpi";
:vpi_module "G:\PROGRA~2\iverilog\lib\ivl\vhdl_sys.vpi";
:vpi_module "G:\PROGRA~2\iverilog\lib\ivl\vhdl_textio.vpi";
:vpi_module "G:\PROGRA~2\iverilog\lib\ivl\v2005_math.vpi";
:vpi_module "G:\PROGRA~2\iverilog\lib\ivl\va_math.vpi";
S_000001c284cf96b0 .scope module, "clock_pulse" "clock_pulse" 2 4;
 .timescale -9 -9;
v000001c284d13040_0 .var "clock", 0 0;
v000001c284d130e0_0 .net "print", 31 0, L_000001c284d137f0;  1 drivers
S_000001c284d12eb0 .scope module, "ins" "counter" 2 19, 3 1 0, S_000001c284cf96b0;
 .timescale -9 -9;
    .port_info 0 /INPUT 1 "clk";
    .port_info 1 /OUTPUT 32 "out";
L_000001c284d137f0 .functor BUFZ 32, v000001c284d46d90_0, C4<00000000000000000000000000000000>, C4<00000000000000000000000000000000>, C4<00000000000000000000000000000000>;
v000001c284d13460_0 .net "clk", 0 0, v000001c284d13040_0;  1 drivers
v000001c284d46d90_0 .var "cnt", 31 0;
v000001c284cf9840_0 .net "out", 31 0, L_000001c284d137f0;  alias, 1 drivers
E_000001c284cfc1a0 .event posedge, v000001c284d13460_0;
    .scope S_000001c284d12eb0;
T_0 ;
    %vpi_call 3 6 "$display", "hello world" {0 0 0};
    %end;
    .thread T_0;
    .scope S_000001c284d12eb0;
T_1 ;
    %pushi/vec4 0, 0, 32;
    %store/vec4 v000001c284d46d90_0, 0, 32;
    %end;
    .thread T_1;
    .scope S_000001c284d12eb0;
T_2 ;
    %wait E_000001c284cfc1a0;
    %load/vec4 v000001c284d46d90_0;
    %addi 1, 0, 32;
    %assign/vec4 v000001c284d46d90_0, 0;
    %jmp T_2;
    .thread T_2;
    .scope S_000001c284cf96b0;
T_3 ;
    %vpi_call 2 8 "$display", "start a clock pulse" {0 0 0};
    %vpi_call 2 9 "$dumpfile", "clock_pulse.vcd" {0 0 0};
    %vpi_call 2 10 "$dumpvars" {0 0 0};
    %pushi/vec4 1, 0, 1;
    %assign/vec4 v000001c284d13040_0, 0;
    %delay 6000, 0;
    %vpi_call 2 12 "$finish" {0 0 0};
    %end;
    .thread T_3;
    .scope S_000001c284cf96b0;
T_4 ;
    %delay 10, 0;
    %load/vec4 v000001c284d13040_0;
    %nor/r;
    %store/vec4 v000001c284d13040_0, 0, 1;
    %jmp T_4;
    .thread T_4;
# The file index is used to find the file name in the following table.
:file_names 4;
    "N/A";
    "<interactive>";
    "clock_pulse.v";
    "./counter.v";
