#! /c/Source/iverilog-install/bin/vvp
:ivl_version "12.0 (devel)" "(s20150603-1110-g18392a46)";
:ivl_delay_selection "TYPICAL";
:vpi_time_precision - 12;
:vpi_module "G:\PROGRA~2\iverilog\lib\ivl\system.vpi";
:vpi_module "G:\PROGRA~2\iverilog\lib\ivl\vhdl_sys.vpi";
:vpi_module "G:\PROGRA~2\iverilog\lib\ivl\vhdl_textio.vpi";
:vpi_module "G:\PROGRA~2\iverilog\lib\ivl\v2005_math.vpi";
:vpi_module "G:\PROGRA~2\iverilog\lib\ivl\va_math.vpi";
S_0000020fe884b6b0 .scope module, "testbench" "testbench" 2 4;
 .timescale -12 -12;
v0000020fe884ba70_0 .var "a", 3 0;
v0000020fe89dd820_0 .net "ans", 3 0, v0000020fe884a310_0;  1 drivers
v0000020fe89dd8c0_0 .var "b", 3 0;
v0000020fe89dd960_0 .var "c", 1 0;
v0000020fe89dda00_0 .var "op", 1 0;
S_0000020fe884b840 .scope module, "ins" "ALU" 2 29, 3 1 0, S_0000020fe884b6b0;
 .timescale -12 -12;
    .port_info 0 /INPUT 4 "inA";
    .port_info 1 /INPUT 4 "inB";
    .port_info 2 /INPUT 2 "inC";
    .port_info 3 /INPUT 2 "op";
    .port_info 4 /OUTPUT 4 "ans";
v0000020fe884a310_0 .var "ans", 3 0;
v0000020fe884a3b0_0 .net "inA", 3 0, v0000020fe884ba70_0;  1 drivers
v0000020fe884d290_0 .net "inB", 3 0, v0000020fe89dd8c0_0;  1 drivers
v0000020fe884b9d0_0 .net "inC", 1 0, v0000020fe89dd960_0;  1 drivers
v0000020fe89632c0_0 .net "op", 1 0, v0000020fe89dda00_0;  1 drivers
E_0000020fe8998960 .event anyedge, v0000020fe89632c0_0, v0000020fe884a3b0_0, v0000020fe884b9d0_0, v0000020fe884d290_0;
    .scope S_0000020fe884b840;
T_0 ;
    %wait E_0000020fe8998960;
    %load/vec4 v0000020fe89632c0_0;
    %dup/vec4;
    %pushi/vec4 0, 0, 2;
    %cmp/u;
    %jmp/1 T_0.0, 6;
    %dup/vec4;
    %pushi/vec4 1, 0, 2;
    %cmp/u;
    %jmp/1 T_0.1, 6;
    %dup/vec4;
    %pushi/vec4 2, 0, 2;
    %cmp/u;
    %jmp/1 T_0.2, 6;
    %dup/vec4;
    %pushi/vec4 3, 0, 2;
    %cmp/u;
    %jmp/1 T_0.3, 6;
    %pushi/vec4 0, 0, 4;
    %assign/vec4 v0000020fe884a310_0, 0;
    %jmp T_0.5;
T_0.0 ;
    %load/vec4 v0000020fe884a3b0_0;
    %ix/getv 4, v0000020fe884b9d0_0;
    %shiftr/s 4;
    %assign/vec4 v0000020fe884a310_0, 0;
    %jmp T_0.5;
T_0.1 ;
    %load/vec4 v0000020fe884a3b0_0;
    %ix/getv 4, v0000020fe884b9d0_0;
    %shiftr 4;
    %assign/vec4 v0000020fe884a310_0, 0;
    %jmp T_0.5;
T_0.2 ;
    %load/vec4 v0000020fe884a3b0_0;
    %load/vec4 v0000020fe884d290_0;
    %sub;
    %assign/vec4 v0000020fe884a310_0, 0;
    %jmp T_0.5;
T_0.3 ;
    %load/vec4 v0000020fe884a3b0_0;
    %load/vec4 v0000020fe884d290_0;
    %add;
    %assign/vec4 v0000020fe884a310_0, 0;
    %jmp T_0.5;
T_0.5 ;
    %pop/vec4 1;
    %jmp T_0;
    .thread T_0, $push;
    .scope S_0000020fe884b6b0;
T_1 ;
    %vpi_call 2 12 "$dumpfile", "combination_tb.vcd" {0 0 0};
    %vpi_call 2 13 "$dumpvars" {0 0 0};
    %pushi/vec4 8, 0, 4;
    %store/vec4 v0000020fe884ba70_0, 0, 4;
    %pushi/vec4 0, 0, 4;
    %store/vec4 v0000020fe89dd8c0_0, 0, 4;
    %pushi/vec4 2, 0, 2;
    %store/vec4 v0000020fe89dd960_0, 0, 2;
    %pushi/vec4 1, 0, 2;
    %store/vec4 v0000020fe89dda00_0, 0, 2;
    %delay 6000, 0;
    %vpi_call 2 18 "$finish" {0 0 0};
    %end;
    .thread T_1;
    .scope S_0000020fe884b6b0;
T_2 ;
    %delay 20, 0;
    %vpi_func 2 23 "$random" 32 {0 0 0};
    %pushi/vec4 16, 0, 32;
    %mod;
    %pad/u 4;
    %assign/vec4 v0000020fe884ba70_0, 0;
    %vpi_func 2 24 "$random" 32 {0 0 0};
    %pushi/vec4 16, 0, 32;
    %mod;
    %pad/u 4;
    %assign/vec4 v0000020fe89dd8c0_0, 0;
    %vpi_func 2 25 "$random" 32 {0 0 0};
    %pushi/vec4 4, 0, 32;
    %mod;
    %pad/u 2;
    %assign/vec4 v0000020fe89dd960_0, 0;
    %vpi_func 2 26 "$random" 32 {0 0 0};
    %pushi/vec4 2, 0, 32;
    %mod;
    %pad/u 2;
    %assign/vec4 v0000020fe89dda00_0, 0;
    %jmp T_2;
    .thread T_2;
# The file index is used to find the file name in the following table.
:file_names 4;
    "N/A";
    "<interactive>";
    "combination_circuit_tb.v";
    "./Pre_combination_circuit_2.v";
