#! /c/Source/iverilog-install/bin/vvp
:ivl_version "12.0 (devel)" "(s20150603-1110-g18392a46)";
:ivl_delay_selection "TYPICAL";
:vpi_time_precision + 0;
:vpi_module "G:\PROGRA~2\iverilog\lib\ivl\system.vpi";
:vpi_module "G:\PROGRA~2\iverilog\lib\ivl\vhdl_sys.vpi";
:vpi_module "G:\PROGRA~2\iverilog\lib\ivl\vhdl_textio.vpi";
:vpi_module "G:\PROGRA~2\iverilog\lib\ivl\v2005_math.vpi";
:vpi_module "G:\PROGRA~2\iverilog\lib\ivl\va_math.vpi";
S_00000206b3452fc0 .scope module, "code" "code" 2 1;
 .timescale 0 0;
    .port_info 0 /INPUT 1 "Clk";
    .port_info 1 /INPUT 1 "Reset";
    .port_info 2 /INPUT 1 "Slt";
    .port_info 3 /INPUT 1 "En";
    .port_info 4 /OUTPUT 64 "Output0";
    .port_info 5 /OUTPUT 64 "Output1";
o00000206b3486fd8 .functor BUFZ 1, C4<z>; HiZ drive
v00000206b3475000_0 .net "Clk", 0 0, o00000206b3486fd8;  0 drivers
o00000206b3487008 .functor BUFZ 1, C4<z>; HiZ drive
v00000206b3475a00_0 .net "En", 0 0, o00000206b3487008;  0 drivers
v00000206b34750a0_0 .var "Output0", 63 0;
v00000206b3475c80_0 .var "Output1", 63 0;
o00000206b3487098 .functor BUFZ 1, C4<z>; HiZ drive
v00000206b3475780_0 .net "Reset", 0 0, o00000206b3487098;  0 drivers
o00000206b34870c8 .functor BUFZ 1, C4<z>; HiZ drive
v00000206b3475280_0 .net "Slt", 0 0, o00000206b34870c8;  0 drivers
v00000206b3475140_0 .var "cnt", 3 0;
E_00000206b343ca30 .event posedge, v00000206b3475000_0;
    .scope S_00000206b3452fc0;
T_0 ;
    %pushi/vec4 0, 0, 4;
    %store/vec4 v00000206b3475140_0, 0, 4;
    %pushi/vec4 0, 0, 64;
    %store/vec4 v00000206b34750a0_0, 0, 64;
    %pushi/vec4 0, 0, 64;
    %store/vec4 v00000206b3475c80_0, 0, 64;
    %end;
    .thread T_0;
    .scope S_00000206b3452fc0;
T_1 ;
    %wait E_00000206b343ca30;
    %load/vec4 v00000206b3475780_0;
    %flag_set/vec4 8;
    %jmp/0xz  T_1.0, 8;
    %pushi/vec4 0, 0, 64;
    %assign/vec4 v00000206b34750a0_0, 0;
    %pushi/vec4 0, 0, 64;
    %assign/vec4 v00000206b3475c80_0, 0;
    %jmp T_1.1;
T_1.0 ;
    %load/vec4 v00000206b3475a00_0;
    %flag_set/vec4 8;
    %jmp/0xz  T_1.2, 8;
    %load/vec4 v00000206b3475280_0;
    %pad/u 32;
    %cmpi/e 0, 0, 32;
    %jmp/0xz  T_1.4, 4;
    %load/vec4 v00000206b34750a0_0;
    %addi 1, 0, 64;
    %assign/vec4 v00000206b34750a0_0, 0;
    %jmp T_1.5;
T_1.4 ;
    %load/vec4 v00000206b3475140_0;
    %pad/u 32;
    %cmpi/e 3, 0, 32;
    %jmp/0xz  T_1.6, 4;
    %load/vec4 v00000206b3475c80_0;
    %addi 1, 0, 64;
    %assign/vec4 v00000206b3475c80_0, 0;
    %pushi/vec4 0, 0, 4;
    %assign/vec4 v00000206b3475140_0, 0;
    %jmp T_1.7;
T_1.6 ;
    %load/vec4 v00000206b3475140_0;
    %addi 1, 0, 4;
    %assign/vec4 v00000206b3475140_0, 0;
T_1.7 ;
T_1.5 ;
T_1.2 ;
T_1.1 ;
    %jmp T_1;
    .thread T_1;
# The file index is used to find the file name in the following table.
:file_names 3;
    "N/A";
    "<interactive>";
    "counter.v";
