#! /c/Source/iverilog-install/bin/vvp
:ivl_version "12.0 (devel)" "(s20150603-1110-g18392a46)";
:ivl_delay_selection "TYPICAL";
:vpi_time_precision + 0;
:vpi_module "G:\PROGRA~2\iverilog\lib\ivl\system.vpi";
:vpi_module "G:\PROGRA~2\iverilog\lib\ivl\vhdl_sys.vpi";
:vpi_module "G:\PROGRA~2\iverilog\lib\ivl\vhdl_textio.vpi";
:vpi_module "G:\PROGRA~2\iverilog\lib\ivl\v2005_math.vpi";
:vpi_module "G:\PROGRA~2\iverilog\lib\ivl\va_math.vpi";
S_000001afca632fc0 .scope module, "cpu_checker" "cpu_checker" 2 1;
 .timescale 0 0;
    .port_info 0 /INPUT 1 "clk";
    .port_info 1 /INPUT 1 "reset";
    .port_info 2 /INPUT 8 "char";
    .port_info 3 /OUTPUT 2 "format_type";
P_000001afca664090 .param/l "ADDR_NUM" 0 2 14, +C4<00000000000000000000000000000111>;
P_000001afca6640c8 .param/l "COM_SPACE" 0 2 12, +C4<00000000000000000000000000000101>;
P_000001afca664100 .param/l "COM_START" 0 2 8, +C4<00000000000000000000000000000000>;
P_000001afca664138 .param/l "COM_START_SYM" 0 2 8, +C4<00000000000000000000000000010110>;
P_000001afca664170 .param/l "COM_SYM1" 0 2 10, +C4<00000000000000000000000000000010>;
P_000001afca6641a8 .param/l "COM_SYM2" 0 2 12, +C4<00000000000000000000000000000100>;
P_000001afca6641e0 .param/l "GRF_NUM" 0 2 19, +C4<00000000000000000000000000001111>;
P_000001afca664218 .param/l "MEM_FINISH" 0 2 17, +C4<00000000000000000000000000001101>;
P_000001afca664250 .param/l "MEM_NUM" 0 2 16, +C4<00000000000000000000000000001100>;
P_000001afca664288 .param/l "MEM_SPACE1" 0 2 15, +C4<00000000000000000000000000001000>;
P_000001afca6642c0 .param/l "MEM_SPACE2" 0 2 15, +C4<00000000000000000000000000001011>;
P_000001afca6642f8 .param/l "MEM_SYM1" 0 2 13, +C4<00000000000000000000000000000110>;
P_000001afca664330 .param/l "MEM_SYM2" 0 2 15, +C4<00000000000000000000000000001001>;
P_000001afca664368 .param/l "MEM_SYM3" 0 2 15, +C4<00000000000000000000000000001010>;
P_000001afca6643a0 .param/l "PC_NUM" 0 2 11, +C4<00000000000000000000000000000011>;
P_000001afca6643d8 .param/l "REG_FINISH" 0 2 22, +C4<00000000000000000000000000010101>;
P_000001afca664410 .param/l "REG_NUM" 0 2 21, +C4<00000000000000000000000000010100>;
P_000001afca664448 .param/l "REG_SPACE1" 0 2 20, +C4<00000000000000000000000000010000>;
P_000001afca664480 .param/l "REG_SPACE2" 0 2 20, +C4<00000000000000000000000000010011>;
P_000001afca6644b8 .param/l "REG_SYM1" 0 2 18, +C4<00000000000000000000000000001110>;
P_000001afca6644f0 .param/l "REG_SYM2" 0 2 20, +C4<00000000000000000000000000010001>;
P_000001afca664528 .param/l "REG_SYM3" 0 2 20, +C4<00000000000000000000000000010010>;
P_000001afca664560 .param/l "TIME_NUM" 0 2 9, +C4<00000000000000000000000000000001>;
v000001afca61b970_0 .net *"_ivl_13", 31 0, L_000001afca6e1e20;  1 drivers
L_000001afca720118 .functor BUFT 1, C4<0000000000000000000000000>, C4<0>, C4<0>, C4<0>;
v000001afca61bab0_0 .net *"_ivl_16", 24 0, L_000001afca720118;  1 drivers
L_000001afca720160 .functor BUFT 1, C4<00000000000000000000000000001101>, C4<0>, C4<0>, C4<0>;
v000001afca664db0_0 .net/2u *"_ivl_17", 31 0, L_000001afca720160;  1 drivers
v000001afca664e50_0 .net *"_ivl_19", 0 0, L_000001afca6e2280;  1 drivers
v000001afca664ef0_0 .net *"_ivl_2", 31 0, L_000001afca6e2500;  1 drivers
L_000001afca720088 .functor BUFT 1, C4<0000000000000000000000000>, C4<0>, C4<0>, C4<0>;
v000001afca633150_0 .net *"_ivl_5", 24 0, L_000001afca720088;  1 drivers
L_000001afca7200d0 .functor BUFT 1, C4<00000000000000000000000000010101>, C4<0>, C4<0>, C4<0>;
v000001afca6e2640_0 .net/2u *"_ivl_6", 31 0, L_000001afca7200d0;  1 drivers
v000001afca6e20a0_0 .net *"_ivl_8", 0 0, L_000001afca6e2aa0;  1 drivers
o000001afca68b128 .functor BUFZ 8, C4<zzzzzzzz>; HiZ drive
v000001afca6e2960_0 .net "char", 7 0, o000001afca68b128;  0 drivers
o000001afca68b158 .functor BUFZ 1, C4<z>; HiZ drive
v000001afca6e25a0_0 .net "clk", 0 0, o000001afca68b158;  0 drivers
v000001afca6e2140_0 .var "cnt", 31 0;
v000001afca6e1ce0_0 .net "format_type", 1 0, L_000001afca6e2be0;  1 drivers
v000001afca6e2b40_0 .var "next_state", 6 0;
o000001afca68b218 .functor BUFZ 1, C4<z>; HiZ drive
v000001afca6e2a00_0 .net "reset", 0 0, o000001afca68b218;  0 drivers
v000001afca6e1d80_0 .var "state", 6 0;
E_000001afca65ec60 .event posedge, v000001afca6e25a0_0;
E_000001afca65eea0 .event anyedge, v000001afca6e2b40_0, v000001afca6e1d80_0, v000001afca6e2960_0;
L_000001afca6e2500 .concat [ 7 25 0 0], v000001afca6e1d80_0, L_000001afca720088;
L_000001afca6e2aa0 .cmp/eq 32, L_000001afca6e2500, L_000001afca7200d0;
L_000001afca6e2be0 .concat8 [ 1 1 0 0], L_000001afca6e2aa0, L_000001afca6e2280;
L_000001afca6e1e20 .concat [ 7 25 0 0], v000001afca6e1d80_0, L_000001afca720118;
L_000001afca6e2280 .cmp/eq 32, L_000001afca6e1e20, L_000001afca720160;
    .scope S_000001afca632fc0;
T_0 ;
    %pushi/vec4 0, 0, 7;
    %store/vec4 v000001afca6e1d80_0, 0, 7;
    %pushi/vec4 0, 0, 32;
    %store/vec4 v000001afca6e2140_0, 0, 32;
    %end;
    .thread T_0;
    .scope S_000001afca632fc0;
T_1 ;
    %wait E_000001afca65eea0;
    %load/vec4 v000001afca6e1d80_0;
    %dup/vec4;
    %pushi/vec4 0, 0, 7;
    %cmp/u;
    %jmp/1 T_1.0, 6;
    %dup/vec4;
    %pushi/vec4 22, 0, 7;
    %cmp/u;
    %jmp/1 T_1.1, 6;
    %dup/vec4;
    %pushi/vec4 1, 0, 7;
    %cmp/u;
    %jmp/1 T_1.2, 6;
    %dup/vec4;
    %pushi/vec4 2, 0, 7;
    %cmp/u;
    %jmp/1 T_1.3, 6;
    %dup/vec4;
    %pushi/vec4 3, 0, 7;
    %cmp/u;
    %jmp/1 T_1.4, 6;
    %dup/vec4;
    %pushi/vec4 4, 0, 7;
    %cmp/u;
    %jmp/1 T_1.5, 6;
    %dup/vec4;
    %pushi/vec4 5, 0, 7;
    %cmp/u;
    %jmp/1 T_1.6, 6;
    %dup/vec4;
    %pushi/vec4 6, 0, 7;
    %cmp/u;
    %jmp/1 T_1.7, 6;
    %dup/vec4;
    %pushi/vec4 7, 0, 7;
    %cmp/u;
    %jmp/1 T_1.8, 6;
    %dup/vec4;
    %pushi/vec4 8, 0, 7;
    %cmp/u;
    %jmp/1 T_1.9, 6;
    %dup/vec4;
    %pushi/vec4 9, 0, 7;
    %cmp/u;
    %jmp/1 T_1.10, 6;
    %dup/vec4;
    %pushi/vec4 10, 0, 7;
    %cmp/u;
    %jmp/1 T_1.11, 6;
    %dup/vec4;
    %pushi/vec4 11, 0, 7;
    %cmp/u;
    %jmp/1 T_1.12, 6;
    %dup/vec4;
    %pushi/vec4 12, 0, 7;
    %cmp/u;
    %jmp/1 T_1.13, 6;
    %dup/vec4;
    %pushi/vec4 13, 0, 7;
    %cmp/u;
    %jmp/1 T_1.14, 6;
    %dup/vec4;
    %pushi/vec4 14, 0, 7;
    %cmp/u;
    %jmp/1 T_1.15, 6;
    %dup/vec4;
    %pushi/vec4 15, 0, 7;
    %cmp/u;
    %jmp/1 T_1.16, 6;
    %dup/vec4;
    %pushi/vec4 16, 0, 7;
    %cmp/u;
    %jmp/1 T_1.17, 6;
    %dup/vec4;
    %pushi/vec4 17, 0, 7;
    %cmp/u;
    %jmp/1 T_1.18, 6;
    %dup/vec4;
    %pushi/vec4 18, 0, 7;
    %cmp/u;
    %jmp/1 T_1.19, 6;
    %dup/vec4;
    %pushi/vec4 19, 0, 7;
    %cmp/u;
    %jmp/1 T_1.20, 6;
    %dup/vec4;
    %pushi/vec4 20, 0, 7;
    %cmp/u;
    %jmp/1 T_1.21, 6;
    %dup/vec4;
    %pushi/vec4 21, 0, 7;
    %cmp/u;
    %jmp/1 T_1.22, 6;
    %jmp T_1.23;
T_1.0 ;
    %load/vec4 v000001afca6e2960_0;
    %pushi/vec4 94, 0, 8; draw_string_vec4
    %cmp/e;
    %jmp/0xz  T_1.24, 4;
    %pushi/vec4 22, 0, 7;
    %store/vec4 v000001afca6e2b40_0, 0, 7;
    %jmp T_1.25;
T_1.24 ;
    %pushi/vec4 0, 0, 7;
    %store/vec4 v000001afca6e2b40_0, 0, 7;
T_1.25 ;
    %jmp T_1.23;
T_1.1 ;
    %pushi/vec4 48, 0, 8; draw_string_vec4
    %load/vec4 v000001afca6e2960_0;
    %cmp/u;
    %flag_get/vec4 4;
    %flag_get/vec4 5;
    %or;
    %load/vec4 v000001afca6e2960_0;
    %pushi/vec4 57, 0, 8; draw_string_vec4
    %cmp/u;
    %flag_get/vec4 4;
    %flag_get/vec4 5;
    %or;
    %and;
    %flag_set/vec4 8;
    %jmp/0xz  T_1.26, 8;
    %pushi/vec4 1, 0, 7;
    %store/vec4 v000001afca6e2b40_0, 0, 7;
    %jmp T_1.27;
T_1.26 ;
    %pushi/vec4 0, 0, 7;
    %store/vec4 v000001afca6e2b40_0, 0, 7;
T_1.27 ;
    %jmp T_1.23;
T_1.2 ;
    %load/vec4 v000001afca6e2140_0;
    %cmpi/u 4, 0, 32;
    %flag_or 5, 4; GT is !LE
    %flag_inv 5;
    %jmp/0xz  T_1.28, 5;
    %pushi/vec4 0, 0, 7;
    %store/vec4 v000001afca6e2b40_0, 0, 7;
    %jmp T_1.29;
T_1.28 ;
    %pushi/vec4 48, 0, 8; draw_string_vec4
    %load/vec4 v000001afca6e2960_0;
    %cmp/u;
    %flag_get/vec4 4;
    %flag_get/vec4 5;
    %or;
    %load/vec4 v000001afca6e2960_0;
    %pushi/vec4 57, 0, 8; draw_string_vec4
    %cmp/u;
    %flag_get/vec4 4;
    %flag_get/vec4 5;
    %or;
    %and;
    %flag_set/vec4 8;
    %jmp/0xz  T_1.30, 8;
    %pushi/vec4 1, 0, 7;
    %store/vec4 v000001afca6e2b40_0, 0, 7;
    %jmp T_1.31;
T_1.30 ;
    %load/vec4 v000001afca6e2960_0;
    %pushi/vec4 64, 0, 8; draw_string_vec4
    %cmp/e;
    %jmp/0xz  T_1.32, 4;
    %pushi/vec4 2, 0, 7;
    %store/vec4 v000001afca6e2b40_0, 0, 7;
    %jmp T_1.33;
T_1.32 ;
    %pushi/vec4 0, 0, 7;
    %store/vec4 v000001afca6e2b40_0, 0, 7;
T_1.33 ;
T_1.31 ;
T_1.29 ;
    %jmp T_1.23;
T_1.3 ;
    %pushi/vec4 48, 0, 8; draw_string_vec4
    %load/vec4 v000001afca6e2960_0;
    %cmp/u;
    %flag_get/vec4 4;
    %flag_get/vec4 5;
    %or;
    %load/vec4 v000001afca6e2960_0;
    %pushi/vec4 57, 0, 8; draw_string_vec4
    %cmp/u;
    %flag_get/vec4 4;
    %flag_get/vec4 5;
    %or;
    %and;
    %flag_set/vec4 8;
    %pushi/vec4 97, 0, 8; draw_string_vec4
    %load/vec4 v000001afca6e2960_0;
    %cmp/u;
    %flag_get/vec4 4;
    %flag_get/vec4 5;
    %or;
    %load/vec4 v000001afca6e2960_0;
    %pushi/vec4 102, 0, 8; draw_string_vec4
    %cmp/u;
    %flag_get/vec4 4;
    %flag_get/vec4 5;
    %or;
    %and;
    %flag_set/vec4 9;
    %flag_or 9, 8;
    %jmp/0xz  T_1.34, 9;
    %pushi/vec4 3, 0, 7;
    %store/vec4 v000001afca6e2b40_0, 0, 7;
    %jmp T_1.35;
T_1.34 ;
    %pushi/vec4 0, 0, 7;
    %store/vec4 v000001afca6e2b40_0, 0, 7;
T_1.35 ;
    %jmp T_1.23;
T_1.4 ;
    %pushi/vec4 48, 0, 8; draw_string_vec4
    %load/vec4 v000001afca6e2960_0;
    %cmp/u;
    %flag_get/vec4 4;
    %flag_get/vec4 5;
    %or;
    %load/vec4 v000001afca6e2960_0;
    %pushi/vec4 57, 0, 8; draw_string_vec4
    %cmp/u;
    %flag_get/vec4 4;
    %flag_get/vec4 5;
    %or;
    %and;
    %flag_set/vec4 8;
    %pushi/vec4 97, 0, 8; draw_string_vec4
    %load/vec4 v000001afca6e2960_0;
    %cmp/u;
    %flag_get/vec4 4;
    %flag_get/vec4 5;
    %or;
    %load/vec4 v000001afca6e2960_0;
    %pushi/vec4 102, 0, 8; draw_string_vec4
    %cmp/u;
    %flag_get/vec4 4;
    %flag_get/vec4 5;
    %or;
    %and;
    %flag_set/vec4 9;
    %flag_or 9, 8;
    %jmp/0xz  T_1.36, 9;
    %load/vec4 v000001afca6e2140_0;
    %cmpi/u 8, 0, 32;
    %flag_or 5, 4; GT is !LE
    %flag_inv 5;
    %jmp/0xz  T_1.38, 5;
    %pushi/vec4 0, 0, 7;
    %store/vec4 v000001afca6e2b40_0, 0, 7;
    %jmp T_1.39;
T_1.38 ;
    %pushi/vec4 3, 0, 7;
    %store/vec4 v000001afca6e2b40_0, 0, 7;
T_1.39 ;
    %jmp T_1.37;
T_1.36 ;
    %load/vec4 v000001afca6e2140_0;
    %cmpi/e 8, 0, 32;
    %jmp/0xz  T_1.40, 4;
    %load/vec4 v000001afca6e2960_0;
    %pushi/vec4 58, 0, 8; draw_string_vec4
    %cmp/e;
    %jmp/0xz  T_1.42, 4;
    %pushi/vec4 4, 0, 7;
    %store/vec4 v000001afca6e2b40_0, 0, 7;
    %jmp T_1.43;
T_1.42 ;
    %pushi/vec4 0, 0, 7;
    %store/vec4 v000001afca6e2b40_0, 0, 7;
T_1.43 ;
    %jmp T_1.41;
T_1.40 ;
    %pushi/vec4 0, 0, 7;
    %store/vec4 v000001afca6e2b40_0, 0, 7;
T_1.41 ;
T_1.37 ;
    %jmp T_1.23;
T_1.5 ;
    %load/vec4 v000001afca6e2960_0;
    %pushi/vec4 32, 0, 8; draw_string_vec4
    %cmp/e;
    %jmp/0xz  T_1.44, 4;
    %pushi/vec4 5, 0, 7;
    %store/vec4 v000001afca6e2b40_0, 0, 7;
    %jmp T_1.45;
T_1.44 ;
    %load/vec4 v000001afca6e2960_0;
    %pushi/vec4 42, 0, 8; draw_string_vec4
    %cmp/e;
    %jmp/0xz  T_1.46, 4;
    %pushi/vec4 6, 0, 7;
    %store/vec4 v000001afca6e2b40_0, 0, 7;
    %jmp T_1.47;
T_1.46 ;
    %load/vec4 v000001afca6e2960_0;
    %pushi/vec4 36, 0, 8; draw_string_vec4
    %cmp/e;
    %jmp/0xz  T_1.48, 4;
    %pushi/vec4 14, 0, 7;
    %store/vec4 v000001afca6e2b40_0, 0, 7;
    %jmp T_1.49;
T_1.48 ;
    %pushi/vec4 0, 0, 7;
    %store/vec4 v000001afca6e2b40_0, 0, 7;
T_1.49 ;
T_1.47 ;
T_1.45 ;
    %jmp T_1.23;
T_1.6 ;
    %load/vec4 v000001afca6e2960_0;
    %pushi/vec4 32, 0, 8; draw_string_vec4
    %cmp/e;
    %jmp/0xz  T_1.50, 4;
    %pushi/vec4 5, 0, 7;
    %store/vec4 v000001afca6e2b40_0, 0, 7;
    %jmp T_1.51;
T_1.50 ;
    %load/vec4 v000001afca6e2960_0;
    %pushi/vec4 42, 0, 8; draw_string_vec4
    %cmp/e;
    %jmp/0xz  T_1.52, 4;
    %pushi/vec4 6, 0, 7;
    %store/vec4 v000001afca6e2b40_0, 0, 7;
    %jmp T_1.53;
T_1.52 ;
    %load/vec4 v000001afca6e2960_0;
    %pushi/vec4 36, 0, 8; draw_string_vec4
    %cmp/e;
    %jmp/0xz  T_1.54, 4;
    %pushi/vec4 14, 0, 7;
    %store/vec4 v000001afca6e2b40_0, 0, 7;
    %jmp T_1.55;
T_1.54 ;
    %pushi/vec4 0, 0, 7;
    %store/vec4 v000001afca6e2b40_0, 0, 7;
T_1.55 ;
T_1.53 ;
T_1.51 ;
    %jmp T_1.23;
T_1.7 ;
    %pushi/vec4 48, 0, 8; draw_string_vec4
    %load/vec4 v000001afca6e2960_0;
    %cmp/u;
    %flag_get/vec4 4;
    %flag_get/vec4 5;
    %or;
    %load/vec4 v000001afca6e2960_0;
    %pushi/vec4 57, 0, 8; draw_string_vec4
    %cmp/u;
    %flag_get/vec4 4;
    %flag_get/vec4 5;
    %or;
    %and;
    %flag_set/vec4 8;
    %pushi/vec4 97, 0, 8; draw_string_vec4
    %load/vec4 v000001afca6e2960_0;
    %cmp/u;
    %flag_get/vec4 4;
    %flag_get/vec4 5;
    %or;
    %load/vec4 v000001afca6e2960_0;
    %pushi/vec4 102, 0, 8; draw_string_vec4
    %cmp/u;
    %flag_get/vec4 4;
    %flag_get/vec4 5;
    %or;
    %and;
    %flag_set/vec4 9;
    %flag_or 9, 8;
    %jmp/0xz  T_1.56, 9;
    %pushi/vec4 7, 0, 7;
    %store/vec4 v000001afca6e2b40_0, 0, 7;
    %jmp T_1.57;
T_1.56 ;
    %pushi/vec4 0, 0, 7;
    %store/vec4 v000001afca6e2b40_0, 0, 7;
T_1.57 ;
    %jmp T_1.23;
T_1.8 ;
    %pushi/vec4 48, 0, 8; draw_string_vec4
    %load/vec4 v000001afca6e2960_0;
    %cmp/u;
    %flag_get/vec4 4;
    %flag_get/vec4 5;
    %or;
    %load/vec4 v000001afca6e2960_0;
    %pushi/vec4 57, 0, 8; draw_string_vec4
    %cmp/u;
    %flag_get/vec4 4;
    %flag_get/vec4 5;
    %or;
    %and;
    %flag_set/vec4 8;
    %pushi/vec4 97, 0, 8; draw_string_vec4
    %load/vec4 v000001afca6e2960_0;
    %cmp/u;
    %flag_get/vec4 4;
    %flag_get/vec4 5;
    %or;
    %load/vec4 v000001afca6e2960_0;
    %pushi/vec4 102, 0, 8; draw_string_vec4
    %cmp/u;
    %flag_get/vec4 4;
    %flag_get/vec4 5;
    %or;
    %and;
    %flag_set/vec4 9;
    %flag_or 9, 8;
    %jmp/0xz  T_1.58, 9;
    %load/vec4 v000001afca6e2140_0;
    %cmpi/u 8, 0, 32;
    %flag_or 5, 4; GT is !LE
    %flag_inv 5;
    %jmp/0xz  T_1.60, 5;
    %pushi/vec4 0, 0, 7;
    %store/vec4 v000001afca6e2b40_0, 0, 7;
    %jmp T_1.61;
T_1.60 ;
    %pushi/vec4 7, 0, 7;
    %store/vec4 v000001afca6e2b40_0, 0, 7;
T_1.61 ;
    %jmp T_1.59;
T_1.58 ;
    %load/vec4 v000001afca6e2140_0;
    %cmpi/e 8, 0, 32;
    %jmp/0xz  T_1.62, 4;
    %load/vec4 v000001afca6e2960_0;
    %pushi/vec4 32, 0, 8; draw_string_vec4
    %cmp/e;
    %jmp/0xz  T_1.64, 4;
    %pushi/vec4 8, 0, 7;
    %store/vec4 v000001afca6e2b40_0, 0, 7;
    %jmp T_1.65;
T_1.64 ;
    %load/vec4 v000001afca6e2960_0;
    %pushi/vec4 60, 0, 8; draw_string_vec4
    %cmp/e;
    %jmp/0xz  T_1.66, 4;
    %pushi/vec4 9, 0, 7;
    %store/vec4 v000001afca6e2b40_0, 0, 7;
    %jmp T_1.67;
T_1.66 ;
    %pushi/vec4 0, 0, 7;
    %store/vec4 v000001afca6e2b40_0, 0, 7;
T_1.67 ;
T_1.65 ;
    %jmp T_1.63;
T_1.62 ;
    %pushi/vec4 0, 0, 7;
    %store/vec4 v000001afca6e2b40_0, 0, 7;
T_1.63 ;
T_1.59 ;
    %jmp T_1.23;
T_1.9 ;
    %load/vec4 v000001afca6e2960_0;
    %pushi/vec4 32, 0, 8; draw_string_vec4
    %cmp/e;
    %jmp/0xz  T_1.68, 4;
    %pushi/vec4 8, 0, 7;
    %store/vec4 v000001afca6e2b40_0, 0, 7;
    %jmp T_1.69;
T_1.68 ;
    %load/vec4 v000001afca6e2960_0;
    %pushi/vec4 60, 0, 8; draw_string_vec4
    %cmp/e;
    %jmp/0xz  T_1.70, 4;
    %pushi/vec4 9, 0, 7;
    %store/vec4 v000001afca6e2b40_0, 0, 7;
    %jmp T_1.71;
T_1.70 ;
    %pushi/vec4 0, 0, 7;
    %store/vec4 v000001afca6e2b40_0, 0, 7;
T_1.71 ;
T_1.69 ;
    %jmp T_1.23;
T_1.10 ;
    %load/vec4 v000001afca6e2960_0;
    %pushi/vec4 61, 0, 8; draw_string_vec4
    %cmp/e;
    %jmp/0xz  T_1.72, 4;
    %pushi/vec4 10, 0, 7;
    %store/vec4 v000001afca6e2b40_0, 0, 7;
    %jmp T_1.73;
T_1.72 ;
    %pushi/vec4 0, 0, 7;
    %store/vec4 v000001afca6e2b40_0, 0, 7;
T_1.73 ;
    %jmp T_1.23;
T_1.11 ;
    %load/vec4 v000001afca6e2960_0;
    %pushi/vec4 32, 0, 8; draw_string_vec4
    %cmp/e;
    %jmp/0xz  T_1.74, 4;
    %pushi/vec4 11, 0, 7;
    %store/vec4 v000001afca6e2b40_0, 0, 7;
    %jmp T_1.75;
T_1.74 ;
    %pushi/vec4 48, 0, 8; draw_string_vec4
    %load/vec4 v000001afca6e2960_0;
    %cmp/u;
    %flag_get/vec4 4;
    %flag_get/vec4 5;
    %or;
    %load/vec4 v000001afca6e2960_0;
    %pushi/vec4 57, 0, 8; draw_string_vec4
    %cmp/u;
    %flag_get/vec4 4;
    %flag_get/vec4 5;
    %or;
    %and;
    %flag_set/vec4 8;
    %pushi/vec4 97, 0, 8; draw_string_vec4
    %load/vec4 v000001afca6e2960_0;
    %cmp/u;
    %flag_get/vec4 4;
    %flag_get/vec4 5;
    %or;
    %load/vec4 v000001afca6e2960_0;
    %pushi/vec4 102, 0, 8; draw_string_vec4
    %cmp/u;
    %flag_get/vec4 4;
    %flag_get/vec4 5;
    %or;
    %and;
    %flag_set/vec4 9;
    %flag_or 9, 8;
    %jmp/0xz  T_1.76, 9;
    %pushi/vec4 12, 0, 7;
    %store/vec4 v000001afca6e2b40_0, 0, 7;
    %jmp T_1.77;
T_1.76 ;
    %pushi/vec4 0, 0, 7;
    %store/vec4 v000001afca6e2b40_0, 0, 7;
T_1.77 ;
T_1.75 ;
    %jmp T_1.23;
T_1.12 ;
    %load/vec4 v000001afca6e2960_0;
    %pushi/vec4 32, 0, 8; draw_string_vec4
    %cmp/e;
    %jmp/0xz  T_1.78, 4;
    %pushi/vec4 11, 0, 7;
    %store/vec4 v000001afca6e2b40_0, 0, 7;
    %jmp T_1.79;
T_1.78 ;
    %pushi/vec4 48, 0, 8; draw_string_vec4
    %load/vec4 v000001afca6e2960_0;
    %cmp/u;
    %flag_get/vec4 4;
    %flag_get/vec4 5;
    %or;
    %load/vec4 v000001afca6e2960_0;
    %pushi/vec4 57, 0, 8; draw_string_vec4
    %cmp/u;
    %flag_get/vec4 4;
    %flag_get/vec4 5;
    %or;
    %and;
    %flag_set/vec4 8;
    %pushi/vec4 97, 0, 8; draw_string_vec4
    %load/vec4 v000001afca6e2960_0;
    %cmp/u;
    %flag_get/vec4 4;
    %flag_get/vec4 5;
    %or;
    %load/vec4 v000001afca6e2960_0;
    %pushi/vec4 102, 0, 8; draw_string_vec4
    %cmp/u;
    %flag_get/vec4 4;
    %flag_get/vec4 5;
    %or;
    %and;
    %flag_set/vec4 9;
    %flag_or 9, 8;
    %jmp/0xz  T_1.80, 9;
    %pushi/vec4 12, 0, 7;
    %store/vec4 v000001afca6e2b40_0, 0, 7;
    %jmp T_1.81;
T_1.80 ;
    %pushi/vec4 0, 0, 7;
    %store/vec4 v000001afca6e2b40_0, 0, 7;
T_1.81 ;
T_1.79 ;
    %jmp T_1.23;
T_1.13 ;
    %pushi/vec4 48, 0, 8; draw_string_vec4
    %load/vec4 v000001afca6e2960_0;
    %cmp/u;
    %flag_get/vec4 4;
    %flag_get/vec4 5;
    %or;
    %load/vec4 v000001afca6e2960_0;
    %pushi/vec4 57, 0, 8; draw_string_vec4
    %cmp/u;
    %flag_get/vec4 4;
    %flag_get/vec4 5;
    %or;
    %and;
    %flag_set/vec4 8;
    %pushi/vec4 97, 0, 8; draw_string_vec4
    %load/vec4 v000001afca6e2960_0;
    %cmp/u;
    %flag_get/vec4 4;
    %flag_get/vec4 5;
    %or;
    %load/vec4 v000001afca6e2960_0;
    %pushi/vec4 102, 0, 8; draw_string_vec4
    %cmp/u;
    %flag_get/vec4 4;
    %flag_get/vec4 5;
    %or;
    %and;
    %flag_set/vec4 9;
    %flag_or 9, 8;
    %jmp/0xz  T_1.82, 9;
    %load/vec4 v000001afca6e2140_0;
    %cmpi/u 8, 0, 32;
    %flag_or 5, 4; GT is !LE
    %flag_inv 5;
    %jmp/0xz  T_1.84, 5;
    %pushi/vec4 0, 0, 7;
    %store/vec4 v000001afca6e2b40_0, 0, 7;
    %jmp T_1.85;
T_1.84 ;
    %pushi/vec4 12, 0, 7;
    %store/vec4 v000001afca6e2b40_0, 0, 7;
T_1.85 ;
    %jmp T_1.83;
T_1.82 ;
    %load/vec4 v000001afca6e2140_0;
    %cmpi/e 8, 0, 32;
    %jmp/0xz  T_1.86, 4;
    %load/vec4 v000001afca6e2960_0;
    %pushi/vec4 35, 0, 8; draw_string_vec4
    %cmp/e;
    %jmp/0xz  T_1.88, 4;
    %pushi/vec4 13, 0, 7;
    %store/vec4 v000001afca6e2b40_0, 0, 7;
    %jmp T_1.89;
T_1.88 ;
    %pushi/vec4 0, 0, 7;
    %store/vec4 v000001afca6e2b40_0, 0, 7;
T_1.89 ;
    %jmp T_1.87;
T_1.86 ;
    %pushi/vec4 0, 0, 7;
    %store/vec4 v000001afca6e2b40_0, 0, 7;
T_1.87 ;
T_1.83 ;
    %jmp T_1.23;
T_1.14 ;
    %load/vec4 v000001afca6e2960_0;
    %pushi/vec4 94, 0, 8; draw_string_vec4
    %cmp/e;
    %jmp/0xz  T_1.90, 4;
    %pushi/vec4 22, 0, 7;
    %store/vec4 v000001afca6e2b40_0, 0, 7;
    %jmp T_1.91;
T_1.90 ;
    %pushi/vec4 0, 0, 7;
    %store/vec4 v000001afca6e2b40_0, 0, 7;
T_1.91 ;
    %jmp T_1.23;
T_1.15 ;
    %pushi/vec4 48, 0, 8; draw_string_vec4
    %load/vec4 v000001afca6e2960_0;
    %cmp/u;
    %flag_get/vec4 4;
    %flag_get/vec4 5;
    %or;
    %load/vec4 v000001afca6e2960_0;
    %pushi/vec4 57, 0, 8; draw_string_vec4
    %cmp/u;
    %flag_get/vec4 4;
    %flag_get/vec4 5;
    %or;
    %and;
    %flag_set/vec4 8;
    %jmp/0xz  T_1.92, 8;
    %pushi/vec4 15, 0, 7;
    %store/vec4 v000001afca6e2b40_0, 0, 7;
    %jmp T_1.93;
T_1.92 ;
    %pushi/vec4 0, 0, 7;
    %store/vec4 v000001afca6e2b40_0, 0, 7;
T_1.93 ;
    %jmp T_1.23;
T_1.16 ;
    %load/vec4 v000001afca6e2140_0;
    %cmpi/u 4, 0, 32;
    %flag_or 5, 4; GT is !LE
    %flag_inv 5;
    %jmp/0xz  T_1.94, 5;
    %pushi/vec4 0, 0, 7;
    %store/vec4 v000001afca6e2b40_0, 0, 7;
    %jmp T_1.95;
T_1.94 ;
    %pushi/vec4 48, 0, 8; draw_string_vec4
    %load/vec4 v000001afca6e2960_0;
    %cmp/u;
    %flag_get/vec4 4;
    %flag_get/vec4 5;
    %or;
    %load/vec4 v000001afca6e2960_0;
    %pushi/vec4 57, 0, 8; draw_string_vec4
    %cmp/u;
    %flag_get/vec4 4;
    %flag_get/vec4 5;
    %or;
    %and;
    %flag_set/vec4 8;
    %jmp/0xz  T_1.96, 8;
    %pushi/vec4 15, 0, 7;
    %store/vec4 v000001afca6e2b40_0, 0, 7;
    %jmp T_1.97;
T_1.96 ;
    %load/vec4 v000001afca6e2960_0;
    %pushi/vec4 32, 0, 8; draw_string_vec4
    %cmp/e;
    %jmp/0xz  T_1.98, 4;
    %pushi/vec4 16, 0, 7;
    %store/vec4 v000001afca6e2b40_0, 0, 7;
    %jmp T_1.99;
T_1.98 ;
    %load/vec4 v000001afca6e2960_0;
    %pushi/vec4 60, 0, 8; draw_string_vec4
    %cmp/e;
    %jmp/0xz  T_1.100, 4;
    %pushi/vec4 17, 0, 7;
    %store/vec4 v000001afca6e2b40_0, 0, 7;
    %jmp T_1.101;
T_1.100 ;
    %pushi/vec4 0, 0, 7;
    %store/vec4 v000001afca6e2b40_0, 0, 7;
T_1.101 ;
T_1.99 ;
T_1.97 ;
T_1.95 ;
    %jmp T_1.23;
T_1.17 ;
    %load/vec4 v000001afca6e2960_0;
    %pushi/vec4 32, 0, 8; draw_string_vec4
    %cmp/e;
    %jmp/0xz  T_1.102, 4;
    %pushi/vec4 16, 0, 7;
    %store/vec4 v000001afca6e2b40_0, 0, 7;
    %jmp T_1.103;
T_1.102 ;
    %load/vec4 v000001afca6e2960_0;
    %pushi/vec4 60, 0, 8; draw_string_vec4
    %cmp/e;
    %jmp/0xz  T_1.104, 4;
    %pushi/vec4 17, 0, 7;
    %store/vec4 v000001afca6e2b40_0, 0, 7;
    %jmp T_1.105;
T_1.104 ;
    %pushi/vec4 0, 0, 7;
    %store/vec4 v000001afca6e2b40_0, 0, 7;
T_1.105 ;
T_1.103 ;
    %jmp T_1.23;
T_1.18 ;
    %load/vec4 v000001afca6e2960_0;
    %pushi/vec4 61, 0, 8; draw_string_vec4
    %cmp/e;
    %jmp/0xz  T_1.106, 4;
    %pushi/vec4 18, 0, 7;
    %store/vec4 v000001afca6e2b40_0, 0, 7;
    %jmp T_1.107;
T_1.106 ;
    %pushi/vec4 0, 0, 7;
    %store/vec4 v000001afca6e2b40_0, 0, 7;
T_1.107 ;
    %jmp T_1.23;
T_1.19 ;
    %load/vec4 v000001afca6e2960_0;
    %pushi/vec4 32, 0, 8; draw_string_vec4
    %cmp/e;
    %jmp/0xz  T_1.108, 4;
    %pushi/vec4 19, 0, 7;
    %store/vec4 v000001afca6e2b40_0, 0, 7;
    %jmp T_1.109;
T_1.108 ;
    %pushi/vec4 48, 0, 8; draw_string_vec4
    %load/vec4 v000001afca6e2960_0;
    %cmp/u;
    %flag_get/vec4 4;
    %flag_get/vec4 5;
    %or;
    %load/vec4 v000001afca6e2960_0;
    %pushi/vec4 57, 0, 8; draw_string_vec4
    %cmp/u;
    %flag_get/vec4 4;
    %flag_get/vec4 5;
    %or;
    %and;
    %flag_set/vec4 8;
    %pushi/vec4 97, 0, 8; draw_string_vec4
    %load/vec4 v000001afca6e2960_0;
    %cmp/u;
    %flag_get/vec4 4;
    %flag_get/vec4 5;
    %or;
    %load/vec4 v000001afca6e2960_0;
    %pushi/vec4 102, 0, 8; draw_string_vec4
    %cmp/u;
    %flag_get/vec4 4;
    %flag_get/vec4 5;
    %or;
    %and;
    %flag_set/vec4 9;
    %flag_or 9, 8;
    %jmp/0xz  T_1.110, 9;
    %pushi/vec4 20, 0, 7;
    %store/vec4 v000001afca6e2b40_0, 0, 7;
    %jmp T_1.111;
T_1.110 ;
    %pushi/vec4 0, 0, 7;
    %store/vec4 v000001afca6e2b40_0, 0, 7;
T_1.111 ;
T_1.109 ;
    %jmp T_1.23;
T_1.20 ;
    %load/vec4 v000001afca6e2960_0;
    %pushi/vec4 32, 0, 8; draw_string_vec4
    %cmp/e;
    %jmp/0xz  T_1.112, 4;
    %pushi/vec4 19, 0, 7;
    %store/vec4 v000001afca6e2b40_0, 0, 7;
    %jmp T_1.113;
T_1.112 ;
    %pushi/vec4 48, 0, 8; draw_string_vec4
    %load/vec4 v000001afca6e2960_0;
    %cmp/u;
    %flag_get/vec4 4;
    %flag_get/vec4 5;
    %or;
    %load/vec4 v000001afca6e2960_0;
    %pushi/vec4 57, 0, 8; draw_string_vec4
    %cmp/u;
    %flag_get/vec4 4;
    %flag_get/vec4 5;
    %or;
    %and;
    %flag_set/vec4 8;
    %pushi/vec4 97, 0, 8; draw_string_vec4
    %load/vec4 v000001afca6e2960_0;
    %cmp/u;
    %flag_get/vec4 4;
    %flag_get/vec4 5;
    %or;
    %load/vec4 v000001afca6e2960_0;
    %pushi/vec4 102, 0, 8; draw_string_vec4
    %cmp/u;
    %flag_get/vec4 4;
    %flag_get/vec4 5;
    %or;
    %and;
    %flag_set/vec4 9;
    %flag_or 9, 8;
    %jmp/0xz  T_1.114, 9;
    %pushi/vec4 20, 0, 7;
    %store/vec4 v000001afca6e2b40_0, 0, 7;
    %jmp T_1.115;
T_1.114 ;
    %pushi/vec4 0, 0, 7;
    %store/vec4 v000001afca6e2b40_0, 0, 7;
T_1.115 ;
T_1.113 ;
    %jmp T_1.23;
T_1.21 ;
    %pushi/vec4 48, 0, 8; draw_string_vec4
    %load/vec4 v000001afca6e2960_0;
    %cmp/u;
    %flag_get/vec4 4;
    %flag_get/vec4 5;
    %or;
    %load/vec4 v000001afca6e2960_0;
    %pushi/vec4 57, 0, 8; draw_string_vec4
    %cmp/u;
    %flag_get/vec4 4;
    %flag_get/vec4 5;
    %or;
    %and;
    %flag_set/vec4 8;
    %pushi/vec4 97, 0, 8; draw_string_vec4
    %load/vec4 v000001afca6e2960_0;
    %cmp/u;
    %flag_get/vec4 4;
    %flag_get/vec4 5;
    %or;
    %load/vec4 v000001afca6e2960_0;
    %pushi/vec4 102, 0, 8; draw_string_vec4
    %cmp/u;
    %flag_get/vec4 4;
    %flag_get/vec4 5;
    %or;
    %and;
    %flag_set/vec4 9;
    %flag_or 9, 8;
    %jmp/0xz  T_1.116, 9;
    %load/vec4 v000001afca6e2140_0;
    %cmpi/u 8, 0, 32;
    %flag_or 5, 4; GT is !LE
    %flag_inv 5;
    %jmp/0xz  T_1.118, 5;
    %pushi/vec4 0, 0, 7;
    %store/vec4 v000001afca6e2b40_0, 0, 7;
    %jmp T_1.119;
T_1.118 ;
    %pushi/vec4 20, 0, 7;
    %store/vec4 v000001afca6e2b40_0, 0, 7;
T_1.119 ;
    %jmp T_1.117;
T_1.116 ;
    %load/vec4 v000001afca6e2140_0;
    %cmpi/e 8, 0, 32;
    %jmp/0xz  T_1.120, 4;
    %load/vec4 v000001afca6e2960_0;
    %pushi/vec4 35, 0, 8; draw_string_vec4
    %cmp/e;
    %jmp/0xz  T_1.122, 4;
    %pushi/vec4 21, 0, 7;
    %store/vec4 v000001afca6e2b40_0, 0, 7;
    %jmp T_1.123;
T_1.122 ;
    %pushi/vec4 0, 0, 7;
    %store/vec4 v000001afca6e2b40_0, 0, 7;
T_1.123 ;
    %jmp T_1.121;
T_1.120 ;
    %pushi/vec4 0, 0, 7;
    %store/vec4 v000001afca6e2b40_0, 0, 7;
T_1.121 ;
T_1.117 ;
    %jmp T_1.23;
T_1.22 ;
    %load/vec4 v000001afca6e2960_0;
    %pushi/vec4 94, 0, 8; draw_string_vec4
    %cmp/e;
    %jmp/0xz  T_1.124, 4;
    %pushi/vec4 22, 0, 7;
    %store/vec4 v000001afca6e2b40_0, 0, 7;
    %jmp T_1.125;
T_1.124 ;
    %pushi/vec4 0, 0, 7;
    %store/vec4 v000001afca6e2b40_0, 0, 7;
T_1.125 ;
    %jmp T_1.23;
T_1.23 ;
    %pop/vec4 1;
    %jmp T_1;
    .thread T_1, $push;
    .scope S_000001afca632fc0;
T_2 ;
    %wait E_000001afca65ec60;
    %load/vec4 v000001afca6e2a00_0;
    %flag_set/vec4 8;
    %jmp/0xz  T_2.0, 8;
    %pushi/vec4 0, 0, 7;
    %assign/vec4 v000001afca6e1d80_0, 0;
    %jmp T_2.1;
T_2.0 ;
    %load/vec4 v000001afca6e2b40_0;
    %assign/vec4 v000001afca6e1d80_0, 0;
T_2.1 ;
    %jmp T_2;
    .thread T_2;
    .scope S_000001afca632fc0;
T_3 ;
    %wait E_000001afca65ec60;
    %load/vec4 v000001afca6e2a00_0;
    %flag_set/vec4 8;
    %jmp/0xz  T_3.0, 8;
    %pushi/vec4 0, 0, 32;
    %assign/vec4 v000001afca6e2140_0, 0;
    %jmp T_3.1;
T_3.0 ;
    %load/vec4 v000001afca6e2b40_0;
    %pad/u 32;
    %cmpi/e 1, 0, 32;
    %flag_mov 8, 4;
    %load/vec4 v000001afca6e2b40_0;
    %pad/u 32;
    %cmpi/e 3, 0, 32;
    %flag_or 4, 8;
    %flag_mov 8, 4;
    %load/vec4 v000001afca6e2b40_0;
    %pad/u 32;
    %cmpi/e 7, 0, 32;
    %flag_or 4, 8;
    %flag_mov 8, 4;
    %load/vec4 v000001afca6e2b40_0;
    %pad/u 32;
    %cmpi/e 12, 0, 32;
    %flag_or 4, 8;
    %flag_mov 8, 4;
    %load/vec4 v000001afca6e2b40_0;
    %pad/u 32;
    %cmpi/e 15, 0, 32;
    %flag_or 4, 8;
    %flag_mov 8, 4;
    %load/vec4 v000001afca6e2b40_0;
    %pad/u 32;
    %cmpi/e 20, 0, 32;
    %flag_or 4, 8;
    %jmp/0xz  T_3.2, 4;
    %load/vec4 v000001afca6e2140_0;
    %addi 1, 0, 32;
    %assign/vec4 v000001afca6e2140_0, 0;
    %jmp T_3.3;
T_3.2 ;
    %pushi/vec4 0, 0, 32;
    %assign/vec4 v000001afca6e2140_0, 0;
T_3.3 ;
T_3.1 ;
    %jmp T_3;
    .thread T_3;
# The file index is used to find the file name in the following table.
:file_names 3;
    "N/A";
    "<interactive>";
    "cpu_checker_1.v";
