#! /c/Source/iverilog-install/bin/vvp
:ivl_version "12.0 (devel)" "(s20150603-1110-g18392a46)";
:ivl_delay_selection "TYPICAL";
:vpi_time_precision - 12;
:vpi_module "G:\PROGRA~2\iverilog\lib\ivl\system.vpi";
:vpi_module "G:\PROGRA~2\iverilog\lib\ivl\vhdl_sys.vpi";
:vpi_module "G:\PROGRA~2\iverilog\lib\ivl\vhdl_textio.vpi";
:vpi_module "G:\PROGRA~2\iverilog\lib\ivl\v2005_math.vpi";
:vpi_module "G:\PROGRA~2\iverilog\lib\ivl\va_math.vpi";
S_000002b102a83020 .scope module, "tb" "tb" 2 4;
 .timescale -9 -12;
v000002b102b3d530_0 .var "char", 7 0;
v000002b102b3da30_0 .var "clk", 0 0;
v000002b102b3df30_0 .var "finish", 0 0;
v000002b102b3d5d0_0 .net "format_type", 1 0, v000002b102ab9100_0;  1 drivers
v000002b102b3d3f0_0 .var "freq", 15 0;
v000002b102b3d490_0 .var "reset", 0 0;
S_000002b102ab8ed0 .scope module, "uut" "cpu_checker" 2 24, 3 1 0, S_000002b102a83020;
 .timescale -9 -12;
    .port_info 0 /INPUT 1 "clk";
    .port_info 1 /INPUT 1 "reset";
    .port_info 2 /INPUT 8 "char";
    .port_info 3 /INPUT 16 "freq";
    .port_info 4 /OUTPUT 2 "format_type";
    .port_info 5 /OUTPUT 4 "error_code";
P_000002b102a84950 .param/l "ADDR_NUM" 0 3 16, +C4<00000000000000000000000000000111>;
P_000002b102a84988 .param/l "COM_SPACE" 0 3 14, +C4<00000000000000000000000000000101>;
P_000002b102a849c0 .param/l "COM_START" 0 3 10, +C4<00000000000000000000000000000000>;
P_000002b102a849f8 .param/l "COM_START_SYM" 0 3 10, +C4<00000000000000000000000000010110>;
P_000002b102a84a30 .param/l "COM_SYM1" 0 3 12, +C4<00000000000000000000000000000010>;
P_000002b102a84a68 .param/l "COM_SYM2" 0 3 14, +C4<00000000000000000000000000000100>;
P_000002b102a84aa0 .param/l "GRF_NUM" 0 3 21, +C4<00000000000000000000000000001111>;
P_000002b102a84ad8 .param/l "MEM_FINISH" 0 3 19, +C4<00000000000000000000000000001101>;
P_000002b102a84b10 .param/l "MEM_NUM" 0 3 18, +C4<00000000000000000000000000001100>;
P_000002b102a84b48 .param/l "MEM_SPACE1" 0 3 17, +C4<00000000000000000000000000001000>;
P_000002b102a84b80 .param/l "MEM_SPACE2" 0 3 17, +C4<00000000000000000000000000001011>;
P_000002b102a84bb8 .param/l "MEM_SYM1" 0 3 15, +C4<00000000000000000000000000000110>;
P_000002b102a84bf0 .param/l "MEM_SYM2" 0 3 17, +C4<00000000000000000000000000001001>;
P_000002b102a84c28 .param/l "MEM_SYM3" 0 3 17, +C4<00000000000000000000000000001010>;
P_000002b102a84c60 .param/l "PC_NUM" 0 3 13, +C4<00000000000000000000000000000011>;
P_000002b102a84c98 .param/l "REG_FINISH" 0 3 24, +C4<00000000000000000000000000010101>;
P_000002b102a84cd0 .param/l "REG_NUM" 0 3 23, +C4<00000000000000000000000000010100>;
P_000002b102a84d08 .param/l "REG_SPACE1" 0 3 22, +C4<00000000000000000000000000010000>;
P_000002b102a84d40 .param/l "REG_SPACE2" 0 3 22, +C4<00000000000000000000000000010011>;
P_000002b102a84d78 .param/l "REG_SYM1" 0 3 20, +C4<00000000000000000000000000001110>;
P_000002b102a84db0 .param/l "REG_SYM2" 0 3 22, +C4<00000000000000000000000000010001>;
P_000002b102a84de8 .param/l "REG_SYM3" 0 3 22, +C4<00000000000000000000000000010010>;
P_000002b102a84e20 .param/l "TIME_NUM" 0 3 11, +C4<00000000000000000000000000000001>;
v000002b102a831b0_0 .var "_addr", 31 0;
v000002b102a532b0_0 .var "_data", 31 0;
v000002b10286b790_0 .var "_grf", 31 0;
v000002b10286b830_0 .var "_pc", 31 0;
v000002b10286ba10_0 .var "_time", 31 0;
v000002b10286bab0_0 .net "char", 7 0, v000002b102b3d530_0;  1 drivers
v000002b102a84e60_0 .net "clk", 0 0, v000002b102b3da30_0;  1 drivers
v000002b102a84f00_0 .var "cnt", 31 0;
v000002b102ab9060_0 .var "error_code", 3 0;
v000002b102ab9100_0 .var "format_type", 1 0;
o000002b102bc82b8 .functor BUFZ 16, C4<zzzzzzzzzzzzzzzz>; HiZ drive
v000002b102ab91a0_0 .net "freq", 15 0, o000002b102bc82b8;  0 drivers
v000002b102b3ddf0_0 .var "next_state", 6 0;
v000002b102b3dcb0_0 .net "reset", 0 0, v000002b102b3d490_0;  1 drivers
v000002b102b3d710_0 .var "state", 6 0;
E_000002b102b2b420 .event anyedge, v000002b102b3d710_0;
E_000002b102b2bbe0 .event posedge, v000002b102a84e60_0;
E_000002b102b2b9e0 .event anyedge, v000002b102b3ddf0_0, v000002b102b3d710_0, v000002b10286bab0_0;
    .scope S_000002b102ab8ed0;
T_0 ;
    %pushi/vec4 0, 0, 7;
    %store/vec4 v000002b102b3d710_0, 0, 7;
    %pushi/vec4 0, 0, 7;
    %store/vec4 v000002b102b3ddf0_0, 0, 7;
    %pushi/vec4 0, 0, 32;
    %store/vec4 v000002b102a84f00_0, 0, 32;
    %end;
    .thread T_0;
    .scope S_000002b102ab8ed0;
T_1 ;
    %wait E_000002b102b2b9e0;
    %load/vec4 v000002b102b3d710_0;
    %dup/vec4;
    %pushi/vec4 0, 0, 7;
    %cmp/u;
    %jmp/1 T_1.0, 6;
    %dup/vec4;
    %pushi/vec4 22, 0, 7;
    %cmp/u;
    %jmp/1 T_1.1, 6;
    %dup/vec4;
    %pushi/vec4 1, 0, 7;
    %cmp/u;
    %jmp/1 T_1.2, 6;
    %dup/vec4;
    %pushi/vec4 2, 0, 7;
    %cmp/u;
    %jmp/1 T_1.3, 6;
    %dup/vec4;
    %pushi/vec4 3, 0, 7;
    %cmp/u;
    %jmp/1 T_1.4, 6;
    %dup/vec4;
    %pushi/vec4 4, 0, 7;
    %cmp/u;
    %jmp/1 T_1.5, 6;
    %dup/vec4;
    %pushi/vec4 5, 0, 7;
    %cmp/u;
    %jmp/1 T_1.6, 6;
    %dup/vec4;
    %pushi/vec4 6, 0, 7;
    %cmp/u;
    %jmp/1 T_1.7, 6;
    %dup/vec4;
    %pushi/vec4 7, 0, 7;
    %cmp/u;
    %jmp/1 T_1.8, 6;
    %dup/vec4;
    %pushi/vec4 8, 0, 7;
    %cmp/u;
    %jmp/1 T_1.9, 6;
    %dup/vec4;
    %pushi/vec4 9, 0, 7;
    %cmp/u;
    %jmp/1 T_1.10, 6;
    %dup/vec4;
    %pushi/vec4 10, 0, 7;
    %cmp/u;
    %jmp/1 T_1.11, 6;
    %dup/vec4;
    %pushi/vec4 11, 0, 7;
    %cmp/u;
    %jmp/1 T_1.12, 6;
    %dup/vec4;
    %pushi/vec4 12, 0, 7;
    %cmp/u;
    %jmp/1 T_1.13, 6;
    %dup/vec4;
    %pushi/vec4 13, 0, 7;
    %cmp/u;
    %jmp/1 T_1.14, 6;
    %dup/vec4;
    %pushi/vec4 14, 0, 7;
    %cmp/u;
    %jmp/1 T_1.15, 6;
    %dup/vec4;
    %pushi/vec4 15, 0, 7;
    %cmp/u;
    %jmp/1 T_1.16, 6;
    %dup/vec4;
    %pushi/vec4 16, 0, 7;
    %cmp/u;
    %jmp/1 T_1.17, 6;
    %dup/vec4;
    %pushi/vec4 17, 0, 7;
    %cmp/u;
    %jmp/1 T_1.18, 6;
    %dup/vec4;
    %pushi/vec4 18, 0, 7;
    %cmp/u;
    %jmp/1 T_1.19, 6;
    %dup/vec4;
    %pushi/vec4 19, 0, 7;
    %cmp/u;
    %jmp/1 T_1.20, 6;
    %dup/vec4;
    %pushi/vec4 20, 0, 7;
    %cmp/u;
    %jmp/1 T_1.21, 6;
    %dup/vec4;
    %pushi/vec4 21, 0, 7;
    %cmp/u;
    %jmp/1 T_1.22, 6;
    %jmp T_1.23;
T_1.0 ;
    %load/vec4 v000002b10286bab0_0;
    %pushi/vec4 94, 0, 8; draw_string_vec4
    %cmp/e;
    %jmp/0xz  T_1.24, 4;
    %pushi/vec4 22, 0, 7;
    %store/vec4 v000002b102b3ddf0_0, 0, 7;
    %jmp T_1.25;
T_1.24 ;
    %pushi/vec4 0, 0, 7;
    %store/vec4 v000002b102b3ddf0_0, 0, 7;
T_1.25 ;
    %jmp T_1.23;
T_1.1 ;
    %pushi/vec4 48, 0, 8; draw_string_vec4
    %load/vec4 v000002b10286bab0_0;
    %cmp/u;
    %flag_get/vec4 4;
    %flag_get/vec4 5;
    %or;
    %load/vec4 v000002b10286bab0_0;
    %pushi/vec4 57, 0, 8; draw_string_vec4
    %cmp/u;
    %flag_get/vec4 4;
    %flag_get/vec4 5;
    %or;
    %and;
    %flag_set/vec4 8;
    %jmp/0xz  T_1.26, 8;
    %pushi/vec4 1, 0, 7;
    %store/vec4 v000002b102b3ddf0_0, 0, 7;
    %jmp T_1.27;
T_1.26 ;
    %pushi/vec4 0, 0, 7;
    %store/vec4 v000002b102b3ddf0_0, 0, 7;
T_1.27 ;
    %jmp T_1.23;
T_1.2 ;
    %load/vec4 v000002b102a84f00_0;
    %cmpi/u 4, 0, 32;
    %flag_or 5, 4; GT is !LE
    %flag_inv 5;
    %jmp/0xz  T_1.28, 5;
    %pushi/vec4 0, 0, 7;
    %store/vec4 v000002b102b3ddf0_0, 0, 7;
    %jmp T_1.29;
T_1.28 ;
    %pushi/vec4 48, 0, 8; draw_string_vec4
    %load/vec4 v000002b10286bab0_0;
    %cmp/u;
    %flag_get/vec4 4;
    %flag_get/vec4 5;
    %or;
    %load/vec4 v000002b10286bab0_0;
    %pushi/vec4 57, 0, 8; draw_string_vec4
    %cmp/u;
    %flag_get/vec4 4;
    %flag_get/vec4 5;
    %or;
    %and;
    %flag_set/vec4 8;
    %jmp/0xz  T_1.30, 8;
    %pushi/vec4 1, 0, 7;
    %store/vec4 v000002b102b3ddf0_0, 0, 7;
    %jmp T_1.31;
T_1.30 ;
    %load/vec4 v000002b10286bab0_0;
    %pushi/vec4 64, 0, 8; draw_string_vec4
    %cmp/e;
    %jmp/0xz  T_1.32, 4;
    %pushi/vec4 2, 0, 7;
    %store/vec4 v000002b102b3ddf0_0, 0, 7;
    %jmp T_1.33;
T_1.32 ;
    %pushi/vec4 0, 0, 7;
    %store/vec4 v000002b102b3ddf0_0, 0, 7;
T_1.33 ;
T_1.31 ;
T_1.29 ;
    %jmp T_1.23;
T_1.3 ;
    %pushi/vec4 48, 0, 8; draw_string_vec4
    %load/vec4 v000002b10286bab0_0;
    %cmp/u;
    %flag_get/vec4 4;
    %flag_get/vec4 5;
    %or;
    %load/vec4 v000002b10286bab0_0;
    %pushi/vec4 57, 0, 8; draw_string_vec4
    %cmp/u;
    %flag_get/vec4 4;
    %flag_get/vec4 5;
    %or;
    %and;
    %flag_set/vec4 8;
    %pushi/vec4 97, 0, 8; draw_string_vec4
    %load/vec4 v000002b10286bab0_0;
    %cmp/u;
    %flag_get/vec4 4;
    %flag_get/vec4 5;
    %or;
    %load/vec4 v000002b10286bab0_0;
    %pushi/vec4 102, 0, 8; draw_string_vec4
    %cmp/u;
    %flag_get/vec4 4;
    %flag_get/vec4 5;
    %or;
    %and;
    %flag_set/vec4 9;
    %flag_or 9, 8;
    %jmp/0xz  T_1.34, 9;
    %pushi/vec4 3, 0, 7;
    %store/vec4 v000002b102b3ddf0_0, 0, 7;
    %jmp T_1.35;
T_1.34 ;
    %pushi/vec4 0, 0, 7;
    %store/vec4 v000002b102b3ddf0_0, 0, 7;
T_1.35 ;
    %jmp T_1.23;
T_1.4 ;
    %pushi/vec4 48, 0, 8; draw_string_vec4
    %load/vec4 v000002b10286bab0_0;
    %cmp/u;
    %flag_get/vec4 4;
    %flag_get/vec4 5;
    %or;
    %load/vec4 v000002b10286bab0_0;
    %pushi/vec4 57, 0, 8; draw_string_vec4
    %cmp/u;
    %flag_get/vec4 4;
    %flag_get/vec4 5;
    %or;
    %and;
    %flag_set/vec4 8;
    %pushi/vec4 97, 0, 8; draw_string_vec4
    %load/vec4 v000002b10286bab0_0;
    %cmp/u;
    %flag_get/vec4 4;
    %flag_get/vec4 5;
    %or;
    %load/vec4 v000002b10286bab0_0;
    %pushi/vec4 102, 0, 8; draw_string_vec4
    %cmp/u;
    %flag_get/vec4 4;
    %flag_get/vec4 5;
    %or;
    %and;
    %flag_set/vec4 9;
    %flag_or 9, 8;
    %jmp/0xz  T_1.36, 9;
    %load/vec4 v000002b102a84f00_0;
    %cmpi/u 8, 0, 32;
    %flag_or 5, 4; GT is !LE
    %flag_inv 5;
    %jmp/0xz  T_1.38, 5;
    %pushi/vec4 0, 0, 7;
    %store/vec4 v000002b102b3ddf0_0, 0, 7;
    %jmp T_1.39;
T_1.38 ;
    %pushi/vec4 3, 0, 7;
    %store/vec4 v000002b102b3ddf0_0, 0, 7;
T_1.39 ;
    %jmp T_1.37;
T_1.36 ;
    %load/vec4 v000002b102a84f00_0;
    %cmpi/e 8, 0, 32;
    %jmp/0xz  T_1.40, 4;
    %load/vec4 v000002b10286bab0_0;
    %pushi/vec4 58, 0, 8; draw_string_vec4
    %cmp/e;
    %jmp/0xz  T_1.42, 4;
    %pushi/vec4 4, 0, 7;
    %store/vec4 v000002b102b3ddf0_0, 0, 7;
    %jmp T_1.43;
T_1.42 ;
    %pushi/vec4 0, 0, 7;
    %store/vec4 v000002b102b3ddf0_0, 0, 7;
T_1.43 ;
    %jmp T_1.41;
T_1.40 ;
    %pushi/vec4 0, 0, 7;
    %store/vec4 v000002b102b3ddf0_0, 0, 7;
T_1.41 ;
T_1.37 ;
    %jmp T_1.23;
T_1.5 ;
    %load/vec4 v000002b10286bab0_0;
    %pushi/vec4 32, 0, 8; draw_string_vec4
    %cmp/e;
    %jmp/0xz  T_1.44, 4;
    %pushi/vec4 5, 0, 7;
    %store/vec4 v000002b102b3ddf0_0, 0, 7;
    %jmp T_1.45;
T_1.44 ;
    %load/vec4 v000002b10286bab0_0;
    %pad/u 40;
    %pushi/vec4 942105652, 0, 32; draw_string_vec4
    %pushi/vec4 50, 0, 8; draw_string_vec4
    %concat/vec4; draw_string_vec4
    %cmp/e;
    %jmp/0xz  T_1.46, 4;
    %pushi/vec4 6, 0, 7;
    %store/vec4 v000002b102b3ddf0_0, 0, 7;
    %jmp T_1.47;
T_1.46 ;
    %load/vec4 v000002b10286bab0_0;
    %pushi/vec4 36, 0, 8; draw_string_vec4
    %cmp/e;
    %jmp/0xz  T_1.48, 4;
    %pushi/vec4 14, 0, 7;
    %store/vec4 v000002b102b3ddf0_0, 0, 7;
    %jmp T_1.49;
T_1.48 ;
    %pushi/vec4 0, 0, 7;
    %store/vec4 v000002b102b3ddf0_0, 0, 7;
T_1.49 ;
T_1.47 ;
T_1.45 ;
    %jmp T_1.23;
T_1.6 ;
    %load/vec4 v000002b10286bab0_0;
    %pushi/vec4 32, 0, 8; draw_string_vec4
    %cmp/e;
    %jmp/0xz  T_1.50, 4;
    %pushi/vec4 5, 0, 7;
    %store/vec4 v000002b102b3ddf0_0, 0, 7;
    %jmp T_1.51;
T_1.50 ;
    %load/vec4 v000002b10286bab0_0;
    %cmpi/e 42, 0, 8;
    %jmp/0xz  T_1.52, 4;
    %pushi/vec4 6, 0, 7;
    %store/vec4 v000002b102b3ddf0_0, 0, 7;
    %jmp T_1.53;
T_1.52 ;
    %load/vec4 v000002b10286bab0_0;
    %pushi/vec4 36, 0, 8; draw_string_vec4
    %cmp/e;
    %jmp/0xz  T_1.54, 4;
    %pushi/vec4 14, 0, 7;
    %store/vec4 v000002b102b3ddf0_0, 0, 7;
    %jmp T_1.55;
T_1.54 ;
    %pushi/vec4 0, 0, 7;
    %store/vec4 v000002b102b3ddf0_0, 0, 7;
T_1.55 ;
T_1.53 ;
T_1.51 ;
    %jmp T_1.23;
T_1.7 ;
    %pushi/vec4 48, 0, 8; draw_string_vec4
    %load/vec4 v000002b10286bab0_0;
    %cmp/u;
    %flag_get/vec4 4;
    %flag_get/vec4 5;
    %or;
    %load/vec4 v000002b10286bab0_0;
    %pushi/vec4 57, 0, 8; draw_string_vec4
    %cmp/u;
    %flag_get/vec4 4;
    %flag_get/vec4 5;
    %or;
    %and;
    %flag_set/vec4 8;
    %pushi/vec4 97, 0, 8; draw_string_vec4
    %load/vec4 v000002b10286bab0_0;
    %cmp/u;
    %flag_get/vec4 4;
    %flag_get/vec4 5;
    %or;
    %load/vec4 v000002b10286bab0_0;
    %pushi/vec4 102, 0, 8; draw_string_vec4
    %cmp/u;
    %flag_get/vec4 4;
    %flag_get/vec4 5;
    %or;
    %and;
    %flag_set/vec4 9;
    %flag_or 9, 8;
    %jmp/0xz  T_1.56, 9;
    %pushi/vec4 7, 0, 7;
    %store/vec4 v000002b102b3ddf0_0, 0, 7;
    %jmp T_1.57;
T_1.56 ;
    %pushi/vec4 0, 0, 7;
    %store/vec4 v000002b102b3ddf0_0, 0, 7;
T_1.57 ;
    %jmp T_1.23;
T_1.8 ;
    %pushi/vec4 48, 0, 8; draw_string_vec4
    %load/vec4 v000002b10286bab0_0;
    %cmp/u;
    %flag_get/vec4 4;
    %flag_get/vec4 5;
    %or;
    %load/vec4 v000002b10286bab0_0;
    %pushi/vec4 57, 0, 8; draw_string_vec4
    %cmp/u;
    %flag_get/vec4 4;
    %flag_get/vec4 5;
    %or;
    %and;
    %flag_set/vec4 8;
    %pushi/vec4 97, 0, 8; draw_string_vec4
    %load/vec4 v000002b10286bab0_0;
    %cmp/u;
    %flag_get/vec4 4;
    %flag_get/vec4 5;
    %or;
    %load/vec4 v000002b10286bab0_0;
    %pushi/vec4 102, 0, 8; draw_string_vec4
    %cmp/u;
    %flag_get/vec4 4;
    %flag_get/vec4 5;
    %or;
    %and;
    %flag_set/vec4 9;
    %flag_or 9, 8;
    %jmp/0xz  T_1.58, 9;
    %load/vec4 v000002b102a84f00_0;
    %cmpi/u 8, 0, 32;
    %flag_or 5, 4; GT is !LE
    %flag_inv 5;
    %jmp/0xz  T_1.60, 5;
    %pushi/vec4 0, 0, 7;
    %store/vec4 v000002b102b3ddf0_0, 0, 7;
    %jmp T_1.61;
T_1.60 ;
    %pushi/vec4 7, 0, 7;
    %store/vec4 v000002b102b3ddf0_0, 0, 7;
T_1.61 ;
    %jmp T_1.59;
T_1.58 ;
    %load/vec4 v000002b102a84f00_0;
    %cmpi/e 8, 0, 32;
    %jmp/0xz  T_1.62, 4;
    %load/vec4 v000002b10286bab0_0;
    %pushi/vec4 32, 0, 8; draw_string_vec4
    %cmp/e;
    %jmp/0xz  T_1.64, 4;
    %pushi/vec4 8, 0, 7;
    %store/vec4 v000002b102b3ddf0_0, 0, 7;
    %jmp T_1.65;
T_1.64 ;
    %load/vec4 v000002b10286bab0_0;
    %pushi/vec4 60, 0, 8; draw_string_vec4
    %cmp/e;
    %jmp/0xz  T_1.66, 4;
    %pushi/vec4 9, 0, 7;
    %store/vec4 v000002b102b3ddf0_0, 0, 7;
    %jmp T_1.67;
T_1.66 ;
    %pushi/vec4 0, 0, 7;
    %store/vec4 v000002b102b3ddf0_0, 0, 7;
T_1.67 ;
T_1.65 ;
    %jmp T_1.63;
T_1.62 ;
    %pushi/vec4 0, 0, 7;
    %store/vec4 v000002b102b3ddf0_0, 0, 7;
T_1.63 ;
T_1.59 ;
    %jmp T_1.23;
T_1.9 ;
    %load/vec4 v000002b10286bab0_0;
    %pushi/vec4 32, 0, 8; draw_string_vec4
    %cmp/e;
    %jmp/0xz  T_1.68, 4;
    %pushi/vec4 8, 0, 7;
    %store/vec4 v000002b102b3ddf0_0, 0, 7;
    %jmp T_1.69;
T_1.68 ;
    %load/vec4 v000002b10286bab0_0;
    %pushi/vec4 60, 0, 8; draw_string_vec4
    %cmp/e;
    %jmp/0xz  T_1.70, 4;
    %pushi/vec4 9, 0, 7;
    %store/vec4 v000002b102b3ddf0_0, 0, 7;
    %jmp T_1.71;
T_1.70 ;
    %pushi/vec4 0, 0, 7;
    %store/vec4 v000002b102b3ddf0_0, 0, 7;
T_1.71 ;
T_1.69 ;
    %jmp T_1.23;
T_1.10 ;
    %load/vec4 v000002b10286bab0_0;
    %pushi/vec4 61, 0, 8; draw_string_vec4
    %cmp/e;
    %jmp/0xz  T_1.72, 4;
    %pushi/vec4 10, 0, 7;
    %store/vec4 v000002b102b3ddf0_0, 0, 7;
    %jmp T_1.73;
T_1.72 ;
    %pushi/vec4 0, 0, 7;
    %store/vec4 v000002b102b3ddf0_0, 0, 7;
T_1.73 ;
    %jmp T_1.23;
T_1.11 ;
    %load/vec4 v000002b10286bab0_0;
    %pushi/vec4 32, 0, 8; draw_string_vec4
    %cmp/e;
    %jmp/0xz  T_1.74, 4;
    %pushi/vec4 11, 0, 7;
    %store/vec4 v000002b102b3ddf0_0, 0, 7;
    %jmp T_1.75;
T_1.74 ;
    %pushi/vec4 48, 0, 8; draw_string_vec4
    %load/vec4 v000002b10286bab0_0;
    %cmp/u;
    %flag_get/vec4 4;
    %flag_get/vec4 5;
    %or;
    %load/vec4 v000002b10286bab0_0;
    %pushi/vec4 57, 0, 8; draw_string_vec4
    %cmp/u;
    %flag_get/vec4 4;
    %flag_get/vec4 5;
    %or;
    %and;
    %flag_set/vec4 8;
    %pushi/vec4 97, 0, 8; draw_string_vec4
    %load/vec4 v000002b10286bab0_0;
    %cmp/u;
    %flag_get/vec4 4;
    %flag_get/vec4 5;
    %or;
    %load/vec4 v000002b10286bab0_0;
    %pushi/vec4 102, 0, 8; draw_string_vec4
    %cmp/u;
    %flag_get/vec4 4;
    %flag_get/vec4 5;
    %or;
    %and;
    %flag_set/vec4 9;
    %flag_or 9, 8;
    %jmp/0xz  T_1.76, 9;
    %pushi/vec4 12, 0, 7;
    %store/vec4 v000002b102b3ddf0_0, 0, 7;
    %jmp T_1.77;
T_1.76 ;
    %pushi/vec4 0, 0, 7;
    %store/vec4 v000002b102b3ddf0_0, 0, 7;
T_1.77 ;
T_1.75 ;
    %jmp T_1.23;
T_1.12 ;
    %load/vec4 v000002b10286bab0_0;
    %pushi/vec4 32, 0, 8; draw_string_vec4
    %cmp/e;
    %jmp/0xz  T_1.78, 4;
    %pushi/vec4 11, 0, 7;
    %store/vec4 v000002b102b3ddf0_0, 0, 7;
    %jmp T_1.79;
T_1.78 ;
    %pushi/vec4 48, 0, 8; draw_string_vec4
    %load/vec4 v000002b10286bab0_0;
    %cmp/u;
    %flag_get/vec4 4;
    %flag_get/vec4 5;
    %or;
    %load/vec4 v000002b10286bab0_0;
    %pushi/vec4 57, 0, 8; draw_string_vec4
    %cmp/u;
    %flag_get/vec4 4;
    %flag_get/vec4 5;
    %or;
    %and;
    %flag_set/vec4 8;
    %pushi/vec4 97, 0, 8; draw_string_vec4
    %load/vec4 v000002b10286bab0_0;
    %cmp/u;
    %flag_get/vec4 4;
    %flag_get/vec4 5;
    %or;
    %load/vec4 v000002b10286bab0_0;
    %pushi/vec4 102, 0, 8; draw_string_vec4
    %cmp/u;
    %flag_get/vec4 4;
    %flag_get/vec4 5;
    %or;
    %and;
    %flag_set/vec4 9;
    %flag_or 9, 8;
    %jmp/0xz  T_1.80, 9;
    %pushi/vec4 12, 0, 7;
    %store/vec4 v000002b102b3ddf0_0, 0, 7;
    %jmp T_1.81;
T_1.80 ;
    %pushi/vec4 0, 0, 7;
    %store/vec4 v000002b102b3ddf0_0, 0, 7;
T_1.81 ;
T_1.79 ;
    %jmp T_1.23;
T_1.13 ;
    %pushi/vec4 48, 0, 8; draw_string_vec4
    %load/vec4 v000002b10286bab0_0;
    %cmp/u;
    %flag_get/vec4 4;
    %flag_get/vec4 5;
    %or;
    %load/vec4 v000002b10286bab0_0;
    %pushi/vec4 57, 0, 8; draw_string_vec4
    %cmp/u;
    %flag_get/vec4 4;
    %flag_get/vec4 5;
    %or;
    %and;
    %flag_set/vec4 8;
    %pushi/vec4 97, 0, 8; draw_string_vec4
    %load/vec4 v000002b10286bab0_0;
    %cmp/u;
    %flag_get/vec4 4;
    %flag_get/vec4 5;
    %or;
    %load/vec4 v000002b10286bab0_0;
    %pushi/vec4 102, 0, 8; draw_string_vec4
    %cmp/u;
    %flag_get/vec4 4;
    %flag_get/vec4 5;
    %or;
    %and;
    %flag_set/vec4 9;
    %flag_or 9, 8;
    %jmp/0xz  T_1.82, 9;
    %load/vec4 v000002b102a84f00_0;
    %cmpi/u 8, 0, 32;
    %flag_or 5, 4; GT is !LE
    %flag_inv 5;
    %jmp/0xz  T_1.84, 5;
    %pushi/vec4 0, 0, 7;
    %store/vec4 v000002b102b3ddf0_0, 0, 7;
    %jmp T_1.85;
T_1.84 ;
    %pushi/vec4 12, 0, 7;
    %store/vec4 v000002b102b3ddf0_0, 0, 7;
T_1.85 ;
    %jmp T_1.83;
T_1.82 ;
    %load/vec4 v000002b102a84f00_0;
    %cmpi/e 8, 0, 32;
    %jmp/0xz  T_1.86, 4;
    %load/vec4 v000002b10286bab0_0;
    %pushi/vec4 35, 0, 8; draw_string_vec4
    %cmp/e;
    %jmp/0xz  T_1.88, 4;
    %pushi/vec4 13, 0, 7;
    %store/vec4 v000002b102b3ddf0_0, 0, 7;
    %jmp T_1.89;
T_1.88 ;
    %pushi/vec4 0, 0, 7;
    %store/vec4 v000002b102b3ddf0_0, 0, 7;
T_1.89 ;
    %jmp T_1.87;
T_1.86 ;
    %pushi/vec4 0, 0, 7;
    %store/vec4 v000002b102b3ddf0_0, 0, 7;
T_1.87 ;
T_1.83 ;
    %jmp T_1.23;
T_1.14 ;
    %load/vec4 v000002b10286bab0_0;
    %pushi/vec4 94, 0, 8; draw_string_vec4
    %cmp/e;
    %jmp/0xz  T_1.90, 4;
    %pushi/vec4 22, 0, 7;
    %store/vec4 v000002b102b3ddf0_0, 0, 7;
    %jmp T_1.91;
T_1.90 ;
    %pushi/vec4 0, 0, 7;
    %store/vec4 v000002b102b3ddf0_0, 0, 7;
T_1.91 ;
    %jmp T_1.23;
T_1.15 ;
    %pushi/vec4 48, 0, 8; draw_string_vec4
    %load/vec4 v000002b10286bab0_0;
    %cmp/u;
    %flag_get/vec4 4;
    %flag_get/vec4 5;
    %or;
    %load/vec4 v000002b10286bab0_0;
    %pushi/vec4 57, 0, 8; draw_string_vec4
    %cmp/u;
    %flag_get/vec4 4;
    %flag_get/vec4 5;
    %or;
    %and;
    %flag_set/vec4 8;
    %jmp/0xz  T_1.92, 8;
    %pushi/vec4 15, 0, 7;
    %store/vec4 v000002b102b3ddf0_0, 0, 7;
    %jmp T_1.93;
T_1.92 ;
    %pushi/vec4 0, 0, 7;
    %store/vec4 v000002b102b3ddf0_0, 0, 7;
T_1.93 ;
    %jmp T_1.23;
T_1.16 ;
    %load/vec4 v000002b102a84f00_0;
    %cmpi/u 4, 0, 32;
    %flag_or 5, 4; GT is !LE
    %flag_inv 5;
    %jmp/0xz  T_1.94, 5;
    %pushi/vec4 0, 0, 7;
    %store/vec4 v000002b102b3ddf0_0, 0, 7;
    %jmp T_1.95;
T_1.94 ;
    %pushi/vec4 48, 0, 8; draw_string_vec4
    %load/vec4 v000002b10286bab0_0;
    %cmp/u;
    %flag_get/vec4 4;
    %flag_get/vec4 5;
    %or;
    %load/vec4 v000002b10286bab0_0;
    %pushi/vec4 57, 0, 8; draw_string_vec4
    %cmp/u;
    %flag_get/vec4 4;
    %flag_get/vec4 5;
    %or;
    %and;
    %flag_set/vec4 8;
    %jmp/0xz  T_1.96, 8;
    %pushi/vec4 15, 0, 7;
    %store/vec4 v000002b102b3ddf0_0, 0, 7;
    %jmp T_1.97;
T_1.96 ;
    %load/vec4 v000002b10286bab0_0;
    %pushi/vec4 32, 0, 8; draw_string_vec4
    %cmp/e;
    %jmp/0xz  T_1.98, 4;
    %pushi/vec4 16, 0, 7;
    %store/vec4 v000002b102b3ddf0_0, 0, 7;
    %jmp T_1.99;
T_1.98 ;
    %load/vec4 v000002b10286bab0_0;
    %pushi/vec4 60, 0, 8; draw_string_vec4
    %cmp/e;
    %jmp/0xz  T_1.100, 4;
    %pushi/vec4 17, 0, 7;
    %store/vec4 v000002b102b3ddf0_0, 0, 7;
    %jmp T_1.101;
T_1.100 ;
    %pushi/vec4 0, 0, 7;
    %store/vec4 v000002b102b3ddf0_0, 0, 7;
T_1.101 ;
T_1.99 ;
T_1.97 ;
T_1.95 ;
    %jmp T_1.23;
T_1.17 ;
    %load/vec4 v000002b10286bab0_0;
    %pushi/vec4 32, 0, 8; draw_string_vec4
    %cmp/e;
    %jmp/0xz  T_1.102, 4;
    %pushi/vec4 16, 0, 7;
    %store/vec4 v000002b102b3ddf0_0, 0, 7;
    %jmp T_1.103;
T_1.102 ;
    %load/vec4 v000002b10286bab0_0;
    %pushi/vec4 60, 0, 8; draw_string_vec4
    %cmp/e;
    %jmp/0xz  T_1.104, 4;
    %pushi/vec4 17, 0, 7;
    %store/vec4 v000002b102b3ddf0_0, 0, 7;
    %jmp T_1.105;
T_1.104 ;
    %pushi/vec4 0, 0, 7;
    %store/vec4 v000002b102b3ddf0_0, 0, 7;
T_1.105 ;
T_1.103 ;
    %jmp T_1.23;
T_1.18 ;
    %load/vec4 v000002b10286bab0_0;
    %pushi/vec4 61, 0, 8; draw_string_vec4
    %cmp/e;
    %jmp/0xz  T_1.106, 4;
    %pushi/vec4 18, 0, 7;
    %store/vec4 v000002b102b3ddf0_0, 0, 7;
    %jmp T_1.107;
T_1.106 ;
    %pushi/vec4 0, 0, 7;
    %store/vec4 v000002b102b3ddf0_0, 0, 7;
T_1.107 ;
    %jmp T_1.23;
T_1.19 ;
    %load/vec4 v000002b10286bab0_0;
    %pushi/vec4 32, 0, 8; draw_string_vec4
    %cmp/e;
    %jmp/0xz  T_1.108, 4;
    %pushi/vec4 19, 0, 7;
    %store/vec4 v000002b102b3ddf0_0, 0, 7;
    %jmp T_1.109;
T_1.108 ;
    %pushi/vec4 48, 0, 8; draw_string_vec4
    %load/vec4 v000002b10286bab0_0;
    %cmp/u;
    %flag_get/vec4 4;
    %flag_get/vec4 5;
    %or;
    %load/vec4 v000002b10286bab0_0;
    %pushi/vec4 57, 0, 8; draw_string_vec4
    %cmp/u;
    %flag_get/vec4 4;
    %flag_get/vec4 5;
    %or;
    %and;
    %flag_set/vec4 8;
    %pushi/vec4 97, 0, 8; draw_string_vec4
    %load/vec4 v000002b10286bab0_0;
    %cmp/u;
    %flag_get/vec4 4;
    %flag_get/vec4 5;
    %or;
    %load/vec4 v000002b10286bab0_0;
    %pushi/vec4 102, 0, 8; draw_string_vec4
    %cmp/u;
    %flag_get/vec4 4;
    %flag_get/vec4 5;
    %or;
    %and;
    %flag_set/vec4 9;
    %flag_or 9, 8;
    %jmp/0xz  T_1.110, 9;
    %pushi/vec4 20, 0, 7;
    %store/vec4 v000002b102b3ddf0_0, 0, 7;
    %jmp T_1.111;
T_1.110 ;
    %pushi/vec4 0, 0, 7;
    %store/vec4 v000002b102b3ddf0_0, 0, 7;
T_1.111 ;
T_1.109 ;
    %jmp T_1.23;
T_1.20 ;
    %load/vec4 v000002b10286bab0_0;
    %pushi/vec4 32, 0, 8; draw_string_vec4
    %cmp/e;
    %jmp/0xz  T_1.112, 4;
    %pushi/vec4 19, 0, 7;
    %store/vec4 v000002b102b3ddf0_0, 0, 7;
    %jmp T_1.113;
T_1.112 ;
    %pushi/vec4 48, 0, 8; draw_string_vec4
    %load/vec4 v000002b10286bab0_0;
    %cmp/u;
    %flag_get/vec4 4;
    %flag_get/vec4 5;
    %or;
    %load/vec4 v000002b10286bab0_0;
    %pushi/vec4 57, 0, 8; draw_string_vec4
    %cmp/u;
    %flag_get/vec4 4;
    %flag_get/vec4 5;
    %or;
    %and;
    %flag_set/vec4 8;
    %pushi/vec4 97, 0, 8; draw_string_vec4
    %load/vec4 v000002b10286bab0_0;
    %cmp/u;
    %flag_get/vec4 4;
    %flag_get/vec4 5;
    %or;
    %load/vec4 v000002b10286bab0_0;
    %pushi/vec4 102, 0, 8; draw_string_vec4
    %cmp/u;
    %flag_get/vec4 4;
    %flag_get/vec4 5;
    %or;
    %and;
    %flag_set/vec4 9;
    %flag_or 9, 8;
    %jmp/0xz  T_1.114, 9;
    %pushi/vec4 20, 0, 7;
    %store/vec4 v000002b102b3ddf0_0, 0, 7;
    %jmp T_1.115;
T_1.114 ;
    %pushi/vec4 0, 0, 7;
    %store/vec4 v000002b102b3ddf0_0, 0, 7;
T_1.115 ;
T_1.113 ;
    %jmp T_1.23;
T_1.21 ;
    %pushi/vec4 48, 0, 8; draw_string_vec4
    %load/vec4 v000002b10286bab0_0;
    %cmp/u;
    %flag_get/vec4 4;
    %flag_get/vec4 5;
    %or;
    %load/vec4 v000002b10286bab0_0;
    %pushi/vec4 57, 0, 8; draw_string_vec4
    %cmp/u;
    %flag_get/vec4 4;
    %flag_get/vec4 5;
    %or;
    %and;
    %flag_set/vec4 8;
    %pushi/vec4 97, 0, 8; draw_string_vec4
    %load/vec4 v000002b10286bab0_0;
    %cmp/u;
    %flag_get/vec4 4;
    %flag_get/vec4 5;
    %or;
    %load/vec4 v000002b10286bab0_0;
    %pushi/vec4 102, 0, 8; draw_string_vec4
    %cmp/u;
    %flag_get/vec4 4;
    %flag_get/vec4 5;
    %or;
    %and;
    %flag_set/vec4 9;
    %flag_or 9, 8;
    %jmp/0xz  T_1.116, 9;
    %load/vec4 v000002b102a84f00_0;
    %cmpi/u 8, 0, 32;
    %flag_or 5, 4; GT is !LE
    %flag_inv 5;
    %jmp/0xz  T_1.118, 5;
    %pushi/vec4 0, 0, 7;
    %store/vec4 v000002b102b3ddf0_0, 0, 7;
    %jmp T_1.119;
T_1.118 ;
    %pushi/vec4 20, 0, 7;
    %store/vec4 v000002b102b3ddf0_0, 0, 7;
T_1.119 ;
    %jmp T_1.117;
T_1.116 ;
    %load/vec4 v000002b102a84f00_0;
    %cmpi/e 8, 0, 32;
    %jmp/0xz  T_1.120, 4;
    %load/vec4 v000002b10286bab0_0;
    %pushi/vec4 35, 0, 8; draw_string_vec4
    %cmp/e;
    %jmp/0xz  T_1.122, 4;
    %pushi/vec4 21, 0, 7;
    %store/vec4 v000002b102b3ddf0_0, 0, 7;
    %jmp T_1.123;
T_1.122 ;
    %pushi/vec4 0, 0, 7;
    %store/vec4 v000002b102b3ddf0_0, 0, 7;
T_1.123 ;
    %jmp T_1.121;
T_1.120 ;
    %pushi/vec4 0, 0, 7;
    %store/vec4 v000002b102b3ddf0_0, 0, 7;
T_1.121 ;
T_1.117 ;
    %jmp T_1.23;
T_1.22 ;
    %load/vec4 v000002b10286bab0_0;
    %pushi/vec4 94, 0, 8; draw_string_vec4
    %cmp/e;
    %jmp/0xz  T_1.124, 4;
    %pushi/vec4 22, 0, 7;
    %store/vec4 v000002b102b3ddf0_0, 0, 7;
    %jmp T_1.125;
T_1.124 ;
    %pushi/vec4 0, 0, 7;
    %store/vec4 v000002b102b3ddf0_0, 0, 7;
T_1.125 ;
    %jmp T_1.23;
T_1.23 ;
    %pop/vec4 1;
    %jmp T_1;
    .thread T_1, $push;
    .scope S_000002b102ab8ed0;
T_2 ;
    %wait E_000002b102b2bbe0;
    %load/vec4 v000002b102b3dcb0_0;
    %flag_set/vec4 8;
    %jmp/0xz  T_2.0, 8;
    %pushi/vec4 0, 0, 7;
    %assign/vec4 v000002b102b3d710_0, 0;
    %jmp T_2.1;
T_2.0 ;
    %load/vec4 v000002b102b3ddf0_0;
    %assign/vec4 v000002b102b3d710_0, 0;
T_2.1 ;
    %jmp T_2;
    .thread T_2;
    .scope S_000002b102ab8ed0;
T_3 ;
    %wait E_000002b102b2bbe0;
    %load/vec4 v000002b102b3dcb0_0;
    %flag_set/vec4 8;
    %jmp/0xz  T_3.0, 8;
    %pushi/vec4 0, 0, 32;
    %assign/vec4 v000002b102a84f00_0, 0;
    %jmp T_3.1;
T_3.0 ;
    %load/vec4 v000002b102b3ddf0_0;
    %pad/u 32;
    %cmpi/e 1, 0, 32;
    %flag_mov 8, 4;
    %load/vec4 v000002b102b3ddf0_0;
    %pad/u 32;
    %cmpi/e 3, 0, 32;
    %flag_or 4, 8;
    %flag_mov 8, 4;
    %load/vec4 v000002b102b3ddf0_0;
    %pad/u 32;
    %cmpi/e 7, 0, 32;
    %flag_or 4, 8;
    %flag_mov 8, 4;
    %load/vec4 v000002b102b3ddf0_0;
    %pad/u 32;
    %cmpi/e 12, 0, 32;
    %flag_or 4, 8;
    %flag_mov 8, 4;
    %load/vec4 v000002b102b3ddf0_0;
    %pad/u 32;
    %cmpi/e 15, 0, 32;
    %flag_or 4, 8;
    %flag_mov 8, 4;
    %load/vec4 v000002b102b3ddf0_0;
    %pad/u 32;
    %cmpi/e 20, 0, 32;
    %flag_or 4, 8;
    %jmp/0xz  T_3.2, 4;
    %load/vec4 v000002b102a84f00_0;
    %addi 1, 0, 32;
    %assign/vec4 v000002b102a84f00_0, 0;
    %jmp T_3.3;
T_3.2 ;
    %pushi/vec4 0, 0, 32;
    %assign/vec4 v000002b102a84f00_0, 0;
T_3.3 ;
T_3.1 ;
    %jmp T_3;
    .thread T_3;
    .scope S_000002b102ab8ed0;
T_4 ;
    %wait E_000002b102b2bbe0;
    %load/vec4 v000002b102b3ddf0_0;
    %pad/u 32;
    %cmpi/e 1, 0, 32;
    %jmp/0xz  T_4.0, 4;
    %load/vec4 v000002b10286ba10_0;
    %ix/load 4, 1, 0;
    %flag_set/imm 4, 0;
    %shiftl 4;
    %load/vec4 v000002b10286ba10_0;
    %ix/load 4, 3, 0;
    %flag_set/imm 4, 0;
    %shiftl 4;
    %add;
    %load/vec4 v000002b10286bab0_0;
    %pad/u 32;
    %add;
    %subi 48, 0, 32;
    %assign/vec4 v000002b10286ba10_0, 0;
    %jmp T_4.1;
T_4.0 ;
    %load/vec4 v000002b102b3ddf0_0;
    %pad/u 32;
    %cmpi/e 3, 0, 32;
    %jmp/0xz  T_4.2, 4;
    %load/vec4 v000002b10286b830_0;
    %parti/s 28, 0, 2;
    %ix/load 4, 4, 0;
    %ix/load 5, 0, 0;
    %flag_set/imm 4, 0;
    %assign/vec4/off/d v000002b10286b830_0, 4, 5;
    %pushi/vec4 48, 0, 8; draw_string_vec4
    %load/vec4 v000002b10286bab0_0;
    %cmp/u;
    %flag_get/vec4 4;
    %flag_get/vec4 5;
    %or;
    %load/vec4 v000002b10286bab0_0;
    %pushi/vec4 57, 0, 8; draw_string_vec4
    %cmp/u;
    %flag_get/vec4 4;
    %flag_get/vec4 5;
    %or;
    %and;
    %flag_set/vec4 8;
    %jmp/0 T_4.4, 8;
    %load/vec4 v000002b10286bab0_0;
    %subi 48, 0, 8;
    %jmp/1 T_4.5, 8;
T_4.4 ; End of true expr.
    %load/vec4 v000002b10286bab0_0;
    %subi 87, 0, 8;
    %jmp/0 T_4.5, 8;
 ; End of false expr.
    %blend;
T_4.5;
    %pad/u 4;
    %ix/load 4, 0, 0;
    %ix/load 5, 0, 0;
    %flag_set/imm 4, 0;
    %assign/vec4/off/d v000002b10286b830_0, 4, 5;
    %jmp T_4.3;
T_4.2 ;
    %load/vec4 v000002b102b3ddf0_0;
    %pad/u 32;
    %cmpi/e 7, 0, 32;
    %jmp/0xz  T_4.6, 4;
    %load/vec4 v000002b102a831b0_0;
    %parti/s 28, 0, 2;
    %ix/load 4, 4, 0;
    %ix/load 5, 0, 0;
    %flag_set/imm 4, 0;
    %assign/vec4/off/d v000002b102a831b0_0, 4, 5;
    %pushi/vec4 48, 0, 8; draw_string_vec4
    %load/vec4 v000002b10286bab0_0;
    %cmp/u;
    %flag_get/vec4 4;
    %flag_get/vec4 5;
    %or;
    %load/vec4 v000002b10286bab0_0;
    %pushi/vec4 57, 0, 8; draw_string_vec4
    %cmp/u;
    %flag_get/vec4 4;
    %flag_get/vec4 5;
    %or;
    %and;
    %flag_set/vec4 8;
    %jmp/0 T_4.8, 8;
    %load/vec4 v000002b10286bab0_0;
    %subi 48, 0, 8;
    %jmp/1 T_4.9, 8;
T_4.8 ; End of true expr.
    %load/vec4 v000002b10286bab0_0;
    %subi 87, 0, 8;
    %jmp/0 T_4.9, 8;
 ; End of false expr.
    %blend;
T_4.9;
    %pad/u 4;
    %ix/load 4, 0, 0;
    %ix/load 5, 0, 0;
    %flag_set/imm 4, 0;
    %assign/vec4/off/d v000002b102a831b0_0, 4, 5;
    %jmp T_4.7;
T_4.6 ;
    %load/vec4 v000002b102b3ddf0_0;
    %pad/u 32;
    %cmpi/e 12, 0, 32;
    %jmp/0xz  T_4.10, 4;
    %load/vec4 v000002b102a532b0_0;
    %parti/s 28, 0, 2;
    %ix/load 4, 4, 0;
    %ix/load 5, 0, 0;
    %flag_set/imm 4, 0;
    %assign/vec4/off/d v000002b102a532b0_0, 4, 5;
    %pushi/vec4 48, 0, 8; draw_string_vec4
    %load/vec4 v000002b10286bab0_0;
    %cmp/u;
    %flag_get/vec4 4;
    %flag_get/vec4 5;
    %or;
    %load/vec4 v000002b10286bab0_0;
    %pushi/vec4 57, 0, 8; draw_string_vec4
    %cmp/u;
    %flag_get/vec4 4;
    %flag_get/vec4 5;
    %or;
    %and;
    %flag_set/vec4 8;
    %jmp/0 T_4.12, 8;
    %load/vec4 v000002b10286bab0_0;
    %subi 48, 0, 8;
    %jmp/1 T_4.13, 8;
T_4.12 ; End of true expr.
    %load/vec4 v000002b10286bab0_0;
    %subi 87, 0, 8;
    %jmp/0 T_4.13, 8;
 ; End of false expr.
    %blend;
T_4.13;
    %pad/u 4;
    %ix/load 4, 0, 0;
    %ix/load 5, 0, 0;
    %flag_set/imm 4, 0;
    %assign/vec4/off/d v000002b102a532b0_0, 4, 5;
    %jmp T_4.11;
T_4.10 ;
    %load/vec4 v000002b102b3ddf0_0;
    %pad/u 32;
    %cmpi/e 15, 0, 32;
    %jmp/0xz  T_4.14, 4;
    %load/vec4 v000002b10286b790_0;
    %ix/load 4, 1, 0;
    %flag_set/imm 4, 0;
    %shiftl 4;
    %load/vec4 v000002b10286b790_0;
    %ix/load 4, 3, 0;
    %flag_set/imm 4, 0;
    %shiftl 4;
    %add;
    %load/vec4 v000002b10286bab0_0;
    %pad/u 32;
    %add;
    %subi 48, 0, 32;
    %assign/vec4 v000002b10286b790_0, 0;
    %jmp T_4.15;
T_4.14 ;
    %load/vec4 v000002b102b3ddf0_0;
    %pad/u 32;
    %cmpi/e 20, 0, 32;
    %jmp/0xz  T_4.16, 4;
    %load/vec4 v000002b102a532b0_0;
    %parti/s 28, 0, 2;
    %ix/load 4, 4, 0;
    %ix/load 5, 0, 0;
    %flag_set/imm 4, 0;
    %assign/vec4/off/d v000002b102a532b0_0, 4, 5;
    %pushi/vec4 48, 0, 8; draw_string_vec4
    %load/vec4 v000002b10286bab0_0;
    %cmp/u;
    %flag_get/vec4 4;
    %flag_get/vec4 5;
    %or;
    %load/vec4 v000002b10286bab0_0;
    %pushi/vec4 57, 0, 8; draw_string_vec4
    %cmp/u;
    %flag_get/vec4 4;
    %flag_get/vec4 5;
    %or;
    %and;
    %flag_set/vec4 8;
    %jmp/0 T_4.18, 8;
    %load/vec4 v000002b10286bab0_0;
    %subi 48, 0, 8;
    %jmp/1 T_4.19, 8;
T_4.18 ; End of true expr.
    %load/vec4 v000002b10286bab0_0;
    %subi 87, 0, 8;
    %jmp/0 T_4.19, 8;
 ; End of false expr.
    %blend;
T_4.19;
    %pad/u 4;
    %ix/load 4, 0, 0;
    %ix/load 5, 0, 0;
    %flag_set/imm 4, 0;
    %assign/vec4/off/d v000002b102a532b0_0, 4, 5;
    %jmp T_4.17;
T_4.16 ;
    %load/vec4 v000002b102b3ddf0_0;
    %pad/u 32;
    %cmpi/e 0, 0, 32;
    %flag_mov 8, 4;
    %load/vec4 v000002b102b3ddf0_0;
    %pad/u 32;
    %cmpi/e 22, 0, 32;
    %flag_or 4, 8;
    %jmp/0xz  T_4.20, 4;
    %pushi/vec4 0, 0, 32;
    %assign/vec4 v000002b102a532b0_0, 0;
    %pushi/vec4 0, 0, 32;
    %assign/vec4 v000002b102a831b0_0, 0;
    %pushi/vec4 0, 0, 32;
    %assign/vec4 v000002b10286b830_0, 0;
    %pushi/vec4 0, 0, 32;
    %assign/vec4 v000002b10286ba10_0, 0;
    %pushi/vec4 0, 0, 32;
    %assign/vec4 v000002b10286b790_0, 0;
T_4.20 ;
T_4.17 ;
T_4.15 ;
T_4.11 ;
T_4.7 ;
T_4.3 ;
T_4.1 ;
    %jmp T_4;
    .thread T_4;
    .scope S_000002b102ab8ed0;
T_5 ;
    %wait E_000002b102b2b420;
    %load/vec4 v000002b102b3d710_0;
    %pad/u 32;
    %pushi/vec4 21, 0, 32;
    %cmp/e;
    %flag_get/vec4 4;
    %ix/load 4, 0, 0;
    %ix/load 5, 0, 0;
    %flag_set/imm 4, 0;
    %assign/vec4/off/d v000002b102ab9100_0, 4, 5;
    %load/vec4 v000002b102b3d710_0;
    %pad/u 32;
    %pushi/vec4 13, 0, 32;
    %cmp/e;
    %flag_get/vec4 4;
    %ix/load 4, 1, 0;
    %ix/load 5, 0, 0;
    %flag_set/imm 4, 0;
    %assign/vec4/off/d v000002b102ab9100_0, 4, 5;
    %load/vec4 v000002b102b3d710_0;
    %pad/u 32;
    %cmpi/e 13, 0, 32;
    %jmp/0xz  T_5.0, 4;
    %load/vec4 v000002b10286ba10_0;
    %load/vec4 v000002b102ab91a0_0;
    %pad/u 32;
    %ix/load 4, 1, 0;
    %flag_set/imm 4, 0;
    %shiftr 4;
    %subi 1, 0, 32;
    %and;
    %cmpi/ne 0, 0, 32;
    %jmp/0xz  T_5.2, 4;
    %pushi/vec4 1, 0, 1;
    %ix/load 4, 0, 0;
    %ix/load 5, 0, 0;
    %flag_set/imm 4, 0;
    %assign/vec4/off/d v000002b102ab9060_0, 4, 5;
T_5.2 ;
    %load/vec4 v000002b10286b830_0;
    %cmpi/u 20479, 0, 32;
    %flag_get/vec4 5;
    %pushi/vec4 12288, 0, 32;
    %load/vec4 v000002b10286b830_0;
    %cmp/u;
    %flag_get/vec4 5;
    %and;
    %nor/r;
    %flag_set/vec4 8;
    %load/vec4 v000002b10286b830_0;
    %pushi/vec4 3, 0, 32;
    %and;
    %cmpi/ne 0, 0, 32;
    %flag_or 4, 8;
    %jmp/0xz  T_5.4, 4;
    %pushi/vec4 1, 0, 1;
    %ix/load 4, 1, 0;
    %ix/load 5, 0, 0;
    %flag_set/imm 4, 0;
    %assign/vec4/off/d v000002b102ab9060_0, 4, 5;
T_5.4 ;
    %load/vec4 v000002b102a831b0_0;
    %cmpi/u 12287, 0, 32;
    %flag_get/vec4 5;
    %pushi/vec4 0, 0, 32;
    %load/vec4 v000002b102a831b0_0;
    %cmp/u;
    %flag_get/vec4 5;
    %and;
    %nor/r;
    %flag_set/vec4 8;
    %load/vec4 v000002b102a831b0_0;
    %pushi/vec4 3, 0, 32;
    %and;
    %cmpi/ne 0, 0, 32;
    %flag_or 4, 8;
    %jmp/0xz  T_5.6, 4;
    %pushi/vec4 1, 0, 1;
    %ix/load 4, 2, 0;
    %ix/load 5, 0, 0;
    %flag_set/imm 4, 0;
    %assign/vec4/off/d v000002b102ab9060_0, 4, 5;
T_5.6 ;
    %jmp T_5.1;
T_5.0 ;
    %load/vec4 v000002b102b3d710_0;
    %pad/u 32;
    %cmpi/e 21, 0, 32;
    %jmp/0xz  T_5.8, 4;
    %load/vec4 v000002b10286ba10_0;
    %load/vec4 v000002b102ab91a0_0;
    %pad/u 32;
    %ix/load 4, 1, 0;
    %flag_set/imm 4, 0;
    %shiftr 4;
    %subi 1, 0, 32;
    %and;
    %cmpi/ne 0, 0, 32;
    %jmp/0xz  T_5.10, 4;
    %pushi/vec4 1, 0, 1;
    %ix/load 4, 0, 0;
    %ix/load 5, 0, 0;
    %flag_set/imm 4, 0;
    %assign/vec4/off/d v000002b102ab9060_0, 4, 5;
T_5.10 ;
    %load/vec4 v000002b10286b830_0;
    %cmpi/u 20479, 0, 32;
    %flag_get/vec4 5;
    %pushi/vec4 12288, 0, 32;
    %load/vec4 v000002b10286b830_0;
    %cmp/u;
    %flag_get/vec4 5;
    %and;
    %nor/r;
    %flag_set/vec4 8;
    %load/vec4 v000002b10286b830_0;
    %pushi/vec4 3, 0, 32;
    %and;
    %cmpi/ne 0, 0, 32;
    %flag_or 4, 8;
    %jmp/0xz  T_5.12, 4;
    %pushi/vec4 1, 0, 1;
    %ix/load 4, 1, 0;
    %ix/load 5, 0, 0;
    %flag_set/imm 4, 0;
    %assign/vec4/off/d v000002b102ab9060_0, 4, 5;
T_5.12 ;
    %pushi/vec4 0, 0, 32;
    %load/vec4 v000002b10286b790_0;
    %cmp/u;
    %flag_get/vec4 5;
    %load/vec4 v000002b10286b790_0;
    %cmpi/u 32, 0, 32;
    %flag_get/vec4 5;
    %and;
    %nor/r;
    %flag_set/vec4 8;
    %jmp/0xz  T_5.14, 8;
    %pushi/vec4 1, 0, 1;
    %ix/load 4, 3, 0;
    %ix/load 5, 0, 0;
    %flag_set/imm 4, 0;
    %assign/vec4/off/d v000002b102ab9060_0, 4, 5;
T_5.14 ;
    %jmp T_5.9;
T_5.8 ;
    %pushi/vec4 0, 0, 4;
    %assign/vec4 v000002b102ab9060_0, 0;
T_5.9 ;
T_5.1 ;
    %jmp T_5;
    .thread T_5, $push;
    .scope S_000002b102a83020;
T_6 ;
    %wait E_000002b102b2bbe0;
    %load/vec4 v000002b102b3d490_0;
    %nor/r;
    %load/vec4 v000002b102b3df30_0;
    %nor/r;
    %and;
    %flag_set/vec4 8;
    %jmp/0xz  T_6.0, 8;
    %vpi_call 2 19 "$display", "%d", v000002b102b3d5d0_0 {0 0 0};
T_6.0 ;
    %jmp T_6;
    .thread T_6;
    .scope S_000002b102a83020;
T_7 ;
    %vpi_call 2 32 "$dumpfile", "cpu_checker_wave.vcd" {0 0 0};
    %vpi_call 2 33 "$dumpvars" {0 0 0};
    %pushi/vec4 0, 0, 1;
    %store/vec4 v000002b102b3da30_0, 0, 1;
    %pushi/vec4 1, 0, 1;
    %store/vec4 v000002b102b3d490_0, 0, 1;
    %pushi/vec4 0, 0, 8;
    %store/vec4 v000002b102b3d530_0, 0, 8;
    %pushi/vec4 2, 0, 16;
    %store/vec4 v000002b102b3d3f0_0, 0, 16;
    %pushi/vec4 0, 0, 1;
    %store/vec4 v000002b102b3df30_0, 0, 1;
    %delay 10000, 0;
    %pushi/vec4 0, 0, 1;
    %store/vec4 v000002b102b3d490_0, 0, 1;
    %delay 2000, 0;
    %pushi/vec4 94, 0, 8; draw_string_vec4
    %store/vec4 v000002b102b3d530_0, 0, 8;
    %delay 2000, 0;
    %pushi/vec4 50, 0, 8; draw_string_vec4
    %store/vec4 v000002b102b3d530_0, 0, 8;
    %delay 2000, 0;
    %pushi/vec4 52, 0, 8; draw_string_vec4
    %store/vec4 v000002b102b3d530_0, 0, 8;
    %delay 2000, 0;
    %pushi/vec4 50, 0, 8; draw_string_vec4
    %store/vec4 v000002b102b3d530_0, 0, 8;
    %delay 2000, 0;
    %pushi/vec4 64, 0, 8; draw_string_vec4
    %store/vec4 v000002b102b3d530_0, 0, 8;
    %delay 2000, 0;
    %pushi/vec4 48, 0, 8; draw_string_vec4
    %store/vec4 v000002b102b3d530_0, 0, 8;
    %delay 2000, 0;
    %pushi/vec4 48, 0, 8; draw_string_vec4
    %store/vec4 v000002b102b3d530_0, 0, 8;
    %delay 2000, 0;
    %pushi/vec4 48, 0, 8; draw_string_vec4
    %store/vec4 v000002b102b3d530_0, 0, 8;
    %delay 2000, 0;
    %pushi/vec4 48, 0, 8; draw_string_vec4
    %store/vec4 v000002b102b3d530_0, 0, 8;
    %delay 2000, 0;
    %pushi/vec4 51, 0, 8; draw_string_vec4
    %store/vec4 v000002b102b3d530_0, 0, 8;
    %delay 2000, 0;
    %pushi/vec4 48, 0, 8; draw_string_vec4
    %store/vec4 v000002b102b3d530_0, 0, 8;
    %delay 2000, 0;
    %pushi/vec4 102, 0, 8; draw_string_vec4
    %store/vec4 v000002b102b3d530_0, 0, 8;
    %delay 2000, 0;
    %pushi/vec4 52, 0, 8; draw_string_vec4
    %store/vec4 v000002b102b3d530_0, 0, 8;
    %delay 2000, 0;
    %pushi/vec4 58, 0, 8; draw_string_vec4
    %store/vec4 v000002b102b3d530_0, 0, 8;
    %delay 2000, 0;
    %pushi/vec4 32, 0, 8; draw_string_vec4
    %store/vec4 v000002b102b3d530_0, 0, 8;
    %delay 2000, 0;
    %pushi/vec4 36, 0, 8; draw_string_vec4
    %store/vec4 v000002b102b3d530_0, 0, 8;
    %delay 2000, 0;
    %pushi/vec4 51, 0, 8; draw_string_vec4
    %store/vec4 v000002b102b3d530_0, 0, 8;
    %delay 2000, 0;
    %pushi/vec4 49, 0, 8; draw_string_vec4
    %store/vec4 v000002b102b3d530_0, 0, 8;
    %delay 2000, 0;
    %pushi/vec4 32, 0, 8; draw_string_vec4
    %store/vec4 v000002b102b3d530_0, 0, 8;
    %delay 2000, 0;
    %pushi/vec4 60, 0, 8; draw_string_vec4
    %store/vec4 v000002b102b3d530_0, 0, 8;
    %delay 2000, 0;
    %pushi/vec4 61, 0, 8; draw_string_vec4
    %store/vec4 v000002b102b3d530_0, 0, 8;
    %delay 2000, 0;
    %pushi/vec4 49, 0, 8; draw_string_vec4
    %store/vec4 v000002b102b3d530_0, 0, 8;
    %delay 2000, 0;
    %pushi/vec4 50, 0, 8; draw_string_vec4
    %store/vec4 v000002b102b3d530_0, 0, 8;
    %delay 2000, 0;
    %pushi/vec4 51, 0, 8; draw_string_vec4
    %store/vec4 v000002b102b3d530_0, 0, 8;
    %delay 2000, 0;
    %pushi/vec4 52, 0, 8; draw_string_vec4
    %store/vec4 v000002b102b3d530_0, 0, 8;
    %delay 2000, 0;
    %pushi/vec4 53, 0, 8; draw_string_vec4
    %store/vec4 v000002b102b3d530_0, 0, 8;
    %delay 2000, 0;
    %pushi/vec4 54, 0, 8; draw_string_vec4
    %store/vec4 v000002b102b3d530_0, 0, 8;
    %delay 2000, 0;
    %pushi/vec4 55, 0, 8; draw_string_vec4
    %store/vec4 v000002b102b3d530_0, 0, 8;
    %delay 2000, 0;
    %pushi/vec4 56, 0, 8; draw_string_vec4
    %store/vec4 v000002b102b3d530_0, 0, 8;
    %delay 2000, 0;
    %pushi/vec4 35, 0, 8; draw_string_vec4
    %store/vec4 v000002b102b3d530_0, 0, 8;
    %delay 2000, 0;
    %pushi/vec4 94, 0, 8; draw_string_vec4
    %store/vec4 v000002b102b3d530_0, 0, 8;
    %delay 2000, 0;
    %pushi/vec4 50, 0, 8; draw_string_vec4
    %store/vec4 v000002b102b3d530_0, 0, 8;
    %delay 2000, 0;
    %pushi/vec4 52, 0, 8; draw_string_vec4
    %store/vec4 v000002b102b3d530_0, 0, 8;
    %delay 2000, 0;
    %pushi/vec4 50, 0, 8; draw_string_vec4
    %store/vec4 v000002b102b3d530_0, 0, 8;
    %delay 2000, 0;
    %pushi/vec4 64, 0, 8; draw_string_vec4
    %store/vec4 v000002b102b3d530_0, 0, 8;
    %delay 2000, 0;
    %pushi/vec4 48, 0, 8; draw_string_vec4
    %store/vec4 v000002b102b3d530_0, 0, 8;
    %delay 2000, 0;
    %pushi/vec4 48, 0, 8; draw_string_vec4
    %store/vec4 v000002b102b3d530_0, 0, 8;
    %delay 2000, 0;
    %pushi/vec4 48, 0, 8; draw_string_vec4
    %store/vec4 v000002b102b3d530_0, 0, 8;
    %delay 2000, 0;
    %pushi/vec4 48, 0, 8; draw_string_vec4
    %store/vec4 v000002b102b3d530_0, 0, 8;
    %delay 2000, 0;
    %pushi/vec4 51, 0, 8; draw_string_vec4
    %store/vec4 v000002b102b3d530_0, 0, 8;
    %delay 2000, 0;
    %pushi/vec4 48, 0, 8; draw_string_vec4
    %store/vec4 v000002b102b3d530_0, 0, 8;
    %delay 2000, 0;
    %pushi/vec4 102, 0, 8; draw_string_vec4
    %store/vec4 v000002b102b3d530_0, 0, 8;
    %delay 2000, 0;
    %pushi/vec4 52, 0, 8; draw_string_vec4
    %store/vec4 v000002b102b3d530_0, 0, 8;
    %delay 2000, 0;
    %pushi/vec4 58, 0, 8; draw_string_vec4
    %store/vec4 v000002b102b3d530_0, 0, 8;
    %delay 2000, 0;
    %pushi/vec4 32, 0, 8; draw_string_vec4
    %store/vec4 v000002b102b3d530_0, 0, 8;
    %delay 2000, 0;
    %pushi/vec4 36, 0, 8; draw_string_vec4
    %store/vec4 v000002b102b3d530_0, 0, 8;
    %delay 2000, 0;
    %pushi/vec4 51, 0, 8; draw_string_vec4
    %store/vec4 v000002b102b3d530_0, 0, 8;
    %delay 2000, 0;
    %pushi/vec4 49, 0, 8; draw_string_vec4
    %store/vec4 v000002b102b3d530_0, 0, 8;
    %delay 2000, 0;
    %pushi/vec4 32, 0, 8; draw_string_vec4
    %store/vec4 v000002b102b3d530_0, 0, 8;
    %delay 2000, 0;
    %pushi/vec4 60, 0, 8; draw_string_vec4
    %store/vec4 v000002b102b3d530_0, 0, 8;
    %delay 2000, 0;
    %pushi/vec4 61, 0, 8; draw_string_vec4
    %store/vec4 v000002b102b3d530_0, 0, 8;
    %delay 2000, 0;
    %pushi/vec4 49, 0, 8; draw_string_vec4
    %store/vec4 v000002b102b3d530_0, 0, 8;
    %delay 2000, 0;
    %pushi/vec4 50, 0, 8; draw_string_vec4
    %store/vec4 v000002b102b3d530_0, 0, 8;
    %delay 2000, 0;
    %pushi/vec4 51, 0, 8; draw_string_vec4
    %store/vec4 v000002b102b3d530_0, 0, 8;
    %delay 2000, 0;
    %pushi/vec4 50, 0, 8; draw_string_vec4
    %store/vec4 v000002b102b3d530_0, 0, 8;
    %delay 2000, 0;
    %pushi/vec4 49, 0, 8; draw_string_vec4
    %store/vec4 v000002b102b3d530_0, 0, 8;
    %delay 2000, 0;
    %pushi/vec4 53, 0, 8; draw_string_vec4
    %store/vec4 v000002b102b3d530_0, 0, 8;
    %delay 2000, 0;
    %pushi/vec4 35, 0, 8; draw_string_vec4
    %store/vec4 v000002b102b3d530_0, 0, 8;
    %delay 2000, 0;
    %pushi/vec4 94, 0, 8; draw_string_vec4
    %store/vec4 v000002b102b3d530_0, 0, 8;
    %delay 2000, 0;
    %pushi/vec4 50, 0, 8; draw_string_vec4
    %store/vec4 v000002b102b3d530_0, 0, 8;
    %delay 2000, 0;
    %pushi/vec4 52, 0, 8; draw_string_vec4
    %store/vec4 v000002b102b3d530_0, 0, 8;
    %delay 2000, 0;
    %pushi/vec4 50, 0, 8; draw_string_vec4
    %store/vec4 v000002b102b3d530_0, 0, 8;
    %delay 2000, 0;
    %pushi/vec4 64, 0, 8; draw_string_vec4
    %store/vec4 v000002b102b3d530_0, 0, 8;
    %delay 2000, 0;
    %pushi/vec4 48, 0, 8; draw_string_vec4
    %store/vec4 v000002b102b3d530_0, 0, 8;
    %delay 2000, 0;
    %pushi/vec4 48, 0, 8; draw_string_vec4
    %store/vec4 v000002b102b3d530_0, 0, 8;
    %delay 2000, 0;
    %pushi/vec4 48, 0, 8; draw_string_vec4
    %store/vec4 v000002b102b3d530_0, 0, 8;
    %delay 2000, 0;
    %pushi/vec4 48, 0, 8; draw_string_vec4
    %store/vec4 v000002b102b3d530_0, 0, 8;
    %delay 2000, 0;
    %pushi/vec4 51, 0, 8; draw_string_vec4
    %store/vec4 v000002b102b3d530_0, 0, 8;
    %delay 2000, 0;
    %pushi/vec4 48, 0, 8; draw_string_vec4
    %store/vec4 v000002b102b3d530_0, 0, 8;
    %delay 2000, 0;
    %pushi/vec4 102, 0, 8; draw_string_vec4
    %store/vec4 v000002b102b3d530_0, 0, 8;
    %delay 2000, 0;
    %pushi/vec4 52, 0, 8; draw_string_vec4
    %store/vec4 v000002b102b3d530_0, 0, 8;
    %delay 2000, 0;
    %pushi/vec4 58, 0, 8; draw_string_vec4
    %store/vec4 v000002b102b3d530_0, 0, 8;
    %delay 2000, 0;
    %pushi/vec4 32, 0, 8; draw_string_vec4
    %store/vec4 v000002b102b3d530_0, 0, 8;
    %delay 2000, 0;
    %pushi/vec4 36, 0, 8; draw_string_vec4
    %store/vec4 v000002b102b3d530_0, 0, 8;
    %delay 2000, 0;
    %pushi/vec4 51, 0, 8; draw_string_vec4
    %store/vec4 v000002b102b3d530_0, 0, 8;
    %delay 2000, 0;
    %pushi/vec4 49, 0, 8; draw_string_vec4
    %store/vec4 v000002b102b3d530_0, 0, 8;
    %delay 2000, 0;
    %pushi/vec4 32, 0, 8; draw_string_vec4
    %store/vec4 v000002b102b3d530_0, 0, 8;
    %delay 2000, 0;
    %pushi/vec4 60, 0, 8; draw_string_vec4
    %store/vec4 v000002b102b3d530_0, 0, 8;
    %delay 2000, 0;
    %pushi/vec4 61, 0, 8; draw_string_vec4
    %store/vec4 v000002b102b3d530_0, 0, 8;
    %delay 2000, 0;
    %pushi/vec4 49, 0, 8; draw_string_vec4
    %store/vec4 v000002b102b3d530_0, 0, 8;
    %delay 2000, 0;
    %pushi/vec4 50, 0, 8; draw_string_vec4
    %store/vec4 v000002b102b3d530_0, 0, 8;
    %delay 2000, 0;
    %pushi/vec4 51, 0, 8; draw_string_vec4
    %store/vec4 v000002b102b3d530_0, 0, 8;
    %delay 2000, 0;
    %pushi/vec4 50, 0, 8; draw_string_vec4
    %store/vec4 v000002b102b3d530_0, 0, 8;
    %delay 2000, 0;
    %pushi/vec4 49, 0, 8; draw_string_vec4
    %store/vec4 v000002b102b3d530_0, 0, 8;
    %delay 2000, 0;
    %pushi/vec4 53, 0, 8; draw_string_vec4
    %store/vec4 v000002b102b3d530_0, 0, 8;
    %delay 2000, 0;
    %pushi/vec4 56, 0, 8; draw_string_vec4
    %store/vec4 v000002b102b3d530_0, 0, 8;
    %delay 2000, 0;
    %pushi/vec4 57, 0, 8; draw_string_vec4
    %store/vec4 v000002b102b3d530_0, 0, 8;
    %delay 2000, 0;
    %pushi/vec4 57, 0, 8; draw_string_vec4
    %store/vec4 v000002b102b3d530_0, 0, 8;
    %delay 2000, 0;
    %pushi/vec4 56, 0, 8; draw_string_vec4
    %store/vec4 v000002b102b3d530_0, 0, 8;
    %delay 2000, 0;
    %pushi/vec4 35, 0, 8; draw_string_vec4
    %store/vec4 v000002b102b3d530_0, 0, 8;
    %delay 2000, 0;
    %pushi/vec4 94, 0, 8; draw_string_vec4
    %store/vec4 v000002b102b3d530_0, 0, 8;
    %delay 2000, 0;
    %pushi/vec4 50, 0, 8; draw_string_vec4
    %store/vec4 v000002b102b3d530_0, 0, 8;
    %delay 2000, 0;
    %pushi/vec4 52, 0, 8; draw_string_vec4
    %store/vec4 v000002b102b3d530_0, 0, 8;
    %delay 2000, 0;
    %pushi/vec4 50, 0, 8; draw_string_vec4
    %store/vec4 v000002b102b3d530_0, 0, 8;
    %delay 2000, 0;
    %pushi/vec4 64, 0, 8; draw_string_vec4
    %store/vec4 v000002b102b3d530_0, 0, 8;
    %delay 2000, 0;
    %pushi/vec4 48, 0, 8; draw_string_vec4
    %store/vec4 v000002b102b3d530_0, 0, 8;
    %delay 2000, 0;
    %pushi/vec4 48, 0, 8; draw_string_vec4
    %store/vec4 v000002b102b3d530_0, 0, 8;
    %delay 2000, 0;
    %pushi/vec4 48, 0, 8; draw_string_vec4
    %store/vec4 v000002b102b3d530_0, 0, 8;
    %delay 2000, 0;
    %pushi/vec4 48, 0, 8; draw_string_vec4
    %store/vec4 v000002b102b3d530_0, 0, 8;
    %delay 2000, 0;
    %pushi/vec4 51, 0, 8; draw_string_vec4
    %store/vec4 v000002b102b3d530_0, 0, 8;
    %delay 2000, 0;
    %pushi/vec4 48, 0, 8; draw_string_vec4
    %store/vec4 v000002b102b3d530_0, 0, 8;
    %delay 2000, 0;
    %pushi/vec4 102, 0, 8; draw_string_vec4
    %store/vec4 v000002b102b3d530_0, 0, 8;
    %delay 2000, 0;
    %pushi/vec4 52, 0, 8; draw_string_vec4
    %store/vec4 v000002b102b3d530_0, 0, 8;
    %delay 2000, 0;
    %pushi/vec4 58, 0, 8; draw_string_vec4
    %store/vec4 v000002b102b3d530_0, 0, 8;
    %delay 2000, 0;
    %pushi/vec4 32, 0, 8; draw_string_vec4
    %store/vec4 v000002b102b3d530_0, 0, 8;
    %delay 2000, 0;
    %pushi/vec4 36, 0, 8; draw_string_vec4
    %store/vec4 v000002b102b3d530_0, 0, 8;
    %delay 2000, 0;
    %pushi/vec4 51, 0, 8; draw_string_vec4
    %store/vec4 v000002b102b3d530_0, 0, 8;
    %delay 2000, 0;
    %pushi/vec4 49, 0, 8; draw_string_vec4
    %store/vec4 v000002b102b3d530_0, 0, 8;
    %delay 2000, 0;
    %pushi/vec4 32, 0, 8; draw_string_vec4
    %store/vec4 v000002b102b3d530_0, 0, 8;
    %delay 2000, 0;
    %pushi/vec4 60, 0, 8; draw_string_vec4
    %store/vec4 v000002b102b3d530_0, 0, 8;
    %delay 2000, 0;
    %pushi/vec4 61, 0, 8; draw_string_vec4
    %store/vec4 v000002b102b3d530_0, 0, 8;
    %delay 2000, 0;
    %pushi/vec4 35, 0, 8; draw_string_vec4
    %store/vec4 v000002b102b3d530_0, 0, 8;
    %delay 2000, 0;
    %pushi/vec4 94, 0, 8; draw_string_vec4
    %store/vec4 v000002b102b3d530_0, 0, 8;
    %delay 2000, 0;
    %pushi/vec4 50, 0, 8; draw_string_vec4
    %store/vec4 v000002b102b3d530_0, 0, 8;
    %delay 2000, 0;
    %pushi/vec4 52, 0, 8; draw_string_vec4
    %store/vec4 v000002b102b3d530_0, 0, 8;
    %delay 2000, 0;
    %pushi/vec4 50, 0, 8; draw_string_vec4
    %store/vec4 v000002b102b3d530_0, 0, 8;
    %delay 2000, 0;
    %pushi/vec4 64, 0, 8; draw_string_vec4
    %store/vec4 v000002b102b3d530_0, 0, 8;
    %delay 2000, 0;
    %pushi/vec4 48, 0, 8; draw_string_vec4
    %store/vec4 v000002b102b3d530_0, 0, 8;
    %delay 2000, 0;
    %pushi/vec4 48, 0, 8; draw_string_vec4
    %store/vec4 v000002b102b3d530_0, 0, 8;
    %delay 2000, 0;
    %pushi/vec4 48, 0, 8; draw_string_vec4
    %store/vec4 v000002b102b3d530_0, 0, 8;
    %delay 2000, 0;
    %pushi/vec4 48, 0, 8; draw_string_vec4
    %store/vec4 v000002b102b3d530_0, 0, 8;
    %delay 2000, 0;
    %pushi/vec4 51, 0, 8; draw_string_vec4
    %store/vec4 v000002b102b3d530_0, 0, 8;
    %delay 2000, 0;
    %pushi/vec4 48, 0, 8; draw_string_vec4
    %store/vec4 v000002b102b3d530_0, 0, 8;
    %delay 2000, 0;
    %pushi/vec4 102, 0, 8; draw_string_vec4
    %store/vec4 v000002b102b3d530_0, 0, 8;
    %delay 2000, 0;
    %pushi/vec4 52, 0, 8; draw_string_vec4
    %store/vec4 v000002b102b3d530_0, 0, 8;
    %delay 2000, 0;
    %pushi/vec4 58, 0, 8; draw_string_vec4
    %store/vec4 v000002b102b3d530_0, 0, 8;
    %delay 2000, 0;
    %pushi/vec4 32, 0, 8; draw_string_vec4
    %store/vec4 v000002b102b3d530_0, 0, 8;
    %delay 2000, 0;
    %pushi/vec4 36, 0, 8; draw_string_vec4
    %store/vec4 v000002b102b3d530_0, 0, 8;
    %delay 2000, 0;
    %pushi/vec4 51, 0, 8; draw_string_vec4
    %store/vec4 v000002b102b3d530_0, 0, 8;
    %delay 2000, 0;
    %pushi/vec4 49, 0, 8; draw_string_vec4
    %store/vec4 v000002b102b3d530_0, 0, 8;
    %delay 2000, 0;
    %pushi/vec4 32, 0, 8; draw_string_vec4
    %store/vec4 v000002b102b3d530_0, 0, 8;
    %delay 2000, 0;
    %pushi/vec4 60, 0, 8; draw_string_vec4
    %store/vec4 v000002b102b3d530_0, 0, 8;
    %delay 2000, 0;
    %pushi/vec4 61, 0, 8; draw_string_vec4
    %store/vec4 v000002b102b3d530_0, 0, 8;
    %delay 2000, 0;
    %pushi/vec4 32, 0, 8; draw_string_vec4
    %store/vec4 v000002b102b3d530_0, 0, 8;
    %delay 2000, 0;
    %pushi/vec4 32, 0, 8; draw_string_vec4
    %store/vec4 v000002b102b3d530_0, 0, 8;
    %delay 2000, 0;
    %pushi/vec4 32, 0, 8; draw_string_vec4
    %store/vec4 v000002b102b3d530_0, 0, 8;
    %delay 2000, 0;
    %pushi/vec4 49, 0, 8; draw_string_vec4
    %store/vec4 v000002b102b3d530_0, 0, 8;
    %delay 2000, 0;
    %pushi/vec4 50, 0, 8; draw_string_vec4
    %store/vec4 v000002b102b3d530_0, 0, 8;
    %delay 2000, 0;
    %pushi/vec4 51, 0, 8; draw_string_vec4
    %store/vec4 v000002b102b3d530_0, 0, 8;
    %delay 2000, 0;
    %pushi/vec4 50, 0, 8; draw_string_vec4
    %store/vec4 v000002b102b3d530_0, 0, 8;
    %delay 2000, 0;
    %pushi/vec4 49, 0, 8; draw_string_vec4
    %store/vec4 v000002b102b3d530_0, 0, 8;
    %delay 2000, 0;
    %pushi/vec4 53, 0, 8; draw_string_vec4
    %store/vec4 v000002b102b3d530_0, 0, 8;
    %delay 2000, 0;
    %pushi/vec4 32, 0, 8; draw_string_vec4
    %store/vec4 v000002b102b3d530_0, 0, 8;
    %delay 2000, 0;
    %pushi/vec4 35, 0, 8; draw_string_vec4
    %store/vec4 v000002b102b3d530_0, 0, 8;
    %delay 2000, 0;
    %pushi/vec4 94, 0, 8; draw_string_vec4
    %store/vec4 v000002b102b3d530_0, 0, 8;
    %delay 2000, 0;
    %pushi/vec4 50, 0, 8; draw_string_vec4
    %store/vec4 v000002b102b3d530_0, 0, 8;
    %delay 2000, 0;
    %pushi/vec4 52, 0, 8; draw_string_vec4
    %store/vec4 v000002b102b3d530_0, 0, 8;
    %delay 2000, 0;
    %pushi/vec4 50, 0, 8; draw_string_vec4
    %store/vec4 v000002b102b3d530_0, 0, 8;
    %delay 2000, 0;
    %pushi/vec4 64, 0, 8; draw_string_vec4
    %store/vec4 v000002b102b3d530_0, 0, 8;
    %delay 2000, 0;
    %pushi/vec4 48, 0, 8; draw_string_vec4
    %store/vec4 v000002b102b3d530_0, 0, 8;
    %delay 2000, 0;
    %pushi/vec4 48, 0, 8; draw_string_vec4
    %store/vec4 v000002b102b3d530_0, 0, 8;
    %delay 2000, 0;
    %pushi/vec4 48, 0, 8; draw_string_vec4
    %store/vec4 v000002b102b3d530_0, 0, 8;
    %delay 2000, 0;
    %pushi/vec4 48, 0, 8; draw_string_vec4
    %store/vec4 v000002b102b3d530_0, 0, 8;
    %delay 2000, 0;
    %pushi/vec4 51, 0, 8; draw_string_vec4
    %store/vec4 v000002b102b3d530_0, 0, 8;
    %delay 2000, 0;
    %pushi/vec4 48, 0, 8; draw_string_vec4
    %store/vec4 v000002b102b3d530_0, 0, 8;
    %delay 2000, 0;
    %pushi/vec4 102, 0, 8; draw_string_vec4
    %store/vec4 v000002b102b3d530_0, 0, 8;
    %delay 2000, 0;
    %pushi/vec4 52, 0, 8; draw_string_vec4
    %store/vec4 v000002b102b3d530_0, 0, 8;
    %delay 2000, 0;
    %pushi/vec4 58, 0, 8; draw_string_vec4
    %store/vec4 v000002b102b3d530_0, 0, 8;
    %delay 2000, 0;
    %pushi/vec4 32, 0, 8; draw_string_vec4
    %store/vec4 v000002b102b3d530_0, 0, 8;
    %delay 2000, 0;
    %pushi/vec4 36, 0, 8; draw_string_vec4
    %store/vec4 v000002b102b3d530_0, 0, 8;
    %delay 2000, 0;
    %pushi/vec4 51, 0, 8; draw_string_vec4
    %store/vec4 v000002b102b3d530_0, 0, 8;
    %delay 2000, 0;
    %pushi/vec4 49, 0, 8; draw_string_vec4
    %store/vec4 v000002b102b3d530_0, 0, 8;
    %delay 2000, 0;
    %pushi/vec4 32, 0, 8; draw_string_vec4
    %store/vec4 v000002b102b3d530_0, 0, 8;
    %delay 2000, 0;
    %pushi/vec4 60, 0, 8; draw_string_vec4
    %store/vec4 v000002b102b3d530_0, 0, 8;
    %delay 2000, 0;
    %pushi/vec4 61, 0, 8; draw_string_vec4
    %store/vec4 v000002b102b3d530_0, 0, 8;
    %delay 2000, 0;
    %pushi/vec4 32, 0, 8; draw_string_vec4
    %store/vec4 v000002b102b3d530_0, 0, 8;
    %delay 2000, 0;
    %pushi/vec4 32, 0, 8; draw_string_vec4
    %store/vec4 v000002b102b3d530_0, 0, 8;
    %delay 2000, 0;
    %pushi/vec4 32, 0, 8; draw_string_vec4
    %store/vec4 v000002b102b3d530_0, 0, 8;
    %delay 2000, 0;
    %pushi/vec4 97, 0, 8; draw_string_vec4
    %store/vec4 v000002b102b3d530_0, 0, 8;
    %delay 2000, 0;
    %pushi/vec4 98, 0, 8; draw_string_vec4
    %store/vec4 v000002b102b3d530_0, 0, 8;
    %delay 2000, 0;
    %pushi/vec4 49, 0, 8; draw_string_vec4
    %store/vec4 v000002b102b3d530_0, 0, 8;
    %delay 2000, 0;
    %pushi/vec4 50, 0, 8; draw_string_vec4
    %store/vec4 v000002b102b3d530_0, 0, 8;
    %delay 2000, 0;
    %pushi/vec4 51, 0, 8; draw_string_vec4
    %store/vec4 v000002b102b3d530_0, 0, 8;
    %delay 2000, 0;
    %pushi/vec4 50, 0, 8; draw_string_vec4
    %store/vec4 v000002b102b3d530_0, 0, 8;
    %delay 2000, 0;
    %pushi/vec4 49, 0, 8; draw_string_vec4
    %store/vec4 v000002b102b3d530_0, 0, 8;
    %delay 2000, 0;
    %pushi/vec4 53, 0, 8; draw_string_vec4
    %store/vec4 v000002b102b3d530_0, 0, 8;
    %delay 2000, 0;
    %pushi/vec4 32, 0, 8; draw_string_vec4
    %store/vec4 v000002b102b3d530_0, 0, 8;
    %delay 2000, 0;
    %pushi/vec4 35, 0, 8; draw_string_vec4
    %store/vec4 v000002b102b3d530_0, 0, 8;
    %delay 2000, 0;
    %pushi/vec4 94, 0, 8; draw_string_vec4
    %store/vec4 v000002b102b3d530_0, 0, 8;
    %delay 2000, 0;
    %pushi/vec4 50, 0, 8; draw_string_vec4
    %store/vec4 v000002b102b3d530_0, 0, 8;
    %delay 2000, 0;
    %pushi/vec4 52, 0, 8; draw_string_vec4
    %store/vec4 v000002b102b3d530_0, 0, 8;
    %delay 2000, 0;
    %pushi/vec4 50, 0, 8; draw_string_vec4
    %store/vec4 v000002b102b3d530_0, 0, 8;
    %delay 2000, 0;
    %pushi/vec4 64, 0, 8; draw_string_vec4
    %store/vec4 v000002b102b3d530_0, 0, 8;
    %delay 2000, 0;
    %pushi/vec4 48, 0, 8; draw_string_vec4
    %store/vec4 v000002b102b3d530_0, 0, 8;
    %delay 2000, 0;
    %pushi/vec4 48, 0, 8; draw_string_vec4
    %store/vec4 v000002b102b3d530_0, 0, 8;
    %delay 2000, 0;
    %pushi/vec4 48, 0, 8; draw_string_vec4
    %store/vec4 v000002b102b3d530_0, 0, 8;
    %delay 2000, 0;
    %pushi/vec4 48, 0, 8; draw_string_vec4
    %store/vec4 v000002b102b3d530_0, 0, 8;
    %delay 2000, 0;
    %pushi/vec4 51, 0, 8; draw_string_vec4
    %store/vec4 v000002b102b3d530_0, 0, 8;
    %delay 2000, 0;
    %pushi/vec4 48, 0, 8; draw_string_vec4
    %store/vec4 v000002b102b3d530_0, 0, 8;
    %delay 2000, 0;
    %pushi/vec4 102, 0, 8; draw_string_vec4
    %store/vec4 v000002b102b3d530_0, 0, 8;
    %delay 2000, 0;
    %pushi/vec4 52, 0, 8; draw_string_vec4
    %store/vec4 v000002b102b3d530_0, 0, 8;
    %delay 2000, 0;
    %pushi/vec4 58, 0, 8; draw_string_vec4
    %store/vec4 v000002b102b3d530_0, 0, 8;
    %delay 2000, 0;
    %pushi/vec4 32, 0, 8; draw_string_vec4
    %store/vec4 v000002b102b3d530_0, 0, 8;
    %delay 2000, 0;
    %pushi/vec4 36, 0, 8; draw_string_vec4
    %store/vec4 v000002b102b3d530_0, 0, 8;
    %delay 2000, 0;
    %pushi/vec4 51, 0, 8; draw_string_vec4
    %store/vec4 v000002b102b3d530_0, 0, 8;
    %delay 2000, 0;
    %pushi/vec4 49, 0, 8; draw_string_vec4
    %store/vec4 v000002b102b3d530_0, 0, 8;
    %delay 2000, 0;
    %pushi/vec4 32, 0, 8; draw_string_vec4
    %store/vec4 v000002b102b3d530_0, 0, 8;
    %delay 2000, 0;
    %pushi/vec4 60, 0, 8; draw_string_vec4
    %store/vec4 v000002b102b3d530_0, 0, 8;
    %delay 2000, 0;
    %pushi/vec4 61, 0, 8; draw_string_vec4
    %store/vec4 v000002b102b3d530_0, 0, 8;
    %delay 2000, 0;
    %pushi/vec4 32, 0, 8; draw_string_vec4
    %store/vec4 v000002b102b3d530_0, 0, 8;
    %delay 2000, 0;
    %pushi/vec4 32, 0, 8; draw_string_vec4
    %store/vec4 v000002b102b3d530_0, 0, 8;
    %delay 2000, 0;
    %pushi/vec4 32, 0, 8; draw_string_vec4
    %store/vec4 v000002b102b3d530_0, 0, 8;
    %delay 2000, 0;
    %pushi/vec4 65, 0, 8; draw_string_vec4
    %store/vec4 v000002b102b3d530_0, 0, 8;
    %delay 2000, 0;
    %pushi/vec4 98, 0, 8; draw_string_vec4
    %store/vec4 v000002b102b3d530_0, 0, 8;
    %delay 2000, 0;
    %pushi/vec4 49, 0, 8; draw_string_vec4
    %store/vec4 v000002b102b3d530_0, 0, 8;
    %delay 2000, 0;
    %pushi/vec4 50, 0, 8; draw_string_vec4
    %store/vec4 v000002b102b3d530_0, 0, 8;
    %delay 2000, 0;
    %pushi/vec4 51, 0, 8; draw_string_vec4
    %store/vec4 v000002b102b3d530_0, 0, 8;
    %delay 2000, 0;
    %pushi/vec4 50, 0, 8; draw_string_vec4
    %store/vec4 v000002b102b3d530_0, 0, 8;
    %delay 2000, 0;
    %pushi/vec4 49, 0, 8; draw_string_vec4
    %store/vec4 v000002b102b3d530_0, 0, 8;
    %delay 2000, 0;
    %pushi/vec4 53, 0, 8; draw_string_vec4
    %store/vec4 v000002b102b3d530_0, 0, 8;
    %delay 2000, 0;
    %pushi/vec4 32, 0, 8; draw_string_vec4
    %store/vec4 v000002b102b3d530_0, 0, 8;
    %delay 2000, 0;
    %pushi/vec4 35, 0, 8; draw_string_vec4
    %store/vec4 v000002b102b3d530_0, 0, 8;
    %delay 2000, 0;
    %pushi/vec4 94, 0, 8; draw_string_vec4
    %store/vec4 v000002b102b3d530_0, 0, 8;
    %delay 2000, 0;
    %pushi/vec4 51, 0, 8; draw_string_vec4
    %store/vec4 v000002b102b3d530_0, 0, 8;
    %delay 2000, 0;
    %pushi/vec4 51, 0, 8; draw_string_vec4
    %store/vec4 v000002b102b3d530_0, 0, 8;
    %delay 2000, 0;
    %pushi/vec4 56, 0, 8; draw_string_vec4
    %store/vec4 v000002b102b3d530_0, 0, 8;
    %delay 2000, 0;
    %pushi/vec4 64, 0, 8; draw_string_vec4
    %store/vec4 v000002b102b3d530_0, 0, 8;
    %delay 2000, 0;
    %pushi/vec4 48, 0, 8; draw_string_vec4
    %store/vec4 v000002b102b3d530_0, 0, 8;
    %delay 2000, 0;
    %pushi/vec4 48, 0, 8; draw_string_vec4
    %store/vec4 v000002b102b3d530_0, 0, 8;
    %delay 2000, 0;
    %pushi/vec4 48, 0, 8; draw_string_vec4
    %store/vec4 v000002b102b3d530_0, 0, 8;
    %delay 2000, 0;
    %pushi/vec4 48, 0, 8; draw_string_vec4
    %store/vec4 v000002b102b3d530_0, 0, 8;
    %delay 2000, 0;
    %pushi/vec4 51, 0, 8; draw_string_vec4
    %store/vec4 v000002b102b3d530_0, 0, 8;
    %delay 2000, 0;
    %pushi/vec4 49, 0, 8; draw_string_vec4
    %store/vec4 v000002b102b3d530_0, 0, 8;
    %delay 2000, 0;
    %pushi/vec4 51, 0, 8; draw_string_vec4
    %store/vec4 v000002b102b3d530_0, 0, 8;
    %delay 2000, 0;
    %pushi/vec4 48, 0, 8; draw_string_vec4
    %store/vec4 v000002b102b3d530_0, 0, 8;
    %delay 2000, 0;
    %pushi/vec4 58, 0, 8; draw_string_vec4
    %store/vec4 v000002b102b3d530_0, 0, 8;
    %delay 2000, 0;
    %pushi/vec4 32, 0, 8; draw_string_vec4
    %store/vec4 v000002b102b3d530_0, 0, 8;
    %delay 2000, 0;
    %pushi/vec4 42, 0, 8; draw_string_vec4
    %store/vec4 v000002b102b3d530_0, 0, 8;
    %delay 2000, 0;
    %pushi/vec4 48, 0, 8; draw_string_vec4
    %store/vec4 v000002b102b3d530_0, 0, 8;
    %delay 2000, 0;
    %pushi/vec4 48, 0, 8; draw_string_vec4
    %store/vec4 v000002b102b3d530_0, 0, 8;
    %delay 2000, 0;
    %pushi/vec4 48, 0, 8; draw_string_vec4
    %store/vec4 v000002b102b3d530_0, 0, 8;
    %delay 2000, 0;
    %pushi/vec4 48, 0, 8; draw_string_vec4
    %store/vec4 v000002b102b3d530_0, 0, 8;
    %delay 2000, 0;
    %pushi/vec4 48, 0, 8; draw_string_vec4
    %store/vec4 v000002b102b3d530_0, 0, 8;
    %delay 2000, 0;
    %pushi/vec4 48, 0, 8; draw_string_vec4
    %store/vec4 v000002b102b3d530_0, 0, 8;
    %delay 2000, 0;
    %pushi/vec4 56, 0, 8; draw_string_vec4
    %store/vec4 v000002b102b3d530_0, 0, 8;
    %delay 2000, 0;
    %pushi/vec4 56, 0, 8; draw_string_vec4
    %store/vec4 v000002b102b3d530_0, 0, 8;
    %delay 2000, 0;
    %pushi/vec4 32, 0, 8; draw_string_vec4
    %store/vec4 v000002b102b3d530_0, 0, 8;
    %delay 2000, 0;
    %pushi/vec4 60, 0, 8; draw_string_vec4
    %store/vec4 v000002b102b3d530_0, 0, 8;
    %delay 2000, 0;
    %pushi/vec4 61, 0, 8; draw_string_vec4
    %store/vec4 v000002b102b3d530_0, 0, 8;
    %delay 2000, 0;
    %pushi/vec4 32, 0, 8; draw_string_vec4
    %store/vec4 v000002b102b3d530_0, 0, 8;
    %delay 2000, 0;
    %pushi/vec4 70, 0, 8; draw_string_vec4
    %store/vec4 v000002b102b3d530_0, 0, 8;
    %delay 2000, 0;
    %pushi/vec4 102, 0, 8; draw_string_vec4
    %store/vec4 v000002b102b3d530_0, 0, 8;
    %delay 2000, 0;
    %pushi/vec4 102, 0, 8; draw_string_vec4
    %store/vec4 v000002b102b3d530_0, 0, 8;
    %delay 2000, 0;
    %pushi/vec4 102, 0, 8; draw_string_vec4
    %store/vec4 v000002b102b3d530_0, 0, 8;
    %delay 2000, 0;
    %pushi/vec4 98, 0, 8; draw_string_vec4
    %store/vec4 v000002b102b3d530_0, 0, 8;
    %delay 2000, 0;
    %pushi/vec4 53, 0, 8; draw_string_vec4
    %store/vec4 v000002b102b3d530_0, 0, 8;
    %delay 2000, 0;
    %pushi/vec4 50, 0, 8; draw_string_vec4
    %store/vec4 v000002b102b3d530_0, 0, 8;
    %delay 2000, 0;
    %pushi/vec4 56, 0, 8; draw_string_vec4
    %store/vec4 v000002b102b3d530_0, 0, 8;
    %delay 2000, 0;
    %pushi/vec4 35, 0, 8; draw_string_vec4
    %store/vec4 v000002b102b3d530_0, 0, 8;
    %delay 2000, 0;
    %pushi/vec4 94, 0, 8; draw_string_vec4
    %store/vec4 v000002b102b3d530_0, 0, 8;
    %delay 2000, 0;
    %pushi/vec4 51, 0, 8; draw_string_vec4
    %store/vec4 v000002b102b3d530_0, 0, 8;
    %delay 2000, 0;
    %pushi/vec4 51, 0, 8; draw_string_vec4
    %store/vec4 v000002b102b3d530_0, 0, 8;
    %delay 2000, 0;
    %pushi/vec4 56, 0, 8; draw_string_vec4
    %store/vec4 v000002b102b3d530_0, 0, 8;
    %delay 2000, 0;
    %pushi/vec4 64, 0, 8; draw_string_vec4
    %store/vec4 v000002b102b3d530_0, 0, 8;
    %delay 2000, 0;
    %pushi/vec4 48, 0, 8; draw_string_vec4
    %store/vec4 v000002b102b3d530_0, 0, 8;
    %delay 2000, 0;
    %pushi/vec4 48, 0, 8; draw_string_vec4
    %store/vec4 v000002b102b3d530_0, 0, 8;
    %delay 2000, 0;
    %pushi/vec4 48, 0, 8; draw_string_vec4
    %store/vec4 v000002b102b3d530_0, 0, 8;
    %delay 2000, 0;
    %pushi/vec4 48, 0, 8; draw_string_vec4
    %store/vec4 v000002b102b3d530_0, 0, 8;
    %delay 2000, 0;
    %pushi/vec4 51, 0, 8; draw_string_vec4
    %store/vec4 v000002b102b3d530_0, 0, 8;
    %delay 2000, 0;
    %pushi/vec4 49, 0, 8; draw_string_vec4
    %store/vec4 v000002b102b3d530_0, 0, 8;
    %delay 2000, 0;
    %pushi/vec4 51, 0, 8; draw_string_vec4
    %store/vec4 v000002b102b3d530_0, 0, 8;
    %delay 2000, 0;
    %pushi/vec4 48, 0, 8; draw_string_vec4
    %store/vec4 v000002b102b3d530_0, 0, 8;
    %delay 2000, 0;
    %pushi/vec4 58, 0, 8; draw_string_vec4
    %store/vec4 v000002b102b3d530_0, 0, 8;
    %delay 2000, 0;
    %pushi/vec4 32, 0, 8; draw_string_vec4
    %store/vec4 v000002b102b3d530_0, 0, 8;
    %delay 2000, 0;
    %pushi/vec4 42, 0, 8; draw_string_vec4
    %store/vec4 v000002b102b3d530_0, 0, 8;
    %delay 2000, 0;
    %pushi/vec4 48, 0, 8; draw_string_vec4
    %store/vec4 v000002b102b3d530_0, 0, 8;
    %delay 2000, 0;
    %pushi/vec4 48, 0, 8; draw_string_vec4
    %store/vec4 v000002b102b3d530_0, 0, 8;
    %delay 2000, 0;
    %pushi/vec4 48, 0, 8; draw_string_vec4
    %store/vec4 v000002b102b3d530_0, 0, 8;
    %delay 2000, 0;
    %pushi/vec4 48, 0, 8; draw_string_vec4
    %store/vec4 v000002b102b3d530_0, 0, 8;
    %delay 2000, 0;
    %pushi/vec4 48, 0, 8; draw_string_vec4
    %store/vec4 v000002b102b3d530_0, 0, 8;
    %delay 2000, 0;
    %pushi/vec4 48, 0, 8; draw_string_vec4
    %store/vec4 v000002b102b3d530_0, 0, 8;
    %delay 2000, 0;
    %pushi/vec4 56, 0, 8; draw_string_vec4
    %store/vec4 v000002b102b3d530_0, 0, 8;
    %delay 2000, 0;
    %pushi/vec4 56, 0, 8; draw_string_vec4
    %store/vec4 v000002b102b3d530_0, 0, 8;
    %delay 2000, 0;
    %pushi/vec4 32, 0, 8; draw_string_vec4
    %store/vec4 v000002b102b3d530_0, 0, 8;
    %delay 2000, 0;
    %pushi/vec4 60, 0, 8; draw_string_vec4
    %store/vec4 v000002b102b3d530_0, 0, 8;
    %delay 2000, 0;
    %pushi/vec4 61, 0, 8; draw_string_vec4
    %store/vec4 v000002b102b3d530_0, 0, 8;
    %delay 2000, 0;
    %pushi/vec4 32, 0, 8; draw_string_vec4
    %store/vec4 v000002b102b3d530_0, 0, 8;
    %delay 2000, 0;
    %pushi/vec4 102, 0, 8; draw_string_vec4
    %store/vec4 v000002b102b3d530_0, 0, 8;
    %delay 2000, 0;
    %pushi/vec4 102, 0, 8; draw_string_vec4
    %store/vec4 v000002b102b3d530_0, 0, 8;
    %delay 2000, 0;
    %pushi/vec4 102, 0, 8; draw_string_vec4
    %store/vec4 v000002b102b3d530_0, 0, 8;
    %delay 2000, 0;
    %pushi/vec4 102, 0, 8; draw_string_vec4
    %store/vec4 v000002b102b3d530_0, 0, 8;
    %delay 2000, 0;
    %pushi/vec4 98, 0, 8; draw_string_vec4
    %store/vec4 v000002b102b3d530_0, 0, 8;
    %delay 2000, 0;
    %pushi/vec4 53, 0, 8; draw_string_vec4
    %store/vec4 v000002b102b3d530_0, 0, 8;
    %delay 2000, 0;
    %pushi/vec4 50, 0, 8; draw_string_vec4
    %store/vec4 v000002b102b3d530_0, 0, 8;
    %delay 2000, 0;
    %pushi/vec4 56, 0, 8; draw_string_vec4
    %store/vec4 v000002b102b3d530_0, 0, 8;
    %delay 2000, 0;
    %pushi/vec4 35, 0, 8; draw_string_vec4
    %store/vec4 v000002b102b3d530_0, 0, 8;
    %delay 2000, 0;
    %pushi/vec4 94, 0, 8; draw_string_vec4
    %store/vec4 v000002b102b3d530_0, 0, 8;
    %delay 2000, 0;
    %pushi/vec4 51, 0, 8; draw_string_vec4
    %store/vec4 v000002b102b3d530_0, 0, 8;
    %delay 2000, 0;
    %pushi/vec4 51, 0, 8; draw_string_vec4
    %store/vec4 v000002b102b3d530_0, 0, 8;
    %delay 2000, 0;
    %pushi/vec4 56, 0, 8; draw_string_vec4
    %store/vec4 v000002b102b3d530_0, 0, 8;
    %delay 2000, 0;
    %pushi/vec4 64, 0, 8; draw_string_vec4
    %store/vec4 v000002b102b3d530_0, 0, 8;
    %delay 2000, 0;
    %pushi/vec4 48, 0, 8; draw_string_vec4
    %store/vec4 v000002b102b3d530_0, 0, 8;
    %delay 2000, 0;
    %pushi/vec4 48, 0, 8; draw_string_vec4
    %store/vec4 v000002b102b3d530_0, 0, 8;
    %delay 2000, 0;
    %pushi/vec4 48, 0, 8; draw_string_vec4
    %store/vec4 v000002b102b3d530_0, 0, 8;
    %delay 2000, 0;
    %pushi/vec4 48, 0, 8; draw_string_vec4
    %store/vec4 v000002b102b3d530_0, 0, 8;
    %delay 2000, 0;
    %pushi/vec4 51, 0, 8; draw_string_vec4
    %store/vec4 v000002b102b3d530_0, 0, 8;
    %delay 2000, 0;
    %pushi/vec4 49, 0, 8; draw_string_vec4
    %store/vec4 v000002b102b3d530_0, 0, 8;
    %delay 2000, 0;
    %pushi/vec4 51, 0, 8; draw_string_vec4
    %store/vec4 v000002b102b3d530_0, 0, 8;
    %delay 2000, 0;
    %pushi/vec4 48, 0, 8; draw_string_vec4
    %store/vec4 v000002b102b3d530_0, 0, 8;
    %delay 2000, 0;
    %pushi/vec4 58, 0, 8; draw_string_vec4
    %store/vec4 v000002b102b3d530_0, 0, 8;
    %delay 2000, 0;
    %pushi/vec4 32, 0, 8; draw_string_vec4
    %store/vec4 v000002b102b3d530_0, 0, 8;
    %delay 2000, 0;
    %pushi/vec4 42, 0, 8; draw_string_vec4
    %store/vec4 v000002b102b3d530_0, 0, 8;
    %delay 2000, 0;
    %pushi/vec4 48, 0, 8; draw_string_vec4
    %store/vec4 v000002b102b3d530_0, 0, 8;
    %delay 2000, 0;
    %pushi/vec4 48, 0, 8; draw_string_vec4
    %store/vec4 v000002b102b3d530_0, 0, 8;
    %delay 2000, 0;
    %pushi/vec4 48, 0, 8; draw_string_vec4
    %store/vec4 v000002b102b3d530_0, 0, 8;
    %delay 2000, 0;
    %pushi/vec4 48, 0, 8; draw_string_vec4
    %store/vec4 v000002b102b3d530_0, 0, 8;
    %delay 2000, 0;
    %pushi/vec4 48, 0, 8; draw_string_vec4
    %store/vec4 v000002b102b3d530_0, 0, 8;
    %delay 2000, 0;
    %pushi/vec4 48, 0, 8; draw_string_vec4
    %store/vec4 v000002b102b3d530_0, 0, 8;
    %delay 2000, 0;
    %pushi/vec4 56, 0, 8; draw_string_vec4
    %store/vec4 v000002b102b3d530_0, 0, 8;
    %delay 2000, 0;
    %pushi/vec4 56, 0, 8; draw_string_vec4
    %store/vec4 v000002b102b3d530_0, 0, 8;
    %delay 2000, 0;
    %pushi/vec4 32, 0, 8; draw_string_vec4
    %store/vec4 v000002b102b3d530_0, 0, 8;
    %delay 2000, 0;
    %pushi/vec4 60, 0, 8; draw_string_vec4
    %store/vec4 v000002b102b3d530_0, 0, 8;
    %delay 2000, 0;
    %pushi/vec4 61, 0, 8; draw_string_vec4
    %store/vec4 v000002b102b3d530_0, 0, 8;
    %delay 2000, 0;
    %pushi/vec4 35, 0, 8; draw_string_vec4
    %store/vec4 v000002b102b3d530_0, 0, 8;
    %delay 2000, 0;
    %pushi/vec4 94, 0, 8; draw_string_vec4
    %store/vec4 v000002b102b3d530_0, 0, 8;
    %delay 2000, 0;
    %pushi/vec4 51, 0, 8; draw_string_vec4
    %store/vec4 v000002b102b3d530_0, 0, 8;
    %delay 2000, 0;
    %pushi/vec4 51, 0, 8; draw_string_vec4
    %store/vec4 v000002b102b3d530_0, 0, 8;
    %delay 2000, 0;
    %pushi/vec4 56, 0, 8; draw_string_vec4
    %store/vec4 v000002b102b3d530_0, 0, 8;
    %delay 2000, 0;
    %pushi/vec4 64, 0, 8; draw_string_vec4
    %store/vec4 v000002b102b3d530_0, 0, 8;
    %delay 2000, 0;
    %pushi/vec4 48, 0, 8; draw_string_vec4
    %store/vec4 v000002b102b3d530_0, 0, 8;
    %delay 2000, 0;
    %pushi/vec4 48, 0, 8; draw_string_vec4
    %store/vec4 v000002b102b3d530_0, 0, 8;
    %delay 2000, 0;
    %pushi/vec4 48, 0, 8; draw_string_vec4
    %store/vec4 v000002b102b3d530_0, 0, 8;
    %delay 2000, 0;
    %pushi/vec4 48, 0, 8; draw_string_vec4
    %store/vec4 v000002b102b3d530_0, 0, 8;
    %delay 2000, 0;
    %pushi/vec4 51, 0, 8; draw_string_vec4
    %store/vec4 v000002b102b3d530_0, 0, 8;
    %delay 2000, 0;
    %pushi/vec4 49, 0, 8; draw_string_vec4
    %store/vec4 v000002b102b3d530_0, 0, 8;
    %delay 2000, 0;
    %pushi/vec4 51, 0, 8; draw_string_vec4
    %store/vec4 v000002b102b3d530_0, 0, 8;
    %delay 2000, 0;
    %pushi/vec4 48, 0, 8; draw_string_vec4
    %store/vec4 v000002b102b3d530_0, 0, 8;
    %delay 2000, 0;
    %pushi/vec4 58, 0, 8; draw_string_vec4
    %store/vec4 v000002b102b3d530_0, 0, 8;
    %delay 2000, 0;
    %pushi/vec4 32, 0, 8; draw_string_vec4
    %store/vec4 v000002b102b3d530_0, 0, 8;
    %delay 2000, 0;
    %pushi/vec4 42, 0, 8; draw_string_vec4
    %store/vec4 v000002b102b3d530_0, 0, 8;
    %delay 2000, 0;
    %pushi/vec4 48, 0, 8; draw_string_vec4
    %store/vec4 v000002b102b3d530_0, 0, 8;
    %delay 2000, 0;
    %pushi/vec4 48, 0, 8; draw_string_vec4
    %store/vec4 v000002b102b3d530_0, 0, 8;
    %delay 2000, 0;
    %pushi/vec4 48, 0, 8; draw_string_vec4
    %store/vec4 v000002b102b3d530_0, 0, 8;
    %delay 2000, 0;
    %pushi/vec4 48, 0, 8; draw_string_vec4
    %store/vec4 v000002b102b3d530_0, 0, 8;
    %delay 2000, 0;
    %pushi/vec4 48, 0, 8; draw_string_vec4
    %store/vec4 v000002b102b3d530_0, 0, 8;
    %delay 2000, 0;
    %pushi/vec4 48, 0, 8; draw_string_vec4
    %store/vec4 v000002b102b3d530_0, 0, 8;
    %delay 2000, 0;
    %pushi/vec4 56, 0, 8; draw_string_vec4
    %store/vec4 v000002b102b3d530_0, 0, 8;
    %delay 2000, 0;
    %pushi/vec4 56, 0, 8; draw_string_vec4
    %store/vec4 v000002b102b3d530_0, 0, 8;
    %delay 2000, 0;
    %pushi/vec4 32, 0, 8; draw_string_vec4
    %store/vec4 v000002b102b3d530_0, 0, 8;
    %delay 2000, 0;
    %pushi/vec4 60, 0, 8; draw_string_vec4
    %store/vec4 v000002b102b3d530_0, 0, 8;
    %delay 2000, 0;
    %pushi/vec4 61, 0, 8; draw_string_vec4
    %store/vec4 v000002b102b3d530_0, 0, 8;
    %delay 2000, 0;
    %pushi/vec4 32, 0, 8; draw_string_vec4
    %store/vec4 v000002b102b3d530_0, 0, 8;
    %delay 2000, 0;
    %pushi/vec4 102, 0, 8; draw_string_vec4
    %store/vec4 v000002b102b3d530_0, 0, 8;
    %delay 2000, 0;
    %pushi/vec4 102, 0, 8; draw_string_vec4
    %store/vec4 v000002b102b3d530_0, 0, 8;
    %delay 2000, 0;
    %pushi/vec4 102, 0, 8; draw_string_vec4
    %store/vec4 v000002b102b3d530_0, 0, 8;
    %delay 2000, 0;
    %pushi/vec4 102, 0, 8; draw_string_vec4
    %store/vec4 v000002b102b3d530_0, 0, 8;
    %delay 2000, 0;
    %pushi/vec4 98, 0, 8; draw_string_vec4
    %store/vec4 v000002b102b3d530_0, 0, 8;
    %delay 2000, 0;
    %pushi/vec4 53, 0, 8; draw_string_vec4
    %store/vec4 v000002b102b3d530_0, 0, 8;
    %delay 2000, 0;
    %pushi/vec4 50, 0, 8; draw_string_vec4
    %store/vec4 v000002b102b3d530_0, 0, 8;
    %delay 2000, 0;
    %pushi/vec4 56, 0, 8; draw_string_vec4
    %store/vec4 v000002b102b3d530_0, 0, 8;
    %delay 2000, 0;
    %pushi/vec4 49, 0, 8; draw_string_vec4
    %store/vec4 v000002b102b3d530_0, 0, 8;
    %delay 2000, 0;
    %pushi/vec4 50, 0, 8; draw_string_vec4
    %store/vec4 v000002b102b3d530_0, 0, 8;
    %delay 2000, 0;
    %pushi/vec4 35, 0, 8; draw_string_vec4
    %store/vec4 v000002b102b3d530_0, 0, 8;
    %delay 2000, 0;
    %pushi/vec4 94, 0, 8; draw_string_vec4
    %store/vec4 v000002b102b3d530_0, 0, 8;
    %delay 2000, 0;
    %pushi/vec4 51, 0, 8; draw_string_vec4
    %store/vec4 v000002b102b3d530_0, 0, 8;
    %delay 2000, 0;
    %pushi/vec4 51, 0, 8; draw_string_vec4
    %store/vec4 v000002b102b3d530_0, 0, 8;
    %delay 2000, 0;
    %pushi/vec4 56, 0, 8; draw_string_vec4
    %store/vec4 v000002b102b3d530_0, 0, 8;
    %delay 2000, 0;
    %pushi/vec4 64, 0, 8; draw_string_vec4
    %store/vec4 v000002b102b3d530_0, 0, 8;
    %delay 2000, 0;
    %pushi/vec4 48, 0, 8; draw_string_vec4
    %store/vec4 v000002b102b3d530_0, 0, 8;
    %delay 2000, 0;
    %pushi/vec4 48, 0, 8; draw_string_vec4
    %store/vec4 v000002b102b3d530_0, 0, 8;
    %delay 2000, 0;
    %pushi/vec4 48, 0, 8; draw_string_vec4
    %store/vec4 v000002b102b3d530_0, 0, 8;
    %delay 2000, 0;
    %pushi/vec4 48, 0, 8; draw_string_vec4
    %store/vec4 v000002b102b3d530_0, 0, 8;
    %delay 2000, 0;
    %pushi/vec4 51, 0, 8; draw_string_vec4
    %store/vec4 v000002b102b3d530_0, 0, 8;
    %delay 2000, 0;
    %pushi/vec4 49, 0, 8; draw_string_vec4
    %store/vec4 v000002b102b3d530_0, 0, 8;
    %delay 2000, 0;
    %pushi/vec4 51, 0, 8; draw_string_vec4
    %store/vec4 v000002b102b3d530_0, 0, 8;
    %delay 2000, 0;
    %pushi/vec4 48, 0, 8; draw_string_vec4
    %store/vec4 v000002b102b3d530_0, 0, 8;
    %delay 2000, 0;
    %pushi/vec4 58, 0, 8; draw_string_vec4
    %store/vec4 v000002b102b3d530_0, 0, 8;
    %delay 2000, 0;
    %pushi/vec4 32, 0, 8; draw_string_vec4
    %store/vec4 v000002b102b3d530_0, 0, 8;
    %delay 2000, 0;
    %pushi/vec4 42, 0, 8; draw_string_vec4
    %store/vec4 v000002b102b3d530_0, 0, 8;
    %delay 2000, 0;
    %pushi/vec4 48, 0, 8; draw_string_vec4
    %store/vec4 v000002b102b3d530_0, 0, 8;
    %delay 2000, 0;
    %pushi/vec4 48, 0, 8; draw_string_vec4
    %store/vec4 v000002b102b3d530_0, 0, 8;
    %delay 2000, 0;
    %pushi/vec4 48, 0, 8; draw_string_vec4
    %store/vec4 v000002b102b3d530_0, 0, 8;
    %delay 2000, 0;
    %pushi/vec4 48, 0, 8; draw_string_vec4
    %store/vec4 v000002b102b3d530_0, 0, 8;
    %delay 2000, 0;
    %pushi/vec4 48, 0, 8; draw_string_vec4
    %store/vec4 v000002b102b3d530_0, 0, 8;
    %delay 2000, 0;
    %pushi/vec4 48, 0, 8; draw_string_vec4
    %store/vec4 v000002b102b3d530_0, 0, 8;
    %delay 2000, 0;
    %pushi/vec4 56, 0, 8; draw_string_vec4
    %store/vec4 v000002b102b3d530_0, 0, 8;
    %delay 2000, 0;
    %pushi/vec4 56, 0, 8; draw_string_vec4
    %store/vec4 v000002b102b3d530_0, 0, 8;
    %delay 2000, 0;
    %pushi/vec4 32, 0, 8; draw_string_vec4
    %store/vec4 v000002b102b3d530_0, 0, 8;
    %delay 2000, 0;
    %pushi/vec4 60, 0, 8; draw_string_vec4
    %store/vec4 v000002b102b3d530_0, 0, 8;
    %delay 2000, 0;
    %pushi/vec4 61, 0, 8; draw_string_vec4
    %store/vec4 v000002b102b3d530_0, 0, 8;
    %delay 2000, 0;
    %pushi/vec4 32, 0, 8; draw_string_vec4
    %store/vec4 v000002b102b3d530_0, 0, 8;
    %delay 2000, 0;
    %pushi/vec4 102, 0, 8; draw_string_vec4
    %store/vec4 v000002b102b3d530_0, 0, 8;
    %delay 2000, 0;
    %pushi/vec4 102, 0, 8; draw_string_vec4
    %store/vec4 v000002b102b3d530_0, 0, 8;
    %delay 2000, 0;
    %pushi/vec4 102, 0, 8; draw_string_vec4
    %store/vec4 v000002b102b3d530_0, 0, 8;
    %delay 2000, 0;
    %pushi/vec4 102, 0, 8; draw_string_vec4
    %store/vec4 v000002b102b3d530_0, 0, 8;
    %delay 2000, 0;
    %pushi/vec4 98, 0, 8; draw_string_vec4
    %store/vec4 v000002b102b3d530_0, 0, 8;
    %delay 2000, 0;
    %pushi/vec4 53, 0, 8; draw_string_vec4
    %store/vec4 v000002b102b3d530_0, 0, 8;
    %delay 2000, 0;
    %pushi/vec4 50, 0, 8; draw_string_vec4
    %store/vec4 v000002b102b3d530_0, 0, 8;
    %delay 2000, 0;
    %pushi/vec4 35, 0, 8; draw_string_vec4
    %store/vec4 v000002b102b3d530_0, 0, 8;
    %delay 2000, 0;
    %pushi/vec4 94, 0, 8; draw_string_vec4
    %store/vec4 v000002b102b3d530_0, 0, 8;
    %delay 2000, 0;
    %pushi/vec4 51, 0, 8; draw_string_vec4
    %store/vec4 v000002b102b3d530_0, 0, 8;
    %delay 2000, 0;
    %pushi/vec4 51, 0, 8; draw_string_vec4
    %store/vec4 v000002b102b3d530_0, 0, 8;
    %delay 2000, 0;
    %pushi/vec4 56, 0, 8; draw_string_vec4
    %store/vec4 v000002b102b3d530_0, 0, 8;
    %delay 2000, 0;
    %pushi/vec4 64, 0, 8; draw_string_vec4
    %store/vec4 v000002b102b3d530_0, 0, 8;
    %delay 2000, 0;
    %pushi/vec4 48, 0, 8; draw_string_vec4
    %store/vec4 v000002b102b3d530_0, 0, 8;
    %delay 2000, 0;
    %pushi/vec4 48, 0, 8; draw_string_vec4
    %store/vec4 v000002b102b3d530_0, 0, 8;
    %delay 2000, 0;
    %pushi/vec4 48, 0, 8; draw_string_vec4
    %store/vec4 v000002b102b3d530_0, 0, 8;
    %delay 2000, 0;
    %pushi/vec4 48, 0, 8; draw_string_vec4
    %store/vec4 v000002b102b3d530_0, 0, 8;
    %delay 2000, 0;
    %pushi/vec4 51, 0, 8; draw_string_vec4
    %store/vec4 v000002b102b3d530_0, 0, 8;
    %delay 2000, 0;
    %pushi/vec4 49, 0, 8; draw_string_vec4
    %store/vec4 v000002b102b3d530_0, 0, 8;
    %delay 2000, 0;
    %pushi/vec4 51, 0, 8; draw_string_vec4
    %store/vec4 v000002b102b3d530_0, 0, 8;
    %delay 2000, 0;
    %pushi/vec4 48, 0, 8; draw_string_vec4
    %store/vec4 v000002b102b3d530_0, 0, 8;
    %delay 2000, 0;
    %pushi/vec4 58, 0, 8; draw_string_vec4
    %store/vec4 v000002b102b3d530_0, 0, 8;
    %delay 2000, 0;
    %pushi/vec4 32, 0, 8; draw_string_vec4
    %store/vec4 v000002b102b3d530_0, 0, 8;
    %delay 2000, 0;
    %pushi/vec4 42, 0, 8; draw_string_vec4
    %store/vec4 v000002b102b3d530_0, 0, 8;
    %delay 2000, 0;
    %pushi/vec4 48, 0, 8; draw_string_vec4
    %store/vec4 v000002b102b3d530_0, 0, 8;
    %delay 2000, 0;
    %pushi/vec4 48, 0, 8; draw_string_vec4
    %store/vec4 v000002b102b3d530_0, 0, 8;
    %delay 2000, 0;
    %pushi/vec4 48, 0, 8; draw_string_vec4
    %store/vec4 v000002b102b3d530_0, 0, 8;
    %delay 2000, 0;
    %pushi/vec4 48, 0, 8; draw_string_vec4
    %store/vec4 v000002b102b3d530_0, 0, 8;
    %delay 2000, 0;
    %pushi/vec4 48, 0, 8; draw_string_vec4
    %store/vec4 v000002b102b3d530_0, 0, 8;
    %delay 2000, 0;
    %pushi/vec4 48, 0, 8; draw_string_vec4
    %store/vec4 v000002b102b3d530_0, 0, 8;
    %delay 2000, 0;
    %pushi/vec4 56, 0, 8; draw_string_vec4
    %store/vec4 v000002b102b3d530_0, 0, 8;
    %delay 2000, 0;
    %pushi/vec4 56, 0, 8; draw_string_vec4
    %store/vec4 v000002b102b3d530_0, 0, 8;
    %delay 2000, 0;
    %pushi/vec4 32, 0, 8; draw_string_vec4
    %store/vec4 v000002b102b3d530_0, 0, 8;
    %delay 2000, 0;
    %pushi/vec4 60, 0, 8; draw_string_vec4
    %store/vec4 v000002b102b3d530_0, 0, 8;
    %delay 2000, 0;
    %pushi/vec4 61, 0, 8; draw_string_vec4
    %store/vec4 v000002b102b3d530_0, 0, 8;
    %delay 2000, 0;
    %pushi/vec4 32, 0, 8; draw_string_vec4
    %store/vec4 v000002b102b3d530_0, 0, 8;
    %delay 2000, 0;
    %pushi/vec4 102, 0, 8; draw_string_vec4
    %store/vec4 v000002b102b3d530_0, 0, 8;
    %delay 2000, 0;
    %pushi/vec4 102, 0, 8; draw_string_vec4
    %store/vec4 v000002b102b3d530_0, 0, 8;
    %delay 2000, 0;
    %pushi/vec4 102, 0, 8; draw_string_vec4
    %store/vec4 v000002b102b3d530_0, 0, 8;
    %delay 2000, 0;
    %pushi/vec4 102, 0, 8; draw_string_vec4
    %store/vec4 v000002b102b3d530_0, 0, 8;
    %delay 2000, 0;
    %pushi/vec4 66, 0, 8; draw_string_vec4
    %store/vec4 v000002b102b3d530_0, 0, 8;
    %delay 2000, 0;
    %pushi/vec4 53, 0, 8; draw_string_vec4
    %store/vec4 v000002b102b3d530_0, 0, 8;
    %delay 2000, 0;
    %pushi/vec4 50, 0, 8; draw_string_vec4
    %store/vec4 v000002b102b3d530_0, 0, 8;
    %delay 2000, 0;
    %pushi/vec4 56, 0, 8; draw_string_vec4
    %store/vec4 v000002b102b3d530_0, 0, 8;
    %delay 2000, 0;
    %pushi/vec4 35, 0, 8; draw_string_vec4
    %store/vec4 v000002b102b3d530_0, 0, 8;
    %delay 2000, 0;
    %pushi/vec4 94, 0, 8; draw_string_vec4
    %store/vec4 v000002b102b3d530_0, 0, 8;
    %delay 2000, 0;
    %pushi/vec4 51, 0, 8; draw_string_vec4
    %store/vec4 v000002b102b3d530_0, 0, 8;
    %delay 2000, 0;
    %pushi/vec4 51, 0, 8; draw_string_vec4
    %store/vec4 v000002b102b3d530_0, 0, 8;
    %delay 2000, 0;
    %pushi/vec4 56, 0, 8; draw_string_vec4
    %store/vec4 v000002b102b3d530_0, 0, 8;
    %delay 2000, 0;
    %pushi/vec4 64, 0, 8; draw_string_vec4
    %store/vec4 v000002b102b3d530_0, 0, 8;
    %delay 2000, 0;
    %pushi/vec4 48, 0, 8; draw_string_vec4
    %store/vec4 v000002b102b3d530_0, 0, 8;
    %delay 2000, 0;
    %pushi/vec4 48, 0, 8; draw_string_vec4
    %store/vec4 v000002b102b3d530_0, 0, 8;
    %delay 2000, 0;
    %pushi/vec4 48, 0, 8; draw_string_vec4
    %store/vec4 v000002b102b3d530_0, 0, 8;
    %delay 2000, 0;
    %pushi/vec4 48, 0, 8; draw_string_vec4
    %store/vec4 v000002b102b3d530_0, 0, 8;
    %delay 2000, 0;
    %pushi/vec4 51, 0, 8; draw_string_vec4
    %store/vec4 v000002b102b3d530_0, 0, 8;
    %delay 2000, 0;
    %pushi/vec4 49, 0, 8; draw_string_vec4
    %store/vec4 v000002b102b3d530_0, 0, 8;
    %delay 2000, 0;
    %pushi/vec4 51, 0, 8; draw_string_vec4
    %store/vec4 v000002b102b3d530_0, 0, 8;
    %delay 2000, 0;
    %pushi/vec4 48, 0, 8; draw_string_vec4
    %store/vec4 v000002b102b3d530_0, 0, 8;
    %delay 2000, 0;
    %pushi/vec4 58, 0, 8; draw_string_vec4
    %store/vec4 v000002b102b3d530_0, 0, 8;
    %delay 2000, 0;
    %pushi/vec4 32, 0, 8; draw_string_vec4
    %store/vec4 v000002b102b3d530_0, 0, 8;
    %delay 2000, 0;
    %pushi/vec4 42, 0, 8; draw_string_vec4
    %store/vec4 v000002b102b3d530_0, 0, 8;
    %delay 2000, 0;
    %pushi/vec4 48, 0, 8; draw_string_vec4
    %store/vec4 v000002b102b3d530_0, 0, 8;
    %delay 2000, 0;
    %pushi/vec4 48, 0, 8; draw_string_vec4
    %store/vec4 v000002b102b3d530_0, 0, 8;
    %delay 2000, 0;
    %pushi/vec4 48, 0, 8; draw_string_vec4
    %store/vec4 v000002b102b3d530_0, 0, 8;
    %delay 2000, 0;
    %pushi/vec4 48, 0, 8; draw_string_vec4
    %store/vec4 v000002b102b3d530_0, 0, 8;
    %delay 2000, 0;
    %pushi/vec4 48, 0, 8; draw_string_vec4
    %store/vec4 v000002b102b3d530_0, 0, 8;
    %delay 2000, 0;
    %pushi/vec4 48, 0, 8; draw_string_vec4
    %store/vec4 v000002b102b3d530_0, 0, 8;
    %delay 2000, 0;
    %pushi/vec4 56, 0, 8; draw_string_vec4
    %store/vec4 v000002b102b3d530_0, 0, 8;
    %delay 2000, 0;
    %pushi/vec4 56, 0, 8; draw_string_vec4
    %store/vec4 v000002b102b3d530_0, 0, 8;
    %delay 2000, 0;
    %pushi/vec4 32, 0, 8; draw_string_vec4
    %store/vec4 v000002b102b3d530_0, 0, 8;
    %delay 2000, 0;
    %pushi/vec4 60, 0, 8; draw_string_vec4
    %store/vec4 v000002b102b3d530_0, 0, 8;
    %delay 2000, 0;
    %pushi/vec4 61, 0, 8; draw_string_vec4
    %store/vec4 v000002b102b3d530_0, 0, 8;
    %delay 2000, 0;
    %pushi/vec4 32, 0, 8; draw_string_vec4
    %store/vec4 v000002b102b3d530_0, 0, 8;
    %delay 2000, 0;
    %pushi/vec4 102, 0, 8; draw_string_vec4
    %store/vec4 v000002b102b3d530_0, 0, 8;
    %delay 2000, 0;
    %pushi/vec4 102, 0, 8; draw_string_vec4
    %store/vec4 v000002b102b3d530_0, 0, 8;
    %delay 2000, 0;
    %pushi/vec4 102, 0, 8; draw_string_vec4
    %store/vec4 v000002b102b3d530_0, 0, 8;
    %delay 2000, 0;
    %pushi/vec4 102, 0, 8; draw_string_vec4
    %store/vec4 v000002b102b3d530_0, 0, 8;
    %delay 2000, 0;
    %pushi/vec4 98, 0, 8; draw_string_vec4
    %store/vec4 v000002b102b3d530_0, 0, 8;
    %delay 2000, 0;
    %pushi/vec4 53, 0, 8; draw_string_vec4
    %store/vec4 v000002b102b3d530_0, 0, 8;
    %delay 2000, 0;
    %pushi/vec4 50, 0, 8; draw_string_vec4
    %store/vec4 v000002b102b3d530_0, 0, 8;
    %delay 2000, 0;
    %pushi/vec4 66, 0, 8; draw_string_vec4
    %store/vec4 v000002b102b3d530_0, 0, 8;
    %delay 2000, 0;
    %pushi/vec4 35, 0, 8; draw_string_vec4
    %store/vec4 v000002b102b3d530_0, 0, 8;
    %delay 2000, 0;
    %pushi/vec4 94, 0, 8; draw_string_vec4
    %store/vec4 v000002b102b3d530_0, 0, 8;
    %delay 2000, 0;
    %pushi/vec4 51, 0, 8; draw_string_vec4
    %store/vec4 v000002b102b3d530_0, 0, 8;
    %delay 2000, 0;
    %pushi/vec4 51, 0, 8; draw_string_vec4
    %store/vec4 v000002b102b3d530_0, 0, 8;
    %delay 2000, 0;
    %pushi/vec4 56, 0, 8; draw_string_vec4
    %store/vec4 v000002b102b3d530_0, 0, 8;
    %delay 2000, 0;
    %pushi/vec4 64, 0, 8; draw_string_vec4
    %store/vec4 v000002b102b3d530_0, 0, 8;
    %delay 2000, 0;
    %pushi/vec4 48, 0, 8; draw_string_vec4
    %store/vec4 v000002b102b3d530_0, 0, 8;
    %delay 2000, 0;
    %pushi/vec4 48, 0, 8; draw_string_vec4
    %store/vec4 v000002b102b3d530_0, 0, 8;
    %delay 2000, 0;
    %pushi/vec4 48, 0, 8; draw_string_vec4
    %store/vec4 v000002b102b3d530_0, 0, 8;
    %delay 2000, 0;
    %pushi/vec4 48, 0, 8; draw_string_vec4
    %store/vec4 v000002b102b3d530_0, 0, 8;
    %delay 2000, 0;
    %pushi/vec4 51, 0, 8; draw_string_vec4
    %store/vec4 v000002b102b3d530_0, 0, 8;
    %delay 2000, 0;
    %pushi/vec4 49, 0, 8; draw_string_vec4
    %store/vec4 v000002b102b3d530_0, 0, 8;
    %delay 2000, 0;
    %pushi/vec4 51, 0, 8; draw_string_vec4
    %store/vec4 v000002b102b3d530_0, 0, 8;
    %delay 2000, 0;
    %pushi/vec4 48, 0, 8; draw_string_vec4
    %store/vec4 v000002b102b3d530_0, 0, 8;
    %delay 2000, 0;
    %pushi/vec4 58, 0, 8; draw_string_vec4
    %store/vec4 v000002b102b3d530_0, 0, 8;
    %delay 2000, 0;
    %pushi/vec4 32, 0, 8; draw_string_vec4
    %store/vec4 v000002b102b3d530_0, 0, 8;
    %delay 2000, 0;
    %pushi/vec4 42, 0, 8; draw_string_vec4
    %store/vec4 v000002b102b3d530_0, 0, 8;
    %delay 2000, 0;
    %pushi/vec4 48, 0, 8; draw_string_vec4
    %store/vec4 v000002b102b3d530_0, 0, 8;
    %delay 2000, 0;
    %pushi/vec4 48, 0, 8; draw_string_vec4
    %store/vec4 v000002b102b3d530_0, 0, 8;
    %delay 2000, 0;
    %pushi/vec4 48, 0, 8; draw_string_vec4
    %store/vec4 v000002b102b3d530_0, 0, 8;
    %delay 2000, 0;
    %pushi/vec4 48, 0, 8; draw_string_vec4
    %store/vec4 v000002b102b3d530_0, 0, 8;
    %delay 2000, 0;
    %pushi/vec4 48, 0, 8; draw_string_vec4
    %store/vec4 v000002b102b3d530_0, 0, 8;
    %delay 2000, 0;
    %pushi/vec4 48, 0, 8; draw_string_vec4
    %store/vec4 v000002b102b3d530_0, 0, 8;
    %delay 2000, 0;
    %pushi/vec4 56, 0, 8; draw_string_vec4
    %store/vec4 v000002b102b3d530_0, 0, 8;
    %delay 2000, 0;
    %pushi/vec4 56, 0, 8; draw_string_vec4
    %store/vec4 v000002b102b3d530_0, 0, 8;
    %delay 2000, 0;
    %pushi/vec4 32, 0, 8; draw_string_vec4
    %store/vec4 v000002b102b3d530_0, 0, 8;
    %delay 2000, 0;
    %pushi/vec4 60, 0, 8; draw_string_vec4
    %store/vec4 v000002b102b3d530_0, 0, 8;
    %delay 2000, 0;
    %pushi/vec4 61, 0, 8; draw_string_vec4
    %store/vec4 v000002b102b3d530_0, 0, 8;
    %delay 2000, 0;
    %pushi/vec4 32, 0, 8; draw_string_vec4
    %store/vec4 v000002b102b3d530_0, 0, 8;
    %delay 2000, 0;
    %pushi/vec4 102, 0, 8; draw_string_vec4
    %store/vec4 v000002b102b3d530_0, 0, 8;
    %delay 2000, 0;
    %pushi/vec4 102, 0, 8; draw_string_vec4
    %store/vec4 v000002b102b3d530_0, 0, 8;
    %delay 2000, 0;
    %pushi/vec4 102, 0, 8; draw_string_vec4
    %store/vec4 v000002b102b3d530_0, 0, 8;
    %delay 2000, 0;
    %pushi/vec4 102, 0, 8; draw_string_vec4
    %store/vec4 v000002b102b3d530_0, 0, 8;
    %delay 2000, 0;
    %pushi/vec4 98, 0, 8; draw_string_vec4
    %store/vec4 v000002b102b3d530_0, 0, 8;
    %delay 2000, 0;
    %pushi/vec4 53, 0, 8; draw_string_vec4
    %store/vec4 v000002b102b3d530_0, 0, 8;
    %delay 2000, 0;
    %pushi/vec4 50, 0, 8; draw_string_vec4
    %store/vec4 v000002b102b3d530_0, 0, 8;
    %delay 2000, 0;
    %pushi/vec4 66, 0, 8; draw_string_vec4
    %store/vec4 v000002b102b3d530_0, 0, 8;
    %delay 2000, 0;
    %pushi/vec4 35, 0, 8; draw_string_vec4
    %store/vec4 v000002b102b3d530_0, 0, 8;
    %delay 2000, 0;
    %pushi/vec4 94, 0, 8; draw_string_vec4
    %store/vec4 v000002b102b3d530_0, 0, 8;
    %delay 2000, 0;
    %pushi/vec4 51, 0, 8; draw_string_vec4
    %store/vec4 v000002b102b3d530_0, 0, 8;
    %delay 2000, 0;
    %pushi/vec4 51, 0, 8; draw_string_vec4
    %store/vec4 v000002b102b3d530_0, 0, 8;
    %delay 2000, 0;
    %pushi/vec4 56, 0, 8; draw_string_vec4
    %store/vec4 v000002b102b3d530_0, 0, 8;
    %delay 2000, 0;
    %pushi/vec4 64, 0, 8; draw_string_vec4
    %store/vec4 v000002b102b3d530_0, 0, 8;
    %delay 2000, 0;
    %pushi/vec4 48, 0, 8; draw_string_vec4
    %store/vec4 v000002b102b3d530_0, 0, 8;
    %delay 2000, 0;
    %pushi/vec4 48, 0, 8; draw_string_vec4
    %store/vec4 v000002b102b3d530_0, 0, 8;
    %delay 2000, 0;
    %pushi/vec4 48, 0, 8; draw_string_vec4
    %store/vec4 v000002b102b3d530_0, 0, 8;
    %delay 2000, 0;
    %pushi/vec4 48, 0, 8; draw_string_vec4
    %store/vec4 v000002b102b3d530_0, 0, 8;
    %delay 2000, 0;
    %pushi/vec4 51, 0, 8; draw_string_vec4
    %store/vec4 v000002b102b3d530_0, 0, 8;
    %delay 2000, 0;
    %pushi/vec4 49, 0, 8; draw_string_vec4
    %store/vec4 v000002b102b3d530_0, 0, 8;
    %delay 2000, 0;
    %pushi/vec4 51, 0, 8; draw_string_vec4
    %store/vec4 v000002b102b3d530_0, 0, 8;
    %delay 2000, 0;
    %pushi/vec4 48, 0, 8; draw_string_vec4
    %store/vec4 v000002b102b3d530_0, 0, 8;
    %delay 2000, 0;
    %pushi/vec4 58, 0, 8; draw_string_vec4
    %store/vec4 v000002b102b3d530_0, 0, 8;
    %delay 2000, 0;
    %pushi/vec4 32, 0, 8; draw_string_vec4
    %store/vec4 v000002b102b3d530_0, 0, 8;
    %delay 2000, 0;
    %pushi/vec4 42, 0, 8; draw_string_vec4
    %store/vec4 v000002b102b3d530_0, 0, 8;
    %delay 2000, 0;
    %pushi/vec4 48, 0, 8; draw_string_vec4
    %store/vec4 v000002b102b3d530_0, 0, 8;
    %delay 2000, 0;
    %pushi/vec4 48, 0, 8; draw_string_vec4
    %store/vec4 v000002b102b3d530_0, 0, 8;
    %delay 2000, 0;
    %pushi/vec4 48, 0, 8; draw_string_vec4
    %store/vec4 v000002b102b3d530_0, 0, 8;
    %delay 2000, 0;
    %pushi/vec4 48, 0, 8; draw_string_vec4
    %store/vec4 v000002b102b3d530_0, 0, 8;
    %delay 2000, 0;
    %pushi/vec4 48, 0, 8; draw_string_vec4
    %store/vec4 v000002b102b3d530_0, 0, 8;
    %delay 2000, 0;
    %pushi/vec4 48, 0, 8; draw_string_vec4
    %store/vec4 v000002b102b3d530_0, 0, 8;
    %delay 2000, 0;
    %pushi/vec4 56, 0, 8; draw_string_vec4
    %store/vec4 v000002b102b3d530_0, 0, 8;
    %delay 2000, 0;
    %pushi/vec4 56, 0, 8; draw_string_vec4
    %store/vec4 v000002b102b3d530_0, 0, 8;
    %delay 2000, 0;
    %pushi/vec4 32, 0, 8; draw_string_vec4
    %store/vec4 v000002b102b3d530_0, 0, 8;
    %delay 2000, 0;
    %pushi/vec4 60, 0, 8; draw_string_vec4
    %store/vec4 v000002b102b3d530_0, 0, 8;
    %delay 2000, 0;
    %pushi/vec4 61, 0, 8; draw_string_vec4
    %store/vec4 v000002b102b3d530_0, 0, 8;
    %delay 2000, 0;
    %pushi/vec4 32, 0, 8; draw_string_vec4
    %store/vec4 v000002b102b3d530_0, 0, 8;
    %delay 2000, 0;
    %pushi/vec4 102, 0, 8; draw_string_vec4
    %store/vec4 v000002b102b3d530_0, 0, 8;
    %delay 2000, 0;
    %pushi/vec4 102, 0, 8; draw_string_vec4
    %store/vec4 v000002b102b3d530_0, 0, 8;
    %delay 2000, 0;
    %pushi/vec4 102, 0, 8; draw_string_vec4
    %store/vec4 v000002b102b3d530_0, 0, 8;
    %delay 2000, 0;
    %pushi/vec4 102, 0, 8; draw_string_vec4
    %store/vec4 v000002b102b3d530_0, 0, 8;
    %delay 2000, 0;
    %pushi/vec4 98, 0, 8; draw_string_vec4
    %store/vec4 v000002b102b3d530_0, 0, 8;
    %delay 2000, 0;
    %pushi/vec4 53, 0, 8; draw_string_vec4
    %store/vec4 v000002b102b3d530_0, 0, 8;
    %delay 2000, 0;
    %pushi/vec4 50, 0, 8; draw_string_vec4
    %store/vec4 v000002b102b3d530_0, 0, 8;
    %delay 2000, 0;
    %pushi/vec4 66, 0, 8; draw_string_vec4
    %store/vec4 v000002b102b3d530_0, 0, 8;
    %delay 2000, 0;
    %pushi/vec4 32, 0, 8; draw_string_vec4
    %store/vec4 v000002b102b3d530_0, 0, 8;
    %delay 2000, 0;
    %pushi/vec4 35, 0, 8; draw_string_vec4
    %store/vec4 v000002b102b3d530_0, 0, 8;
    %delay 20000, 0;
    %pushi/vec4 1, 0, 1;
    %store/vec4 v000002b102b3df30_0, 0, 1;
    %vpi_call 2 582 "$finish" {0 0 0};
    %end;
    .thread T_7;
    .scope S_000002b102a83020;
T_8 ;
    %delay 1000, 0;
    %load/vec4 v000002b102b3da30_0;
    %inv;
    %store/vec4 v000002b102b3da30_0, 0, 1;
    %jmp T_8;
    .thread T_8;
# The file index is used to find the file name in the following table.
:file_names 4;
    "N/A";
    "<interactive>";
    "cpu_checker_tb.v";
    "./cpu_checker_2.v";
