#! /c/Source/iverilog-install/bin/vvp
:ivl_version "12.0 (devel)" "(s20150603-1110-g18392a46)";
:ivl_delay_selection "TYPICAL";
:vpi_time_precision + 0;
:vpi_module "G:\PROGRA~2\iverilog\lib\ivl\system.vpi";
:vpi_module "G:\PROGRA~2\iverilog\lib\ivl\vhdl_sys.vpi";
:vpi_module "G:\PROGRA~2\iverilog\lib\ivl\vhdl_textio.vpi";
:vpi_module "G:\PROGRA~2\iverilog\lib\ivl\v2005_math.vpi";
:vpi_module "G:\PROGRA~2\iverilog\lib\ivl\va_math.vpi";
S_00000216efcf2fc0 .scope module, "ALU" "ALU" 2 1;
 .timescale 0 0;
    .port_info 0 /INPUT 4 "inA";
    .port_info 1 /INPUT 4 "inB";
    .port_info 2 /INPUT 2 "inC";
    .port_info 3 /INPUT 2 "op";
    .port_info 4 /OUTPUT 4 "ans";
v00000216efea8c60_0 .var "ans", 3 0;
o00000216efd27008 .functor BUFZ 4, C4<zzzz>; HiZ drive
v00000216efea8d00_0 .net "inA", 3 0, o00000216efd27008;  0 drivers
o00000216efd27038 .functor BUFZ 4, C4<zzzz>; HiZ drive
v00000216efea9980_0 .net "inB", 3 0, o00000216efd27038;  0 drivers
o00000216efd27068 .functor BUFZ 2, C4<zz>; HiZ drive
v00000216efea9a20_0 .net "inC", 1 0, o00000216efd27068;  0 drivers
o00000216efd27098 .functor BUFZ 2, C4<zz>; HiZ drive
v00000216efea92a0_0 .net "op", 1 0, o00000216efd27098;  0 drivers
E_00000216efeaca70 .event anyedge, v00000216efea92a0_0, v00000216efea8d00_0, v00000216efea9a20_0, v00000216efea9980_0;
    .scope S_00000216efcf2fc0;
T_0 ;
    %wait E_00000216efeaca70;
    %load/vec4 v00000216efea92a0_0;
    %dup/vec4;
    %pushi/vec4 0, 0, 2;
    %cmp/u;
    %jmp/1 T_0.0, 6;
    %dup/vec4;
    %pushi/vec4 1, 0, 2;
    %cmp/u;
    %jmp/1 T_0.1, 6;
    %dup/vec4;
    %pushi/vec4 2, 0, 2;
    %cmp/u;
    %jmp/1 T_0.2, 6;
    %dup/vec4;
    %pushi/vec4 3, 0, 2;
    %cmp/u;
    %jmp/1 T_0.3, 6;
    %pushi/vec4 0, 0, 4;
    %assign/vec4 v00000216efea8c60_0, 0;
    %jmp T_0.5;
T_0.0 ;
    %load/vec4 v00000216efea8d00_0;
    %ix/getv 4, v00000216efea9a20_0;
    %shiftr/s 4;
    %assign/vec4 v00000216efea8c60_0, 0;
    %jmp T_0.5;
T_0.1 ;
    %load/vec4 v00000216efea8d00_0;
    %ix/getv 4, v00000216efea9a20_0;
    %shiftr 4;
    %assign/vec4 v00000216efea8c60_0, 0;
    %jmp T_0.5;
T_0.2 ;
    %load/vec4 v00000216efea8d00_0;
    %load/vec4 v00000216efea9980_0;
    %sub;
    %assign/vec4 v00000216efea8c60_0, 0;
    %jmp T_0.5;
T_0.3 ;
    %load/vec4 v00000216efea8d00_0;
    %load/vec4 v00000216efea9980_0;
    %add;
    %assign/vec4 v00000216efea8c60_0, 0;
    %jmp T_0.5;
T_0.5 ;
    %pop/vec4 1;
    %jmp T_0;
    .thread T_0, $push;
# The file index is used to find the file name in the following table.
:file_names 3;
    "N/A";
    "<interactive>";
    "Pre_combination_circuit_2.v";
