#! /c/Source/iverilog-install/bin/vvp
:ivl_version "12.0 (devel)" "(s20150603-1110-g18392a46)";
:ivl_delay_selection "TYPICAL";
:vpi_time_precision + 0;
:vpi_module "G:\PROGRA~2\iverilog\lib\ivl\system.vpi";
:vpi_module "G:\PROGRA~2\iverilog\lib\ivl\vhdl_sys.vpi";
:vpi_module "G:\PROGRA~2\iverilog\lib\ivl\vhdl_textio.vpi";
:vpi_module "G:\PROGRA~2\iverilog\lib\ivl\v2005_math.vpi";
:vpi_module "G:\PROGRA~2\iverilog\lib\ivl\va_math.vpi";
S_000001ddb2262eb0 .scope module, "ALU" "ALU" 2 1;
 .timescale 0 0;
    .port_info 0 /INPUT 4 "inA";
    .port_info 1 /INPUT 4 "inB";
    .port_info 2 /INPUT 2 "op";
    .port_info 3 /OUTPUT 5 "ans";
L_000001ddb2263570 .functor BUFZ 5, v000001ddb2263220_0, C4<00000>, C4<00000>, C4<00000>;
v000001ddb22638e0_0 .net "ans", 4 0, L_000001ddb2263570;  1 drivers
o000001ddb2296fe8 .functor BUFZ 4, C4<zzzz>; HiZ drive
v000001ddb2263040_0 .net "inA", 3 0, o000001ddb2296fe8;  0 drivers
o000001ddb2297018 .functor BUFZ 4, C4<zzzz>; HiZ drive
v000001ddb22630e0_0 .net "inB", 3 0, o000001ddb2297018;  0 drivers
o000001ddb2297048 .functor BUFZ 2, C4<zz>; HiZ drive
v000001ddb2263180_0 .net "op", 1 0, o000001ddb2297048;  0 drivers
v000001ddb2263220_0 .var "out", 4 0;
E_000001ddb224caf0 .event anyedge, v000001ddb2263180_0, v000001ddb2263040_0, v000001ddb22630e0_0;
    .scope S_000001ddb2262eb0;
T_0 ;
    %wait E_000001ddb224caf0;
    %load/vec4 v000001ddb2263180_0;
    %dup/vec4;
    %pushi/vec4 0, 0, 2;
    %cmp/u;
    %jmp/1 T_0.0, 6;
    %dup/vec4;
    %pushi/vec4 1, 0, 2;
    %cmp/u;
    %jmp/1 T_0.1, 6;
    %dup/vec4;
    %pushi/vec4 2, 0, 2;
    %cmp/u;
    %jmp/1 T_0.2, 6;
    %dup/vec4;
    %pushi/vec4 3, 0, 2;
    %cmp/u;
    %jmp/1 T_0.3, 6;
    %jmp T_0.4;
T_0.0 ;
    %load/vec4 v000001ddb2263040_0;
    %pad/u 5;
    %load/vec4 v000001ddb22630e0_0;
    %pad/u 5;
    %and;
    %assign/vec4 v000001ddb2263220_0, 0;
    %jmp T_0.4;
T_0.1 ;
    %load/vec4 v000001ddb2263040_0;
    %pad/u 5;
    %load/vec4 v000001ddb22630e0_0;
    %pad/u 5;
    %or;
    %assign/vec4 v000001ddb2263220_0, 0;
    %jmp T_0.4;
T_0.2 ;
    %load/vec4 v000001ddb2263040_0;
    %pad/u 5;
    %load/vec4 v000001ddb22630e0_0;
    %pad/u 5;
    %xor;
    %assign/vec4 v000001ddb2263220_0, 0;
    %jmp T_0.4;
T_0.3 ;
    %load/vec4 v000001ddb2263040_0;
    %pad/u 5;
    %load/vec4 v000001ddb22630e0_0;
    %pad/u 5;
    %add;
    %assign/vec4 v000001ddb2263220_0, 0;
    %jmp T_0.4;
T_0.4 ;
    %pop/vec4 1;
    %jmp T_0;
    .thread T_0, $push;
# The file index is used to find the file name in the following table.
:file_names 3;
    "N/A";
    "<interactive>";
    "Pre_combination_circuit_1.v";
