#! /c/Source/iverilog-install/bin/vvp
:ivl_version "12.0 (devel)" "(s20150603-1110-g18392a46)";
:ivl_delay_selection "TYPICAL";
:vpi_time_precision + 0;
:vpi_module "G:\PROGRA~2\iverilog\lib\ivl\system.vpi";
:vpi_module "G:\PROGRA~2\iverilog\lib\ivl\vhdl_sys.vpi";
:vpi_module "G:\PROGRA~2\iverilog\lib\ivl\vhdl_textio.vpi";
:vpi_module "G:\PROGRA~2\iverilog\lib\ivl\v2005_math.vpi";
:vpi_module "G:\PROGRA~2\iverilog\lib\ivl\va_math.vpi";
S_000001d217aab990 .scope module, "counting" "counting" 2 1;
 .timescale 0 0;
    .port_info 0 /INPUT 2 "num";
    .port_info 1 /INPUT 1 "clk";
    .port_info 2 /OUTPUT 1 "ans";
P_000001d2178e2eb0 .param/l "S0" 0 2 7, +C4<00000000000000000000000000000000>;
P_000001d2178e2ee8 .param/l "S1" 0 2 7, +C4<00000000000000000000000000000001>;
P_000001d2178e2f20 .param/l "S2" 0 2 7, +C4<00000000000000000000000000000010>;
P_000001d2178e2f58 .param/l "S3" 0 2 7, +C4<00000000000000000000000000000011>;
v000001d2178e3770_0 .net *"_ivl_0", 31 0, L_000001d2178e30e0;  1 drivers
L_000001d21795c028 .functor BUFT 1, C4<000000000000000000000000000000>, C4<0>, C4<0>, C4<0>;
v000001d217914c50_0 .net *"_ivl_3", 29 0, L_000001d21795c028;  1 drivers
L_000001d21795c070 .functor BUFT 1, C4<00000000000000000000000000000011>, C4<0>, C4<0>, C4<0>;
v000001d217914cf0_0 .net/2u *"_ivl_4", 31 0, L_000001d21795c070;  1 drivers
v000001d217914d90_0 .net "ans", 0 0, L_000001d2178e3180;  1 drivers
o000001d217919058 .functor BUFZ 1, C4<z>; HiZ drive
v000001d217914e30_0 .net "clk", 0 0, o000001d217919058;  0 drivers
v000001d217914ed0_0 .var "next_status", 1 0;
o000001d2179190b8 .functor BUFZ 2, C4<zz>; HiZ drive
v000001d2178e2fa0_0 .net "num", 1 0, o000001d2179190b8;  0 drivers
v000001d2178e3040_0 .var "status", 1 0;
E_000001d217aa9610 .event posedge, v000001d217914e30_0;
E_000001d217aa9850 .event anyedge, v000001d2178e3040_0, v000001d2178e2fa0_0;
L_000001d2178e30e0 .concat [ 2 30 0 0], v000001d2178e3040_0, L_000001d21795c028;
L_000001d2178e3180 .cmp/eq 32, L_000001d2178e30e0, L_000001d21795c070;
    .scope S_000001d217aab990;
T_0 ;
    %pushi/vec4 0, 0, 2;
    %store/vec4 v000001d2178e3040_0, 0, 2;
    %end;
    .thread T_0;
    .scope S_000001d217aab990;
T_1 ;
    %wait E_000001d217aa9850;
    %load/vec4 v000001d2178e3040_0;
    %dup/vec4;
    %pushi/vec4 0, 0, 2;
    %cmp/u;
    %jmp/1 T_1.0, 6;
    %dup/vec4;
    %pushi/vec4 1, 0, 2;
    %cmp/u;
    %jmp/1 T_1.1, 6;
    %dup/vec4;
    %pushi/vec4 2, 0, 2;
    %cmp/u;
    %jmp/1 T_1.2, 6;
    %dup/vec4;
    %pushi/vec4 3, 0, 2;
    %cmp/u;
    %jmp/1 T_1.3, 6;
    %jmp T_1.4;
T_1.0 ;
    %load/vec4 v000001d2178e2fa0_0;
    %pad/u 32;
    %cmpi/e 1, 0, 32;
    %flag_mov 8, 4;
    %jmp/0 T_1.5, 8;
    %pushi/vec4 1, 0, 32;
    %jmp/1 T_1.6, 8;
T_1.5 ; End of true expr.
    %pushi/vec4 0, 0, 32;
    %jmp/0 T_1.6, 8;
 ; End of false expr.
    %blend;
T_1.6;
    %pad/s 2;
    %store/vec4 v000001d217914ed0_0, 0, 2;
    %jmp T_1.4;
T_1.1 ;
    %load/vec4 v000001d2178e2fa0_0;
    %pad/u 32;
    %cmpi/e 1, 0, 32;
    %jmp/0xz  T_1.7, 4;
    %pushi/vec4 1, 0, 2;
    %store/vec4 v000001d217914ed0_0, 0, 2;
    %jmp T_1.8;
T_1.7 ;
    %load/vec4 v000001d2178e2fa0_0;
    %pad/u 32;
    %cmpi/e 2, 0, 32;
    %jmp/0xz  T_1.9, 4;
    %pushi/vec4 2, 0, 2;
    %store/vec4 v000001d217914ed0_0, 0, 2;
    %jmp T_1.10;
T_1.9 ;
    %load/vec4 v000001d2178e2fa0_0;
    %pad/u 32;
    %cmpi/e 3, 0, 32;
    %jmp/0xz  T_1.11, 4;
    %pushi/vec4 0, 0, 2;
    %store/vec4 v000001d217914ed0_0, 0, 2;
    %jmp T_1.12;
T_1.11 ;
    %pushi/vec4 1, 0, 2;
    %store/vec4 v000001d217914ed0_0, 0, 2;
T_1.12 ;
T_1.10 ;
T_1.8 ;
    %jmp T_1.4;
T_1.2 ;
    %load/vec4 v000001d2178e2fa0_0;
    %pad/u 32;
    %cmpi/e 1, 0, 32;
    %jmp/0xz  T_1.13, 4;
    %pushi/vec4 1, 0, 2;
    %store/vec4 v000001d217914ed0_0, 0, 2;
    %jmp T_1.14;
T_1.13 ;
    %load/vec4 v000001d2178e2fa0_0;
    %pad/u 32;
    %cmpi/e 2, 0, 32;
    %jmp/0xz  T_1.15, 4;
    %pushi/vec4 2, 0, 2;
    %store/vec4 v000001d217914ed0_0, 0, 2;
    %jmp T_1.16;
T_1.15 ;
    %load/vec4 v000001d2178e2fa0_0;
    %pad/u 32;
    %cmpi/e 3, 0, 32;
    %jmp/0xz  T_1.17, 4;
    %pushi/vec4 3, 0, 2;
    %store/vec4 v000001d217914ed0_0, 0, 2;
    %jmp T_1.18;
T_1.17 ;
    %pushi/vec4 2, 0, 2;
    %store/vec4 v000001d217914ed0_0, 0, 2;
T_1.18 ;
T_1.16 ;
T_1.14 ;
    %jmp T_1.4;
T_1.3 ;
    %load/vec4 v000001d2178e2fa0_0;
    %pad/u 32;
    %cmpi/e 3, 0, 32;
    %jmp/0xz  T_1.19, 4;
    %pushi/vec4 3, 0, 2;
    %store/vec4 v000001d217914ed0_0, 0, 2;
    %jmp T_1.20;
T_1.19 ;
    %load/vec4 v000001d2178e2fa0_0;
    %pad/u 32;
    %cmpi/e 1, 0, 32;
    %jmp/0xz  T_1.21, 4;
    %pushi/vec4 1, 0, 2;
    %store/vec4 v000001d217914ed0_0, 0, 2;
    %jmp T_1.22;
T_1.21 ;
    %load/vec4 v000001d2178e2fa0_0;
    %pad/u 32;
    %cmpi/e 2, 0, 32;
    %jmp/0xz  T_1.23, 4;
    %pushi/vec4 0, 0, 2;
    %store/vec4 v000001d217914ed0_0, 0, 2;
    %jmp T_1.24;
T_1.23 ;
    %pushi/vec4 3, 0, 2;
    %store/vec4 v000001d217914ed0_0, 0, 2;
T_1.24 ;
T_1.22 ;
T_1.20 ;
    %jmp T_1.4;
T_1.4 ;
    %pop/vec4 1;
    %jmp T_1;
    .thread T_1, $push;
    .scope S_000001d217aab990;
T_2 ;
    %wait E_000001d217aa9610;
    %load/vec4 v000001d217914ed0_0;
    %assign/vec4 v000001d2178e3040_0, 0;
    %jmp T_2;
    .thread T_2;
# The file index is used to find the file name in the following table.
:file_names 3;
    "N/A";
    "<interactive>";
    "Sequential_Logic_2.v";
