#! /c/Source/iverilog-install/bin/vvp
:ivl_version "12.0 (devel)" "(s20150603-1110-g18392a46)";
:ivl_delay_selection "TYPICAL";
:vpi_time_precision - 9;
:vpi_module "G:\PROGRA~2\iverilog\lib\ivl\system.vpi";
:vpi_module "G:\PROGRA~2\iverilog\lib\ivl\vhdl_sys.vpi";
:vpi_module "G:\PROGRA~2\iverilog\lib\ivl\vhdl_textio.vpi";
:vpi_module "G:\PROGRA~2\iverilog\lib\ivl\v2005_math.vpi";
:vpi_module "G:\PROGRA~2\iverilog\lib\ivl\va_math.vpi";
S_0000026a1c0db190 .scope module, "Sequential_Logic_tb" "Sequential_Logic_tb" 2 4;
 .timescale -9 -9;
v0000026a1bfe8830_0 .net "ans", 0 0, L_0000026a1bfe2dd0;  1 drivers
v0000026a1bfe88d0_0 .var "clk", 0 0;
v0000026a1bfe8970_0 .var "num", 1 0;
S_0000026a1c0db6b0 .scope module, "test" "counting" 2 26, 3 1 0, S_0000026a1c0db190;
 .timescale -9 -9;
    .port_info 0 /INPUT 2 "num";
    .port_info 1 /INPUT 1 "clk";
    .port_info 2 /OUTPUT 1 "ans";
P_0000026a1c0db320 .param/l "S0" 0 3 7, +C4<00000000000000000000000000000000>;
P_0000026a1c0db358 .param/l "S1" 0 3 7, +C4<00000000000000000000000000000001>;
P_0000026a1c0db390 .param/l "S2" 0 3 7, +C4<00000000000000000000000000000010>;
P_0000026a1c0db3c8 .param/l "S3" 0 3 7, +C4<00000000000000000000000000000011>;
v0000026a1bfb37d0_0 .net *"_ivl_0", 31 0, L_0000026a1bfe30f0;  1 drivers
L_0000026a1c035ff8 .functor BUFT 1, C4<000000000000000000000000000000>, C4<0>, C4<0>, C4<0>;
v0000026a1bfb35b0_0 .net *"_ivl_3", 29 0, L_0000026a1c035ff8;  1 drivers
L_0000026a1c036040 .functor BUFT 1, C4<00000000000000000000000000000011>, C4<0>, C4<0>, C4<0>;
v0000026a1bfb32b0_0 .net/2u *"_ivl_4", 31 0, L_0000026a1c036040;  1 drivers
v0000026a1c0db840_0 .net "ans", 0 0, L_0000026a1bfe2dd0;  alias, 1 drivers
v0000026a1c0db8e0_0 .net "clk", 0 0, v0000026a1bfe88d0_0;  1 drivers
v0000026a1c0db980_0 .var "next_status", 1 0;
v0000026a1c0dba20_0 .net "num", 1 0, v0000026a1bfe8970_0;  1 drivers
v0000026a1c0dbac0_0 .var "status", 1 0;
E_0000026a1bfd5a40 .event posedge, v0000026a1c0db8e0_0;
E_0000026a1bfd5700 .event anyedge, v0000026a1c0dbac0_0, v0000026a1c0dba20_0;
L_0000026a1bfe30f0 .concat [ 2 30 0 0], v0000026a1c0dbac0_0, L_0000026a1c035ff8;
L_0000026a1bfe2dd0 .cmp/eq 32, L_0000026a1bfe30f0, L_0000026a1c036040;
    .scope S_0000026a1c0db6b0;
T_0 ;
    %pushi/vec4 0, 0, 2;
    %store/vec4 v0000026a1c0dbac0_0, 0, 2;
    %end;
    .thread T_0;
    .scope S_0000026a1c0db6b0;
T_1 ;
    %wait E_0000026a1bfd5700;
    %load/vec4 v0000026a1c0dbac0_0;
    %dup/vec4;
    %pushi/vec4 0, 0, 2;
    %cmp/u;
    %jmp/1 T_1.0, 6;
    %dup/vec4;
    %pushi/vec4 1, 0, 2;
    %cmp/u;
    %jmp/1 T_1.1, 6;
    %dup/vec4;
    %pushi/vec4 2, 0, 2;
    %cmp/u;
    %jmp/1 T_1.2, 6;
    %dup/vec4;
    %pushi/vec4 3, 0, 2;
    %cmp/u;
    %jmp/1 T_1.3, 6;
    %jmp T_1.4;
T_1.0 ;
    %load/vec4 v0000026a1c0dba20_0;
    %pad/u 32;
    %cmpi/e 1, 0, 32;
    %flag_mov 8, 4;
    %jmp/0 T_1.5, 8;
    %pushi/vec4 1, 0, 32;
    %jmp/1 T_1.6, 8;
T_1.5 ; End of true expr.
    %pushi/vec4 0, 0, 32;
    %jmp/0 T_1.6, 8;
 ; End of false expr.
    %blend;
T_1.6;
    %pad/s 2;
    %store/vec4 v0000026a1c0db980_0, 0, 2;
    %jmp T_1.4;
T_1.1 ;
    %load/vec4 v0000026a1c0dba20_0;
    %pad/u 32;
    %cmpi/e 1, 0, 32;
    %jmp/0xz  T_1.7, 4;
    %pushi/vec4 1, 0, 2;
    %store/vec4 v0000026a1c0db980_0, 0, 2;
    %jmp T_1.8;
T_1.7 ;
    %load/vec4 v0000026a1c0dba20_0;
    %pad/u 32;
    %cmpi/e 2, 0, 32;
    %jmp/0xz  T_1.9, 4;
    %pushi/vec4 2, 0, 2;
    %store/vec4 v0000026a1c0db980_0, 0, 2;
    %jmp T_1.10;
T_1.9 ;
    %load/vec4 v0000026a1c0dba20_0;
    %pad/u 32;
    %cmpi/e 3, 0, 32;
    %jmp/0xz  T_1.11, 4;
    %pushi/vec4 0, 0, 2;
    %store/vec4 v0000026a1c0db980_0, 0, 2;
    %jmp T_1.12;
T_1.11 ;
    %pushi/vec4 1, 0, 2;
    %store/vec4 v0000026a1c0db980_0, 0, 2;
T_1.12 ;
T_1.10 ;
T_1.8 ;
    %jmp T_1.4;
T_1.2 ;
    %load/vec4 v0000026a1c0dba20_0;
    %pad/u 32;
    %cmpi/e 1, 0, 32;
    %jmp/0xz  T_1.13, 4;
    %pushi/vec4 1, 0, 2;
    %store/vec4 v0000026a1c0db980_0, 0, 2;
    %jmp T_1.14;
T_1.13 ;
    %load/vec4 v0000026a1c0dba20_0;
    %pad/u 32;
    %cmpi/e 2, 0, 32;
    %jmp/0xz  T_1.15, 4;
    %pushi/vec4 2, 0, 2;
    %store/vec4 v0000026a1c0db980_0, 0, 2;
    %jmp T_1.16;
T_1.15 ;
    %load/vec4 v0000026a1c0dba20_0;
    %pad/u 32;
    %cmpi/e 3, 0, 32;
    %jmp/0xz  T_1.17, 4;
    %pushi/vec4 3, 0, 2;
    %store/vec4 v0000026a1c0db980_0, 0, 2;
    %jmp T_1.18;
T_1.17 ;
    %pushi/vec4 2, 0, 2;
    %store/vec4 v0000026a1c0db980_0, 0, 2;
T_1.18 ;
T_1.16 ;
T_1.14 ;
    %jmp T_1.4;
T_1.3 ;
    %load/vec4 v0000026a1c0dba20_0;
    %pad/u 32;
    %cmpi/e 3, 0, 32;
    %jmp/0xz  T_1.19, 4;
    %pushi/vec4 3, 0, 2;
    %store/vec4 v0000026a1c0db980_0, 0, 2;
    %jmp T_1.20;
T_1.19 ;
    %load/vec4 v0000026a1c0dba20_0;
    %pad/u 32;
    %cmpi/e 1, 0, 32;
    %jmp/0xz  T_1.21, 4;
    %pushi/vec4 1, 0, 2;
    %store/vec4 v0000026a1c0db980_0, 0, 2;
    %jmp T_1.22;
T_1.21 ;
    %load/vec4 v0000026a1c0dba20_0;
    %pad/u 32;
    %cmpi/e 2, 0, 32;
    %jmp/0xz  T_1.23, 4;
    %pushi/vec4 0, 0, 2;
    %store/vec4 v0000026a1c0db980_0, 0, 2;
    %jmp T_1.24;
T_1.23 ;
    %pushi/vec4 3, 0, 2;
    %store/vec4 v0000026a1c0db980_0, 0, 2;
T_1.24 ;
T_1.22 ;
T_1.20 ;
    %jmp T_1.4;
T_1.4 ;
    %pop/vec4 1;
    %jmp T_1;
    .thread T_1, $push;
    .scope S_0000026a1c0db6b0;
T_2 ;
    %wait E_0000026a1bfd5a40;
    %load/vec4 v0000026a1c0db980_0;
    %assign/vec4 v0000026a1c0dbac0_0, 0;
    %jmp T_2;
    .thread T_2;
    .scope S_0000026a1c0db190;
T_3 ;
    %vpi_call 2 11 "$dumpfile", "Sequential_Logic.vcd" {0 0 0};
    %vpi_call 2 12 "$dumpvars" {0 0 0};
    %pushi/vec4 1, 0, 1;
    %assign/vec4 v0000026a1bfe88d0_0, 0;
    %pushi/vec4 1, 0, 2;
    %assign/vec4 v0000026a1bfe8970_0, 0;
    %delay 6000, 0;
    %vpi_call 2 15 "$finish" {0 0 0};
    %end;
    .thread T_3;
    .scope S_0000026a1c0db190;
T_4 ;
    %delay 10, 0;
    %load/vec4 v0000026a1bfe88d0_0;
    %nor/r;
    %store/vec4 v0000026a1bfe88d0_0, 0, 1;
    %jmp T_4;
    .thread T_4;
    .scope S_0000026a1c0db190;
T_5 ;
    %wait E_0000026a1bfd5a40;
    %delay 1, 0;
    %vpi_func 2 23 "$random" 32 {0 0 0};
    %pushi/vec4 3, 0, 32;
    %mod;
    %addi 1, 0, 32;
    %pad/u 2;
    %store/vec4 v0000026a1bfe8970_0, 0, 2;
    %jmp T_5;
    .thread T_5;
# The file index is used to find the file name in the following table.
:file_names 4;
    "N/A";
    "<interactive>";
    "Sequential_Logic_tb.v";
    "./Sequential_Logic_2.v";
