#! /c/Source/iverilog-install/bin/vvp
:ivl_version "12.0 (devel)" "(s20150603-1110-g18392a46)";
:ivl_delay_selection "TYPICAL";
:vpi_time_precision + 0;
:vpi_module "G:\PROGRA~2\iverilog\lib\ivl\system.vpi";
:vpi_module "G:\PROGRA~2\iverilog\lib\ivl\vhdl_sys.vpi";
:vpi_module "G:\PROGRA~2\iverilog\lib\ivl\vhdl_textio.vpi";
:vpi_module "G:\PROGRA~2\iverilog\lib\ivl\v2005_math.vpi";
:vpi_module "G:\PROGRA~2\iverilog\lib\ivl\va_math.vpi";
S_0000020152312fc0 .scope module, "Test" "Test" 2 1;
 .timescale 0 0;
    .port_info 0 /INPUT 4 "a";
    .port_info 1 /INPUT 4 "b";
    .port_info 2 /OUTPUT 4 "y1";
    .port_info 3 /OUTPUT 4 "y2";
    .port_info 4 /OUTPUT 4 "y3";
    .port_info 5 /OUTPUT 4 "y4";
    .port_info 6 /OUTPUT 4 "y5";
o0000020152346fa8 .functor BUFZ 4, C4<zzzz>; HiZ drive
v0000020152313570_0 .net "a", 3 0, o0000020152346fa8;  0 drivers
o0000020152346fd8 .functor BUFZ 4, C4<zzzz>; HiZ drive
v0000020152313150_0 .net "b", 3 0, o0000020152346fd8;  0 drivers
v00000201523131f0_0 .var "y1", 3 0;
v0000020152313290_0 .var "y2", 3 0;
v000002015240ebe0_0 .var "y3", 3 0;
v000002015240ec80_0 .var "y4", 3 0;
v000002015240ed20_0 .var "y5", 3 0;
E_000002015240ce40 .event anyedge, v0000020152313570_0;
    .scope S_0000020152312fc0;
T_0 ;
    %wait E_000002015240ce40;
    %load/vec4 v0000020152313570_0;
    %load/vec4 v0000020152313150_0;
    %and;
    %store/vec4 v00000201523131f0_0, 0, 4;
    %load/vec4 v0000020152313570_0;
    %load/vec4 v0000020152313150_0;
    %or;
    %store/vec4 v0000020152313290_0, 0, 4;
    %load/vec4 v0000020152313570_0;
    %load/vec4 v0000020152313150_0;
    %xor;
    %store/vec4 v000002015240ebe0_0, 0, 4;
    %jmp T_0;
    .thread T_0, $push;
# The file index is used to find the file name in the following table.
:file_names 3;
    "N/A";
    "<interactive>";
    "temp.v";
