ISim log file
Running: F:\MyWorkspace\Computer_Organization\P5\P5_L0_CPU\mips_tb_isim_beh.exe -intstyle ise -gui -tclbatch isim.cmd -wdb F:/MyWorkspace/Computer_Organization/P5/P5_L0_CPU/mips_tb_isim_beh.wdb 
ISim P.20131013 (signature 0x7708f090)
This is a Full version of ISim.
Time resolution is 1 ps
# onerror resume
# wave add /
# run 1000 ns
Simulator is doing circuit initialization process.
Finished circuit initialization process.
                  13@00003000: $ 1 <= 0000000f
                  19@00003008: $ 3 <= 0000ffff
                  21@0000300c: $ 4 <= 0000ffff
                  23@00003010: $ 5 <= 0000ffff
                  25@00003014: $ 1 <= 0000ffff
                  27@00003018: $31 <= 00003020
                  37@0000302c: $ 4 <= 00006040
                  39@00003030: $ 1 <= 00000001
                  47@00003040: $ 1 <= 00000000
                  47@00003044: *00000004 <= 00000000
Stopped at time : 104 ns : File "F:/MyWorkspace/Computer_Organization/P5/P5_L0_CPU/mips_tb.v" Line 47
ISim P.20131013 (signature 0x7708f090)
This is a Full version of ISim.
# run 1000 ns
Simulator is doing circuit initialization process.
Finished circuit initialization process.
                  13@00003000: $ 1 <= 0000000f
                  19@00003008: $ 3 <= 0000ffff
                  21@0000300c: $ 4 <= 0000ffff
                  23@00003010: $ 5 <= 0000ffff
                  25@00003014: $ 1 <= 0000ffff
                  27@00003018: $31 <= 00003020
                  37@0000302c: $ 4 <= 00006040
                  39@00003030: $ 1 <= 00000001
                  47@00003040: $ 1 <= 00000000
                  47@00003044: *00000004 <= 00000000
Stopped at time : 104 ns : File "F:/MyWorkspace/Computer_Organization/P5/P5_L0_CPU/mips_tb.v" Line 47
