Running: fuse.exe -relaunch -intstyle "ise" -incremental -lib "unisims_ver" -lib "unimacro_ver" -lib "xilinxcorelib_ver" -o "G:/MyWorkspace/Computer_Organization/ISE_Project/P1_L1_BlockChecker/BlockChecker_tb_isim_beh.exe" -prj "G:/MyWorkspace/Computer_Organization/ISE_Project/P1_L1_BlockChecker/BlockChecker_tb_beh.prj" "work.BlockChecker_tb" "work.glbl" 
ISim P.20131013 (signature 0x7708f090)
Number of CPUs detected in this system: 12
Turning on mult-threading, number of parallel sub-compilation jobs: 24 
Determining compilation order of HDL files
Analyzing Verilog file "G:/MyWorkspace/Computer_Organization/ISE_Project/P1_L1_BlockChecker/BlockChecker.v" into library work
Analyzing Verilog file "G:/MyWorkspace/Computer_Organization/ISE_Project/P1_L1_BlockChecker/BlockChecker_tb.v" into library work
Analyzing Verilog file "G:/Xilinx/14.7/ISE_DS/ISE//verilog/src/glbl.v" into library work
Starting static elaboration
Completed static elaboration
Compiling module BeginChecker
Compiling module EndChecker
Compiling module BlockChecker
Compiling module BlockChecker_tb
Compiling module glbl
Time Resolution for simulation is 1ps.
Compiled 5 Verilog Units
Built simulation executable G:/MyWorkspace/Computer_Organization/ISE_Project/P1_L1_BlockChecker/BlockChecker_tb_isim_beh.exe
Fuse Memory Usage: 45140 KB
Fuse CPU Usage: 827 ms
